2018-11-22 11:56:22,041 [INFO] [Log4jLogManager] - will append log to file /root/git/0.4.2.c4/log/mission/M23AA26A73B.log
2018-11-22 11:56:22,377 [INFO] [NoneStorage] - performing GET at /s3testqwer2/myobjects10
2018-11-22 11:56:22,377 [INFO] [NoneStorage] - performing GET at /s3testqwer1/myobjects4
2018-11-22 11:56:22,382 [INFO] [NoneStorage] - performing GET at /s3testqwer2/myobjects4
2018-11-22 11:56:22,383 [INFO] [NoneStorage] - performing GET at /s3testqwer2/myobjects1
2018-11-22 11:56:50,956 [INFO] [NoneStorage] - performing GET at /s3testqwer1/myobjects6
2018-11-22 11:56:55,351 [INFO] [NoneStorage] - performing GET at /s3testqwer1/myobjects3
2018-11-22 11:57:08,104 [INFO] [NoneStorage] - performing GET at /s3testqwer2/myobjects7
2018-11-22 11:57:15,949 [INFO] [NoneStorage] - performing GET at /s3testqwer1/myobjects7
2018-11-22 11:57:22,017 [INFO] [NoneStorage] - performing GET at /s3testqwer1/myobjects3
2018-11-22 11:57:35,534 [INFO] [NoneStorage] - performing GET at /s3testqwer2/myobjects2
2018-11-22 11:57:53,221 [INFO] [NoneStorage] - performing GET at /s3testqwer1/myobjects9
2018-11-22 11:58:03,671 [ERROR] [AbstractOperator] - worker 3 fail to perform operation s3testqwer2/myobjects7
com.amazonaws.AmazonClientException: Unable to verify integrity of data download.  Client calculated content hash didn't match hash calculated by Amazon S3.  The data may be corrupt.
	at com.amazonaws.services.s3.internal.DigestValidationInputStream.validateMD5Digest(DigestValidationInputStream.java:79)
	at com.amazonaws.services.s3.internal.DigestValidationInputStream.read(DigestValidationInputStream.java:61)
	at com.amazonaws.internal.SdkFilterInputStream.read(SdkFilterInputStream.java:72)
	at com.amazonaws.services.s3.model.S3ObjectInputStream.read(S3ObjectInputStream.java:155)
	at com.amazonaws.services.s3.model.S3ObjectInputStream.read(S3ObjectInputStream.java:147)
	at com.intel.cosbench.driver.operator.Reader.copyLarge(Reader.java:120)
	at com.intel.cosbench.driver.operator.Reader.doRead(Reader.java:92)
	at com.intel.cosbench.driver.operator.Reader.operate(Reader.java:69)
	at com.intel.cosbench.driver.operator.AbstractOperator.operate(AbstractOperator.java:76)
	at com.intel.cosbench.driver.agent.WorkAgent.performOperation(WorkAgent.java:197)
	at com.intel.cosbench.driver.agent.WorkAgent.doWork(WorkAgent.java:177)
	at com.intel.cosbench.driver.agent.WorkAgent.execute(WorkAgent.java:134)
	at com.intel.cosbench.driver.agent.AbstractAgent.call(AbstractAgent.java:44)
	at com.intel.cosbench.driver.agent.AbstractAgent.call(AbstractAgent.java:1)
	at java.util.concurrent.FutureTask.run(FutureTask.java:266)
	at java.util.concurrent.ThreadPoolExecutor.runWorker(ThreadPoolExecutor.java:1149)
	at java.util.concurrent.ThreadPoolExecutor$Worker.run(ThreadPoolExecutor.java:624)
	at java.lang.Thread.run(Thread.java:748)
2018-11-22 11:58:03,676 [INFO] [NoneStorage] - performing GET at /s3testqwer2/myobjects7
2018-11-22 11:58:11,635 [INFO] [NoneStorage] - performing GET at /s3testqwer2/myobjects5
2018-11-22 11:58:13,935 [INFO] [NoneStorage] - performing GET at /s3testqwer1/myobjects8
2018-11-22 11:58:23,307 [INFO] [NoneStorage] - performing GET at /s3testqwer2/myobjects6
2018-11-22 11:58:47,465 [INFO] [NoneStorage] - performing GET at /s3testqwer2/myobjects2
2018-11-22 11:58:49,547 [INFO] [NoneStorage] - performing GET at /s3testqwer2/myobjects9
2018-11-22 11:58:56,110 [INFO] [NoneStorage] - performing GET at /s3testqwer2/myobjects4
2018-11-22 11:59:04,124 [INFO] [NoneStorage] - performing GET at /s3testqwer2/myobjects3
2018-11-22 11:59:19,455 [INFO] [NoneStorage] - performing GET at /s3testqwer1/myobjects9
2018-11-22 11:59:26,113 [INFO] [NoneStorage] - performing GET at /s3testqwer2/myobjects3
2018-11-22 11:59:49,940 [INFO] [NoneStorage] - performing GET at /s3testqwer2/myobjects1
2018-11-22 11:59:52,990 [INFO] [NoneStorage] - performing PUT at /s3testqwer1/myobjects14
2018-11-22 11:59:57,674 [INFO] [NoneStorage] - performing GET at /s3testqwer2/myobjects1
2018-11-22 11:59:58,461 [INFO] [NoneStorage] - performing GET at /s3testqwer1/myobjects6
2018-11-22 12:00:05,537 [INFO] [NoneStorage] - performing GET at /s3testqwer2/myobjects6
2018-11-22 12:00:20,530 [INFO] [NoneStorage] - performing GET at /s3testqwer1/myobjects5
2018-11-22 12:00:50,371 [INFO] [NoneStorage] - performing GET at /s3testqwer2/myobjects8
2018-11-22 12:00:51,831 [INFO] [NoneStorage] - performing GET at /s3testqwer2/myobjects3
2018-11-22 12:00:54,244 [INFO] [NoneStorage] - performing GET at /s3testqwer1/myobjects1
2018-11-22 12:00:54,962 [INFO] [NoneStorage] - performing GET at /s3testqwer1/myobjects10
2018-11-22 12:01:43,739 [ERROR] [ErrorStatistics] - error code: N/A occurred 2 times, fail to operate: s3testqwer2/myobjects7, s3testqwer2/myobjects7
com.amazonaws.AmazonClientException: Unable to verify integrity of data download.  Client calculated content hash didn't match hash calculated by Amazon S3.  The data may be corrupt.
	at com.amazonaws.services.s3.internal.DigestValidationInputStream.validateMD5Digest(DigestValidationInputStream.java:79)
	at com.amazonaws.services.s3.internal.DigestValidationInputStream.read(DigestValidationInputStream.java:61)
	at com.amazonaws.internal.SdkFilterInputStream.read(SdkFilterInputStream.java:72)
	at com.amazonaws.services.s3.model.S3ObjectInputStream.read(S3ObjectInputStream.java:155)
	at com.amazonaws.services.s3.model.S3ObjectInputStream.read(S3ObjectInputStream.java:147)
	at com.intel.cosbench.driver.operator.Reader.copyLarge(Reader.java:120)
	at com.intel.cosbench.driver.operator.Reader.doRead(Reader.java:92)
	at com.intel.cosbench.driver.operator.Reader.operate(Reader.java:69)
	at com.intel.cosbench.driver.operator.AbstractOperator.operate(AbstractOperator.java:76)
	at com.intel.cosbench.driver.agent.WorkAgent.performOperation(WorkAgent.java:197)
	at com.intel.cosbench.driver.agent.WorkAgent.doWork(WorkAgent.java:177)
	at com.intel.cosbench.driver.agent.WorkAgent.execute(WorkAgent.java:134)
	at com.intel.cosbench.driver.agent.AbstractAgent.call(AbstractAgent.java:44)
	at com.intel.cosbench.driver.agent.AbstractAgent.call(AbstractAgent.java:1)
	at java.util.concurrent.FutureTask.run(FutureTask.java:266)
	at java.util.concurrent.ThreadPoolExecutor.runWorker(ThreadPoolExecutor.java:1149)
	at java.util.concurrent.ThreadPoolExecutor$Worker.run(ThreadPoolExecutor.java:624)
	at java.lang.Thread.run(Thread.java:748)
