2018-11-23 18:16:50,033 [INFO] [Log4jLogManager] - will append log to file /root/git/0.4.2.c4/log/mission/M341251B8A4.log
2018-11-23 18:16:50,318 [INFO] [NoneStorage] - performing GET at /s3testqwer2/myobjects70
2018-11-23 18:16:50,319 [INFO] [NoneStorage] - performing PUT at /s3testqwer2/myobjects148
2018-11-23 18:16:50,347 [INFO] [NoneStorage] - performing GET at /s3testqwer2/myobjects38
2018-11-23 18:16:50,348 [INFO] [NoneStorage] - performing GET at /s3testqwer2/myobjects52
2018-11-23 18:16:51,644 [ERROR] [AbstractOperator] - worker 3 fail to perform operation s3testqwer2/myobjects38
com.amazonaws.AmazonClientException: Unable to verify integrity of data download.  Client calculated content hash didn't match hash calculated by Amazon S3.  The data may be corrupt.
	at com.amazonaws.services.s3.internal.DigestValidationInputStream.validateMD5Digest(DigestValidationInputStream.java:79)
	at com.amazonaws.services.s3.internal.DigestValidationInputStream.read(DigestValidationInputStream.java:61)
	at com.amazonaws.internal.SdkFilterInputStream.read(SdkFilterInputStream.java:72)
	at com.amazonaws.services.s3.model.S3ObjectInputStream.read(S3ObjectInputStream.java:155)
	at com.amazonaws.services.s3.model.S3ObjectInputStream.read(S3ObjectInputStream.java:147)
	at com.intel.cosbench.driver.operator.Reader.copyLarge(Reader.java:120)
	at com.intel.cosbench.driver.operator.Reader.doRead(Reader.java:92)
	at com.intel.cosbench.driver.operator.Reader.operate(Reader.java:69)
	at com.intel.cosbench.driver.operator.AbstractOperator.operate(AbstractOperator.java:76)
	at com.intel.cosbench.driver.agent.WorkAgent.performOperation(WorkAgent.java:197)
	at com.intel.cosbench.driver.agent.WorkAgent.doWork(WorkAgent.java:177)
	at com.intel.cosbench.driver.agent.WorkAgent.execute(WorkAgent.java:134)
	at com.intel.cosbench.driver.agent.AbstractAgent.call(AbstractAgent.java:44)
	at com.intel.cosbench.driver.agent.AbstractAgent.call(AbstractAgent.java:1)
	at java.util.concurrent.FutureTask.run(FutureTask.java:266)
	at java.util.concurrent.ThreadPoolExecutor.runWorker(ThreadPoolExecutor.java:1149)
	at java.util.concurrent.ThreadPoolExecutor$Worker.run(ThreadPoolExecutor.java:624)
	at java.lang.Thread.run(Thread.java:748)
2018-11-23 18:16:51,645 [INFO] [NoneStorage] - performing PUT at /s3testqwer2/myobjects196
2018-11-23 18:16:51,664 [INFO] [NoneStorage] - performing PUT at /s3testqwer1/myobjects190
2018-11-23 18:16:51,686 [INFO] [NoneStorage] - performing PUT at /s3testqwer2/myobjects181
2018-11-23 18:16:56,162 [INFO] [NoneStorage] - performing GET at /s3testqwer1/myobjects59
2018-11-23 18:16:58,353 [INFO] [NoneStorage] - performing GET at /s3testqwer2/myobjects81
2018-11-23 18:16:58,788 [INFO] [NoneStorage] - performing GET at /s3testqwer1/myobjects58
2018-11-23 18:17:00,633 [INFO] [NoneStorage] - performing GET at /s3testqwer1/myobjects38
2018-11-23 18:17:01,713 [INFO] [NoneStorage] - performing GET at /s3testqwer2/myobjects12
2018-11-23 18:17:02,340 [INFO] [NoneStorage] - performing GET at /s3testqwer2/myobjects85
2018-11-23 18:17:02,611 [INFO] [NoneStorage] - performing GET at /s3testqwer1/myobjects85
2018-11-23 18:17:03,387 [INFO] [NoneStorage] - performing GET at /s3testqwer1/myobjects48
2018-11-23 18:17:04,839 [INFO] [NoneStorage] - performing GET at /s3testqwer1/myobjects72
2018-11-23 18:17:05,830 [INFO] [NoneStorage] - performing GET at /s3testqwer1/myobjects47
2018-11-23 18:17:06,764 [INFO] [NoneStorage] - performing PUT at /s3testqwer1/myobjects188
2018-11-23 18:17:06,765 [INFO] [NoneStorage] - performing GET at /s3testqwer2/myobjects17
2018-11-23 18:17:06,765 [INFO] [NoneStorage] - performing GET at /s3testqwer1/myobjects57
2018-11-23 18:17:07,292 [INFO] [NoneStorage] - performing PUT at /s3testqwer2/myobjects188
2018-11-23 18:17:07,915 [INFO] [NoneStorage] - performing GET at /s3testqwer2/myobjects73
2018-11-23 18:17:08,328 [INFO] [NoneStorage] - performing GET at /s3testqwer1/myobjects91
2018-11-23 18:17:08,417 [INFO] [NoneStorage] - performing GET at /s3testqwer2/myobjects7
2018-11-23 18:17:09,346 [INFO] [NoneStorage] - performing PUT at /s3testqwer2/myobjects104
2018-11-23 18:17:09,839 [INFO] [NoneStorage] - performing GET at /s3testqwer1/myobjects77
2018-11-23 18:17:10,391 [INFO] [NoneStorage] - performing PUT at /s3testqwer1/myobjects114
2018-11-23 18:17:10,563 [INFO] [NoneStorage] - performing PUT at /s3testqwer1/myobjects140
2018-11-23 18:17:10,788 [INFO] [NoneStorage] - performing PUT at /s3testqwer2/myobjects131
2018-11-23 18:17:12,621 [INFO] [NoneStorage] - performing GET at /s3testqwer2/myobjects60
2018-11-23 18:17:12,953 [INFO] [NoneStorage] - performing PUT at /s3testqwer1/myobjects183
2018-11-23 18:17:16,658 [INFO] [NoneStorage] - performing PUT at /s3testqwer1/myobjects104
2018-11-23 18:17:16,659 [INFO] [NoneStorage] - performing GET at /s3testqwer1/myobjects14
2018-11-23 18:17:16,659 [INFO] [NoneStorage] - performing GET at /s3testqwer1/myobjects96
2018-11-23 18:17:16,660 [INFO] [NoneStorage] - performing GET at /s3testqwer1/myobjects34
2018-11-23 18:17:17,236 [INFO] [NoneStorage] - performing GET at /s3testqwer1/myobjects61
2018-11-23 18:17:18,892 [INFO] [NoneStorage] - performing GET at /s3testqwer1/myobjects7
2018-11-23 18:17:19,668 [INFO] [NoneStorage] - performing GET at /s3testqwer2/myobjects24
2018-11-23 18:17:19,958 [INFO] [NoneStorage] - performing GET at /s3testqwer2/myobjects12
2018-11-23 18:17:20,310 [INFO] [NoneStorage] - performing GET at /s3testqwer2/myobjects29
2018-11-23 18:17:23,366 [ERROR] [ErrorStatistics] - error code: N/A occurred 16 times, fail to operate: s3testqwer2/myobjects38, s3testqwer2/myobjects38, s3testqwer2/myobjects52, s3testqwer2/myobjects70, s3testqwer2/myobjects73, s3testqwer1/myobjects57, s3testqwer2/myobjects17, s3testqwer1/myobjects91, s3testqwer2/myobjects7, s3testqwer1/myobjects96, s3testqwer1/myobjects34, s3testqwer1/myobjects61, s3testqwer1/myobjects14, s3testqwer2/myobjects29, s3testqwer2/myobjects24, s3testqwer1/myobjects7
com.amazonaws.AmazonClientException: Unable to verify integrity of data download.  Client calculated content hash didn't match hash calculated by Amazon S3.  The data may be corrupt.
	at com.amazonaws.services.s3.internal.DigestValidationInputStream.validateMD5Digest(DigestValidationInputStream.java:79)
	at com.amazonaws.services.s3.internal.DigestValidationInputStream.read(DigestValidationInputStream.java:61)
	at com.amazonaws.internal.SdkFilterInputStream.read(SdkFilterInputStream.java:72)
	at com.amazonaws.services.s3.model.S3ObjectInputStream.read(S3ObjectInputStream.java:155)
	at com.amazonaws.services.s3.model.S3ObjectInputStream.read(S3ObjectInputStream.java:147)
	at com.intel.cosbench.driver.operator.Reader.copyLarge(Reader.java:120)
	at com.intel.cosbench.driver.operator.Reader.doRead(Reader.java:92)
	at com.intel.cosbench.driver.operator.Reader.operate(Reader.java:69)
	at com.intel.cosbench.driver.operator.AbstractOperator.operate(AbstractOperator.java:76)
	at com.intel.cosbench.driver.agent.WorkAgent.performOperation(WorkAgent.java:197)
	at com.intel.cosbench.driver.agent.WorkAgent.doWork(WorkAgent.java:177)
	at com.intel.cosbench.driver.agent.WorkAgent.execute(WorkAgent.java:134)
	at com.intel.cosbench.driver.agent.AbstractAgent.call(AbstractAgent.java:44)
	at com.intel.cosbench.driver.agent.AbstractAgent.call(AbstractAgent.java:1)
	at java.util.concurrent.FutureTask.run(FutureTask.java:266)
	at java.util.concurrent.ThreadPoolExecutor.runWorker(ThreadPoolExecutor.java:1149)
	at java.util.concurrent.ThreadPoolExecutor$Worker.run(ThreadPoolExecutor.java:624)
	at java.lang.Thread.run(Thread.java:748)
