2018-11-23 17:31:15,013 [INFO] [Log4jLogManager] - will append log to file /root/git/0.4.2.c4/log/mission/M540FB5E252.log
2018-11-23 17:31:15,268 [INFO] [NoneStorage] - performing PUT at /s3testqwer1/myobjects1
2018-11-23 17:31:16,381 [INFO] [NoneStorage] - performing PUT at /s3testqwer1/myobjects2
2018-11-23 17:31:17,183 [INFO] [NoneStorage] - performing PUT at /s3testqwer1/myobjects3
2018-11-23 17:31:17,926 [INFO] [NoneStorage] - performing PUT at /s3testqwer1/myobjects4
2018-11-23 17:31:19,069 [INFO] [NoneStorage] - performing PUT at /s3testqwer1/myobjects5
2018-11-23 17:31:19,963 [INFO] [NoneStorage] - performing PUT at /s3testqwer1/myobjects6
2018-11-23 17:31:21,442 [INFO] [NoneStorage] - performing PUT at /s3testqwer1/myobjects7
2018-11-23 17:31:22,359 [INFO] [NoneStorage] - performing PUT at /s3testqwer1/myobjects8
2018-11-23 17:31:23,142 [INFO] [NoneStorage] - performing PUT at /s3testqwer1/myobjects9
2018-11-23 17:31:23,853 [INFO] [NoneStorage] - performing PUT at /s3testqwer1/myobjects10
2018-11-23 17:31:25,088 [INFO] [NoneStorage] - performing PUT at /s3testqwer1/myobjects11
2018-11-23 17:31:26,113 [INFO] [NoneStorage] - performing PUT at /s3testqwer1/myobjects12
2018-11-23 17:31:27,416 [INFO] [NoneStorage] - performing PUT at /s3testqwer1/myobjects13
2018-11-23 17:31:28,684 [INFO] [NoneStorage] - performing PUT at /s3testqwer1/myobjects14
2018-11-23 17:31:29,535 [INFO] [NoneStorage] - performing PUT at /s3testqwer1/myobjects15
2018-11-23 17:31:31,498 [INFO] [NoneStorage] - performing PUT at /s3testqwer1/myobjects16
2018-11-23 17:31:32,616 [INFO] [NoneStorage] - performing PUT at /s3testqwer1/myobjects17
2018-11-23 17:31:33,365 [INFO] [NoneStorage] - performing PUT at /s3testqwer1/myobjects18
2018-11-23 17:31:35,298 [INFO] [NoneStorage] - performing PUT at /s3testqwer1/myobjects19
2018-11-23 17:31:36,302 [INFO] [NoneStorage] - performing PUT at /s3testqwer1/myobjects20
2018-11-23 17:31:38,460 [INFO] [NoneStorage] - performing PUT at /s3testqwer1/myobjects21
2018-11-23 17:31:39,573 [INFO] [NoneStorage] - performing PUT at /s3testqwer1/myobjects22
2018-11-23 17:31:40,410 [INFO] [NoneStorage] - performing PUT at /s3testqwer1/myobjects23
2018-11-23 17:31:42,256 [INFO] [NoneStorage] - performing PUT at /s3testqwer1/myobjects24
2018-11-23 17:31:43,157 [INFO] [NoneStorage] - performing PUT at /s3testqwer1/myobjects25
2018-11-23 17:31:44,900 [INFO] [NoneStorage] - performing PUT at /s3testqwer1/myobjects26
2018-11-23 17:31:45,967 [INFO] [NoneStorage] - performing PUT at /s3testqwer1/myobjects27
2018-11-23 17:31:46,919 [INFO] [NoneStorage] - performing PUT at /s3testqwer1/myobjects28
2018-11-23 17:31:48,357 [INFO] [NoneStorage] - performing PUT at /s3testqwer1/myobjects29
2018-11-23 17:31:49,164 [INFO] [NoneStorage] - performing PUT at /s3testqwer1/myobjects30
2018-11-23 17:31:50,492 [INFO] [NoneStorage] - performing PUT at /s3testqwer1/myobjects31
2018-11-23 17:31:51,682 [INFO] [NoneStorage] - performing PUT at /s3testqwer1/myobjects32
2018-11-23 17:31:52,790 [INFO] [NoneStorage] - performing PUT at /s3testqwer1/myobjects33
2018-11-23 17:31:55,587 [INFO] [NoneStorage] - performing PUT at /s3testqwer1/myobjects34
2018-11-23 17:31:56,779 [INFO] [NoneStorage] - performing PUT at /s3testqwer1/myobjects35
2018-11-23 17:31:58,259 [INFO] [NoneStorage] - performing PUT at /s3testqwer1/myobjects36
2018-11-23 17:31:59,213 [INFO] [NoneStorage] - performing PUT at /s3testqwer1/myobjects37
2018-11-23 17:32:00,151 [INFO] [NoneStorage] - performing PUT at /s3testqwer1/myobjects38
2018-11-23 17:32:01,669 [INFO] [NoneStorage] - performing PUT at /s3testqwer1/myobjects39
2018-11-23 17:32:02,949 [INFO] [NoneStorage] - performing PUT at /s3testqwer1/myobjects40
2018-11-23 17:32:04,732 [INFO] [NoneStorage] - performing PUT at /s3testqwer1/myobjects41
2018-11-23 17:32:05,964 [INFO] [NoneStorage] - performing PUT at /s3testqwer1/myobjects42
2018-11-23 17:32:07,157 [INFO] [NoneStorage] - performing PUT at /s3testqwer1/myobjects43
2018-11-23 17:32:08,910 [INFO] [NoneStorage] - performing PUT at /s3testqwer1/myobjects44
2018-11-23 17:32:10,098 [INFO] [NoneStorage] - performing PUT at /s3testqwer1/myobjects45
2018-11-23 17:32:11,713 [INFO] [NoneStorage] - performing PUT at /s3testqwer1/myobjects46
2018-11-23 17:32:12,877 [INFO] [NoneStorage] - performing PUT at /s3testqwer1/myobjects47
2018-11-23 17:32:13,551 [INFO] [NoneStorage] - performing PUT at /s3testqwer1/myobjects48
2018-11-23 17:32:15,377 [INFO] [NoneStorage] - performing PUT at /s3testqwer1/myobjects49
2018-11-23 17:32:16,214 [INFO] [NoneStorage] - performing PUT at /s3testqwer1/myobjects50
2018-11-23 17:32:17,559 [INFO] [NoneStorage] - performing PUT at /s3testqwer1/myobjects51
2018-11-23 17:32:18,616 [INFO] [NoneStorage] - performing PUT at /s3testqwer1/myobjects52
2018-11-23 17:32:19,729 [INFO] [NoneStorage] - performing PUT at /s3testqwer1/myobjects53
2018-11-23 17:32:21,403 [INFO] [NoneStorage] - performing PUT at /s3testqwer1/myobjects54
2018-11-23 17:32:22,318 [INFO] [NoneStorage] - performing PUT at /s3testqwer1/myobjects55
2018-11-23 17:32:24,168 [INFO] [NoneStorage] - performing PUT at /s3testqwer1/myobjects56
2018-11-23 17:32:25,199 [INFO] [NoneStorage] - performing PUT at /s3testqwer1/myobjects57
2018-11-23 17:32:25,879 [INFO] [NoneStorage] - performing PUT at /s3testqwer1/myobjects58
2018-11-23 17:32:28,774 [INFO] [NoneStorage] - performing PUT at /s3testqwer1/myobjects59
2018-11-23 17:32:30,083 [INFO] [NoneStorage] - performing PUT at /s3testqwer1/myobjects60
2018-11-23 17:32:31,475 [INFO] [NoneStorage] - performing PUT at /s3testqwer1/myobjects61
2018-11-23 17:32:32,384 [INFO] [NoneStorage] - performing PUT at /s3testqwer1/myobjects62
2018-11-23 17:32:33,155 [INFO] [NoneStorage] - performing PUT at /s3testqwer1/myobjects63
2018-11-23 17:32:35,661 [INFO] [NoneStorage] - performing PUT at /s3testqwer1/myobjects64
2018-11-23 17:32:36,793 [INFO] [NoneStorage] - performing PUT at /s3testqwer1/myobjects65
2018-11-23 17:32:38,124 [INFO] [NoneStorage] - performing PUT at /s3testqwer1/myobjects66
2018-11-23 17:32:39,165 [INFO] [NoneStorage] - performing PUT at /s3testqwer1/myobjects67
2018-11-23 17:32:39,850 [INFO] [NoneStorage] - performing PUT at /s3testqwer1/myobjects68
2018-11-23 17:32:42,238 [INFO] [NoneStorage] - performing PUT at /s3testqwer1/myobjects69
2018-11-23 17:32:43,208 [INFO] [NoneStorage] - performing PUT at /s3testqwer1/myobjects70
2018-11-23 17:32:44,376 [INFO] [NoneStorage] - performing PUT at /s3testqwer1/myobjects71
2018-11-23 17:32:45,182 [INFO] [NoneStorage] - performing PUT at /s3testqwer1/myobjects72
2018-11-23 17:32:46,028 [INFO] [NoneStorage] - performing PUT at /s3testqwer1/myobjects73
2018-11-23 17:32:47,603 [INFO] [NoneStorage] - performing PUT at /s3testqwer1/myobjects74
2018-11-23 17:32:48,773 [INFO] [NoneStorage] - performing PUT at /s3testqwer1/myobjects75
2018-11-23 17:32:50,447 [INFO] [NoneStorage] - performing PUT at /s3testqwer1/myobjects76
2018-11-23 17:32:51,351 [INFO] [NoneStorage] - performing PUT at /s3testqwer1/myobjects77
2018-11-23 17:32:52,405 [INFO] [NoneStorage] - performing PUT at /s3testqwer1/myobjects78
2018-11-23 17:32:53,915 [INFO] [NoneStorage] - performing PUT at /s3testqwer1/myobjects79
2018-11-23 17:32:54,768 [INFO] [NoneStorage] - performing PUT at /s3testqwer1/myobjects80
2018-11-23 17:32:56,673 [INFO] [NoneStorage] - performing PUT at /s3testqwer1/myobjects81
2018-11-23 17:32:57,842 [INFO] [NoneStorage] - performing PUT at /s3testqwer1/myobjects82
2018-11-23 17:32:58,979 [INFO] [NoneStorage] - performing PUT at /s3testqwer1/myobjects83
2018-11-23 17:33:01,356 [INFO] [NoneStorage] - performing PUT at /s3testqwer1/myobjects84
2018-11-23 17:33:02,351 [INFO] [NoneStorage] - performing PUT at /s3testqwer1/myobjects85
2018-11-23 17:33:04,380 [INFO] [NoneStorage] - performing PUT at /s3testqwer1/myobjects86
2018-11-23 17:33:05,360 [INFO] [NoneStorage] - performing PUT at /s3testqwer1/myobjects87
2018-11-23 17:33:06,851 [INFO] [NoneStorage] - performing PUT at /s3testqwer1/myobjects88
2018-11-23 17:33:09,156 [INFO] [NoneStorage] - performing PUT at /s3testqwer1/myobjects89
2018-11-23 17:33:10,234 [INFO] [NoneStorage] - performing PUT at /s3testqwer1/myobjects90
2018-11-23 17:33:10,849 [INFO] [NoneStorage] - performing PUT at /s3testqwer1/myobjects91
2018-11-23 17:33:11,620 [WARN] [S3Storage] - below exception encountered when creating object myobjects91 at s3testqwer1: Failed to reset the request input stream;  If the request involves an input stream, the maximum stream buffer size can be configured via request.getRequestClientOptions().setReadLimit(int)
2018-11-23 17:33:11,640 [INFO] [NoneStorage] - performing PUT at /s3testqwer1/myobjects92
2018-11-23 17:33:12,149 [WARN] [S3Storage] - below exception encountered when creating object myobjects92 at s3testqwer1: Failed to reset the request input stream;  If the request involves an input stream, the maximum stream buffer size can be configured via request.getRequestClientOptions().setReadLimit(int)
2018-11-23 17:33:12,155 [INFO] [NoneStorage] - performing PUT at /s3testqwer1/myobjects93
2018-11-23 17:33:12,712 [WARN] [S3Storage] - below exception encountered when creating object myobjects93 at s3testqwer1: Failed to reset the request input stream;  If the request involves an input stream, the maximum stream buffer size can be configured via request.getRequestClientOptions().setReadLimit(int)
2018-11-23 17:33:12,718 [INFO] [NoneStorage] - performing PUT at /s3testqwer1/myobjects94
2018-11-23 17:33:13,250 [WARN] [S3Storage] - below exception encountered when creating object myobjects94 at s3testqwer1: Failed to reset the request input stream;  If the request involves an input stream, the maximum stream buffer size can be configured via request.getRequestClientOptions().setReadLimit(int)
2018-11-23 17:33:13,272 [INFO] [NoneStorage] - performing PUT at /s3testqwer1/myobjects95
2018-11-23 17:33:13,779 [WARN] [S3Storage] - below exception encountered when creating object myobjects95 at s3testqwer1: Failed to reset the request input stream;  If the request involves an input stream, the maximum stream buffer size can be configured via request.getRequestClientOptions().setReadLimit(int)
2018-11-23 17:33:13,793 [INFO] [NoneStorage] - performing PUT at /s3testqwer1/myobjects96
2018-11-23 17:33:14,299 [WARN] [S3Storage] - below exception encountered when creating object myobjects96 at s3testqwer1: Failed to reset the request input stream;  If the request involves an input stream, the maximum stream buffer size can be configured via request.getRequestClientOptions().setReadLimit(int)
2018-11-23 17:33:14,303 [INFO] [NoneStorage] - performing PUT at /s3testqwer1/myobjects97
2018-11-23 17:33:14,837 [WARN] [S3Storage] - below exception encountered when creating object myobjects97 at s3testqwer1: Failed to reset the request input stream;  If the request involves an input stream, the maximum stream buffer size can be configured via request.getRequestClientOptions().setReadLimit(int)
2018-11-23 17:33:14,872 [INFO] [NoneStorage] - performing PUT at /s3testqwer1/myobjects98
2018-11-23 17:33:15,408 [WARN] [S3Storage] - below exception encountered when creating object myobjects98 at s3testqwer1: Failed to reset the request input stream;  If the request involves an input stream, the maximum stream buffer size can be configured via request.getRequestClientOptions().setReadLimit(int)
2018-11-23 17:33:15,414 [INFO] [NoneStorage] - performing PUT at /s3testqwer1/myobjects99
2018-11-23 17:33:15,941 [WARN] [S3Storage] - below exception encountered when creating object myobjects99 at s3testqwer1: Failed to reset the request input stream;  If the request involves an input stream, the maximum stream buffer size can be configured via request.getRequestClientOptions().setReadLimit(int)
2018-11-23 17:33:15,944 [INFO] [NoneStorage] - performing PUT at /s3testqwer1/myobjects100
2018-11-23 17:33:16,482 [WARN] [S3Storage] - below exception encountered when creating object myobjects100 at s3testqwer1: Failed to reset the request input stream;  If the request involves an input stream, the maximum stream buffer size can be configured via request.getRequestClientOptions().setReadLimit(int)
2018-11-23 17:33:16,486 [INFO] [NoneStorage] - performing PUT at /s3testqwer2/myobjects1
2018-11-23 17:33:17,003 [WARN] [S3Storage] - below exception encountered when creating object myobjects1 at s3testqwer2: Failed to reset the request input stream;  If the request involves an input stream, the maximum stream buffer size can be configured via request.getRequestClientOptions().setReadLimit(int)
2018-11-23 17:33:17,007 [INFO] [NoneStorage] - performing PUT at /s3testqwer2/myobjects2
2018-11-23 17:33:17,515 [WARN] [S3Storage] - below exception encountered when creating object myobjects2 at s3testqwer2: Failed to reset the request input stream;  If the request involves an input stream, the maximum stream buffer size can be configured via request.getRequestClientOptions().setReadLimit(int)
2018-11-23 17:33:17,521 [INFO] [NoneStorage] - performing PUT at /s3testqwer2/myobjects3
2018-11-23 17:33:18,035 [WARN] [S3Storage] - below exception encountered when creating object myobjects3 at s3testqwer2: Failed to reset the request input stream;  If the request involves an input stream, the maximum stream buffer size can be configured via request.getRequestClientOptions().setReadLimit(int)
2018-11-23 17:33:18,042 [INFO] [NoneStorage] - performing PUT at /s3testqwer2/myobjects4
2018-11-23 17:33:18,570 [WARN] [S3Storage] - below exception encountered when creating object myobjects4 at s3testqwer2: Failed to reset the request input stream;  If the request involves an input stream, the maximum stream buffer size can be configured via request.getRequestClientOptions().setReadLimit(int)
2018-11-23 17:33:18,575 [INFO] [NoneStorage] - performing PUT at /s3testqwer2/myobjects5
2018-11-23 17:33:19,092 [WARN] [S3Storage] - below exception encountered when creating object myobjects5 at s3testqwer2: Failed to reset the request input stream;  If the request involves an input stream, the maximum stream buffer size can be configured via request.getRequestClientOptions().setReadLimit(int)
2018-11-23 17:33:19,098 [INFO] [NoneStorage] - performing PUT at /s3testqwer2/myobjects6
2018-11-23 17:33:19,629 [WARN] [S3Storage] - below exception encountered when creating object myobjects6 at s3testqwer2: Failed to reset the request input stream;  If the request involves an input stream, the maximum stream buffer size can be configured via request.getRequestClientOptions().setReadLimit(int)
2018-11-23 17:33:19,634 [INFO] [NoneStorage] - performing PUT at /s3testqwer2/myobjects7
2018-11-23 17:33:20,146 [WARN] [S3Storage] - below exception encountered when creating object myobjects7 at s3testqwer2: Failed to reset the request input stream;  If the request involves an input stream, the maximum stream buffer size can be configured via request.getRequestClientOptions().setReadLimit(int)
2018-11-23 17:33:20,152 [INFO] [NoneStorage] - performing PUT at /s3testqwer2/myobjects8
2018-11-23 17:33:20,664 [WARN] [S3Storage] - below exception encountered when creating object myobjects8 at s3testqwer2: Failed to reset the request input stream;  If the request involves an input stream, the maximum stream buffer size can be configured via request.getRequestClientOptions().setReadLimit(int)
2018-11-23 17:33:20,669 [INFO] [NoneStorage] - performing PUT at /s3testqwer2/myobjects9
2018-11-23 17:33:21,203 [WARN] [S3Storage] - below exception encountered when creating object myobjects9 at s3testqwer2: Failed to reset the request input stream;  If the request involves an input stream, the maximum stream buffer size can be configured via request.getRequestClientOptions().setReadLimit(int)
2018-11-23 17:33:21,208 [INFO] [NoneStorage] - performing PUT at /s3testqwer2/myobjects10
2018-11-23 17:33:21,719 [WARN] [S3Storage] - below exception encountered when creating object myobjects10 at s3testqwer2: Failed to reset the request input stream;  If the request involves an input stream, the maximum stream buffer size can be configured via request.getRequestClientOptions().setReadLimit(int)
2018-11-23 17:33:21,724 [INFO] [NoneStorage] - performing PUT at /s3testqwer2/myobjects11
2018-11-23 17:33:22,235 [WARN] [S3Storage] - below exception encountered when creating object myobjects11 at s3testqwer2: Failed to reset the request input stream;  If the request involves an input stream, the maximum stream buffer size can be configured via request.getRequestClientOptions().setReadLimit(int)
2018-11-23 17:33:22,240 [INFO] [NoneStorage] - performing PUT at /s3testqwer2/myobjects12
2018-11-23 17:33:22,754 [WARN] [S3Storage] - below exception encountered when creating object myobjects12 at s3testqwer2: Failed to reset the request input stream;  If the request involves an input stream, the maximum stream buffer size can be configured via request.getRequestClientOptions().setReadLimit(int)
2018-11-23 17:33:22,777 [INFO] [NoneStorage] - performing PUT at /s3testqwer2/myobjects13
2018-11-23 17:33:23,291 [WARN] [S3Storage] - below exception encountered when creating object myobjects13 at s3testqwer2: Failed to reset the request input stream;  If the request involves an input stream, the maximum stream buffer size can be configured via request.getRequestClientOptions().setReadLimit(int)
2018-11-23 17:33:23,296 [INFO] [NoneStorage] - performing PUT at /s3testqwer2/myobjects14
2018-11-23 17:33:23,809 [WARN] [S3Storage] - below exception encountered when creating object myobjects14 at s3testqwer2: Failed to reset the request input stream;  If the request involves an input stream, the maximum stream buffer size can be configured via request.getRequestClientOptions().setReadLimit(int)
2018-11-23 17:33:23,814 [INFO] [NoneStorage] - performing PUT at /s3testqwer2/myobjects15
2018-11-23 17:33:24,325 [WARN] [S3Storage] - below exception encountered when creating object myobjects15 at s3testqwer2: Failed to reset the request input stream;  If the request involves an input stream, the maximum stream buffer size can be configured via request.getRequestClientOptions().setReadLimit(int)
2018-11-23 17:33:24,331 [INFO] [NoneStorage] - performing PUT at /s3testqwer2/myobjects16
2018-11-23 17:33:24,841 [WARN] [S3Storage] - below exception encountered when creating object myobjects16 at s3testqwer2: Failed to reset the request input stream;  If the request involves an input stream, the maximum stream buffer size can be configured via request.getRequestClientOptions().setReadLimit(int)
2018-11-23 17:33:24,846 [INFO] [NoneStorage] - performing PUT at /s3testqwer2/myobjects17
2018-11-23 17:33:25,370 [WARN] [S3Storage] - below exception encountered when creating object myobjects17 at s3testqwer2: Failed to reset the request input stream;  If the request involves an input stream, the maximum stream buffer size can be configured via request.getRequestClientOptions().setReadLimit(int)
2018-11-23 17:33:25,375 [INFO] [NoneStorage] - performing PUT at /s3testqwer2/myobjects18
2018-11-23 17:33:25,888 [WARN] [S3Storage] - below exception encountered when creating object myobjects18 at s3testqwer2: Failed to reset the request input stream;  If the request involves an input stream, the maximum stream buffer size can be configured via request.getRequestClientOptions().setReadLimit(int)
2018-11-23 17:33:25,893 [INFO] [NoneStorage] - performing PUT at /s3testqwer2/myobjects19
2018-11-23 17:33:26,408 [WARN] [S3Storage] - below exception encountered when creating object myobjects19 at s3testqwer2: Failed to reset the request input stream;  If the request involves an input stream, the maximum stream buffer size can be configured via request.getRequestClientOptions().setReadLimit(int)
2018-11-23 17:33:26,413 [INFO] [NoneStorage] - performing PUT at /s3testqwer2/myobjects20
2018-11-23 17:33:26,945 [WARN] [S3Storage] - below exception encountered when creating object myobjects20 at s3testqwer2: Failed to reset the request input stream;  If the request involves an input stream, the maximum stream buffer size can be configured via request.getRequestClientOptions().setReadLimit(int)
2018-11-23 17:33:26,950 [INFO] [NoneStorage] - performing PUT at /s3testqwer2/myobjects21
2018-11-23 17:33:27,463 [WARN] [S3Storage] - below exception encountered when creating object myobjects21 at s3testqwer2: Failed to reset the request input stream;  If the request involves an input stream, the maximum stream buffer size can be configured via request.getRequestClientOptions().setReadLimit(int)
2018-11-23 17:33:27,481 [INFO] [NoneStorage] - performing PUT at /s3testqwer2/myobjects22
2018-11-23 17:33:27,993 [WARN] [S3Storage] - below exception encountered when creating object myobjects22 at s3testqwer2: Failed to reset the request input stream;  If the request involves an input stream, the maximum stream buffer size can be configured via request.getRequestClientOptions().setReadLimit(int)
2018-11-23 17:33:27,998 [INFO] [NoneStorage] - performing PUT at /s3testqwer2/myobjects23
2018-11-23 17:33:28,509 [WARN] [S3Storage] - below exception encountered when creating object myobjects23 at s3testqwer2: Failed to reset the request input stream;  If the request involves an input stream, the maximum stream buffer size can be configured via request.getRequestClientOptions().setReadLimit(int)
2018-11-23 17:33:28,515 [INFO] [NoneStorage] - performing PUT at /s3testqwer2/myobjects24
2018-11-23 17:33:29,025 [WARN] [S3Storage] - below exception encountered when creating object myobjects24 at s3testqwer2: Failed to reset the request input stream;  If the request involves an input stream, the maximum stream buffer size can be configured via request.getRequestClientOptions().setReadLimit(int)
2018-11-23 17:33:29,031 [INFO] [NoneStorage] - performing PUT at /s3testqwer2/myobjects25
2018-11-23 17:33:29,176 [WARN] [S3Storage] - below exception encountered when creating object myobjects25 at s3testqwer2: 
2018-11-23 17:33:29,181 [INFO] [NoneStorage] - performing PUT at /s3testqwer2/myobjects26
2018-11-23 17:33:29,691 [WARN] [S3Storage] - below exception encountered when creating object myobjects26 at s3testqwer2: Failed to reset the request input stream;  If the request involves an input stream, the maximum stream buffer size can be configured via request.getRequestClientOptions().setReadLimit(int)
2018-11-23 17:33:29,696 [INFO] [NoneStorage] - performing PUT at /s3testqwer2/myobjects27
2018-11-23 17:33:30,207 [WARN] [S3Storage] - below exception encountered when creating object myobjects27 at s3testqwer2: Failed to reset the request input stream;  If the request involves an input stream, the maximum stream buffer size can be configured via request.getRequestClientOptions().setReadLimit(int)
2018-11-23 17:33:30,213 [INFO] [NoneStorage] - performing PUT at /s3testqwer2/myobjects28
2018-11-23 17:33:30,723 [WARN] [S3Storage] - below exception encountered when creating object myobjects28 at s3testqwer2: Failed to reset the request input stream;  If the request involves an input stream, the maximum stream buffer size can be configured via request.getRequestClientOptions().setReadLimit(int)
2018-11-23 17:33:30,728 [INFO] [NoneStorage] - performing PUT at /s3testqwer2/myobjects29
2018-11-23 17:33:31,243 [WARN] [S3Storage] - below exception encountered when creating object myobjects29 at s3testqwer2: Failed to reset the request input stream;  If the request involves an input stream, the maximum stream buffer size can be configured via request.getRequestClientOptions().setReadLimit(int)
2018-11-23 17:33:31,249 [INFO] [NoneStorage] - performing PUT at /s3testqwer2/myobjects30
2018-11-23 17:33:31,761 [WARN] [S3Storage] - below exception encountered when creating object myobjects30 at s3testqwer2: Failed to reset the request input stream;  If the request involves an input stream, the maximum stream buffer size can be configured via request.getRequestClientOptions().setReadLimit(int)
2018-11-23 17:33:31,770 [INFO] [NoneStorage] - performing PUT at /s3testqwer2/myobjects31
2018-11-23 17:33:32,278 [WARN] [S3Storage] - below exception encountered when creating object myobjects31 at s3testqwer2: Failed to reset the request input stream;  If the request involves an input stream, the maximum stream buffer size can be configured via request.getRequestClientOptions().setReadLimit(int)
2018-11-23 17:33:32,284 [INFO] [NoneStorage] - performing PUT at /s3testqwer2/myobjects32
2018-11-23 17:33:32,790 [WARN] [S3Storage] - below exception encountered when creating object myobjects32 at s3testqwer2: Failed to reset the request input stream;  If the request involves an input stream, the maximum stream buffer size can be configured via request.getRequestClientOptions().setReadLimit(int)
2018-11-23 17:33:32,793 [INFO] [NoneStorage] - performing PUT at /s3testqwer2/myobjects33
2018-11-23 17:33:33,301 [WARN] [S3Storage] - below exception encountered when creating object myobjects33 at s3testqwer2: Failed to reset the request input stream;  If the request involves an input stream, the maximum stream buffer size can be configured via request.getRequestClientOptions().setReadLimit(int)
2018-11-23 17:33:33,306 [INFO] [NoneStorage] - performing PUT at /s3testqwer2/myobjects34
2018-11-23 17:33:33,824 [WARN] [S3Storage] - below exception encountered when creating object myobjects34 at s3testqwer2: Failed to reset the request input stream;  If the request involves an input stream, the maximum stream buffer size can be configured via request.getRequestClientOptions().setReadLimit(int)
2018-11-23 17:33:33,830 [INFO] [NoneStorage] - performing PUT at /s3testqwer2/myobjects35
2018-11-23 17:33:34,232 [WARN] [S3Storage] - below exception encountered when creating object myobjects35 at s3testqwer2: 
2018-11-23 17:33:34,240 [INFO] [NoneStorage] - performing PUT at /s3testqwer2/myobjects36
2018-11-23 17:33:34,755 [WARN] [S3Storage] - below exception encountered when creating object myobjects36 at s3testqwer2: Failed to reset the request input stream;  If the request involves an input stream, the maximum stream buffer size can be configured via request.getRequestClientOptions().setReadLimit(int)
2018-11-23 17:33:34,762 [INFO] [NoneStorage] - performing PUT at /s3testqwer2/myobjects37
2018-11-23 17:33:35,277 [WARN] [S3Storage] - below exception encountered when creating object myobjects37 at s3testqwer2: Failed to reset the request input stream;  If the request involves an input stream, the maximum stream buffer size can be configured via request.getRequestClientOptions().setReadLimit(int)
2018-11-23 17:33:35,283 [INFO] [NoneStorage] - performing PUT at /s3testqwer2/myobjects38
2018-11-23 17:33:35,800 [WARN] [S3Storage] - below exception encountered when creating object myobjects38 at s3testqwer2: Failed to reset the request input stream;  If the request involves an input stream, the maximum stream buffer size can be configured via request.getRequestClientOptions().setReadLimit(int)
2018-11-23 17:33:35,807 [INFO] [NoneStorage] - performing PUT at /s3testqwer2/myobjects39
2018-11-23 17:33:36,318 [WARN] [S3Storage] - below exception encountered when creating object myobjects39 at s3testqwer2: Failed to reset the request input stream;  If the request involves an input stream, the maximum stream buffer size can be configured via request.getRequestClientOptions().setReadLimit(int)
2018-11-23 17:33:36,343 [INFO] [NoneStorage] - performing PUT at /s3testqwer2/myobjects40
2018-11-23 17:33:36,856 [WARN] [S3Storage] - below exception encountered when creating object myobjects40 at s3testqwer2: Failed to reset the request input stream;  If the request involves an input stream, the maximum stream buffer size can be configured via request.getRequestClientOptions().setReadLimit(int)
2018-11-23 17:33:36,860 [INFO] [NoneStorage] - performing PUT at /s3testqwer2/myobjects41
2018-11-23 17:33:37,377 [WARN] [S3Storage] - below exception encountered when creating object myobjects41 at s3testqwer2: Failed to reset the request input stream;  If the request involves an input stream, the maximum stream buffer size can be configured via request.getRequestClientOptions().setReadLimit(int)
2018-11-23 17:33:37,382 [INFO] [NoneStorage] - performing PUT at /s3testqwer2/myobjects42
2018-11-23 17:33:37,896 [WARN] [S3Storage] - below exception encountered when creating object myobjects42 at s3testqwer2: Failed to reset the request input stream;  If the request involves an input stream, the maximum stream buffer size can be configured via request.getRequestClientOptions().setReadLimit(int)
2018-11-23 17:33:37,901 [INFO] [NoneStorage] - performing PUT at /s3testqwer2/myobjects43
2018-11-23 17:33:38,413 [WARN] [S3Storage] - below exception encountered when creating object myobjects43 at s3testqwer2: Failed to reset the request input stream;  If the request involves an input stream, the maximum stream buffer size can be configured via request.getRequestClientOptions().setReadLimit(int)
2018-11-23 17:33:38,416 [INFO] [NoneStorage] - performing PUT at /s3testqwer2/myobjects44
2018-11-23 17:33:38,924 [WARN] [S3Storage] - below exception encountered when creating object myobjects44 at s3testqwer2: Failed to reset the request input stream;  If the request involves an input stream, the maximum stream buffer size can be configured via request.getRequestClientOptions().setReadLimit(int)
2018-11-23 17:33:38,927 [INFO] [NoneStorage] - performing PUT at /s3testqwer2/myobjects45
2018-11-23 17:33:39,435 [WARN] [S3Storage] - below exception encountered when creating object myobjects45 at s3testqwer2: Failed to reset the request input stream;  If the request involves an input stream, the maximum stream buffer size can be configured via request.getRequestClientOptions().setReadLimit(int)
2018-11-23 17:33:39,438 [INFO] [NoneStorage] - performing PUT at /s3testqwer2/myobjects46
2018-11-23 17:33:39,946 [WARN] [S3Storage] - below exception encountered when creating object myobjects46 at s3testqwer2: Failed to reset the request input stream;  If the request involves an input stream, the maximum stream buffer size can be configured via request.getRequestClientOptions().setReadLimit(int)
2018-11-23 17:33:39,951 [INFO] [NoneStorage] - performing PUT at /s3testqwer2/myobjects47
2018-11-23 17:33:40,462 [WARN] [S3Storage] - below exception encountered when creating object myobjects47 at s3testqwer2: Failed to reset the request input stream;  If the request involves an input stream, the maximum stream buffer size can be configured via request.getRequestClientOptions().setReadLimit(int)
2018-11-23 17:33:40,467 [INFO] [NoneStorage] - performing PUT at /s3testqwer2/myobjects48
2018-11-23 17:33:40,996 [WARN] [S3Storage] - below exception encountered when creating object myobjects48 at s3testqwer2: Failed to reset the request input stream;  If the request involves an input stream, the maximum stream buffer size can be configured via request.getRequestClientOptions().setReadLimit(int)
2018-11-23 17:33:41,013 [INFO] [NoneStorage] - performing PUT at /s3testqwer2/myobjects49
2018-11-23 17:33:41,523 [WARN] [S3Storage] - below exception encountered when creating object myobjects49 at s3testqwer2: Failed to reset the request input stream;  If the request involves an input stream, the maximum stream buffer size can be configured via request.getRequestClientOptions().setReadLimit(int)
2018-11-23 17:33:41,528 [INFO] [NoneStorage] - performing PUT at /s3testqwer2/myobjects50
2018-11-23 17:33:42,039 [WARN] [S3Storage] - below exception encountered when creating object myobjects50 at s3testqwer2: Failed to reset the request input stream;  If the request involves an input stream, the maximum stream buffer size can be configured via request.getRequestClientOptions().setReadLimit(int)
2018-11-23 17:33:42,043 [INFO] [NoneStorage] - performing PUT at /s3testqwer2/myobjects51
2018-11-23 17:33:42,551 [WARN] [S3Storage] - below exception encountered when creating object myobjects51 at s3testqwer2: Failed to reset the request input stream;  If the request involves an input stream, the maximum stream buffer size can be configured via request.getRequestClientOptions().setReadLimit(int)
2018-11-23 17:33:42,556 [INFO] [NoneStorage] - performing PUT at /s3testqwer2/myobjects52
2018-11-23 17:33:43,067 [WARN] [S3Storage] - below exception encountered when creating object myobjects52 at s3testqwer2: Failed to reset the request input stream;  If the request involves an input stream, the maximum stream buffer size can be configured via request.getRequestClientOptions().setReadLimit(int)
2018-11-23 17:33:43,073 [INFO] [NoneStorage] - performing PUT at /s3testqwer2/myobjects53
2018-11-23 17:33:43,585 [WARN] [S3Storage] - below exception encountered when creating object myobjects53 at s3testqwer2: Failed to reset the request input stream;  If the request involves an input stream, the maximum stream buffer size can be configured via request.getRequestClientOptions().setReadLimit(int)
2018-11-23 17:33:43,590 [INFO] [NoneStorage] - performing PUT at /s3testqwer2/myobjects54
2018-11-23 17:33:44,107 [WARN] [S3Storage] - below exception encountered when creating object myobjects54 at s3testqwer2: Failed to reset the request input stream;  If the request involves an input stream, the maximum stream buffer size can be configured via request.getRequestClientOptions().setReadLimit(int)
2018-11-23 17:33:44,112 [INFO] [NoneStorage] - performing PUT at /s3testqwer2/myobjects55
2018-11-23 17:33:44,624 [WARN] [S3Storage] - below exception encountered when creating object myobjects55 at s3testqwer2: Failed to reset the request input stream;  If the request involves an input stream, the maximum stream buffer size can be configured via request.getRequestClientOptions().setReadLimit(int)
2018-11-23 17:33:44,629 [INFO] [NoneStorage] - performing PUT at /s3testqwer2/myobjects56
2018-11-23 17:33:45,141 [WARN] [S3Storage] - below exception encountered when creating object myobjects56 at s3testqwer2: Failed to reset the request input stream;  If the request involves an input stream, the maximum stream buffer size can be configured via request.getRequestClientOptions().setReadLimit(int)
2018-11-23 17:33:45,146 [INFO] [NoneStorage] - performing PUT at /s3testqwer2/myobjects57
2018-11-23 17:33:45,659 [WARN] [S3Storage] - below exception encountered when creating object myobjects57 at s3testqwer2: Failed to reset the request input stream;  If the request involves an input stream, the maximum stream buffer size can be configured via request.getRequestClientOptions().setReadLimit(int)
2018-11-23 17:33:45,680 [INFO] [NoneStorage] - performing PUT at /s3testqwer2/myobjects58
2018-11-23 17:33:46,201 [WARN] [S3Storage] - below exception encountered when creating object myobjects58 at s3testqwer2: Failed to reset the request input stream;  If the request involves an input stream, the maximum stream buffer size can be configured via request.getRequestClientOptions().setReadLimit(int)
2018-11-23 17:33:46,206 [INFO] [NoneStorage] - performing PUT at /s3testqwer2/myobjects59
2018-11-23 17:33:46,722 [WARN] [S3Storage] - below exception encountered when creating object myobjects59 at s3testqwer2: Failed to reset the request input stream;  If the request involves an input stream, the maximum stream buffer size can be configured via request.getRequestClientOptions().setReadLimit(int)
2018-11-23 17:33:46,727 [INFO] [NoneStorage] - performing PUT at /s3testqwer2/myobjects60
2018-11-23 17:33:47,237 [WARN] [S3Storage] - below exception encountered when creating object myobjects60 at s3testqwer2: Failed to reset the request input stream;  If the request involves an input stream, the maximum stream buffer size can be configured via request.getRequestClientOptions().setReadLimit(int)
2018-11-23 17:33:47,243 [INFO] [NoneStorage] - performing PUT at /s3testqwer2/myobjects61
2018-11-23 17:33:47,764 [WARN] [S3Storage] - below exception encountered when creating object myobjects61 at s3testqwer2: Failed to reset the request input stream;  If the request involves an input stream, the maximum stream buffer size can be configured via request.getRequestClientOptions().setReadLimit(int)
2018-11-23 17:33:47,769 [INFO] [NoneStorage] - performing PUT at /s3testqwer2/myobjects62
2018-11-23 17:33:48,281 [WARN] [S3Storage] - below exception encountered when creating object myobjects62 at s3testqwer2: Failed to reset the request input stream;  If the request involves an input stream, the maximum stream buffer size can be configured via request.getRequestClientOptions().setReadLimit(int)
2018-11-23 17:33:48,286 [INFO] [NoneStorage] - performing PUT at /s3testqwer2/myobjects63
2018-11-23 17:33:48,798 [WARN] [S3Storage] - below exception encountered when creating object myobjects63 at s3testqwer2: Failed to reset the request input stream;  If the request involves an input stream, the maximum stream buffer size can be configured via request.getRequestClientOptions().setReadLimit(int)
2018-11-23 17:33:48,803 [INFO] [NoneStorage] - performing PUT at /s3testqwer2/myobjects64
2018-11-23 17:33:49,336 [WARN] [S3Storage] - below exception encountered when creating object myobjects64 at s3testqwer2: Failed to reset the request input stream;  If the request involves an input stream, the maximum stream buffer size can be configured via request.getRequestClientOptions().setReadLimit(int)
2018-11-23 17:33:49,341 [INFO] [NoneStorage] - performing PUT at /s3testqwer2/myobjects65
2018-11-23 17:33:49,863 [WARN] [S3Storage] - below exception encountered when creating object myobjects65 at s3testqwer2: Failed to reset the request input stream;  If the request involves an input stream, the maximum stream buffer size can be configured via request.getRequestClientOptions().setReadLimit(int)
2018-11-23 17:33:49,868 [INFO] [NoneStorage] - performing PUT at /s3testqwer2/myobjects66
2018-11-23 17:33:50,381 [WARN] [S3Storage] - below exception encountered when creating object myobjects66 at s3testqwer2: Failed to reset the request input stream;  If the request involves an input stream, the maximum stream buffer size can be configured via request.getRequestClientOptions().setReadLimit(int)
2018-11-23 17:33:50,396 [INFO] [NoneStorage] - performing PUT at /s3testqwer2/myobjects67
2018-11-23 17:33:50,907 [WARN] [S3Storage] - below exception encountered when creating object myobjects67 at s3testqwer2: Failed to reset the request input stream;  If the request involves an input stream, the maximum stream buffer size can be configured via request.getRequestClientOptions().setReadLimit(int)
2018-11-23 17:33:50,912 [INFO] [NoneStorage] - performing PUT at /s3testqwer2/myobjects68
2018-11-23 17:33:51,441 [WARN] [S3Storage] - below exception encountered when creating object myobjects68 at s3testqwer2: Failed to reset the request input stream;  If the request involves an input stream, the maximum stream buffer size can be configured via request.getRequestClientOptions().setReadLimit(int)
2018-11-23 17:33:51,446 [INFO] [NoneStorage] - performing PUT at /s3testqwer2/myobjects69
2018-11-23 17:33:51,963 [WARN] [S3Storage] - below exception encountered when creating object myobjects69 at s3testqwer2: Failed to reset the request input stream;  If the request involves an input stream, the maximum stream buffer size can be configured via request.getRequestClientOptions().setReadLimit(int)
2018-11-23 17:33:51,968 [INFO] [NoneStorage] - performing PUT at /s3testqwer2/myobjects70
2018-11-23 17:33:52,489 [WARN] [S3Storage] - below exception encountered when creating object myobjects70 at s3testqwer2: Failed to reset the request input stream;  If the request involves an input stream, the maximum stream buffer size can be configured via request.getRequestClientOptions().setReadLimit(int)
2018-11-23 17:33:52,495 [INFO] [NoneStorage] - performing PUT at /s3testqwer2/myobjects71
2018-11-23 17:33:53,005 [WARN] [S3Storage] - below exception encountered when creating object myobjects71 at s3testqwer2: Failed to reset the request input stream;  If the request involves an input stream, the maximum stream buffer size can be configured via request.getRequestClientOptions().setReadLimit(int)
2018-11-23 17:33:53,010 [INFO] [NoneStorage] - performing PUT at /s3testqwer2/myobjects72
2018-11-23 17:33:53,523 [WARN] [S3Storage] - below exception encountered when creating object myobjects72 at s3testqwer2: Failed to reset the request input stream;  If the request involves an input stream, the maximum stream buffer size can be configured via request.getRequestClientOptions().setReadLimit(int)
2018-11-23 17:33:53,528 [INFO] [NoneStorage] - performing PUT at /s3testqwer2/myobjects73
2018-11-23 17:33:54,039 [WARN] [S3Storage] - below exception encountered when creating object myobjects73 at s3testqwer2: Failed to reset the request input stream;  If the request involves an input stream, the maximum stream buffer size can be configured via request.getRequestClientOptions().setReadLimit(int)
2018-11-23 17:33:54,044 [INFO] [NoneStorage] - performing PUT at /s3testqwer2/myobjects74
2018-11-23 17:33:54,555 [WARN] [S3Storage] - below exception encountered when creating object myobjects74 at s3testqwer2: Failed to reset the request input stream;  If the request involves an input stream, the maximum stream buffer size can be configured via request.getRequestClientOptions().setReadLimit(int)
2018-11-23 17:33:54,561 [INFO] [NoneStorage] - performing PUT at /s3testqwer2/myobjects75
2018-11-23 17:33:55,073 [WARN] [S3Storage] - below exception encountered when creating object myobjects75 at s3testqwer2: Failed to reset the request input stream;  If the request involves an input stream, the maximum stream buffer size can be configured via request.getRequestClientOptions().setReadLimit(int)
2018-11-23 17:33:55,090 [INFO] [NoneStorage] - performing PUT at /s3testqwer2/myobjects76
2018-11-23 17:33:55,602 [WARN] [S3Storage] - below exception encountered when creating object myobjects76 at s3testqwer2: Failed to reset the request input stream;  If the request involves an input stream, the maximum stream buffer size can be configured via request.getRequestClientOptions().setReadLimit(int)
2018-11-23 17:33:55,607 [INFO] [NoneStorage] - performing PUT at /s3testqwer2/myobjects77
2018-11-23 17:33:56,120 [WARN] [S3Storage] - below exception encountered when creating object myobjects77 at s3testqwer2: Failed to reset the request input stream;  If the request involves an input stream, the maximum stream buffer size can be configured via request.getRequestClientOptions().setReadLimit(int)
2018-11-23 17:33:56,125 [INFO] [NoneStorage] - performing PUT at /s3testqwer2/myobjects78
2018-11-23 17:33:56,645 [WARN] [S3Storage] - below exception encountered when creating object myobjects78 at s3testqwer2: Failed to reset the request input stream;  If the request involves an input stream, the maximum stream buffer size can be configured via request.getRequestClientOptions().setReadLimit(int)
2018-11-23 17:33:56,650 [INFO] [NoneStorage] - performing PUT at /s3testqwer2/myobjects79
2018-11-23 17:33:57,161 [WARN] [S3Storage] - below exception encountered when creating object myobjects79 at s3testqwer2: Failed to reset the request input stream;  If the request involves an input stream, the maximum stream buffer size can be configured via request.getRequestClientOptions().setReadLimit(int)
2018-11-23 17:33:57,164 [INFO] [NoneStorage] - performing PUT at /s3testqwer2/myobjects80
2018-11-23 17:33:57,672 [WARN] [S3Storage] - below exception encountered when creating object myobjects80 at s3testqwer2: Failed to reset the request input stream;  If the request involves an input stream, the maximum stream buffer size can be configured via request.getRequestClientOptions().setReadLimit(int)
2018-11-23 17:33:57,678 [INFO] [NoneStorage] - performing PUT at /s3testqwer2/myobjects81
2018-11-23 17:33:58,187 [WARN] [S3Storage] - below exception encountered when creating object myobjects81 at s3testqwer2: Failed to reset the request input stream;  If the request involves an input stream, the maximum stream buffer size can be configured via request.getRequestClientOptions().setReadLimit(int)
2018-11-23 17:33:58,190 [INFO] [NoneStorage] - performing PUT at /s3testqwer2/myobjects82
2018-11-23 17:33:58,699 [WARN] [S3Storage] - below exception encountered when creating object myobjects82 at s3testqwer2: Failed to reset the request input stream;  If the request involves an input stream, the maximum stream buffer size can be configured via request.getRequestClientOptions().setReadLimit(int)
2018-11-23 17:33:58,702 [INFO] [NoneStorage] - performing PUT at /s3testqwer2/myobjects83
2018-11-23 17:33:59,209 [WARN] [S3Storage] - below exception encountered when creating object myobjects83 at s3testqwer2: Failed to reset the request input stream;  If the request involves an input stream, the maximum stream buffer size can be configured via request.getRequestClientOptions().setReadLimit(int)
2018-11-23 17:33:59,211 [INFO] [NoneStorage] - performing PUT at /s3testqwer2/myobjects84
2018-11-23 17:33:59,729 [WARN] [S3Storage] - below exception encountered when creating object myobjects84 at s3testqwer2: Failed to reset the request input stream;  If the request involves an input stream, the maximum stream buffer size can be configured via request.getRequestClientOptions().setReadLimit(int)
2018-11-23 17:33:59,737 [INFO] [NoneStorage] - performing PUT at /s3testqwer2/myobjects85
2018-11-23 17:34:00,246 [WARN] [S3Storage] - below exception encountered when creating object myobjects85 at s3testqwer2: Failed to reset the request input stream;  If the request involves an input stream, the maximum stream buffer size can be configured via request.getRequestClientOptions().setReadLimit(int)
2018-11-23 17:34:00,251 [INFO] [NoneStorage] - performing PUT at /s3testqwer2/myobjects86
2018-11-23 17:34:00,764 [WARN] [S3Storage] - below exception encountered when creating object myobjects86 at s3testqwer2: Failed to reset the request input stream;  If the request involves an input stream, the maximum stream buffer size can be configured via request.getRequestClientOptions().setReadLimit(int)
2018-11-23 17:34:00,770 [INFO] [NoneStorage] - performing PUT at /s3testqwer2/myobjects87
2018-11-23 17:34:01,283 [WARN] [S3Storage] - below exception encountered when creating object myobjects87 at s3testqwer2: Failed to reset the request input stream;  If the request involves an input stream, the maximum stream buffer size can be configured via request.getRequestClientOptions().setReadLimit(int)
2018-11-23 17:34:01,288 [INFO] [NoneStorage] - performing PUT at /s3testqwer2/myobjects88
2018-11-23 17:34:01,487 [WARN] [S3Storage] - below exception encountered when creating object myobjects88 at s3testqwer2: Failed to reset the request input stream;  If the request involves an input stream, the maximum stream buffer size can be configured via request.getRequestClientOptions().setReadLimit(int)
2018-11-23 17:34:01,492 [INFO] [NoneStorage] - performing PUT at /s3testqwer2/myobjects89
2018-11-23 17:34:02,005 [WARN] [S3Storage] - below exception encountered when creating object myobjects89 at s3testqwer2: Failed to reset the request input stream;  If the request involves an input stream, the maximum stream buffer size can be configured via request.getRequestClientOptions().setReadLimit(int)
2018-11-23 17:34:02,010 [INFO] [NoneStorage] - performing PUT at /s3testqwer2/myobjects90
2018-11-23 17:34:02,521 [WARN] [S3Storage] - below exception encountered when creating object myobjects90 at s3testqwer2: Failed to reset the request input stream;  If the request involves an input stream, the maximum stream buffer size can be configured via request.getRequestClientOptions().setReadLimit(int)
2018-11-23 17:34:02,526 [INFO] [NoneStorage] - performing PUT at /s3testqwer2/myobjects91
2018-11-23 17:34:03,040 [WARN] [S3Storage] - below exception encountered when creating object myobjects91 at s3testqwer2: Failed to reset the request input stream;  If the request involves an input stream, the maximum stream buffer size can be configured via request.getRequestClientOptions().setReadLimit(int)
2018-11-23 17:34:03,061 [INFO] [NoneStorage] - performing PUT at /s3testqwer2/myobjects92
2018-11-23 17:34:03,573 [WARN] [S3Storage] - below exception encountered when creating object myobjects92 at s3testqwer2: Failed to reset the request input stream;  If the request involves an input stream, the maximum stream buffer size can be configured via request.getRequestClientOptions().setReadLimit(int)
2018-11-23 17:34:03,578 [INFO] [NoneStorage] - performing PUT at /s3testqwer2/myobjects93
2018-11-23 17:34:04,089 [WARN] [S3Storage] - below exception encountered when creating object myobjects93 at s3testqwer2: Failed to reset the request input stream;  If the request involves an input stream, the maximum stream buffer size can be configured via request.getRequestClientOptions().setReadLimit(int)
2018-11-23 17:34:04,094 [INFO] [NoneStorage] - performing PUT at /s3testqwer2/myobjects94
2018-11-23 17:34:04,604 [WARN] [S3Storage] - below exception encountered when creating object myobjects94 at s3testqwer2: Failed to reset the request input stream;  If the request involves an input stream, the maximum stream buffer size can be configured via request.getRequestClientOptions().setReadLimit(int)
2018-11-23 17:34:04,609 [INFO] [NoneStorage] - performing PUT at /s3testqwer2/myobjects95
2018-11-23 17:34:05,121 [WARN] [S3Storage] - below exception encountered when creating object myobjects95 at s3testqwer2: Failed to reset the request input stream;  If the request involves an input stream, the maximum stream buffer size can be configured via request.getRequestClientOptions().setReadLimit(int)
2018-11-23 17:34:05,126 [INFO] [NoneStorage] - performing PUT at /s3testqwer2/myobjects96
2018-11-23 17:34:05,641 [WARN] [S3Storage] - below exception encountered when creating object myobjects96 at s3testqwer2: Failed to reset the request input stream;  If the request involves an input stream, the maximum stream buffer size can be configured via request.getRequestClientOptions().setReadLimit(int)
2018-11-23 17:34:05,646 [INFO] [NoneStorage] - performing PUT at /s3testqwer2/myobjects97
2018-11-23 17:34:06,157 [WARN] [S3Storage] - below exception encountered when creating object myobjects97 at s3testqwer2: Failed to reset the request input stream;  If the request involves an input stream, the maximum stream buffer size can be configured via request.getRequestClientOptions().setReadLimit(int)
2018-11-23 17:34:06,163 [INFO] [NoneStorage] - performing PUT at /s3testqwer2/myobjects98
2018-11-23 17:34:06,674 [WARN] [S3Storage] - below exception encountered when creating object myobjects98 at s3testqwer2: Failed to reset the request input stream;  If the request involves an input stream, the maximum stream buffer size can be configured via request.getRequestClientOptions().setReadLimit(int)
2018-11-23 17:34:06,680 [INFO] [NoneStorage] - performing PUT at /s3testqwer2/myobjects99
2018-11-23 17:34:07,191 [WARN] [S3Storage] - below exception encountered when creating object myobjects99 at s3testqwer2: Failed to reset the request input stream;  If the request involves an input stream, the maximum stream buffer size can be configured via request.getRequestClientOptions().setReadLimit(int)
2018-11-23 17:34:07,196 [INFO] [NoneStorage] - performing PUT at /s3testqwer2/myobjects100
2018-11-23 17:34:07,728 [WARN] [S3Storage] - below exception encountered when creating object myobjects100 at s3testqwer2: Failed to reset the request input stream;  If the request involves an input stream, the maximum stream buffer size can be configured via request.getRequestClientOptions().setReadLimit(int)
