2018-11-23 18:25:17,031 [INFO] [Log4jLogManager] - will append log to file /root/git/0.4.2.c4/log/mission/M5412CD603A.log
2018-11-23 18:25:17,297 [INFO] [NoneStorage] - performing GET at /s3testqwer1/myobjects36
2018-11-23 18:25:17,298 [INFO] [NoneStorage] - performing GET at /s3testqwer1/myobjects62
2018-11-23 18:25:17,303 [INFO] [NoneStorage] - performing GET at /s3testqwer2/myobjects24
2018-11-23 18:25:17,304 [INFO] [NoneStorage] - performing GET at /s3testqwer1/myobjects33
2018-11-23 18:25:17,469 [ERROR] [AbstractOperator] - worker 4 fail to perform operation s3testqwer1/myobjects33
com.amazonaws.AmazonClientException: Unable to verify integrity of data download.  Client calculated content hash didn't match hash calculated by Amazon S3.  The data may be corrupt.
	at com.amazonaws.services.s3.internal.DigestValidationInputStream.validateMD5Digest(DigestValidationInputStream.java:79)
	at com.amazonaws.services.s3.internal.DigestValidationInputStream.read(DigestValidationInputStream.java:61)
	at com.amazonaws.internal.SdkFilterInputStream.read(SdkFilterInputStream.java:72)
	at com.amazonaws.services.s3.model.S3ObjectInputStream.read(S3ObjectInputStream.java:155)
	at com.amazonaws.services.s3.model.S3ObjectInputStream.read(S3ObjectInputStream.java:147)
	at com.intel.cosbench.driver.operator.Reader.copyLarge(Reader.java:120)
	at com.intel.cosbench.driver.operator.Reader.doRead(Reader.java:92)
	at com.intel.cosbench.driver.operator.Reader.operate(Reader.java:69)
	at com.intel.cosbench.driver.operator.AbstractOperator.operate(AbstractOperator.java:76)
	at com.intel.cosbench.driver.agent.WorkAgent.performOperation(WorkAgent.java:197)
	at com.intel.cosbench.driver.agent.WorkAgent.doWork(WorkAgent.java:177)
	at com.intel.cosbench.driver.agent.WorkAgent.execute(WorkAgent.java:134)
	at com.intel.cosbench.driver.agent.AbstractAgent.call(AbstractAgent.java:44)
	at com.intel.cosbench.driver.agent.AbstractAgent.call(AbstractAgent.java:1)
	at java.util.concurrent.FutureTask.run(FutureTask.java:266)
	at java.util.concurrent.ThreadPoolExecutor.runWorker(ThreadPoolExecutor.java:1149)
	at java.util.concurrent.ThreadPoolExecutor$Worker.run(ThreadPoolExecutor.java:624)
	at java.lang.Thread.run(Thread.java:748)
2018-11-23 18:25:17,479 [INFO] [NoneStorage] - performing GET at /s3testqwer1/myobjects76
2018-11-23 18:25:17,479 [INFO] [NoneStorage] - performing GET at /s3testqwer2/myobjects17
2018-11-23 18:25:17,480 [INFO] [NoneStorage] - performing GET at /s3testqwer1/myobjects25
2018-11-23 18:25:17,480 [INFO] [NoneStorage] - performing GET at /s3testqwer2/myobjects48
2018-11-23 18:25:17,577 [INFO] [NoneStorage] - performing GET at /s3testqwer1/myobjects71
2018-11-23 18:25:17,584 [INFO] [NoneStorage] - performing GET at /s3testqwer1/myobjects13
2018-11-23 18:25:17,591 [INFO] [NoneStorage] - performing GET at /s3testqwer2/myobjects60
2018-11-23 18:25:17,596 [INFO] [NoneStorage] - performing PUT at /s3testqwer1/myobjects189
2018-11-23 18:25:17,695 [INFO] [NoneStorage] - performing GET at /s3testqwer2/myobjects21
2018-11-23 18:25:17,712 [INFO] [NoneStorage] - performing GET at /s3testqwer1/myobjects13
2018-11-23 18:25:17,713 [INFO] [NoneStorage] - performing PUT at /s3testqwer2/myobjects155
2018-11-23 18:25:17,810 [INFO] [NoneStorage] - performing PUT at /s3testqwer2/myobjects172
2018-11-23 18:25:17,815 [INFO] [NoneStorage] - performing GET at /s3testqwer2/myobjects2
2018-11-23 18:25:17,884 [INFO] [NoneStorage] - performing GET at /s3testqwer2/myobjects65
2018-11-23 18:25:17,922 [INFO] [NoneStorage] - performing GET at /s3testqwer1/myobjects78
2018-11-23 18:25:17,981 [INFO] [NoneStorage] - performing GET at /s3testqwer2/myobjects90
2018-11-23 18:25:17,992 [INFO] [NoneStorage] - performing GET at /s3testqwer2/myobjects75
2018-11-23 18:25:18,016 [INFO] [NoneStorage] - performing GET at /s3testqwer1/myobjects40
2018-11-23 18:25:18,068 [INFO] [NoneStorage] - performing PUT at /s3testqwer1/myobjects115
2018-11-23 18:25:18,096 [INFO] [NoneStorage] - performing GET at /s3testqwer1/myobjects55
2018-11-23 18:25:18,102 [INFO] [NoneStorage] - performing PUT at /s3testqwer2/myobjects161
2018-11-23 18:25:18,141 [INFO] [NoneStorage] - performing GET at /s3testqwer1/myobjects85
2018-11-23 18:25:18,202 [INFO] [NoneStorage] - performing GET at /s3testqwer1/myobjects92
2018-11-23 18:25:18,229 [INFO] [NoneStorage] - performing GET at /s3testqwer2/myobjects5
2018-11-23 18:25:18,299 [INFO] [NoneStorage] - performing PUT at /s3testqwer2/myobjects133
2018-11-23 18:25:18,327 [INFO] [NoneStorage] - performing PUT at /s3testqwer1/myobjects127
2018-11-23 18:25:18,340 [INFO] [NoneStorage] - performing PUT at /s3testqwer2/myobjects151
2018-11-23 18:25:18,368 [INFO] [NoneStorage] - performing GET at /s3testqwer1/myobjects56
2018-11-23 18:25:18,461 [INFO] [NoneStorage] - performing GET at /s3testqwer1/myobjects32
2018-11-23 18:25:18,531 [INFO] [NoneStorage] - performing GET at /s3testqwer2/myobjects63
2018-11-23 18:25:18,586 [INFO] [NoneStorage] - performing PUT at /s3testqwer2/myobjects117
2018-11-23 18:25:18,587 [INFO] [NoneStorage] - performing PUT at /s3testqwer2/myobjects182
2018-11-23 18:25:18,587 [INFO] [NoneStorage] - performing GET at /s3testqwer2/myobjects49
2018-11-23 18:25:18,594 [INFO] [NoneStorage] - performing GET at /s3testqwer2/myobjects91
2018-11-23 18:25:18,725 [INFO] [NoneStorage] - performing PUT at /s3testqwer1/myobjects130
2018-11-23 18:25:18,737 [INFO] [NoneStorage] - performing PUT at /s3testqwer1/myobjects131
2018-11-23 18:25:18,757 [INFO] [NoneStorage] - performing GET at /s3testqwer1/myobjects24
2018-11-23 18:25:18,758 [INFO] [NoneStorage] - performing GET at /s3testqwer1/myobjects30
2018-11-23 18:25:18,849 [INFO] [NoneStorage] - performing PUT at /s3testqwer2/myobjects158
2018-11-23 18:25:18,854 [INFO] [NoneStorage] - performing GET at /s3testqwer2/myobjects72
2018-11-23 18:25:18,858 [INFO] [NoneStorage] - performing GET at /s3testqwer1/myobjects44
2018-11-23 18:25:18,869 [INFO] [NoneStorage] - performing GET at /s3testqwer1/myobjects75
2018-11-23 18:25:18,945 [INFO] [NoneStorage] - performing PUT at /s3testqwer1/myobjects178
2018-11-23 18:25:18,971 [INFO] [NoneStorage] - performing GET at /s3testqwer1/myobjects87
2018-11-23 18:25:18,983 [INFO] [NoneStorage] - performing GET at /s3testqwer2/myobjects59
2018-11-23 18:25:18,984 [INFO] [NoneStorage] - performing GET at /s3testqwer2/myobjects69
2018-11-23 18:25:19,076 [INFO] [NoneStorage] - performing GET at /s3testqwer2/myobjects21
2018-11-23 18:25:19,081 [INFO] [NoneStorage] - performing GET at /s3testqwer1/myobjects25
2018-11-23 18:25:19,086 [INFO] [NoneStorage] - performing GET at /s3testqwer2/myobjects71
2018-11-23 18:25:19,124 [INFO] [NoneStorage] - performing GET at /s3testqwer1/myobjects24
2018-11-23 18:25:19,178 [INFO] [NoneStorage] - performing PUT at /s3testqwer2/myobjects145
2018-11-23 18:25:19,183 [INFO] [NoneStorage] - performing GET at /s3testqwer2/myobjects25
2018-11-23 18:25:19,188 [INFO] [NoneStorage] - performing GET at /s3testqwer1/myobjects37
2018-11-23 18:25:19,199 [INFO] [NoneStorage] - performing GET at /s3testqwer2/myobjects51
2018-11-23 18:25:19,291 [INFO] [NoneStorage] - performing PUT at /s3testqwer2/myobjects179
2018-11-23 18:25:19,296 [INFO] [NoneStorage] - performing PUT at /s3testqwer1/myobjects174
2018-11-23 18:25:19,318 [INFO] [NoneStorage] - performing PUT at /s3testqwer1/myobjects149
2018-11-23 18:25:19,347 [INFO] [NoneStorage] - performing PUT at /s3testqwer1/myobjects140
2018-11-23 18:25:19,436 [INFO] [NoneStorage] - performing GET at /s3testqwer1/myobjects55
2018-11-23 18:25:19,437 [INFO] [NoneStorage] - performing PUT at /s3testqwer2/myobjects147
2018-11-23 18:25:19,475 [INFO] [NoneStorage] - performing GET at /s3testqwer2/myobjects90
2018-11-23 18:25:19,504 [INFO] [NoneStorage] - performing PUT at /s3testqwer2/myobjects187
2018-11-23 18:25:19,537 [INFO] [NoneStorage] - performing GET at /s3testqwer2/myobjects63
2018-11-23 18:25:19,554 [INFO] [NoneStorage] - performing GET at /s3testqwer1/myobjects29
2018-11-23 18:25:19,588 [INFO] [NoneStorage] - performing PUT at /s3testqwer2/myobjects167
2018-11-23 18:25:19,622 [INFO] [NoneStorage] - performing GET at /s3testqwer2/myobjects32
2018-11-23 18:25:19,633 [INFO] [NoneStorage] - performing GET at /s3testqwer1/myobjects77
2018-11-23 18:25:19,650 [INFO] [NoneStorage] - performing GET at /s3testqwer1/myobjects95
2018-11-23 18:25:19,732 [INFO] [NoneStorage] - performing GET at /s3testqwer1/myobjects65
2018-11-23 18:25:19,738 [INFO] [NoneStorage] - performing PUT at /s3testqwer2/myobjects142
2018-11-23 18:25:19,742 [INFO] [NoneStorage] - performing GET at /s3testqwer2/myobjects7
2018-11-23 18:25:19,767 [INFO] [NoneStorage] - performing GET at /s3testqwer2/myobjects92
2018-11-23 18:25:19,826 [INFO] [NoneStorage] - performing GET at /s3testqwer2/myobjects93
2018-11-23 18:25:19,863 [INFO] [NoneStorage] - performing GET at /s3testqwer2/myobjects15
2018-11-23 18:25:19,898 [INFO] [NoneStorage] - performing GET at /s3testqwer2/myobjects84
2018-11-23 18:25:19,899 [INFO] [NoneStorage] - performing GET at /s3testqwer2/myobjects21
2018-11-23 18:25:19,916 [INFO] [NoneStorage] - performing GET at /s3testqwer1/myobjects84
2018-11-23 18:25:19,975 [INFO] [NoneStorage] - performing GET at /s3testqwer2/myobjects94
2018-11-23 18:25:19,993 [INFO] [NoneStorage] - performing GET at /s3testqwer1/myobjects41
2018-11-23 18:25:20,008 [INFO] [NoneStorage] - performing GET at /s3testqwer2/myobjects61
2018-11-23 18:25:20,035 [INFO] [NoneStorage] - performing GET at /s3testqwer2/myobjects49
2018-11-23 18:25:20,073 [INFO] [NoneStorage] - performing GET at /s3testqwer1/myobjects30
2018-11-23 18:25:20,111 [INFO] [NoneStorage] - performing GET at /s3testqwer2/myobjects66
2018-11-23 18:25:20,117 [INFO] [NoneStorage] - performing GET at /s3testqwer2/myobjects63
2018-11-23 18:25:20,144 [INFO] [NoneStorage] - performing GET at /s3testqwer2/myobjects20
2018-11-23 18:25:20,182 [INFO] [NoneStorage] - performing GET at /s3testqwer1/myobjects15
2018-11-23 18:25:20,220 [INFO] [NoneStorage] - performing GET at /s3testqwer1/myobjects92
2018-11-23 18:25:20,226 [INFO] [NoneStorage] - performing GET at /s3testqwer1/myobjects34
2018-11-23 18:25:20,252 [INFO] [NoneStorage] - performing GET at /s3testqwer1/myobjects12
2018-11-23 18:25:20,281 [INFO] [NoneStorage] - performing GET at /s3testqwer1/myobjects80
2018-11-23 18:25:20,328 [INFO] [NoneStorage] - performing GET at /s3testqwer1/myobjects55
2018-11-23 18:25:20,346 [INFO] [NoneStorage] - performing PUT at /s3testqwer2/myobjects185
2018-11-23 18:25:20,361 [INFO] [NoneStorage] - performing GET at /s3testqwer1/myobjects83
2018-11-23 18:25:20,399 [INFO] [NoneStorage] - performing GET at /s3testqwer2/myobjects16
2018-11-23 18:25:20,437 [INFO] [NoneStorage] - performing PUT at /s3testqwer1/myobjects200
2018-11-23 18:25:20,464 [INFO] [NoneStorage] - performing PUT at /s3testqwer2/myobjects157
2018-11-23 18:25:20,502 [INFO] [NoneStorage] - performing PUT at /s3testqwer2/myobjects127
2018-11-23 18:25:20,561 [INFO] [NoneStorage] - performing GET at /s3testqwer1/myobjects73
2018-11-23 18:25:20,626 [INFO] [NoneStorage] - performing PUT at /s3testqwer2/myobjects188
2018-11-23 18:25:20,637 [INFO] [NoneStorage] - performing GET at /s3testqwer1/myobjects13
2018-11-23 18:25:20,659 [INFO] [NoneStorage] - performing GET at /s3testqwer1/myobjects12
2018-11-23 18:25:20,683 [INFO] [NoneStorage] - performing GET at /s3testqwer1/myobjects51
2018-11-23 18:25:20,732 [INFO] [NoneStorage] - performing GET at /s3testqwer1/myobjects23
2018-11-23 18:25:20,759 [INFO] [NoneStorage] - performing GET at /s3testqwer1/myobjects22
2018-11-23 18:25:20,766 [INFO] [NoneStorage] - performing GET at /s3testqwer2/myobjects72
2018-11-23 18:25:20,800 [INFO] [NoneStorage] - performing GET at /s3testqwer2/myobjects11
2018-11-23 18:25:20,848 [INFO] [NoneStorage] - performing GET at /s3testqwer2/myobjects4
2018-11-23 18:25:20,865 [INFO] [NoneStorage] - performing GET at /s3testqwer1/myobjects63
2018-11-23 18:25:20,881 [INFO] [NoneStorage] - performing GET at /s3testqwer1/myobjects20
2018-11-23 18:25:20,887 [INFO] [NoneStorage] - performing GET at /s3testqwer2/myobjects86
2018-11-23 18:25:20,959 [INFO] [NoneStorage] - performing GET at /s3testqwer2/myobjects80
2018-11-23 18:25:20,977 [INFO] [NoneStorage] - performing GET at /s3testqwer2/myobjects14
2018-11-23 18:25:20,992 [INFO] [NoneStorage] - performing GET at /s3testqwer2/myobjects74
2018-11-23 18:25:20,999 [INFO] [NoneStorage] - performing GET at /s3testqwer2/myobjects75
2018-11-23 18:25:21,070 [INFO] [NoneStorage] - performing GET at /s3testqwer1/myobjects38
2018-11-23 18:25:21,086 [INFO] [NoneStorage] - performing GET at /s3testqwer1/myobjects35
2018-11-23 18:25:21,102 [INFO] [NoneStorage] - performing GET at /s3testqwer2/myobjects97
2018-11-23 18:25:21,108 [INFO] [NoneStorage] - performing PUT at /s3testqwer2/myobjects174
2018-11-23 18:25:21,175 [INFO] [NoneStorage] - performing GET at /s3testqwer1/myobjects67
2018-11-23 18:25:21,192 [INFO] [NoneStorage] - performing GET at /s3testqwer2/myobjects98
2018-11-23 18:25:21,208 [INFO] [NoneStorage] - performing PUT at /s3testqwer1/myobjects197
2018-11-23 18:25:21,283 [INFO] [NoneStorage] - performing GET at /s3testqwer1/myobjects67
2018-11-23 18:25:21,288 [INFO] [NoneStorage] - performing GET at /s3testqwer2/myobjects23
2018-11-23 18:25:21,299 [INFO] [NoneStorage] - performing GET at /s3testqwer2/myobjects48
2018-11-23 18:25:21,339 [INFO] [NoneStorage] - performing GET at /s3testqwer1/myobjects91
2018-11-23 18:25:21,400 [INFO] [NoneStorage] - performing GET at /s3testqwer1/myobjects23
2018-11-23 18:25:21,405 [INFO] [NoneStorage] - performing GET at /s3testqwer2/myobjects82
2018-11-23 18:25:21,409 [INFO] [NoneStorage] - performing PUT at /s3testqwer1/myobjects165
2018-11-23 18:25:21,416 [INFO] [NoneStorage] - performing PUT at /s3testqwer2/myobjects131
2018-11-23 18:25:21,509 [INFO] [NoneStorage] - performing GET at /s3testqwer2/myobjects17
2018-11-23 18:25:21,524 [INFO] [NoneStorage] - performing GET at /s3testqwer1/myobjects49
2018-11-23 18:25:21,610 [INFO] [NoneStorage] - performing GET at /s3testqwer1/myobjects72
2018-11-23 18:25:21,615 [INFO] [NoneStorage] - performing GET at /s3testqwer1/myobjects25
2018-11-23 18:25:21,668 [INFO] [NoneStorage] - performing GET at /s3testqwer2/myobjects70
2018-11-23 18:25:21,672 [INFO] [NoneStorage] - performing GET at /s3testqwer2/myobjects78
2018-11-23 18:25:21,722 [INFO] [NoneStorage] - performing GET at /s3testqwer2/myobjects65
2018-11-23 18:25:21,728 [INFO] [NoneStorage] - performing GET at /s3testqwer2/myobjects5
2018-11-23 18:25:21,779 [INFO] [NoneStorage] - performing GET at /s3testqwer2/myobjects85
2018-11-23 18:25:21,783 [INFO] [NoneStorage] - performing PUT at /s3testqwer2/myobjects124
2018-11-23 18:25:21,833 [INFO] [NoneStorage] - performing GET at /s3testqwer2/myobjects51
2018-11-23 18:25:21,886 [INFO] [NoneStorage] - performing GET at /s3testqwer2/myobjects87
2018-11-23 18:25:21,915 [INFO] [NoneStorage] - performing PUT at /s3testqwer2/myobjects163
2018-11-23 18:25:22,871 [INFO] [NoneStorage] - performing GET at /s3testqwer1/myobjects68
2018-11-23 18:25:22,872 [INFO] [NoneStorage] - performing GET at /s3testqwer2/myobjects64
2018-11-23 18:25:22,973 [INFO] [NoneStorage] - performing GET at /s3testqwer2/myobjects31
2018-11-23 18:25:22,979 [INFO] [NoneStorage] - performing GET at /s3testqwer2/myobjects8
2018-11-23 18:25:23,066 [INFO] [NoneStorage] - performing GET at /s3testqwer1/myobjects39
2018-11-23 18:25:23,067 [INFO] [NoneStorage] - performing GET at /s3testqwer1/myobjects15
2018-11-23 18:25:23,118 [INFO] [NoneStorage] - performing PUT at /s3testqwer2/myobjects200
2018-11-23 18:25:23,122 [INFO] [NoneStorage] - performing GET at /s3testqwer2/myobjects67
2018-11-23 18:25:23,178 [INFO] [NoneStorage] - performing GET at /s3testqwer2/myobjects30
2018-11-23 18:25:23,217 [INFO] [NoneStorage] - performing GET at /s3testqwer2/myobjects9
2018-11-23 18:25:23,247 [INFO] [NoneStorage] - performing GET at /s3testqwer1/myobjects38
2018-11-23 18:25:23,278 [INFO] [NoneStorage] - performing GET at /s3testqwer1/myobjects43
2018-11-23 18:25:23,308 [INFO] [NoneStorage] - performing GET at /s3testqwer2/myobjects1
2018-11-23 18:25:23,338 [INFO] [NoneStorage] - performing GET at /s3testqwer1/myobjects66
2018-11-23 18:25:23,367 [INFO] [NoneStorage] - performing GET at /s3testqwer2/myobjects29
2018-11-23 18:25:23,397 [INFO] [NoneStorage] - performing PUT at /s3testqwer1/myobjects191
2018-11-23 18:25:23,451 [INFO] [NoneStorage] - performing GET at /s3testqwer1/myobjects53
2018-11-23 18:25:23,452 [INFO] [NoneStorage] - performing GET at /s3testqwer1/myobjects37
2018-11-23 18:25:23,452 [INFO] [NoneStorage] - performing GET at /s3testqwer1/myobjects15
2018-11-23 18:25:23,587 [INFO] [NoneStorage] - performing GET at /s3testqwer2/myobjects20
2018-11-23 18:25:23,589 [INFO] [NoneStorage] - performing GET at /s3testqwer1/myobjects67
2018-11-23 18:25:23,589 [INFO] [NoneStorage] - performing PUT at /s3testqwer1/myobjects167
2018-11-23 18:25:23,687 [INFO] [NoneStorage] - performing GET at /s3testqwer1/myobjects6
2018-11-23 18:25:23,698 [INFO] [NoneStorage] - performing PUT at /s3testqwer2/myobjects147
2018-11-23 18:25:23,708 [INFO] [NoneStorage] - performing GET at /s3testqwer1/myobjects25
2018-11-23 18:25:23,808 [INFO] [NoneStorage] - performing PUT at /s3testqwer2/myobjects160
2018-11-23 18:25:23,809 [INFO] [NoneStorage] - performing GET at /s3testqwer2/myobjects96
2018-11-23 18:25:23,824 [INFO] [NoneStorage] - performing PUT at /s3testqwer1/myobjects188
2018-11-23 18:25:23,904 [INFO] [NoneStorage] - performing GET at /s3testqwer1/myobjects87
2018-11-23 18:25:23,943 [INFO] [NoneStorage] - performing PUT at /s3testqwer1/myobjects129
2018-11-23 18:25:23,983 [INFO] [NoneStorage] - performing GET at /s3testqwer2/myobjects47
2018-11-23 18:25:23,999 [INFO] [NoneStorage] - performing GET at /s3testqwer2/myobjects8
2018-11-23 18:25:24,053 [INFO] [NoneStorage] - performing PUT at /s3testqwer1/myobjects199
2018-11-23 18:25:24,095 [INFO] [NoneStorage] - performing GET at /s3testqwer2/myobjects80
2018-11-23 18:25:24,100 [INFO] [NoneStorage] - performing GET at /s3testqwer1/myobjects65
2018-11-23 18:25:24,126 [INFO] [NoneStorage] - performing GET at /s3testqwer2/myobjects53
2018-11-23 18:25:24,197 [INFO] [NoneStorage] - performing GET at /s3testqwer2/myobjects68
2018-11-23 18:25:24,210 [INFO] [NoneStorage] - performing GET at /s3testqwer2/myobjects95
2018-11-23 18:25:24,221 [INFO] [NoneStorage] - performing GET at /s3testqwer1/myobjects55
2018-11-23 18:25:24,225 [INFO] [NoneStorage] - performing GET at /s3testqwer2/myobjects59
2018-11-23 18:25:24,297 [INFO] [NoneStorage] - performing GET at /s3testqwer1/myobjects66
2018-11-23 18:25:24,313 [INFO] [NoneStorage] - performing GET at /s3testqwer2/myobjects100
2018-11-23 18:25:24,328 [INFO] [NoneStorage] - performing GET at /s3testqwer2/myobjects81
2018-11-23 18:25:24,365 [INFO] [NoneStorage] - performing GET at /s3testqwer2/myobjects77
2018-11-23 18:25:24,406 [INFO] [NoneStorage] - performing GET at /s3testqwer2/myobjects40
2018-11-23 18:25:24,423 [INFO] [NoneStorage] - performing GET at /s3testqwer2/myobjects99
2018-11-23 18:25:24,439 [INFO] [NoneStorage] - performing GET at /s3testqwer2/myobjects9
2018-11-23 18:25:24,476 [INFO] [NoneStorage] - performing GET at /s3testqwer2/myobjects80
2018-11-23 18:25:24,516 [INFO] [NoneStorage] - performing GET at /s3testqwer1/myobjects51
2018-11-23 18:25:24,532 [INFO] [NoneStorage] - performing GET at /s3testqwer1/myobjects58
2018-11-23 18:25:24,549 [INFO] [NoneStorage] - performing GET at /s3testqwer1/myobjects33
2018-11-23 18:25:24,555 [INFO] [NoneStorage] - performing PUT at /s3testqwer2/myobjects169
2018-11-23 18:25:24,626 [INFO] [NoneStorage] - performing GET at /s3testqwer2/myobjects10
2018-11-23 18:25:24,642 [INFO] [NoneStorage] - performing GET at /s3testqwer2/myobjects57
2018-11-23 18:25:24,657 [INFO] [NoneStorage] - performing GET at /s3testqwer1/myobjects91
2018-11-23 18:25:24,740 [INFO] [NoneStorage] - performing GET at /s3testqwer1/myobjects39
2018-11-23 18:25:24,745 [INFO] [NoneStorage] - performing PUT at /s3testqwer1/myobjects139
2018-11-23 18:25:24,750 [INFO] [NoneStorage] - performing PUT at /s3testqwer2/myobjects120
2018-11-23 18:25:24,774 [INFO] [NoneStorage] - performing GET at /s3testqwer1/myobjects44
2018-11-23 18:25:24,832 [INFO] [NoneStorage] - performing GET at /s3testqwer2/myobjects34
2018-11-23 18:25:24,887 [INFO] [NoneStorage] - performing PUT at /s3testqwer2/myobjects190
2018-11-23 18:25:24,932 [INFO] [NoneStorage] - performing PUT at /s3testqwer2/myobjects155
2018-11-23 18:25:24,933 [INFO] [NoneStorage] - performing GET at /s3testqwer2/myobjects12
2018-11-23 18:25:24,937 [INFO] [NoneStorage] - performing GET at /s3testqwer1/myobjects10
2018-11-23 18:25:25,031 [INFO] [NoneStorage] - performing GET at /s3testqwer2/myobjects19
2018-11-23 18:25:25,036 [INFO] [NoneStorage] - performing GET at /s3testqwer2/myobjects21
2018-11-23 18:25:25,040 [INFO] [NoneStorage] - performing GET at /s3testqwer2/myobjects83
2018-11-23 18:25:25,057 [INFO] [NoneStorage] - performing GET at /s3testqwer1/myobjects10
2018-11-23 18:25:25,141 [INFO] [NoneStorage] - performing GET at /s3testqwer1/myobjects58
2018-11-23 18:25:25,146 [INFO] [NoneStorage] - performing GET at /s3testqwer1/myobjects30
2018-11-23 18:25:25,150 [INFO] [NoneStorage] - performing GET at /s3testqwer2/myobjects28
2018-11-23 18:25:25,165 [INFO] [NoneStorage] - performing GET at /s3testqwer2/myobjects99
2018-11-23 18:25:25,249 [INFO] [NoneStorage] - performing PUT at /s3testqwer1/myobjects122
2018-11-23 18:25:25,263 [INFO] [NoneStorage] - performing GET at /s3testqwer2/myobjects93
2018-11-23 18:25:25,267 [INFO] [NoneStorage] - performing PUT at /s3testqwer1/myobjects141
2018-11-23 18:25:25,272 [INFO] [NoneStorage] - performing GET at /s3testqwer2/myobjects97
2018-11-23 18:25:25,386 [INFO] [NoneStorage] - performing GET at /s3testqwer2/myobjects42
2018-11-23 18:25:25,391 [INFO] [NoneStorage] - performing GET at /s3testqwer2/myobjects19
2018-11-23 18:25:25,441 [INFO] [NoneStorage] - performing GET at /s3testqwer2/myobjects87
2018-11-23 18:25:25,442 [INFO] [NoneStorage] - performing GET at /s3testqwer1/myobjects6
2018-11-23 18:25:25,457 [INFO] [NoneStorage] - performing GET at /s3testqwer1/myobjects42
2018-11-23 18:25:25,485 [INFO] [NoneStorage] - performing GET at /s3testqwer2/myobjects84
2018-11-23 18:25:25,545 [INFO] [NoneStorage] - performing GET at /s3testqwer2/myobjects4
2018-11-23 18:25:25,549 [INFO] [NoneStorage] - performing PUT at /s3testqwer2/myobjects191
2018-11-23 18:25:25,587 [INFO] [NoneStorage] - performing GET at /s3testqwer1/myobjects27
2018-11-23 18:25:25,624 [INFO] [NoneStorage] - performing GET at /s3testqwer1/myobjects97
2018-11-23 18:25:25,661 [INFO] [NoneStorage] - performing GET at /s3testqwer2/myobjects71
2018-11-23 18:25:25,678 [INFO] [NoneStorage] - performing GET at /s3testqwer2/myobjects83
2018-11-23 18:25:25,725 [INFO] [NoneStorage] - performing GET at /s3testqwer2/myobjects21
2018-11-23 18:25:25,725 [INFO] [NoneStorage] - performing GET at /s3testqwer2/myobjects39
2018-11-23 18:25:25,742 [INFO] [NoneStorage] - performing GET at /s3testqwer1/myobjects22
2018-11-23 18:25:25,801 [INFO] [NoneStorage] - performing GET at /s3testqwer2/myobjects18
2018-11-23 18:25:25,817 [INFO] [NoneStorage] - performing GET at /s3testqwer1/myobjects94
2018-11-23 18:25:25,832 [INFO] [NoneStorage] - performing GET at /s3testqwer1/myobjects90
2018-11-23 18:25:25,870 [INFO] [NoneStorage] - performing GET at /s3testqwer1/myobjects53
2018-11-23 18:25:25,908 [INFO] [NoneStorage] - performing PUT at /s3testqwer2/myobjects131
2018-11-23 18:25:25,935 [INFO] [NoneStorage] - performing GET at /s3testqwer1/myobjects60
2018-11-23 18:25:25,940 [INFO] [NoneStorage] - performing GET at /s3testqwer1/myobjects32
2018-11-23 18:25:25,977 [INFO] [NoneStorage] - performing GET at /s3testqwer2/myobjects59
2018-11-23 18:25:26,037 [INFO] [NoneStorage] - performing GET at /s3testqwer1/myobjects51
2018-11-23 18:25:26,043 [INFO] [NoneStorage] - performing PUT at /s3testqwer2/myobjects137
2018-11-23 18:25:26,069 [INFO] [NoneStorage] - performing GET at /s3testqwer2/myobjects20
2018-11-23 18:25:26,118 [INFO] [NoneStorage] - performing GET at /s3testqwer1/myobjects16
2018-11-23 18:25:26,178 [INFO] [NoneStorage] - performing GET at /s3testqwer1/myobjects19
2018-11-23 18:25:26,205 [INFO] [NoneStorage] - performing GET at /s3testqwer1/myobjects1
2018-11-23 18:25:26,241 [INFO] [NoneStorage] - performing GET at /s3testqwer2/myobjects81
2018-11-23 18:25:26,277 [INFO] [NoneStorage] - performing GET at /s3testqwer2/myobjects79
2018-11-23 18:25:26,316 [INFO] [NoneStorage] - performing GET at /s3testqwer1/myobjects84
2018-11-23 18:25:26,365 [INFO] [NoneStorage] - performing GET at /s3testqwer2/myobjects13
2018-11-23 18:25:26,371 [INFO] [NoneStorage] - performing GET at /s3testqwer2/myobjects59
2018-11-23 18:25:26,414 [INFO] [NoneStorage] - performing PUT at /s3testqwer2/myobjects114
2018-11-23 18:25:26,451 [INFO] [NoneStorage] - performing GET at /s3testqwer1/myobjects97
2018-11-23 18:25:26,467 [INFO] [NoneStorage] - performing GET at /s3testqwer2/myobjects73
2018-11-23 18:25:26,472 [INFO] [NoneStorage] - performing GET at /s3testqwer2/myobjects49
2018-11-23 18:25:26,565 [INFO] [NoneStorage] - performing GET at /s3testqwer2/myobjects99
2018-11-23 18:25:26,569 [INFO] [NoneStorage] - performing PUT at /s3testqwer2/myobjects110
2018-11-23 18:25:26,574 [INFO] [NoneStorage] - performing GET at /s3testqwer2/myobjects14
2018-11-23 18:25:26,605 [INFO] [NoneStorage] - performing GET at /s3testqwer2/myobjects25
2018-11-23 18:25:26,653 [INFO] [NoneStorage] - performing GET at /s3testqwer2/myobjects15
2018-11-23 18:25:26,670 [INFO] [NoneStorage] - performing GET at /s3testqwer1/myobjects78
2018-11-23 18:25:26,686 [INFO] [NoneStorage] - performing PUT at /s3testqwer2/myobjects102
2018-11-23 18:25:26,753 [INFO] [NoneStorage] - performing GET at /s3testqwer1/myobjects32
2018-11-23 18:25:26,768 [INFO] [NoneStorage] - performing GET at /s3testqwer1/myobjects47
2018-11-23 18:25:26,784 [INFO] [NoneStorage] - performing GET at /s3testqwer1/myobjects80
2018-11-23 18:25:26,855 [INFO] [NoneStorage] - performing PUT at /s3testqwer1/myobjects185
2018-11-23 18:25:26,878 [INFO] [NoneStorage] - performing GET at /s3testqwer2/myobjects83
2018-11-23 18:25:26,893 [INFO] [NoneStorage] - performing GET at /s3testqwer2/myobjects73
2018-11-23 18:25:26,908 [INFO] [NoneStorage] - performing GET at /s3testqwer1/myobjects2
2018-11-23 18:25:26,980 [INFO] [NoneStorage] - performing GET at /s3testqwer2/myobjects49
2018-11-23 18:25:26,996 [INFO] [NoneStorage] - performing PUT at /s3testqwer2/myobjects179
2018-11-23 18:25:27,002 [INFO] [NoneStorage] - performing GET at /s3testqwer1/myobjects11
2018-11-23 18:25:27,085 [INFO] [NoneStorage] - performing GET at /s3testqwer1/myobjects48
2018-11-23 18:25:27,089 [INFO] [NoneStorage] - performing GET at /s3testqwer1/myobjects100
2018-11-23 18:25:27,153 [INFO] [NoneStorage] - performing GET at /s3testqwer1/myobjects99
2018-11-23 18:25:27,158 [INFO] [NoneStorage] - performing GET at /s3testqwer2/myobjects91
2018-11-23 18:25:27,209 [INFO] [NoneStorage] - performing GET at /s3testqwer1/myobjects3
2018-11-23 18:25:27,213 [INFO] [NoneStorage] - performing GET at /s3testqwer1/myobjects35
2018-11-23 18:25:27,267 [INFO] [NoneStorage] - performing GET at /s3testqwer1/myobjects53
2018-11-23 18:25:27,272 [INFO] [NoneStorage] - performing GET at /s3testqwer2/myobjects2
2018-11-23 18:25:27,327 [INFO] [NoneStorage] - performing GET at /s3testqwer1/myobjects4
2018-11-23 18:25:27,332 [INFO] [NoneStorage] - performing GET at /s3testqwer2/myobjects76
2018-11-23 18:25:27,382 [INFO] [NoneStorage] - performing GET at /s3testqwer2/myobjects96
2018-11-23 18:25:27,387 [INFO] [NoneStorage] - performing GET at /s3testqwer2/myobjects14
2018-11-23 18:25:27,438 [INFO] [NoneStorage] - performing PUT at /s3testqwer1/myobjects165
2018-11-23 18:25:27,442 [INFO] [NoneStorage] - performing GET at /s3testqwer2/myobjects57
2018-11-23 18:25:27,500 [INFO] [NoneStorage] - performing GET at /s3testqwer2/myobjects60
2018-11-23 18:25:27,545 [INFO] [NoneStorage] - performing GET at /s3testqwer1/myobjects65
2018-11-23 18:25:27,575 [INFO] [NoneStorage] - performing GET at /s3testqwer2/myobjects90
2018-11-23 18:25:27,604 [INFO] [NoneStorage] - performing GET at /s3testqwer1/myobjects9
2018-11-23 18:25:27,618 [INFO] [NoneStorage] - performing PUT at /s3testqwer1/myobjects121
2018-11-23 18:25:27,619 [INFO] [NoneStorage] - performing GET at /s3testqwer2/myobjects8
2018-11-23 18:25:27,619 [INFO] [NoneStorage] - performing GET at /s3testqwer1/myobjects94
2018-11-23 18:25:27,642 [INFO] [NoneStorage] - performing GET at /s3testqwer1/myobjects82
2018-11-23 18:25:27,736 [INFO] [NoneStorage] - performing PUT at /s3testqwer1/myobjects126
2018-11-23 18:25:27,741 [INFO] [NoneStorage] - performing PUT at /s3testqwer1/myobjects142
2018-11-23 18:25:27,778 [INFO] [NoneStorage] - performing PUT at /s3testqwer2/myobjects188
2018-11-23 18:25:27,790 [INFO] [NoneStorage] - performing GET at /s3testqwer1/myobjects65
2018-11-23 18:25:27,890 [INFO] [NoneStorage] - performing PUT at /s3testqwer1/myobjects161
2018-11-23 18:25:27,918 [INFO] [NoneStorage] - performing GET at /s3testqwer2/myobjects81
2018-11-23 18:25:27,921 [INFO] [NoneStorage] - performing GET at /s3testqwer2/myobjects14
2018-11-23 18:25:27,943 [INFO] [NoneStorage] - performing GET at /s3testqwer2/myobjects21
2018-11-23 18:25:28,003 [INFO] [NoneStorage] - performing GET at /s3testqwer1/myobjects94
2018-11-23 18:25:28,023 [INFO] [NoneStorage] - performing GET at /s3testqwer2/myobjects25
2018-11-23 18:25:28,035 [INFO] [NoneStorage] - performing GET at /s3testqwer1/myobjects31
2018-11-23 18:25:28,040 [INFO] [NoneStorage] - performing PUT at /s3testqwer2/myobjects131
2018-11-23 18:25:28,124 [INFO] [NoneStorage] - performing GET at /s3testqwer1/myobjects28
2018-11-23 18:25:28,129 [INFO] [NoneStorage] - performing GET at /s3testqwer1/myobjects77
2018-11-23 18:25:28,134 [INFO] [NoneStorage] - performing GET at /s3testqwer2/myobjects63
2018-11-23 18:25:28,216 [INFO] [NoneStorage] - performing GET at /s3testqwer1/myobjects6
2018-11-23 18:25:28,222 [INFO] [NoneStorage] - performing GET at /s3testqwer2/myobjects54
2018-11-23 18:25:28,230 [INFO] [NoneStorage] - performing GET at /s3testqwer1/myobjects65
2018-11-23 18:25:28,247 [INFO] [NoneStorage] - performing GET at /s3testqwer1/myobjects58
2018-11-23 18:25:28,330 [INFO] [NoneStorage] - performing GET at /s3testqwer2/myobjects37
2018-11-23 18:25:28,335 [INFO] [NoneStorage] - performing GET at /s3testqwer1/myobjects14
2018-11-23 18:25:28,340 [INFO] [NoneStorage] - performing GET at /s3testqwer1/myobjects20
2018-11-23 18:25:28,355 [INFO] [NoneStorage] - performing GET at /s3testqwer1/myobjects36
2018-11-23 18:25:28,439 [INFO] [NoneStorage] - performing PUT at /s3testqwer1/myobjects146
2018-11-23 18:25:28,443 [INFO] [NoneStorage] - performing GET at /s3testqwer1/myobjects26
2018-11-23 18:25:28,459 [INFO] [NoneStorage] - performing GET at /s3testqwer1/myobjects66
2018-11-23 18:25:28,474 [INFO] [NoneStorage] - performing PUT at /s3testqwer2/myobjects122
2018-11-23 18:25:28,546 [INFO] [NoneStorage] - performing GET at /s3testqwer1/myobjects71
2018-11-23 18:25:28,585 [INFO] [NoneStorage] - performing GET at /s3testqwer1/myobjects52
2018-11-23 18:25:28,624 [INFO] [NoneStorage] - performing GET at /s3testqwer1/myobjects22
2018-11-23 18:25:28,635 [INFO] [NoneStorage] - performing GET at /s3testqwer1/myobjects65
2018-11-23 18:25:28,640 [INFO] [NoneStorage] - performing GET at /s3testqwer1/myobjects22
2018-11-23 18:25:28,689 [INFO] [NoneStorage] - performing GET at /s3testqwer2/myobjects60
2018-11-23 18:25:28,729 [INFO] [NoneStorage] - performing GET at /s3testqwer2/myobjects33
2018-11-23 18:25:28,745 [INFO] [NoneStorage] - performing PUT at /s3testqwer2/myobjects177
2018-11-23 18:25:28,763 [INFO] [NoneStorage] - performing PUT at /s3testqwer2/myobjects144
2018-11-23 18:25:28,789 [INFO] [NoneStorage] - performing GET at /s3testqwer1/myobjects92
2018-11-23 18:25:28,829 [INFO] [NoneStorage] - performing GET at /s3testqwer2/myobjects69
2018-11-23 18:25:28,917 [INFO] [NoneStorage] - performing GET at /s3testqwer2/myobjects20
2018-11-23 18:25:28,917 [INFO] [NoneStorage] - performing GET at /s3testqwer2/myobjects57
2018-11-23 18:25:28,918 [INFO] [NoneStorage] - performing PUT at /s3testqwer1/myobjects122
2018-11-23 18:25:28,922 [INFO] [NoneStorage] - performing GET at /s3testqwer1/myobjects56
2018-11-23 18:25:29,026 [INFO] [NoneStorage] - performing GET at /s3testqwer2/myobjects60
2018-11-23 18:25:29,032 [INFO] [NoneStorage] - performing GET at /s3testqwer1/myobjects67
2018-11-23 18:25:29,038 [INFO] [NoneStorage] - performing PUT at /s3testqwer1/myobjects159
2018-11-23 18:25:29,124 [INFO] [NoneStorage] - performing GET at /s3testqwer1/myobjects93
2018-11-23 18:25:29,125 [INFO] [NoneStorage] - performing GET at /s3testqwer1/myobjects51
2018-11-23 18:25:29,131 [INFO] [NoneStorage] - performing GET at /s3testqwer2/myobjects41
2018-11-23 18:25:29,228 [INFO] [NoneStorage] - performing GET at /s3testqwer1/myobjects36
2018-11-23 18:25:29,229 [INFO] [NoneStorage] - performing GET at /s3testqwer2/myobjects1
2018-11-23 18:25:29,233 [INFO] [NoneStorage] - performing GET at /s3testqwer2/myobjects31
2018-11-23 18:25:29,238 [INFO] [NoneStorage] - performing PUT at /s3testqwer1/myobjects175
2018-11-23 18:25:29,331 [INFO] [NoneStorage] - performing GET at /s3testqwer2/myobjects56
2018-11-23 18:25:29,336 [INFO] [NoneStorage] - performing GET at /s3testqwer1/myobjects50
2018-11-23 18:25:29,342 [INFO] [NoneStorage] - performing GET at /s3testqwer2/myobjects81
2018-11-23 18:25:29,437 [INFO] [NoneStorage] - performing GET at /s3testqwer1/myobjects84
2018-11-23 18:25:29,442 [INFO] [NoneStorage] - performing GET at /s3testqwer1/myobjects90
2018-11-23 18:25:29,453 [INFO] [NoneStorage] - performing PUT at /s3testqwer1/myobjects162
2018-11-23 18:25:29,465 [INFO] [NoneStorage] - performing GET at /s3testqwer2/myobjects39
2018-11-23 18:25:29,544 [INFO] [NoneStorage] - performing PUT at /s3testqwer2/myobjects191
2018-11-23 18:25:29,551 [INFO] [NoneStorage] - performing GET at /s3testqwer2/myobjects40
2018-11-23 18:25:29,566 [INFO] [NoneStorage] - performing GET at /s3testqwer1/myobjects90
2018-11-23 18:25:29,643 [INFO] [NoneStorage] - performing GET at /s3testqwer1/myobjects60
2018-11-23 18:25:29,658 [INFO] [NoneStorage] - performing GET at /s3testqwer2/myobjects87
2018-11-23 18:25:29,674 [INFO] [NoneStorage] - performing PUT at /s3testqwer2/myobjects167
2018-11-23 18:25:29,696 [INFO] [NoneStorage] - performing GET at /s3testqwer2/myobjects16
2018-11-23 18:25:29,734 [INFO] [NoneStorage] - performing PUT at /s3testqwer2/myobjects139
2018-11-23 18:25:29,769 [INFO] [NoneStorage] - performing PUT at /s3testqwer1/myobjects180
2018-11-23 18:25:29,795 [INFO] [NoneStorage] - performing GET at /s3testqwer2/myobjects19
2018-11-23 18:25:29,835 [INFO] [NoneStorage] - performing GET at /s3testqwer1/myobjects1
2018-11-23 18:25:29,905 [INFO] [NoneStorage] - performing GET at /s3testqwer1/myobjects41
2018-11-23 18:25:29,916 [INFO] [NoneStorage] - performing GET at /s3testqwer2/myobjects61
2018-11-23 18:25:29,923 [INFO] [NoneStorage] - performing GET at /s3testqwer1/myobjects63
2018-11-23 18:25:29,958 [INFO] [NoneStorage] - performing GET at /s3testqwer1/myobjects38
2018-11-23 18:25:30,005 [INFO] [NoneStorage] - performing PUT at /s3testqwer2/myobjects108
2018-11-23 18:25:30,022 [INFO] [NoneStorage] - performing GET at /s3testqwer2/myobjects98
2018-11-23 18:25:30,032 [INFO] [NoneStorage] - performing GET at /s3testqwer1/myobjects30
2018-11-23 18:25:30,058 [INFO] [NoneStorage] - performing GET at /s3testqwer1/myobjects72
2018-11-23 18:25:30,129 [INFO] [NoneStorage] - performing GET at /s3testqwer2/myobjects4
2018-11-23 18:25:30,145 [INFO] [NoneStorage] - performing PUT at /s3testqwer1/myobjects145
2018-11-23 18:25:30,161 [INFO] [NoneStorage] - performing GET at /s3testqwer1/myobjects23
2018-11-23 18:25:30,231 [INFO] [NoneStorage] - performing GET at /s3testqwer2/myobjects28
2018-11-23 18:25:30,236 [INFO] [NoneStorage] - performing GET at /s3testqwer1/myobjects27
2018-11-23 18:25:30,307 [INFO] [NoneStorage] - performing GET at /s3testqwer1/myobjects79
2018-11-23 18:25:30,313 [INFO] [NoneStorage] - performing PUT at /s3testqwer1/myobjects155
2018-11-23 18:25:30,361 [INFO] [NoneStorage] - performing PUT at /s3testqwer2/myobjects146
2018-11-23 18:25:30,815 [INFO] [NoneStorage] - performing GET at /s3testqwer2/myobjects19
2018-11-23 18:25:30,816 [INFO] [NoneStorage] - performing GET at /s3testqwer1/myobjects97
2018-11-23 18:25:30,816 [INFO] [NoneStorage] - performing GET at /s3testqwer1/myobjects79
2018-11-23 18:25:30,817 [INFO] [NoneStorage] - performing GET at /s3testqwer1/myobjects53
2018-11-23 18:25:30,984 [INFO] [NoneStorage] - performing GET at /s3testqwer2/myobjects20
2018-11-23 18:25:30,995 [INFO] [NoneStorage] - performing GET at /s3testqwer2/myobjects87
2018-11-23 18:25:30,999 [INFO] [NoneStorage] - performing GET at /s3testqwer1/myobjects84
2018-11-23 18:25:31,001 [INFO] [NoneStorage] - performing GET at /s3testqwer2/myobjects91
2018-11-23 18:25:31,124 [INFO] [NoneStorage] - performing GET at /s3testqwer2/myobjects17
2018-11-23 18:25:31,130 [INFO] [NoneStorage] - performing GET at /s3testqwer2/myobjects19
2018-11-23 18:25:31,137 [INFO] [NoneStorage] - performing GET at /s3testqwer1/myobjects8
2018-11-23 18:25:31,141 [INFO] [NoneStorage] - performing GET at /s3testqwer1/myobjects52
2018-11-23 18:25:31,236 [INFO] [NoneStorage] - performing PUT at /s3testqwer2/myobjects122
2018-11-23 18:25:31,247 [INFO] [NoneStorage] - performing GET at /s3testqwer2/myobjects65
2018-11-23 18:25:31,253 [INFO] [NoneStorage] - performing GET at /s3testqwer1/myobjects77
2018-11-23 18:25:31,323 [INFO] [NoneStorage] - performing GET at /s3testqwer2/myobjects97
2018-11-23 18:25:31,340 [INFO] [NoneStorage] - performing GET at /s3testqwer1/myobjects44
2018-11-23 18:25:31,375 [INFO] [NoneStorage] - performing GET at /s3testqwer2/myobjects22
2018-11-23 18:25:31,414 [INFO] [NoneStorage] - performing GET at /s3testqwer2/myobjects61
2018-11-23 18:25:31,429 [INFO] [NoneStorage] - performing GET at /s3testqwer2/myobjects86
2018-11-23 18:25:31,445 [INFO] [NoneStorage] - performing GET at /s3testqwer1/myobjects39
2018-11-23 18:25:31,494 [INFO] [NoneStorage] - performing GET at /s3testqwer1/myobjects83
2018-11-23 18:25:31,512 [INFO] [NoneStorage] - performing PUT at /s3testqwer2/myobjects174
2018-11-23 18:25:31,528 [INFO] [NoneStorage] - performing GET at /s3testqwer1/myobjects35
2018-11-23 18:25:31,565 [INFO] [NoneStorage] - performing GET at /s3testqwer1/myobjects5
2018-11-23 18:25:31,603 [INFO] [NoneStorage] - performing GET at /s3testqwer1/myobjects29
2018-11-23 18:25:31,643 [INFO] [NoneStorage] - performing GET at /s3testqwer1/myobjects96
2018-11-23 18:25:31,648 [INFO] [NoneStorage] - performing GET at /s3testqwer2/myobjects96
2018-11-23 18:25:31,702 [INFO] [NoneStorage] - performing GET at /s3testqwer2/myobjects19
2018-11-23 18:25:31,709 [INFO] [NoneStorage] - performing GET at /s3testqwer1/myobjects84
2018-11-23 18:25:31,737 [INFO] [NoneStorage] - performing PUT at /s3testqwer2/myobjects111
2018-11-23 18:25:31,776 [INFO] [NoneStorage] - performing GET at /s3testqwer2/myobjects93
2018-11-23 18:25:31,813 [INFO] [NoneStorage] - performing GET at /s3testqwer1/myobjects48
2018-11-23 18:25:31,819 [INFO] [NoneStorage] - performing GET at /s3testqwer1/myobjects20
2018-11-23 18:25:31,891 [INFO] [NoneStorage] - performing GET at /s3testqwer2/myobjects12
2018-11-23 18:25:31,908 [INFO] [NoneStorage] - performing GET at /s3testqwer2/myobjects46
2018-11-23 18:25:31,925 [INFO] [NoneStorage] - performing GET at /s3testqwer1/myobjects46
2018-11-23 18:25:31,966 [INFO] [NoneStorage] - performing GET at /s3testqwer1/myobjects67
2018-11-23 18:25:32,005 [INFO] [NoneStorage] - performing GET at /s3testqwer2/myobjects12
2018-11-23 18:25:32,024 [INFO] [NoneStorage] - performing GET at /s3testqwer2/myobjects45
2018-11-23 18:25:32,041 [INFO] [NoneStorage] - performing GET at /s3testqwer1/myobjects76
2018-11-23 18:25:32,079 [INFO] [NoneStorage] - performing GET at /s3testqwer2/myobjects28
2018-11-23 18:25:32,086 [INFO] [NoneStorage] - performing GET at /s3testqwer1/myobjects86
2018-11-23 18:25:32,146 [INFO] [NoneStorage] - performing GET at /s3testqwer2/myobjects28
2018-11-23 18:25:32,153 [INFO] [NoneStorage] - performing GET at /s3testqwer1/myobjects79
2018-11-23 18:25:32,182 [INFO] [NoneStorage] - performing PUT at /s3testqwer1/myobjects101
2018-11-23 18:25:32,231 [INFO] [NoneStorage] - performing PUT at /s3testqwer1/myobjects136
2018-11-23 18:25:32,253 [INFO] [NoneStorage] - performing GET at /s3testqwer1/myobjects42
2018-11-23 18:25:32,260 [INFO] [NoneStorage] - performing GET at /s3testqwer1/myobjects53
2018-11-23 18:25:32,355 [INFO] [NoneStorage] - performing GET at /s3testqwer1/myobjects53
2018-11-23 18:25:32,356 [INFO] [NoneStorage] - performing GET at /s3testqwer2/myobjects85
2018-11-23 18:25:32,360 [INFO] [NoneStorage] - performing PUT at /s3testqwer1/myobjects110
2018-11-23 18:25:32,361 [INFO] [NoneStorage] - performing GET at /s3testqwer2/myobjects98
2018-11-23 18:25:32,456 [INFO] [NoneStorage] - performing PUT at /s3testqwer1/myobjects129
2018-11-23 18:25:32,461 [INFO] [NoneStorage] - performing PUT at /s3testqwer1/myobjects108
2018-11-23 18:25:32,477 [INFO] [NoneStorage] - performing GET at /s3testqwer1/myobjects42
2018-11-23 18:25:32,592 [INFO] [NoneStorage] - performing PUT at /s3testqwer1/myobjects108
2018-11-23 18:25:32,593 [INFO] [NoneStorage] - performing GET at /s3testqwer2/myobjects23
2018-11-23 18:25:32,650 [INFO] [NoneStorage] - performing GET at /s3testqwer2/myobjects65
2018-11-23 18:25:32,665 [INFO] [NoneStorage] - performing GET at /s3testqwer1/myobjects20
2018-11-23 18:25:32,666 [INFO] [NoneStorage] - performing GET at /s3testqwer1/myobjects11
2018-11-23 18:25:32,764 [INFO] [NoneStorage] - performing GET at /s3testqwer2/myobjects68
2018-11-23 18:25:32,782 [INFO] [NoneStorage] - performing GET at /s3testqwer1/myobjects57
2018-11-23 18:25:32,804 [INFO] [NoneStorage] - performing PUT at /s3testqwer2/myobjects199
2018-11-23 18:25:32,848 [INFO] [NoneStorage] - performing GET at /s3testqwer1/myobjects10
2018-11-23 18:25:32,866 [INFO] [NoneStorage] - performing PUT at /s3testqwer1/myobjects179
2018-11-23 18:25:32,905 [INFO] [NoneStorage] - performing GET at /s3testqwer1/myobjects17
2018-11-23 18:25:32,947 [INFO] [NoneStorage] - performing GET at /s3testqwer2/myobjects26
2018-11-23 18:25:32,948 [INFO] [NoneStorage] - performing GET at /s3testqwer2/myobjects17
2018-11-23 18:25:32,997 [INFO] [NoneStorage] - performing GET at /s3testqwer2/myobjects30
2018-11-23 18:25:33,036 [INFO] [NoneStorage] - performing GET at /s3testqwer1/myobjects99
2018-11-23 18:25:33,051 [INFO] [NoneStorage] - performing GET at /s3testqwer1/myobjects18
2018-11-23 18:25:33,089 [INFO] [NoneStorage] - performing GET at /s3testqwer1/myobjects73
2018-11-23 18:25:33,128 [INFO] [NoneStorage] - performing GET at /s3testqwer2/myobjects56
2018-11-23 18:25:33,144 [INFO] [NoneStorage] - performing GET at /s3testqwer2/myobjects29
2018-11-23 18:25:33,160 [INFO] [NoneStorage] - performing GET at /s3testqwer2/myobjects80
2018-11-23 18:25:33,197 [INFO] [NoneStorage] - performing GET at /s3testqwer2/myobjects24
2018-11-23 18:25:33,236 [INFO] [NoneStorage] - performing GET at /s3testqwer2/myobjects32
2018-11-23 18:25:33,253 [INFO] [NoneStorage] - performing PUT at /s3testqwer2/myobjects152
2018-11-23 18:25:33,269 [INFO] [NoneStorage] - performing GET at /s3testqwer2/myobjects26
2018-11-23 18:25:33,305 [INFO] [NoneStorage] - performing PUT at /s3testqwer1/myobjects172
2018-11-23 18:25:33,345 [INFO] [NoneStorage] - performing GET at /s3testqwer2/myobjects29
2018-11-23 18:25:33,382 [INFO] [NoneStorage] - performing GET at /s3testqwer1/myobjects28
2018-11-23 18:25:33,442 [INFO] [NoneStorage] - performing GET at /s3testqwer2/myobjects16
2018-11-23 18:25:33,448 [INFO] [NoneStorage] - performing PUT at /s3testqwer2/myobjects133
2018-11-23 18:25:33,486 [INFO] [NoneStorage] - performing GET at /s3testqwer2/myobjects65
2018-11-23 18:25:33,486 [INFO] [NoneStorage] - performing GET at /s3testqwer2/myobjects9
2018-11-23 18:25:33,536 [INFO] [NoneStorage] - performing GET at /s3testqwer1/myobjects43
2018-11-23 18:25:33,576 [INFO] [NoneStorage] - performing GET at /s3testqwer1/myobjects3
2018-11-23 18:25:33,592 [INFO] [NoneStorage] - performing GET at /s3testqwer1/myobjects21
2018-11-23 18:25:33,678 [INFO] [NoneStorage] - performing GET at /s3testqwer1/myobjects72
2018-11-23 18:25:33,684 [INFO] [NoneStorage] - performing GET at /s3testqwer2/myobjects56
2018-11-23 18:25:33,690 [INFO] [NoneStorage] - performing PUT at /s3testqwer2/myobjects160
2018-11-23 18:25:33,691 [INFO] [NoneStorage] - performing GET at /s3testqwer1/myobjects20
2018-11-23 18:25:33,784 [INFO] [NoneStorage] - performing GET at /s3testqwer2/myobjects96
2018-11-23 18:25:33,789 [INFO] [NoneStorage] - performing GET at /s3testqwer1/myobjects82
2018-11-23 18:25:33,793 [INFO] [NoneStorage] - performing GET at /s3testqwer1/myobjects75
2018-11-23 18:25:33,887 [INFO] [NoneStorage] - performing GET at /s3testqwer1/myobjects73
2018-11-23 18:25:33,896 [INFO] [NoneStorage] - performing GET at /s3testqwer2/myobjects53
2018-11-23 18:25:33,907 [INFO] [NoneStorage] - performing GET at /s3testqwer2/myobjects10
2018-11-23 18:25:33,911 [INFO] [NoneStorage] - performing GET at /s3testqwer1/myobjects83
2018-11-23 18:25:33,994 [INFO] [NoneStorage] - performing GET at /s3testqwer1/myobjects8
2018-11-23 18:25:34,003 [INFO] [NoneStorage] - performing GET at /s3testqwer2/myobjects48
2018-11-23 18:25:34,019 [INFO] [NoneStorage] - performing GET at /s3testqwer1/myobjects12
2018-11-23 18:25:34,023 [INFO] [NoneStorage] - performing GET at /s3testqwer2/myobjects9
2018-11-23 18:25:34,086 [INFO] [NoneStorage] - performing GET at /s3testqwer2/myobjects21
2018-11-23 18:25:34,124 [INFO] [NoneStorage] - performing GET at /s3testqwer1/myobjects29
2018-11-23 18:25:34,128 [INFO] [NoneStorage] - performing GET at /s3testqwer2/myobjects9
2018-11-23 18:25:34,167 [INFO] [NoneStorage] - performing PUT at /s3testqwer2/myobjects188
2018-11-23 18:25:34,206 [INFO] [NoneStorage] - performing GET at /s3testqwer1/myobjects75
2018-11-23 18:25:34,223 [INFO] [NoneStorage] - performing GET at /s3testqwer1/myobjects20
2018-11-23 18:25:34,238 [INFO] [NoneStorage] - performing PUT at /s3testqwer1/myobjects109
2018-11-23 18:25:34,307 [INFO] [NoneStorage] - performing GET at /s3testqwer2/myobjects40
2018-11-23 18:25:34,335 [INFO] [NoneStorage] - performing GET at /s3testqwer1/myobjects37
2018-11-23 18:25:34,383 [INFO] [NoneStorage] - performing PUT at /s3testqwer1/myobjects108
2018-11-23 18:25:34,423 [INFO] [NoneStorage] - performing GET at /s3testqwer2/myobjects27
2018-11-23 18:25:34,434 [INFO] [NoneStorage] - performing PUT at /s3testqwer1/myobjects103
2018-11-23 18:25:34,441 [INFO] [NoneStorage] - performing GET at /s3testqwer2/myobjects38
2018-11-23 18:25:34,541 [INFO] [NoneStorage] - performing GET at /s3testqwer1/myobjects97
2018-11-23 18:25:34,550 [INFO] [NoneStorage] - performing PUT at /s3testqwer2/myobjects123
2018-11-23 18:25:34,597 [INFO] [NoneStorage] - performing GET at /s3testqwer1/myobjects76
2018-11-23 18:25:34,636 [INFO] [NoneStorage] - performing GET at /s3testqwer2/myobjects54
2018-11-23 18:25:34,665 [INFO] [NoneStorage] - performing GET at /s3testqwer1/myobjects39
2018-11-23 18:25:34,694 [INFO] [NoneStorage] - performing GET at /s3testqwer1/myobjects87
2018-11-23 18:25:34,725 [INFO] [NoneStorage] - performing GET at /s3testqwer1/myobjects90
2018-11-23 18:25:34,754 [INFO] [NoneStorage] - performing GET at /s3testqwer2/myobjects59
2018-11-23 18:25:34,783 [INFO] [NoneStorage] - performing GET at /s3testqwer1/myobjects2
2018-11-23 18:25:34,812 [INFO] [NoneStorage] - performing GET at /s3testqwer1/myobjects45
2018-11-23 18:25:34,843 [INFO] [NoneStorage] - performing PUT at /s3testqwer2/myobjects152
2018-11-23 18:25:37,189 [INFO] [NoneStorage] - performing GET at /s3testqwer1/myobjects89
2018-11-23 18:25:37,190 [INFO] [NoneStorage] - performing GET at /s3testqwer1/myobjects7
2018-11-23 18:25:37,190 [INFO] [NoneStorage] - performing GET at /s3testqwer2/myobjects94
2018-11-23 18:25:37,190 [INFO] [NoneStorage] - performing GET at /s3testqwer1/myobjects79
2018-11-23 18:25:37,286 [INFO] [NoneStorage] - performing GET at /s3testqwer2/myobjects66
2018-11-23 18:25:37,292 [INFO] [NoneStorage] - performing PUT at /s3testqwer2/myobjects131
2018-11-23 18:25:37,297 [INFO] [NoneStorage] - performing GET at /s3testqwer1/myobjects75
2018-11-23 18:25:37,315 [INFO] [NoneStorage] - performing GET at /s3testqwer2/myobjects96
2018-11-23 18:25:37,422 [INFO] [NoneStorage] - performing GET at /s3testqwer1/myobjects28
2018-11-23 18:25:37,423 [INFO] [NoneStorage] - performing GET at /s3testqwer1/myobjects65
2018-11-23 18:25:37,432 [INFO] [NoneStorage] - performing GET at /s3testqwer2/myobjects86
2018-11-23 18:25:37,537 [INFO] [NoneStorage] - performing GET at /s3testqwer2/myobjects88
2018-11-23 18:25:37,544 [INFO] [NoneStorage] - performing GET at /s3testqwer1/myobjects21
2018-11-23 18:25:37,549 [INFO] [NoneStorage] - performing GET at /s3testqwer1/myobjects52
2018-11-23 18:25:37,615 [INFO] [NoneStorage] - performing GET at /s3testqwer1/myobjects9
2018-11-23 18:25:37,633 [INFO] [NoneStorage] - performing GET at /s3testqwer2/myobjects53
2018-11-23 18:25:37,650 [INFO] [NoneStorage] - performing GET at /s3testqwer2/myobjects10
2018-11-23 18:25:37,657 [INFO] [NoneStorage] - performing GET at /s3testqwer2/myobjects3
2018-11-23 18:25:37,727 [INFO] [NoneStorage] - performing PUT at /s3testqwer2/myobjects198
2018-11-23 18:25:37,756 [INFO] [NoneStorage] - performing GET at /s3testqwer1/myobjects58
2018-11-23 18:25:37,760 [INFO] [NoneStorage] - performing GET at /s3testqwer2/myobjects77
2018-11-23 18:25:37,797 [INFO] [NoneStorage] - performing PUT at /s3testqwer2/myobjects112
2018-11-23 18:25:37,858 [INFO] [NoneStorage] - performing GET at /s3testqwer1/myobjects44
2018-11-23 18:25:37,864 [INFO] [NoneStorage] - performing PUT at /s3testqwer2/myobjects104
2018-11-23 18:25:37,947 [INFO] [NoneStorage] - performing GET at /s3testqwer2/myobjects79
2018-11-23 18:25:37,953 [INFO] [NoneStorage] - performing GET at /s3testqwer1/myobjects83
2018-11-23 18:25:37,953 [INFO] [NoneStorage] - performing GET at /s3testqwer1/myobjects65
2018-11-23 18:25:38,047 [INFO] [NoneStorage] - performing PUT at /s3testqwer1/myobjects136
2018-11-23 18:25:38,073 [INFO] [NoneStorage] - performing GET at /s3testqwer1/myobjects48
2018-11-23 18:25:38,077 [INFO] [NoneStorage] - performing GET at /s3testqwer1/myobjects12
2018-11-23 18:25:38,114 [INFO] [NoneStorage] - performing PUT at /s3testqwer1/myobjects115
2018-11-23 18:25:38,175 [INFO] [NoneStorage] - performing GET at /s3testqwer2/myobjects48
2018-11-23 18:25:38,180 [INFO] [NoneStorage] - performing GET at /s3testqwer2/myobjects97
2018-11-23 18:25:38,266 [INFO] [NoneStorage] - performing PUT at /s3testqwer1/myobjects150
2018-11-23 18:25:38,272 [INFO] [NoneStorage] - performing PUT at /s3testqwer2/myobjects155
2018-11-23 18:25:38,288 [INFO] [NoneStorage] - performing GET at /s3testqwer1/myobjects68
2018-11-23 18:25:38,340 [INFO] [NoneStorage] - performing PUT at /s3testqwer1/myobjects140
2018-11-23 18:25:38,400 [INFO] [NoneStorage] - performing GET at /s3testqwer1/myobjects6
2018-11-23 18:25:38,460 [INFO] [NoneStorage] - performing GET at /s3testqwer1/myobjects41
2018-11-23 18:25:38,497 [INFO] [NoneStorage] - performing GET at /s3testqwer2/myobjects48
2018-11-23 18:25:38,497 [INFO] [NoneStorage] - performing GET at /s3testqwer2/myobjects94
2018-11-23 18:25:38,515 [INFO] [NoneStorage] - performing PUT at /s3testqwer2/myobjects170
2018-11-23 18:25:38,536 [INFO] [NoneStorage] - performing GET at /s3testqwer2/myobjects75
2018-11-23 18:25:38,608 [INFO] [NoneStorage] - performing PUT at /s3testqwer1/myobjects123
2018-11-23 18:25:38,614 [INFO] [NoneStorage] - performing PUT at /s3testqwer2/myobjects133
2018-11-23 18:25:38,647 [INFO] [NoneStorage] - performing GET at /s3testqwer2/myobjects72
2018-11-23 18:25:38,736 [INFO] [NoneStorage] - performing GET at /s3testqwer1/myobjects39
2018-11-23 18:25:38,753 [INFO] [NoneStorage] - performing GET at /s3testqwer2/myobjects29
2018-11-23 18:25:38,770 [INFO] [NoneStorage] - performing GET at /s3testqwer1/myobjects54
2018-11-23 18:25:38,803 [INFO] [NoneStorage] - performing GET at /s3testqwer2/myobjects34
2018-11-23 18:25:38,844 [INFO] [NoneStorage] - performing GET at /s3testqwer1/myobjects6
2018-11-23 18:25:38,852 [INFO] [NoneStorage] - performing GET at /s3testqwer2/myobjects34
2018-11-23 18:25:38,869 [INFO] [NoneStorage] - performing GET at /s3testqwer1/myobjects17
2018-11-23 18:25:38,877 [INFO] [NoneStorage] - performing GET at /s3testqwer1/myobjects60
2018-11-23 18:25:38,972 [INFO] [NoneStorage] - performing GET at /s3testqwer2/myobjects75
2018-11-23 18:25:38,977 [INFO] [NoneStorage] - performing PUT at /s3testqwer1/myobjects111
2018-11-23 18:25:38,983 [INFO] [NoneStorage] - performing GET at /s3testqwer2/myobjects28
2018-11-23 18:25:39,011 [INFO] [NoneStorage] - performing PUT at /s3testqwer1/myobjects140
2018-11-23 18:25:39,095 [INFO] [NoneStorage] - performing GET at /s3testqwer2/myobjects87
2018-11-23 18:25:39,103 [INFO] [NoneStorage] - performing PUT at /s3testqwer2/myobjects162
2018-11-23 18:25:39,145 [INFO] [NoneStorage] - performing PUT at /s3testqwer2/myobjects191
2018-11-23 18:25:39,183 [INFO] [NoneStorage] - performing PUT at /s3testqwer2/myobjects200
2018-11-23 18:25:39,190 [INFO] [NoneStorage] - performing PUT at /s3testqwer2/myobjects130
2018-11-23 18:25:39,286 [INFO] [NoneStorage] - performing GET at /s3testqwer1/myobjects3
2018-11-23 18:25:39,297 [INFO] [NoneStorage] - performing GET at /s3testqwer2/myobjects84
2018-11-23 18:25:39,312 [INFO] [NoneStorage] - performing PUT at /s3testqwer1/myobjects189
2018-11-23 18:25:39,363 [INFO] [NoneStorage] - performing GET at /s3testqwer2/myobjects81
2018-11-23 18:25:39,383 [INFO] [NoneStorage] - performing GET at /s3testqwer2/myobjects31
2018-11-23 18:25:39,428 [INFO] [NoneStorage] - performing GET at /s3testqwer1/myobjects48
2018-11-23 18:25:39,496 [INFO] [NoneStorage] - performing PUT at /s3testqwer1/myobjects159
2018-11-23 18:25:39,530 [INFO] [NoneStorage] - performing GET at /s3testqwer2/myobjects96
2018-11-23 18:25:39,597 [INFO] [NoneStorage] - performing GET at /s3testqwer2/myobjects5
2018-11-23 18:25:39,606 [INFO] [NoneStorage] - performing PUT at /s3testqwer1/myobjects112
2018-11-23 18:25:39,677 [INFO] [NoneStorage] - performing GET at /s3testqwer1/myobjects12
2018-11-23 18:25:39,722 [INFO] [NoneStorage] - performing GET at /s3testqwer2/myobjects42
2018-11-23 18:25:39,733 [INFO] [NoneStorage] - performing GET at /s3testqwer1/myobjects20
2018-11-23 18:25:39,765 [INFO] [NoneStorage] - performing GET at /s3testqwer1/myobjects37
2018-11-23 18:25:39,907 [INFO] [NoneStorage] - performing GET at /s3testqwer1/myobjects52
2018-11-23 18:25:39,910 [INFO] [NoneStorage] - performing GET at /s3testqwer1/myobjects73
2018-11-23 18:25:39,920 [INFO] [NoneStorage] - performing GET at /s3testqwer2/myobjects88
2018-11-23 18:25:39,932 [INFO] [NoneStorage] - performing GET at /s3testqwer1/myobjects37
2018-11-23 18:25:39,992 [INFO] [NoneStorage] - performing PUT at /s3testqwer1/myobjects133
2018-11-23 18:25:40,020 [INFO] [NoneStorage] - performing GET at /s3testqwer2/myobjects51
2018-11-23 18:25:40,042 [INFO] [NoneStorage] - performing GET at /s3testqwer1/myobjects72
2018-11-23 18:25:40,055 [INFO] [NoneStorage] - performing GET at /s3testqwer1/myobjects93
2018-11-23 18:25:40,121 [INFO] [NoneStorage] - performing PUT at /s3testqwer2/myobjects196
2018-11-23 18:25:40,130 [INFO] [NoneStorage] - performing GET at /s3testqwer1/myobjects40
2018-11-23 18:25:40,145 [INFO] [NoneStorage] - performing PUT at /s3testqwer1/myobjects197
2018-11-23 18:25:40,183 [INFO] [NoneStorage] - performing GET at /s3testqwer1/myobjects62
2018-11-23 18:25:40,213 [INFO] [NoneStorage] - performing GET at /s3testqwer1/myobjects83
2018-11-23 18:25:40,247 [INFO] [NoneStorage] - performing GET at /s3testqwer2/myobjects9
2018-11-23 18:25:40,304 [INFO] [NoneStorage] - performing GET at /s3testqwer1/myobjects58
2018-11-23 18:25:40,369 [INFO] [NoneStorage] - performing GET at /s3testqwer2/myobjects26
2018-11-23 18:25:40,428 [INFO] [NoneStorage] - performing GET at /s3testqwer1/myobjects26
2018-11-23 18:25:40,489 [INFO] [NoneStorage] - performing PUT at /s3testqwer2/myobjects141
2018-11-23 18:25:42,267 [INFO] [NoneStorage] - performing GET at /s3testqwer1/myobjects79
2018-11-23 18:25:42,268 [INFO] [NoneStorage] - performing PUT at /s3testqwer2/myobjects129
2018-11-23 18:25:42,268 [INFO] [NoneStorage] - performing GET at /s3testqwer1/myobjects50
2018-11-23 18:25:42,269 [INFO] [NoneStorage] - performing GET at /s3testqwer1/myobjects44
2018-11-23 18:25:42,373 [INFO] [NoneStorage] - performing PUT at /s3testqwer2/myobjects106
2018-11-23 18:25:42,379 [INFO] [NoneStorage] - performing GET at /s3testqwer2/myobjects53
2018-11-23 18:25:42,397 [INFO] [NoneStorage] - performing GET at /s3testqwer2/myobjects28
2018-11-23 18:25:42,491 [INFO] [NoneStorage] - performing GET at /s3testqwer2/myobjects56
2018-11-23 18:25:42,503 [INFO] [NoneStorage] - performing GET at /s3testqwer1/myobjects13
2018-11-23 18:25:42,520 [INFO] [NoneStorage] - performing GET at /s3testqwer1/myobjects48
2018-11-23 18:25:42,592 [INFO] [NoneStorage] - performing GET at /s3testqwer1/myobjects10
2018-11-23 18:25:42,610 [INFO] [NoneStorage] - performing PUT at /s3testqwer1/myobjects127
2018-11-23 18:25:42,610 [INFO] [NoneStorage] - performing PUT at /s3testqwer2/myobjects195
2018-11-23 18:25:42,661 [INFO] [NoneStorage] - performing PUT at /s3testqwer2/myobjects116
2018-11-23 18:25:42,755 [INFO] [NoneStorage] - performing GET at /s3testqwer1/myobjects89
2018-11-23 18:25:42,854 [INFO] [NoneStorage] - performing GET at /s3testqwer2/myobjects74
2018-11-23 18:25:42,922 [INFO] [NoneStorage] - performing GET at /s3testqwer2/myobjects82
2018-11-23 18:25:42,923 [INFO] [NoneStorage] - performing GET at /s3testqwer1/myobjects82
2018-11-23 18:25:42,923 [INFO] [NoneStorage] - performing GET at /s3testqwer2/myobjects42
2018-11-23 18:25:43,013 [INFO] [NoneStorage] - performing PUT at /s3testqwer1/myobjects131
2018-11-23 18:25:43,021 [INFO] [NoneStorage] - performing GET at /s3testqwer1/myobjects2
2018-11-23 18:25:43,040 [INFO] [NoneStorage] - performing GET at /s3testqwer1/myobjects34
2018-11-23 18:25:43,049 [INFO] [NoneStorage] - performing GET at /s3testqwer2/myobjects27
2018-11-23 18:25:43,176 [INFO] [NoneStorage] - performing GET at /s3testqwer2/myobjects36
2018-11-23 18:25:43,204 [INFO] [NoneStorage] - performing GET at /s3testqwer1/myobjects46
2018-11-23 18:25:43,235 [INFO] [NoneStorage] - performing GET at /s3testqwer2/myobjects40
2018-11-23 18:25:43,281 [INFO] [NoneStorage] - performing GET at /s3testqwer1/myobjects13
2018-11-23 18:25:43,293 [INFO] [NoneStorage] - performing GET at /s3testqwer1/myobjects70
2018-11-23 18:25:43,300 [INFO] [NoneStorage] - performing GET at /s3testqwer2/myobjects4
2018-11-23 18:25:43,362 [INFO] [NoneStorage] - performing GET at /s3testqwer2/myobjects88
2018-11-23 18:25:43,393 [INFO] [NoneStorage] - performing GET at /s3testqwer2/myobjects16
2018-11-23 18:25:43,445 [INFO] [NoneStorage] - performing PUT at /s3testqwer2/myobjects126
2018-11-23 18:25:43,473 [INFO] [NoneStorage] - performing PUT at /s3testqwer1/myobjects137
2018-11-23 18:25:43,553 [INFO] [NoneStorage] - performing GET at /s3testqwer1/myobjects77
2018-11-23 18:25:43,612 [INFO] [NoneStorage] - performing GET at /s3testqwer2/myobjects20
2018-11-23 18:25:43,719 [INFO] [NoneStorage] - performing GET at /s3testqwer2/myobjects16
2018-11-23 18:25:43,730 [INFO] [NoneStorage] - performing GET at /s3testqwer1/myobjects9
2018-11-23 18:25:43,753 [INFO] [NoneStorage] - performing GET at /s3testqwer2/myobjects26
2018-11-23 18:25:43,754 [INFO] [NoneStorage] - performing GET at /s3testqwer1/myobjects60
2018-11-23 18:25:43,772 [INFO] [NoneStorage] - performing GET at /s3testqwer2/myobjects66
2018-11-23 18:25:43,860 [INFO] [NoneStorage] - performing GET at /s3testqwer1/myobjects98
2018-11-23 18:25:43,866 [INFO] [NoneStorage] - performing PUT at /s3testqwer1/myobjects166
2018-11-23 18:25:43,875 [INFO] [NoneStorage] - performing GET at /s3testqwer2/myobjects82
2018-11-23 18:25:43,901 [INFO] [NoneStorage] - performing GET at /s3testqwer2/myobjects30
2018-11-23 18:25:43,985 [INFO] [NoneStorage] - performing PUT at /s3testqwer1/myobjects199
2018-11-23 18:25:43,985 [INFO] [NoneStorage] - performing GET at /s3testqwer1/myobjects19
2018-11-23 18:25:43,990 [INFO] [NoneStorage] - performing GET at /s3testqwer1/myobjects67
2018-11-23 18:25:44,003 [INFO] [NoneStorage] - performing GET at /s3testqwer2/myobjects11
2018-11-23 18:25:44,096 [INFO] [NoneStorage] - performing PUT at /s3testqwer2/myobjects123
2018-11-23 18:25:44,101 [INFO] [NoneStorage] - performing GET at /s3testqwer2/myobjects5
2018-11-23 18:25:44,106 [INFO] [NoneStorage] - performing GET at /s3testqwer1/myobjects14
2018-11-23 18:25:44,146 [INFO] [NoneStorage] - performing GET at /s3testqwer2/myobjects28
2018-11-23 18:25:44,217 [INFO] [NoneStorage] - performing PUT at /s3testqwer2/myobjects117
2018-11-23 18:25:44,221 [INFO] [NoneStorage] - performing GET at /s3testqwer1/myobjects86
2018-11-23 18:25:44,234 [INFO] [NoneStorage] - performing PUT at /s3testqwer1/myobjects168
2018-11-23 18:25:44,271 [INFO] [NoneStorage] - performing GET at /s3testqwer2/myobjects50
2018-11-23 18:25:44,321 [INFO] [NoneStorage] - performing GET at /s3testqwer2/myobjects79
2018-11-23 18:25:44,361 [INFO] [NoneStorage] - performing GET at /s3testqwer1/myobjects56
2018-11-23 18:25:44,367 [INFO] [NoneStorage] - performing GET at /s3testqwer1/myobjects35
2018-11-23 18:25:44,401 [INFO] [NoneStorage] - performing GET at /s3testqwer2/myobjects85
2018-11-23 18:25:44,407 [INFO] [NoneStorage] - performing GET at /s3testqwer2/myobjects72
2018-11-23 18:25:44,475 [INFO] [NoneStorage] - performing GET at /s3testqwer2/myobjects25
2018-11-23 18:25:44,492 [INFO] [NoneStorage] - performing PUT at /s3testqwer1/myobjects164
2018-11-23 18:25:44,509 [INFO] [NoneStorage] - performing PUT at /s3testqwer2/myobjects142
2018-11-23 18:25:44,526 [INFO] [NoneStorage] - performing GET at /s3testqwer1/myobjects97
2018-11-23 18:25:44,585 [INFO] [NoneStorage] - performing GET at /s3testqwer2/myobjects95
2018-11-23 18:25:44,634 [INFO] [NoneStorage] - performing GET at /s3testqwer2/myobjects62
2018-11-23 18:25:44,649 [INFO] [NoneStorage] - performing GET at /s3testqwer1/myobjects38
2018-11-23 18:25:44,660 [INFO] [NoneStorage] - performing GET at /s3testqwer2/myobjects80
2018-11-23 18:25:44,683 [INFO] [NoneStorage] - performing PUT at /s3testqwer2/myobjects138
2018-11-23 18:25:44,758 [INFO] [NoneStorage] - performing GET at /s3testqwer2/myobjects3
2018-11-23 18:25:44,763 [INFO] [NoneStorage] - performing GET at /s3testqwer1/myobjects84
2018-11-23 18:25:44,776 [INFO] [NoneStorage] - performing GET at /s3testqwer2/myobjects20
2018-11-23 18:25:44,859 [INFO] [NoneStorage] - performing GET at /s3testqwer2/myobjects20
2018-11-23 18:25:44,860 [INFO] [NoneStorage] - performing PUT at /s3testqwer1/myobjects154
2018-11-23 18:25:44,865 [INFO] [NoneStorage] - performing GET at /s3testqwer2/myobjects22
2018-11-23 18:25:44,881 [INFO] [NoneStorage] - performing GET at /s3testqwer1/myobjects30
2018-11-23 18:25:44,973 [INFO] [NoneStorage] - performing GET at /s3testqwer2/myobjects99
2018-11-23 18:25:44,977 [INFO] [NoneStorage] - performing GET at /s3testqwer2/myobjects35
2018-11-23 18:25:44,994 [INFO] [NoneStorage] - performing GET at /s3testqwer1/myobjects36
2018-11-23 18:25:45,041 [INFO] [NoneStorage] - performing GET at /s3testqwer1/myobjects68
2018-11-23 18:25:45,080 [INFO] [NoneStorage] - performing GET at /s3testqwer1/myobjects14
2018-11-23 18:25:45,087 [INFO] [NoneStorage] - performing PUT at /s3testqwer2/myobjects111
2018-11-23 18:25:45,126 [INFO] [NoneStorage] - performing PUT at /s3testqwer1/myobjects147
2018-11-23 18:25:45,131 [INFO] [NoneStorage] - performing GET at /s3testqwer2/myobjects13
2018-11-23 18:25:45,193 [INFO] [NoneStorage] - performing GET at /s3testqwer1/myobjects60
2018-11-23 18:25:45,225 [INFO] [NoneStorage] - performing GET at /s3testqwer1/myobjects53
2018-11-23 18:25:45,237 [INFO] [NoneStorage] - performing PUT at /s3testqwer1/myobjects166
2018-11-23 18:25:45,252 [INFO] [NoneStorage] - performing PUT at /s3testqwer2/myobjects127
2018-11-23 18:25:45,324 [INFO] [NoneStorage] - performing GET at /s3testqwer1/myobjects37
2018-11-23 18:25:45,343 [INFO] [NoneStorage] - performing GET at /s3testqwer1/myobjects89
2018-11-23 18:25:45,416 [INFO] [NoneStorage] - performing GET at /s3testqwer2/myobjects70
2018-11-23 18:25:45,421 [INFO] [NoneStorage] - performing GET at /s3testqwer2/myobjects100
2018-11-23 18:25:45,475 [INFO] [NoneStorage] - performing GET at /s3testqwer1/myobjects76
2018-11-23 18:25:45,480 [INFO] [NoneStorage] - performing GET at /s3testqwer2/myobjects36
2018-11-23 18:25:45,531 [INFO] [NoneStorage] - performing GET at /s3testqwer2/myobjects28
2018-11-23 18:25:45,536 [INFO] [NoneStorage] - performing PUT at /s3testqwer1/myobjects123
2018-11-23 18:25:45,571 [INFO] [NoneStorage] - performing GET at /s3testqwer2/myobjects17
2018-11-23 18:25:45,600 [INFO] [NoneStorage] - performing GET at /s3testqwer1/myobjects64
2018-11-23 18:25:45,632 [INFO] [NoneStorage] - performing GET at /s3testqwer2/myobjects45
2018-11-23 18:25:45,662 [INFO] [NoneStorage] - performing GET at /s3testqwer2/myobjects53
2018-11-23 18:25:45,692 [INFO] [NoneStorage] - performing GET at /s3testqwer1/myobjects43
2018-11-23 18:25:45,721 [INFO] [NoneStorage] - performing GET at /s3testqwer1/myobjects13
2018-11-23 18:25:45,750 [INFO] [NoneStorage] - performing GET at /s3testqwer2/myobjects76
2018-11-23 18:25:45,784 [INFO] [NoneStorage] - performing GET at /s3testqwer2/myobjects53
2018-11-23 18:25:45,814 [INFO] [NoneStorage] - performing GET at /s3testqwer1/myobjects57
2018-11-23 18:25:45,842 [INFO] [NoneStorage] - performing GET at /s3testqwer1/myobjects70
2018-11-23 18:25:45,872 [INFO] [NoneStorage] - performing GET at /s3testqwer2/myobjects97
2018-11-23 18:25:45,904 [INFO] [NoneStorage] - performing GET at /s3testqwer2/myobjects15
2018-11-23 18:25:45,947 [INFO] [NoneStorage] - performing GET at /s3testqwer1/myobjects85
2018-11-23 18:25:45,980 [INFO] [NoneStorage] - performing GET at /s3testqwer2/myobjects88
2018-11-23 18:25:46,008 [INFO] [NoneStorage] - performing GET at /s3testqwer2/myobjects94
2018-11-23 18:25:46,037 [INFO] [NoneStorage] - performing GET at /s3testqwer1/myobjects75
2018-11-23 18:25:46,066 [INFO] [NoneStorage] - performing GET at /s3testqwer1/myobjects84
2018-11-23 18:25:46,096 [INFO] [NoneStorage] - performing GET at /s3testqwer2/myobjects56
2018-11-23 18:25:46,128 [INFO] [NoneStorage] - performing GET at /s3testqwer2/myobjects11
2018-11-23 18:25:46,158 [INFO] [NoneStorage] - performing GET at /s3testqwer2/myobjects5
2018-11-23 18:25:46,198 [INFO] [NoneStorage] - performing GET at /s3testqwer2/myobjects59
2018-11-23 18:25:46,250 [INFO] [NoneStorage] - performing PUT at /s3testqwer1/myobjects132
2018-11-23 18:25:48,669 [ERROR] [ErrorStatistics] - error code: N/A occurred 506 times, fail to operate: s3testqwer1/myobjects33, s3testqwer1/myobjects33, s3testqwer2/myobjects24, s3testqwer1/myobjects62, s3testqwer1/myobjects36, s3testqwer2/myobjects48, s3testqwer1/myobjects76, s3testqwer2/myobjects17, s3testqwer1/myobjects25, s3testqwer1/myobjects13, s3testqwer1/myobjects71, s3testqwer2/myobjects60, s3testqwer1/myobjects13, s3testqwer2/myobjects21, s3testqwer2/myobjects2, s3testqwer2/myobjects65, s3testqwer1/myobjects78, s3testqwer2/myobjects90, s3testqwer2/myobjects75, s3testqwer1/myobjects40, s3testqwer1/myobjects55, s3testqwer1/myobjects85, s3testqwer1/myobjects92, s3testqwer2/myobjects5, s3testqwer1/myobjects32, s3testqwer2/myobjects63, s3testqwer2/myobjects49, s3testqwer2/myobjects91, s3testqwer1/myobjects24, s3testqwer1/myobjects30, s3testqwer2/myobjects72, s3testqwer1/myobjects44, s3testqwer1/myobjects87, s3testqwer2/myobjects59, s3testqwer2/myobjects69, s3testqwer1/myobjects25, s3testqwer2/myobjects21, s3testqwer2/myobjects71, s3testqwer1/myobjects24, s3testqwer1/myobjects37, s3testqwer2/myobjects25, s3testqwer2/myobjects51, s3testqwer1/myobjects55, s3testqwer2/myobjects90, s3testqwer2/myobjects63, s3testqwer1/myobjects29, s3testqwer1/myobjects77, s3testqwer2/myobjects32, s3testqwer1/myobjects95, s3testqwer1/myobjects65, s3testqwer2/myobjects7, s3testqwer2/myobjects92, s3testqwer2/myobjects93, s3testqwer2/myobjects15, s3testqwer2/myobjects84, s3testqwer2/myobjects21, s3testqwer1/myobjects84, s3testqwer2/myobjects94, s3testqwer1/myobjects41, s3testqwer2/myobjects61, s3testqwer2/myobjects49, s3testqwer1/myobjects30, s3testqwer2/myobjects66, s3testqwer2/myobjects63, s3testqwer2/myobjects20, s3testqwer1/myobjects15, s3testqwer1/myobjects92, s3testqwer1/myobjects34, s3testqwer1/myobjects12, s3testqwer1/myobjects80, s3testqwer1/myobjects55, s3testqwer1/myobjects83, s3testqwer2/myobjects16, s3testqwer1/myobjects13, s3testqwer1/myobjects12, s3testqwer1/myobjects51, s3testqwer1/myobjects23, s3testqwer1/myobjects22, s3testqwer2/myobjects72, s3testqwer2/myobjects11, s3testqwer2/myobjects4, s3testqwer1/myobjects63, s3testqwer1/myobjects20, s3testqwer2/myobjects86, s3testqwer2/myobjects80, s3testqwer2/myobjects74, s3testqwer2/myobjects14, s3testqwer2/myobjects75, s3testqwer1/myobjects38, s3testqwer1/myobjects35, s3testqwer2/myobjects97, s3testqwer1/myobjects67, s3testqwer2/myobjects98, s3testqwer1/myobjects67, s3testqwer2/myobjects23, s3testqwer2/myobjects48, s3testqwer1/myobjects91, s3testqwer2/myobjects82, s3testqwer1/myobjects23, s3testqwer2/myobjects17, s3testqwer1/myobjects49, s3testqwer1/myobjects25, s3testqwer1/myobjects72, s3testqwer2/myobjects78, s3testqwer2/myobjects70, s3testqwer2/myobjects65, s3testqwer2/myobjects5, s3testqwer2/myobjects64, s3testqwer1/myobjects68, s3testqwer2/myobjects8, s3testqwer2/myobjects31, s3testqwer1/myobjects39, s3testqwer1/myobjects15, s3testqwer1/myobjects37, s3testqwer1/myobjects15, s3testqwer1/myobjects53, s3testqwer1/myobjects67, s3testqwer2/myobjects20, s3testqwer1/myobjects6, s3testqwer1/myobjects25, s3testqwer2/myobjects47, s3testqwer2/myobjects8, s3testqwer2/myobjects80, s3testqwer1/myobjects65, s3testqwer2/myobjects53, s3testqwer2/myobjects68, s3testqwer2/myobjects95, s3testqwer1/myobjects55, s3testqwer2/myobjects59, s3testqwer1/myobjects66, s3testqwer2/myobjects100, s3testqwer2/myobjects81, s3testqwer2/myobjects77, s3testqwer2/myobjects40, s3testqwer2/myobjects9, s3testqwer2/myobjects99, s3testqwer2/myobjects80, s3testqwer1/myobjects51, s3testqwer1/myobjects58, s3testqwer1/myobjects33, s3testqwer2/myobjects10, s3testqwer2/myobjects57, s3testqwer1/myobjects91, s3testqwer1/myobjects39, s3testqwer1/myobjects44, s3testqwer2/myobjects34, s3testqwer2/myobjects12, s3testqwer2/myobjects19, s3testqwer2/myobjects21, s3testqwer2/myobjects83, s3testqwer1/myobjects10, s3testqwer1/myobjects58, s3testqwer2/myobjects28, s3testqwer1/myobjects30, s3testqwer2/myobjects99, s3testqwer2/myobjects97, s3testqwer2/myobjects93, s3testqwer2/myobjects42, s3testqwer2/myobjects19, s3testqwer1/myobjects6, s3testqwer2/myobjects87, s3testqwer1/myobjects42, s3testqwer2/myobjects84, s3testqwer2/myobjects4, s3testqwer1/myobjects27, s3testqwer1/myobjects97, s3testqwer2/myobjects71, s3testqwer2/myobjects83, s3testqwer2/myobjects21, s3testqwer2/myobjects39, s3testqwer1/myobjects22, s3testqwer2/myobjects18, s3testqwer1/myobjects90, s3testqwer1/myobjects94, s3testqwer1/myobjects53, s3testqwer1/myobjects32, s3testqwer1/myobjects60, s3testqwer2/myobjects59, s3testqwer1/myobjects51, s3testqwer2/myobjects20, s3testqwer1/myobjects16, s3testqwer1/myobjects19, s3testqwer1/myobjects1, s3testqwer2/myobjects81, s3testqwer2/myobjects79, s3testqwer1/myobjects84, s3testqwer2/myobjects13, s3testqwer2/myobjects59, s3testqwer1/myobjects97, s3testqwer2/myobjects73, s3testqwer2/myobjects49, s3testqwer2/myobjects14, s3testqwer2/myobjects99, s3testqwer2/myobjects25, s3testqwer1/myobjects78, s3testqwer2/myobjects15, s3testqwer1/myobjects32, s3testqwer1/myobjects47, s3testqwer1/myobjects80, s3testqwer2/myobjects83, s3testqwer2/myobjects73, s3testqwer1/myobjects2, s3testqwer2/myobjects49, s3testqwer1/myobjects11, s3testqwer1/myobjects48, s3testqwer1/myobjects100, s3testqwer1/myobjects99, s3testqwer2/myobjects91, s3testqwer1/myobjects3, s3testqwer1/myobjects35, s3testqwer1/myobjects53, s3testqwer2/myobjects2, s3testqwer1/myobjects4, s3testqwer2/myobjects76, s3testqwer2/myobjects96, s3testqwer2/myobjects14, s3testqwer2/myobjects8, s3testqwer1/myobjects94, s3testqwer1/myobjects82, s3testqwer2/myobjects81, s3testqwer2/myobjects14, s3testqwer2/myobjects21, s3testqwer1/myobjects94, s3testqwer1/myobjects31, s3testqwer2/myobjects25, s3testqwer1/myobjects28, s3testqwer2/myobjects63, s3testqwer1/myobjects77, s3testqwer1/myobjects6, s3testqwer2/myobjects54, s3testqwer1/myobjects58, s3testqwer1/myobjects65, s3testqwer2/myobjects37, s3testqwer1/myobjects14, s3testqwer1/myobjects36, s3testqwer1/myobjects20, s3testqwer1/myobjects26, s3testqwer1/myobjects66, s3testqwer1/myobjects71, s3testqwer1/myobjects52, s3testqwer1/myobjects22, s3testqwer1/myobjects22, s3testqwer1/myobjects65, s3testqwer2/myobjects60, s3testqwer2/myobjects33, s3testqwer2/myobjects69, s3testqwer2/myobjects57, s3testqwer2/myobjects20, s3testqwer1/myobjects56, s3testqwer2/myobjects60, s3testqwer1/myobjects67, s3testqwer1/myobjects51, s3testqwer2/myobjects41, s3testqwer1/myobjects93, s3testqwer2/myobjects1, s3testqwer1/myobjects36, s3testqwer2/myobjects31, s3testqwer2/myobjects56, s3testqwer1/myobjects50, s3testqwer2/myobjects81, s3testqwer1/myobjects84, s3testqwer1/myobjects90, s3testqwer2/myobjects39, s3testqwer2/myobjects40, s3testqwer1/myobjects90, s3testqwer1/myobjects60, s3testqwer2/myobjects87, s3testqwer2/myobjects16, s3testqwer2/myobjects19, s3testqwer1/myobjects1, s3testqwer1/myobjects41, s3testqwer2/myobjects61, s3testqwer1/myobjects63, s3testqwer1/myobjects38, s3testqwer2/myobjects98, s3testqwer1/myobjects30, s3testqwer1/myobjects72, s3testqwer2/myobjects4, s3testqwer1/myobjects23, s3testqwer1/myobjects27, s3testqwer1/myobjects53, s3testqwer1/myobjects79, s3testqwer1/myobjects97, s3testqwer2/myobjects19, s3testqwer2/myobjects91, s3testqwer1/myobjects84, s3testqwer2/myobjects20, s3testqwer2/myobjects87, s3testqwer1/myobjects52, s3testqwer1/myobjects8, s3testqwer2/myobjects17, s3testqwer2/myobjects65, s3testqwer1/myobjects77, s3testqwer2/myobjects19, s3testqwer2/myobjects97, s3testqwer1/myobjects44, s3testqwer2/myobjects22, s3testqwer2/myobjects86, s3testqwer2/myobjects61, s3testqwer1/myobjects39, s3testqwer1/myobjects83, s3testqwer1/myobjects35, s3testqwer1/myobjects5, s3testqwer1/myobjects29, s3testqwer1/myobjects96, s3testqwer2/myobjects96, s3testqwer2/myobjects19, s3testqwer1/myobjects84, s3testqwer2/myobjects93, s3testqwer1/myobjects48, s3testqwer1/myobjects20, s3testqwer2/myobjects12, s3testqwer2/myobjects46, s3testqwer1/myobjects46, s3testqwer1/myobjects67, s3testqwer2/myobjects12, s3testqwer1/myobjects76, s3testqwer2/myobjects45, s3testqwer2/myobjects28, s3testqwer1/myobjects86, s3testqwer2/myobjects28, s3testqwer1/myobjects79, s3testqwer1/myobjects53, s3testqwer1/myobjects42, s3testqwer2/myobjects85, s3testqwer2/myobjects98, s3testqwer1/myobjects53, s3testqwer2/myobjects65, s3testqwer1/myobjects20, s3testqwer1/myobjects11, s3testqwer2/myobjects68, s3testqwer1/myobjects57, s3testqwer1/myobjects10, s3testqwer1/myobjects17, s3testqwer2/myobjects17, s3testqwer2/myobjects26, s3testqwer2/myobjects30, s3testqwer1/myobjects99, s3testqwer1/myobjects18, s3testqwer1/myobjects73, s3testqwer2/myobjects56, s3testqwer2/myobjects29, s3testqwer2/myobjects80, s3testqwer2/myobjects24, s3testqwer2/myobjects32, s3testqwer2/myobjects26, s3testqwer2/myobjects29, s3testqwer1/myobjects28, s3testqwer2/myobjects16, s3testqwer2/myobjects9, s3testqwer2/myobjects65, s3testqwer1/myobjects43, s3testqwer1/myobjects21, s3testqwer1/myobjects3, s3testqwer1/myobjects72, s3testqwer1/myobjects20, s3testqwer2/myobjects56, s3testqwer2/myobjects96, s3testqwer1/myobjects82, s3testqwer1/myobjects75, s3testqwer1/myobjects73, s3testqwer2/myobjects10, s3testqwer2/myobjects53, s3testqwer1/myobjects8, s3testqwer2/myobjects48, s3testqwer1/myobjects12, s3testqwer2/myobjects9, s3testqwer2/myobjects21, s3testqwer1/myobjects29, s3testqwer2/myobjects9, s3testqwer1/myobjects75, s3testqwer1/myobjects20, s3testqwer2/myobjects40, s3testqwer1/myobjects37, s3testqwer2/myobjects27, s3testqwer2/myobjects38, s3testqwer1/myobjects89, s3testqwer1/myobjects7, s3testqwer2/myobjects94, s3testqwer1/myobjects79, s3testqwer2/myobjects66, s3testqwer1/myobjects75, s3testqwer2/myobjects96, s3testqwer1/myobjects28, s3testqwer1/myobjects65, s3testqwer2/myobjects86, s3testqwer2/myobjects88, s3testqwer1/myobjects21, s3testqwer1/myobjects52, s3testqwer1/myobjects9, s3testqwer2/myobjects53, s3testqwer2/myobjects10, s3testqwer2/myobjects3, s3testqwer2/myobjects77, s3testqwer1/myobjects58, s3testqwer1/myobjects65, s3testqwer1/myobjects83, s3testqwer1/myobjects12, s3testqwer1/myobjects48, s3testqwer2/myobjects48, s3testqwer2/myobjects97, s3testqwer1/myobjects6, s3testqwer1/myobjects41, s3testqwer2/myobjects94, s3testqwer2/myobjects48, s3testqwer2/myobjects75, s3testqwer1/myobjects39, s3testqwer2/myobjects29, s3testqwer1/myobjects54, s3testqwer2/myobjects34, s3testqwer1/myobjects6, s3testqwer2/myobjects34, s3testqwer1/myobjects17, s3testqwer1/myobjects60, s3testqwer2/myobjects75, s3testqwer2/myobjects28, s3testqwer1/myobjects3, s3testqwer2/myobjects84, s3testqwer2/myobjects81, s3testqwer2/myobjects31, s3testqwer1/myobjects48, s3testqwer2/myobjects96, s3testqwer2/myobjects5, s3testqwer1/myobjects12, s3testqwer2/myobjects42, s3testqwer1/myobjects20, s3testqwer1/myobjects37, s3testqwer1/myobjects52, s3testqwer1/myobjects73, s3testqwer1/myobjects37, s3testqwer2/myobjects88, s3testqwer2/myobjects51, s3testqwer1/myobjects72, s3testqwer1/myobjects93, s3testqwer1/myobjects50, s3testqwer1/myobjects79, s3testqwer1/myobjects44, s3testqwer2/myobjects53, s3testqwer2/myobjects28, s3testqwer2/myobjects56, s3testqwer1/myobjects13, s3testqwer1/myobjects48, s3testqwer1/myobjects10, s3testqwer2/myobjects74, s3testqwer2/myobjects42, s3testqwer2/myobjects82, s3testqwer1/myobjects82, s3testqwer2/myobjects27, s3testqwer1/myobjects34, s3testqwer1/myobjects2, s3testqwer2/myobjects36, s3testqwer1/myobjects46, s3testqwer2/myobjects40, s3testqwer1/myobjects70, s3testqwer1/myobjects13, s3testqwer2/myobjects4, s3testqwer2/myobjects88, s3testqwer2/myobjects16, s3testqwer1/myobjects77, s3testqwer2/myobjects20, s3testqwer1/myobjects9, s3testqwer2/myobjects26, s3testqwer1/myobjects60, s3testqwer2/myobjects66, s3testqwer1/myobjects98, s3testqwer2/myobjects30, s3testqwer2/myobjects82, s3testqwer1/myobjects67, s3testqwer1/myobjects19, s3testqwer2/myobjects11, s3testqwer1/myobjects14, s3testqwer2/myobjects5, s3testqwer2/myobjects28, s3testqwer1/myobjects86, s3testqwer2/myobjects50, s3testqwer2/myobjects79, s3testqwer1/myobjects56, s3testqwer1/myobjects35, s3testqwer2/myobjects85, s3testqwer2/myobjects72, s3testqwer2/myobjects25, s3testqwer1/myobjects97, s3testqwer2/myobjects95, s3testqwer2/myobjects62, s3testqwer2/myobjects80, s3testqwer1/myobjects38, s3testqwer2/myobjects3, s3testqwer1/myobjects84, s3testqwer2/myobjects20, s3testqwer2/myobjects20, s3testqwer2/myobjects22, s3testqwer1/myobjects30, s3testqwer2/myobjects35, s3testqwer2/myobjects99, s3testqwer1/myobjects36, s3testqwer1/myobjects68, s3testqwer1/myobjects14, s3testqwer2/myobjects13, s3testqwer1/myobjects60, s3testqwer1/myobjects53, s3testqwer1/myobjects37, s3testqwer1/myobjects89, s3testqwer2/myobjects70, s3testqwer2/myobjects100, s3testqwer1/myobjects76, s3testqwer2/myobjects36
com.amazonaws.AmazonClientException: Unable to verify integrity of data download.  Client calculated content hash didn't match hash calculated by Amazon S3.  The data may be corrupt.
	at com.amazonaws.services.s3.internal.DigestValidationInputStream.validateMD5Digest(DigestValidationInputStream.java:79)
	at com.amazonaws.services.s3.internal.DigestValidationInputStream.read(DigestValidationInputStream.java:61)
	at com.amazonaws.internal.SdkFilterInputStream.read(SdkFilterInputStream.java:72)
	at com.amazonaws.services.s3.model.S3ObjectInputStream.read(S3ObjectInputStream.java:155)
	at com.amazonaws.services.s3.model.S3ObjectInputStream.read(S3ObjectInputStream.java:147)
	at com.intel.cosbench.driver.operator.Reader.copyLarge(Reader.java:120)
	at com.intel.cosbench.driver.operator.Reader.doRead(Reader.java:92)
	at com.intel.cosbench.driver.operator.Reader.operate(Reader.java:69)
	at com.intel.cosbench.driver.operator.AbstractOperator.operate(AbstractOperator.java:76)
	at com.intel.cosbench.driver.agent.WorkAgent.performOperation(WorkAgent.java:197)
	at com.intel.cosbench.driver.agent.WorkAgent.doWork(WorkAgent.java:177)
	at com.intel.cosbench.driver.agent.WorkAgent.execute(WorkAgent.java:134)
	at com.intel.cosbench.driver.agent.AbstractAgent.call(AbstractAgent.java:44)
	at com.intel.cosbench.driver.agent.AbstractAgent.call(AbstractAgent.java:1)
	at java.util.concurrent.FutureTask.run(FutureTask.java:266)
	at java.util.concurrent.ThreadPoolExecutor.runWorker(ThreadPoolExecutor.java:1149)
	at java.util.concurrent.ThreadPoolExecutor$Worker.run(ThreadPoolExecutor.java:624)
	at java.lang.Thread.run(Thread.java:748)
