2018-11-23 18:22:04,038 [INFO] [Log4jLogManager] - will append log to file /root/git/0.4.2.c4/log/mission/M94129E4E4D.log
2018-11-23 18:22:04,328 [INFO] [NoneStorage] - performing GET at /s3testqwer2/myobjects89
2018-11-23 18:22:04,329 [INFO] [NoneStorage] - performing GET at /s3testqwer1/myobjects9
2018-11-23 18:22:04,333 [INFO] [NoneStorage] - performing GET at /s3testqwer2/myobjects94
2018-11-23 18:22:04,334 [INFO] [NoneStorage] - performing GET at /s3testqwer1/myobjects52
2018-11-23 18:22:04,655 [ERROR] [AbstractOperator] - worker 3 fail to perform operation s3testqwer2/myobjects94
com.amazonaws.AmazonClientException: Unable to verify integrity of data download.  Client calculated content hash didn't match hash calculated by Amazon S3.  The data may be corrupt.
	at com.amazonaws.services.s3.internal.DigestValidationInputStream.validateMD5Digest(DigestValidationInputStream.java:79)
	at com.amazonaws.services.s3.internal.DigestValidationInputStream.read(DigestValidationInputStream.java:61)
	at com.amazonaws.internal.SdkFilterInputStream.read(SdkFilterInputStream.java:72)
	at com.amazonaws.services.s3.model.S3ObjectInputStream.read(S3ObjectInputStream.java:155)
	at com.amazonaws.services.s3.model.S3ObjectInputStream.read(S3ObjectInputStream.java:147)
	at com.intel.cosbench.driver.operator.Reader.copyLarge(Reader.java:120)
	at com.intel.cosbench.driver.operator.Reader.doRead(Reader.java:92)
	at com.intel.cosbench.driver.operator.Reader.operate(Reader.java:69)
	at com.intel.cosbench.driver.operator.AbstractOperator.operate(AbstractOperator.java:76)
	at com.intel.cosbench.driver.agent.WorkAgent.performOperation(WorkAgent.java:197)
	at com.intel.cosbench.driver.agent.WorkAgent.doWork(WorkAgent.java:177)
	at com.intel.cosbench.driver.agent.WorkAgent.execute(WorkAgent.java:134)
	at com.intel.cosbench.driver.agent.AbstractAgent.call(AbstractAgent.java:44)
	at com.intel.cosbench.driver.agent.AbstractAgent.call(AbstractAgent.java:1)
	at java.util.concurrent.FutureTask.run(FutureTask.java:266)
	at java.util.concurrent.ThreadPoolExecutor.runWorker(ThreadPoolExecutor.java:1149)
	at java.util.concurrent.ThreadPoolExecutor$Worker.run(ThreadPoolExecutor.java:624)
	at java.lang.Thread.run(Thread.java:748)
2018-11-23 18:22:04,656 [INFO] [NoneStorage] - performing GET at /s3testqwer1/myobjects38
2018-11-23 18:22:04,663 [INFO] [NoneStorage] - performing PUT at /s3testqwer1/myobjects170
2018-11-23 18:22:04,663 [INFO] [NoneStorage] - performing GET at /s3testqwer1/myobjects77
2018-11-23 18:22:04,665 [INFO] [NoneStorage] - performing GET at /s3testqwer1/myobjects81
2018-11-23 18:22:04,854 [INFO] [NoneStorage] - performing GET at /s3testqwer2/myobjects92
2018-11-23 18:22:04,886 [INFO] [NoneStorage] - performing GET at /s3testqwer2/myobjects41
2018-11-23 18:22:04,887 [INFO] [NoneStorage] - performing GET at /s3testqwer1/myobjects11
2018-11-23 18:22:05,061 [INFO] [NoneStorage] - performing GET at /s3testqwer2/myobjects53
2018-11-23 18:22:05,093 [INFO] [NoneStorage] - performing GET at /s3testqwer1/myobjects70
2018-11-23 18:22:05,104 [INFO] [NoneStorage] - performing GET at /s3testqwer2/myobjects52
2018-11-23 18:22:05,155 [INFO] [NoneStorage] - performing GET at /s3testqwer2/myobjects9
2018-11-23 18:22:05,322 [INFO] [NoneStorage] - performing GET at /s3testqwer2/myobjects56
2018-11-23 18:22:05,335 [INFO] [NoneStorage] - performing GET at /s3testqwer2/myobjects39
2018-11-23 18:22:05,337 [INFO] [NoneStorage] - performing GET at /s3testqwer2/myobjects83
2018-11-23 18:22:05,338 [INFO] [NoneStorage] - performing GET at /s3testqwer2/myobjects62
2018-11-23 18:22:05,539 [INFO] [NoneStorage] - performing GET at /s3testqwer1/myobjects1
2018-11-23 18:22:05,551 [INFO] [NoneStorage] - performing GET at /s3testqwer1/myobjects25
2018-11-23 18:22:05,552 [INFO] [NoneStorage] - performing PUT at /s3testqwer1/myobjects142
2018-11-23 18:22:05,558 [INFO] [NoneStorage] - performing GET at /s3testqwer1/myobjects91
2018-11-23 18:22:05,757 [INFO] [NoneStorage] - performing GET at /s3testqwer1/myobjects54
2018-11-23 18:22:05,779 [INFO] [NoneStorage] - performing GET at /s3testqwer2/myobjects18
2018-11-23 18:22:05,780 [INFO] [NoneStorage] - performing GET at /s3testqwer1/myobjects77
2018-11-23 18:22:05,944 [INFO] [NoneStorage] - performing GET at /s3testqwer2/myobjects85
2018-11-23 18:22:06,008 [INFO] [NoneStorage] - performing GET at /s3testqwer2/myobjects11
2018-11-23 18:22:06,008 [INFO] [NoneStorage] - performing GET at /s3testqwer2/myobjects6
2018-11-23 18:22:06,009 [INFO] [NoneStorage] - performing PUT at /s3testqwer1/myobjects200
2018-11-23 18:22:06,161 [INFO] [NoneStorage] - performing PUT at /s3testqwer2/myobjects105
2018-11-23 18:22:06,193 [INFO] [NoneStorage] - performing GET at /s3testqwer2/myobjects56
2018-11-23 18:22:06,205 [INFO] [NoneStorage] - performing GET at /s3testqwer2/myobjects6
2018-11-23 18:22:06,393 [INFO] [NoneStorage] - performing GET at /s3testqwer2/myobjects22
2018-11-23 18:22:06,437 [INFO] [NoneStorage] - performing PUT at /s3testqwer2/myobjects169
2018-11-23 18:22:06,440 [INFO] [NoneStorage] - performing GET at /s3testqwer1/myobjects79
2018-11-23 18:22:06,580 [INFO] [NoneStorage] - performing GET at /s3testqwer2/myobjects68
2018-11-23 18:22:06,624 [INFO] [NoneStorage] - performing GET at /s3testqwer1/myobjects36
2018-11-23 18:22:06,725 [INFO] [NoneStorage] - performing GET at /s3testqwer2/myobjects51
2018-11-23 18:22:06,746 [INFO] [NoneStorage] - performing GET at /s3testqwer1/myobjects68
2018-11-23 18:22:06,833 [INFO] [NoneStorage] - performing GET at /s3testqwer1/myobjects41
2018-11-23 18:22:06,853 [INFO] [NoneStorage] - performing GET at /s3testqwer2/myobjects23
2018-11-23 18:22:06,939 [INFO] [NoneStorage] - performing GET at /s3testqwer1/myobjects55
2018-11-23 18:22:06,959 [INFO] [NoneStorage] - performing GET at /s3testqwer1/myobjects38
2018-11-23 18:22:07,044 [INFO] [NoneStorage] - performing PUT at /s3testqwer2/myobjects148
2018-11-23 18:22:07,074 [INFO] [NoneStorage] - performing GET at /s3testqwer1/myobjects30
2018-11-23 18:22:07,117 [INFO] [NoneStorage] - performing GET at /s3testqwer2/myobjects22
2018-11-23 18:22:07,199 [INFO] [NoneStorage] - performing GET at /s3testqwer2/myobjects78
2018-11-23 18:22:07,259 [INFO] [NoneStorage] - performing GET at /s3testqwer1/myobjects55
2018-11-23 18:22:07,297 [INFO] [NoneStorage] - performing GET at /s3testqwer2/myobjects90
2018-11-23 18:22:07,376 [INFO] [NoneStorage] - performing PUT at /s3testqwer1/myobjects190
2018-11-23 18:22:07,400 [INFO] [NoneStorage] - performing GET at /s3testqwer2/myobjects26
2018-11-23 18:22:07,478 [INFO] [NoneStorage] - performing GET at /s3testqwer2/myobjects68
2018-11-23 18:22:07,479 [INFO] [NoneStorage] - performing PUT at /s3testqwer2/myobjects145
2018-11-23 18:22:07,533 [INFO] [NoneStorage] - performing GET at /s3testqwer1/myobjects90
2018-11-23 18:22:07,646 [INFO] [NoneStorage] - performing GET at /s3testqwer1/myobjects41
2018-11-23 18:22:07,692 [INFO] [NoneStorage] - performing GET at /s3testqwer2/myobjects9
2018-11-23 18:22:07,757 [INFO] [NoneStorage] - performing GET at /s3testqwer2/myobjects47
2018-11-23 18:22:07,772 [INFO] [NoneStorage] - performing GET at /s3testqwer1/myobjects43
2018-11-23 18:22:07,815 [INFO] [NoneStorage] - performing PUT at /s3testqwer1/myobjects182
2018-11-23 18:22:07,880 [INFO] [NoneStorage] - performing GET at /s3testqwer2/myobjects44
2018-11-23 18:22:07,982 [INFO] [NoneStorage] - performing PUT at /s3testqwer1/myobjects197
2018-11-23 18:22:07,992 [INFO] [NoneStorage] - performing GET at /s3testqwer1/myobjects59
2018-11-23 18:22:08,106 [INFO] [NoneStorage] - performing GET at /s3testqwer1/myobjects93
2018-11-23 18:22:08,228 [INFO] [NoneStorage] - performing GET at /s3testqwer1/myobjects58
2018-11-23 18:22:08,268 [INFO] [NoneStorage] - performing GET at /s3testqwer2/myobjects10
2018-11-23 18:22:08,355 [INFO] [NoneStorage] - performing GET at /s3testqwer2/myobjects2
2018-11-23 18:22:08,443 [INFO] [NoneStorage] - performing GET at /s3testqwer2/myobjects44
2018-11-23 18:22:08,444 [INFO] [NoneStorage] - performing GET at /s3testqwer1/myobjects100
2018-11-23 18:22:08,445 [INFO] [NoneStorage] - performing GET at /s3testqwer2/myobjects70
2018-11-23 18:22:08,575 [INFO] [NoneStorage] - performing PUT at /s3testqwer2/myobjects122
2018-11-23 18:22:08,644 [INFO] [NoneStorage] - performing GET at /s3testqwer1/myobjects94
2018-11-23 18:22:08,663 [INFO] [NoneStorage] - performing GET at /s3testqwer2/myobjects61
2018-11-23 18:22:08,664 [INFO] [NoneStorage] - performing GET at /s3testqwer2/myobjects58
2018-11-23 18:22:08,859 [INFO] [NoneStorage] - performing GET at /s3testqwer1/myobjects96
2018-11-23 18:22:08,868 [INFO] [NoneStorage] - performing GET at /s3testqwer2/myobjects11
2018-11-23 18:22:08,880 [INFO] [NoneStorage] - performing GET at /s3testqwer2/myobjects40
2018-11-23 18:22:08,970 [INFO] [NoneStorage] - performing GET at /s3testqwer2/myobjects86
2018-11-23 18:22:09,056 [INFO] [NoneStorage] - performing GET at /s3testqwer2/myobjects71
2018-11-23 18:22:09,066 [INFO] [NoneStorage] - performing GET at /s3testqwer1/myobjects95
2018-11-23 18:22:09,085 [INFO] [NoneStorage] - performing GET at /s3testqwer1/myobjects56
2018-11-23 18:22:09,162 [INFO] [NoneStorage] - performing GET at /s3testqwer1/myobjects98
2018-11-23 18:22:09,270 [INFO] [NoneStorage] - performing GET at /s3testqwer2/myobjects5
2018-11-23 18:22:09,279 [INFO] [NoneStorage] - performing GET at /s3testqwer2/myobjects79
2018-11-23 18:22:09,298 [INFO] [NoneStorage] - performing GET at /s3testqwer1/myobjects30
2018-11-23 18:22:09,375 [INFO] [NoneStorage] - performing GET at /s3testqwer1/myobjects56
2018-11-23 18:22:09,483 [INFO] [NoneStorage] - performing GET at /s3testqwer1/myobjects84
2018-11-23 18:22:09,492 [INFO] [NoneStorage] - performing GET at /s3testqwer2/myobjects63
2018-11-23 18:22:09,514 [INFO] [NoneStorage] - performing PUT at /s3testqwer2/myobjects188
2018-11-23 18:22:09,621 [INFO] [NoneStorage] - performing GET at /s3testqwer2/myobjects9
2018-11-23 18:22:09,697 [INFO] [NoneStorage] - performing GET at /s3testqwer1/myobjects97
2018-11-23 18:22:09,706 [INFO] [NoneStorage] - performing PUT at /s3testqwer2/myobjects121
2018-11-23 18:22:09,817 [INFO] [NoneStorage] - performing PUT at /s3testqwer1/myobjects170
2018-11-23 18:22:09,911 [INFO] [NoneStorage] - performing GET at /s3testqwer1/myobjects91
2018-11-23 18:22:10,064 [INFO] [NoneStorage] - performing GET at /s3testqwer2/myobjects10
2018-11-23 18:22:10,140 [INFO] [NoneStorage] - performing PUT at /s3testqwer1/myobjects166
2018-11-23 18:22:12,317 [INFO] [NoneStorage] - performing GET at /s3testqwer1/myobjects37
2018-11-23 18:22:12,318 [INFO] [NoneStorage] - performing GET at /s3testqwer2/myobjects34
2018-11-23 18:22:12,318 [INFO] [NoneStorage] - performing GET at /s3testqwer2/myobjects91
2018-11-23 18:22:12,318 [INFO] [NoneStorage] - performing GET at /s3testqwer2/myobjects8
2018-11-23 18:22:12,520 [INFO] [NoneStorage] - performing GET at /s3testqwer2/myobjects65
2018-11-23 18:22:12,530 [INFO] [NoneStorage] - performing GET at /s3testqwer2/myobjects37
2018-11-23 18:22:12,541 [INFO] [NoneStorage] - performing GET at /s3testqwer1/myobjects73
2018-11-23 18:22:12,542 [INFO] [NoneStorage] - performing GET at /s3testqwer2/myobjects60
2018-11-23 18:22:12,740 [INFO] [NoneStorage] - performing GET at /s3testqwer1/myobjects40
2018-11-23 18:22:12,750 [INFO] [NoneStorage] - performing GET at /s3testqwer1/myobjects21
2018-11-23 18:22:12,760 [INFO] [NoneStorage] - performing GET at /s3testqwer2/myobjects75
2018-11-23 18:22:12,761 [INFO] [NoneStorage] - performing GET at /s3testqwer1/myobjects74
2018-11-23 18:22:12,948 [INFO] [NoneStorage] - performing GET at /s3testqwer2/myobjects13
2018-11-23 18:22:12,968 [INFO] [NoneStorage] - performing GET at /s3testqwer1/myobjects93
2018-11-23 18:22:12,994 [INFO] [NoneStorage] - performing GET at /s3testqwer2/myobjects51
2018-11-23 18:22:13,007 [INFO] [NoneStorage] - performing GET at /s3testqwer1/myobjects95
2018-11-23 18:22:13,165 [INFO] [NoneStorage] - performing GET at /s3testqwer2/myobjects34
2018-11-23 18:22:13,175 [INFO] [NoneStorage] - performing GET at /s3testqwer2/myobjects65
2018-11-23 18:22:13,194 [INFO] [NoneStorage] - performing GET at /s3testqwer2/myobjects69
2018-11-23 18:22:13,226 [INFO] [NoneStorage] - performing GET at /s3testqwer2/myobjects72
2018-11-23 18:22:13,380 [INFO] [NoneStorage] - performing GET at /s3testqwer1/myobjects7
2018-11-23 18:22:13,390 [INFO] [NoneStorage] - performing GET at /s3testqwer2/myobjects22
2018-11-23 18:22:13,424 [INFO] [NoneStorage] - performing GET at /s3testqwer2/myobjects13
2018-11-23 18:22:13,424 [INFO] [NoneStorage] - performing GET at /s3testqwer2/myobjects85
2018-11-23 18:22:13,616 [INFO] [NoneStorage] - performing PUT at /s3testqwer2/myobjects106
2018-11-23 18:22:13,637 [INFO] [NoneStorage] - performing GET at /s3testqwer1/myobjects26
2018-11-23 18:22:13,638 [INFO] [NoneStorage] - performing GET at /s3testqwer2/myobjects61
2018-11-23 18:22:13,655 [INFO] [NoneStorage] - performing GET at /s3testqwer1/myobjects35
2018-11-23 18:22:13,841 [INFO] [NoneStorage] - performing GET at /s3testqwer1/myobjects29
2018-11-23 18:22:13,851 [INFO] [NoneStorage] - performing GET at /s3testqwer2/myobjects47
2018-11-23 18:22:13,862 [INFO] [NoneStorage] - performing GET at /s3testqwer1/myobjects2
2018-11-23 18:22:14,026 [INFO] [NoneStorage] - performing GET at /s3testqwer1/myobjects25
2018-11-23 18:22:14,069 [INFO] [NoneStorage] - performing GET at /s3testqwer1/myobjects65
2018-11-23 18:22:14,089 [INFO] [NoneStorage] - performing PUT at /s3testqwer2/myobjects195
2018-11-23 18:22:14,090 [INFO] [NoneStorage] - performing PUT at /s3testqwer2/myobjects126
2018-11-23 18:22:14,245 [INFO] [NoneStorage] - performing GET at /s3testqwer1/myobjects73
2018-11-23 18:22:14,288 [INFO] [NoneStorage] - performing PUT at /s3testqwer2/myobjects186
2018-11-23 18:22:14,446 [INFO] [NoneStorage] - performing PUT at /s3testqwer1/myobjects178
2018-11-23 18:22:14,487 [INFO] [NoneStorage] - performing GET at /s3testqwer1/myobjects14
2018-11-23 18:22:14,530 [INFO] [NoneStorage] - performing GET at /s3testqwer2/myobjects70
2018-11-23 18:22:14,658 [INFO] [NoneStorage] - performing GET at /s3testqwer1/myobjects84
2018-11-23 18:22:14,668 [INFO] [NoneStorage] - performing GET at /s3testqwer2/myobjects100
2018-11-23 18:22:14,732 [INFO] [NoneStorage] - performing PUT at /s3testqwer1/myobjects175
2018-11-23 18:22:14,802 [INFO] [NoneStorage] - performing PUT at /s3testqwer1/myobjects113
2018-11-23 18:22:14,868 [INFO] [NoneStorage] - performing GET at /s3testqwer2/myobjects95
2018-11-23 18:22:14,877 [INFO] [NoneStorage] - performing GET at /s3testqwer1/myobjects1
2018-11-23 18:22:15,058 [INFO] [NoneStorage] - performing GET at /s3testqwer2/myobjects93
2018-11-23 18:22:15,068 [INFO] [NoneStorage] - performing GET at /s3testqwer2/myobjects34
2018-11-23 18:22:15,069 [INFO] [NoneStorage] - performing GET at /s3testqwer2/myobjects72
2018-11-23 18:22:15,070 [INFO] [NoneStorage] - performing GET at /s3testqwer1/myobjects89
2018-11-23 18:22:15,273 [INFO] [NoneStorage] - performing GET at /s3testqwer1/myobjects21
2018-11-23 18:22:15,281 [INFO] [NoneStorage] - performing GET at /s3testqwer1/myobjects76
2018-11-23 18:22:15,282 [INFO] [NoneStorage] - performing PUT at /s3testqwer2/myobjects107
2018-11-23 18:22:15,284 [INFO] [NoneStorage] - performing GET at /s3testqwer1/myobjects95
2018-11-23 18:22:15,479 [INFO] [NoneStorage] - performing GET at /s3testqwer1/myobjects18
2018-11-23 18:22:15,488 [INFO] [NoneStorage] - performing GET at /s3testqwer2/myobjects98
2018-11-23 18:22:15,498 [INFO] [NoneStorage] - performing GET at /s3testqwer1/myobjects62
2018-11-23 18:22:15,651 [INFO] [NoneStorage] - performing GET at /s3testqwer1/myobjects27
2018-11-23 18:22:15,660 [INFO] [NoneStorage] - performing GET at /s3testqwer1/myobjects98
2018-11-23 18:22:15,668 [INFO] [NoneStorage] - performing GET at /s3testqwer2/myobjects45
2018-11-23 18:22:15,821 [INFO] [NoneStorage] - performing PUT at /s3testqwer2/myobjects162
2018-11-23 18:22:15,830 [INFO] [NoneStorage] - performing GET at /s3testqwer1/myobjects79
2018-11-23 18:22:15,835 [INFO] [NoneStorage] - performing GET at /s3testqwer1/myobjects37
2018-11-23 18:22:15,978 [INFO] [NoneStorage] - performing GET at /s3testqwer1/myobjects39
2018-11-23 18:22:15,988 [INFO] [NoneStorage] - performing GET at /s3testqwer1/myobjects8
2018-11-23 18:22:16,137 [INFO] [NoneStorage] - performing GET at /s3testqwer2/myobjects74
2018-11-23 18:22:16,138 [INFO] [NoneStorage] - performing GET at /s3testqwer2/myobjects77
2018-11-23 18:22:16,205 [INFO] [NoneStorage] - performing GET at /s3testqwer2/myobjects50
2018-11-23 18:22:16,206 [INFO] [NoneStorage] - performing GET at /s3testqwer1/myobjects36
2018-11-23 18:22:16,282 [INFO] [NoneStorage] - performing GET at /s3testqwer1/myobjects69
2018-11-23 18:22:16,315 [INFO] [NoneStorage] - performing GET at /s3testqwer1/myobjects30
2018-11-23 18:22:16,425 [INFO] [NoneStorage] - performing GET at /s3testqwer1/myobjects94
2018-11-23 18:22:16,426 [INFO] [NoneStorage] - performing GET at /s3testqwer1/myobjects84
2018-11-23 18:22:16,501 [INFO] [NoneStorage] - performing GET at /s3testqwer1/myobjects31
2018-11-23 18:22:16,535 [INFO] [NoneStorage] - performing GET at /s3testqwer1/myobjects37
2018-11-23 18:22:16,611 [INFO] [NoneStorage] - performing GET at /s3testqwer1/myobjects1
2018-11-23 18:22:16,621 [INFO] [NoneStorage] - performing GET at /s3testqwer2/myobjects21
2018-11-23 18:22:16,728 [INFO] [NoneStorage] - performing PUT at /s3testqwer1/myobjects104
2018-11-23 18:22:16,739 [INFO] [NoneStorage] - performing GET at /s3testqwer1/myobjects91
2018-11-23 18:22:16,823 [INFO] [NoneStorage] - performing PUT at /s3testqwer2/myobjects128
2018-11-23 18:22:16,833 [INFO] [NoneStorage] - performing GET at /s3testqwer2/myobjects18
2018-11-23 18:22:16,943 [INFO] [NoneStorage] - performing GET at /s3testqwer1/myobjects84
2018-11-23 18:22:17,074 [INFO] [NoneStorage] - performing GET at /s3testqwer2/myobjects85
2018-11-23 18:22:17,112 [INFO] [NoneStorage] - performing GET at /s3testqwer1/myobjects98
2018-11-23 18:22:17,156 [INFO] [NoneStorage] - performing PUT at /s3testqwer2/myobjects119
2018-11-23 18:22:17,281 [INFO] [NoneStorage] - performing PUT at /s3testqwer2/myobjects102
2018-11-23 18:22:17,295 [INFO] [NoneStorage] - performing GET at /s3testqwer2/myobjects42
2018-11-23 18:22:17,305 [INFO] [NoneStorage] - performing GET at /s3testqwer1/myobjects16
2018-11-23 18:22:17,498 [INFO] [NoneStorage] - performing GET at /s3testqwer1/myobjects37
2018-11-23 18:22:17,529 [INFO] [NoneStorage] - performing GET at /s3testqwer1/myobjects68
2018-11-23 18:22:17,541 [INFO] [NoneStorage] - performing PUT at /s3testqwer1/myobjects174
2018-11-23 18:22:17,636 [INFO] [NoneStorage] - performing GET at /s3testqwer2/myobjects2
2018-11-23 18:22:17,746 [INFO] [NoneStorage] - performing GET at /s3testqwer2/myobjects56
2018-11-23 18:22:17,756 [INFO] [NoneStorage] - performing PUT at /s3testqwer1/myobjects112
2018-11-23 18:22:17,838 [INFO] [NoneStorage] - performing GET at /s3testqwer1/myobjects17
2018-11-23 18:22:17,915 [INFO] [NoneStorage] - performing GET at /s3testqwer2/myobjects16
2018-11-23 18:22:17,973 [INFO] [NoneStorage] - performing PUT at /s3testqwer2/myobjects190
2018-11-23 18:22:18,021 [INFO] [NoneStorage] - performing GET at /s3testqwer2/myobjects27
2018-11-23 18:22:18,034 [INFO] [NoneStorage] - performing PUT at /s3testqwer1/myobjects195
2018-11-23 18:22:18,121 [INFO] [NoneStorage] - performing GET at /s3testqwer2/myobjects69
2018-11-23 18:22:18,200 [INFO] [NoneStorage] - performing GET at /s3testqwer2/myobjects49
2018-11-23 18:22:18,313 [INFO] [NoneStorage] - performing PUT at /s3testqwer2/myobjects115
2018-11-23 18:22:18,365 [INFO] [NoneStorage] - performing GET at /s3testqwer2/myobjects11
2018-11-23 18:22:18,449 [INFO] [NoneStorage] - performing GET at /s3testqwer2/myobjects46
2018-11-23 18:22:18,459 [INFO] [NoneStorage] - performing GET at /s3testqwer1/myobjects56
2018-11-23 18:22:18,557 [INFO] [NoneStorage] - performing GET at /s3testqwer2/myobjects94
2018-11-23 18:22:18,566 [INFO] [NoneStorage] - performing GET at /s3testqwer1/myobjects98
2018-11-23 18:22:18,665 [INFO] [NoneStorage] - performing PUT at /s3testqwer1/myobjects144
2018-11-23 18:22:18,673 [INFO] [NoneStorage] - performing GET at /s3testqwer2/myobjects72
2018-11-23 18:22:18,779 [INFO] [NoneStorage] - performing GET at /s3testqwer1/myobjects23
2018-11-23 18:22:18,855 [INFO] [NoneStorage] - performing GET at /s3testqwer2/myobjects3
2018-11-23 18:22:18,910 [INFO] [NoneStorage] - performing GET at /s3testqwer2/myobjects24
2018-11-23 18:22:18,972 [INFO] [NoneStorage] - performing GET at /s3testqwer2/myobjects82
2018-11-23 18:22:19,070 [INFO] [NoneStorage] - performing GET at /s3testqwer1/myobjects1
2018-11-23 18:22:19,152 [INFO] [NoneStorage] - performing GET at /s3testqwer2/myobjects78
2018-11-23 18:22:19,222 [INFO] [NoneStorage] - performing GET at /s3testqwer2/myobjects31
2018-11-23 18:22:19,279 [INFO] [NoneStorage] - performing GET at /s3testqwer2/myobjects94
2018-11-23 18:22:19,337 [INFO] [NoneStorage] - performing GET at /s3testqwer2/myobjects13
2018-11-23 18:22:19,392 [INFO] [NoneStorage] - performing GET at /s3testqwer2/myobjects39
2018-11-23 18:22:19,448 [INFO] [NoneStorage] - performing GET at /s3testqwer2/myobjects27
2018-11-23 18:22:19,504 [INFO] [NoneStorage] - performing GET at /s3testqwer2/myobjects84
2018-11-23 18:22:19,560 [INFO] [NoneStorage] - performing GET at /s3testqwer1/myobjects32
2018-11-23 18:22:19,619 [INFO] [NoneStorage] - performing GET at /s3testqwer2/myobjects59
2018-11-23 18:22:19,651 [INFO] [NoneStorage] - performing GET at /s3testqwer2/myobjects91
2018-11-23 18:22:19,652 [INFO] [NoneStorage] - performing GET at /s3testqwer2/myobjects92
2018-11-23 18:22:19,664 [INFO] [NoneStorage] - performing GET at /s3testqwer2/myobjects73
2018-11-23 18:22:19,723 [INFO] [NoneStorage] - performing GET at /s3testqwer2/myobjects11
2018-11-23 18:22:19,895 [INFO] [NoneStorage] - performing GET at /s3testqwer2/myobjects91
2018-11-23 18:22:19,926 [INFO] [NoneStorage] - performing GET at /s3testqwer2/myobjects27
2018-11-23 18:22:19,930 [INFO] [NoneStorage] - performing GET at /s3testqwer2/myobjects66
2018-11-23 18:22:19,997 [INFO] [NoneStorage] - performing GET at /s3testqwer2/myobjects35
2018-11-23 18:22:20,203 [INFO] [NoneStorage] - performing GET at /s3testqwer1/myobjects52
2018-11-23 18:22:20,207 [INFO] [NoneStorage] - performing GET at /s3testqwer2/myobjects53
2018-11-23 18:22:20,217 [INFO] [NoneStorage] - performing PUT at /s3testqwer2/myobjects101
2018-11-23 18:22:20,275 [INFO] [NoneStorage] - performing GET at /s3testqwer2/myobjects74
2018-11-23 18:22:20,405 [INFO] [NoneStorage] - performing PUT at /s3testqwer1/myobjects199
2018-11-23 18:22:20,425 [INFO] [NoneStorage] - performing PUT at /s3testqwer2/myobjects170
2018-11-23 18:22:20,458 [INFO] [NoneStorage] - performing PUT at /s3testqwer1/myobjects191
2018-11-23 18:22:20,639 [INFO] [NoneStorage] - performing GET at /s3testqwer2/myobjects82
2018-11-23 18:22:20,795 [INFO] [NoneStorage] - performing GET at /s3testqwer2/myobjects84
2018-11-23 18:22:20,824 [INFO] [NoneStorage] - performing GET at /s3testqwer2/myobjects79
2018-11-23 18:22:20,835 [INFO] [NoneStorage] - performing GET at /s3testqwer1/myobjects32
2018-11-23 18:22:20,837 [INFO] [NoneStorage] - performing GET at /s3testqwer1/myobjects7
2018-11-23 18:22:20,969 [INFO] [NoneStorage] - performing PUT at /s3testqwer2/myobjects141
2018-11-23 18:22:21,021 [INFO] [NoneStorage] - performing GET at /s3testqwer1/myobjects68
2018-11-23 18:22:21,027 [INFO] [NoneStorage] - performing GET at /s3testqwer2/myobjects100
2018-11-23 18:22:21,035 [INFO] [NoneStorage] - performing GET at /s3testqwer1/myobjects30
2018-11-23 18:22:21,230 [INFO] [NoneStorage] - performing GET at /s3testqwer1/myobjects48
2018-11-23 18:22:21,239 [INFO] [NoneStorage] - performing GET at /s3testqwer1/myobjects61
2018-11-23 18:22:21,254 [INFO] [NoneStorage] - performing GET at /s3testqwer2/myobjects42
2018-11-23 18:22:21,254 [INFO] [NoneStorage] - performing GET at /s3testqwer1/myobjects56
2018-11-23 18:22:21,439 [INFO] [NoneStorage] - performing PUT at /s3testqwer1/myobjects200
2018-11-23 18:22:21,448 [INFO] [NoneStorage] - performing GET at /s3testqwer2/myobjects68
2018-11-23 18:22:21,457 [INFO] [NoneStorage] - performing PUT at /s3testqwer2/myobjects151
2018-11-23 18:22:21,466 [INFO] [NoneStorage] - performing GET at /s3testqwer1/myobjects27
2018-11-23 18:22:21,658 [INFO] [NoneStorage] - performing GET at /s3testqwer1/myobjects69
2018-11-23 18:22:21,666 [INFO] [NoneStorage] - performing GET at /s3testqwer2/myobjects1
2018-11-23 18:22:21,748 [INFO] [NoneStorage] - performing GET at /s3testqwer2/myobjects70
2018-11-23 18:22:21,795 [INFO] [NoneStorage] - performing GET at /s3testqwer1/myobjects28
2018-11-23 18:22:21,870 [INFO] [NoneStorage] - performing PUT at /s3testqwer1/myobjects190
2018-11-23 18:22:21,881 [INFO] [NoneStorage] - performing GET at /s3testqwer2/myobjects49
2018-11-23 18:22:21,948 [INFO] [NoneStorage] - performing GET at /s3testqwer2/myobjects63
2018-11-23 18:22:21,981 [INFO] [NoneStorage] - performing GET at /s3testqwer2/myobjects61
2018-11-23 18:22:22,099 [INFO] [NoneStorage] - performing GET at /s3testqwer1/myobjects62
2018-11-23 18:22:22,154 [INFO] [NoneStorage] - performing GET at /s3testqwer2/myobjects36
2018-11-23 18:22:22,197 [INFO] [NoneStorage] - performing GET at /s3testqwer2/myobjects97
2018-11-23 18:22:22,222 [INFO] [NoneStorage] - performing GET at /s3testqwer1/myobjects57
2018-11-23 18:22:22,309 [INFO] [NoneStorage] - performing PUT at /s3testqwer2/myobjects190
2018-11-23 18:22:22,389 [INFO] [NoneStorage] - performing GET at /s3testqwer2/myobjects20
2018-11-23 18:22:22,400 [INFO] [NoneStorage] - performing GET at /s3testqwer2/myobjects82
2018-11-23 18:22:22,420 [INFO] [NoneStorage] - performing GET at /s3testqwer1/myobjects67
2018-11-23 18:22:22,595 [INFO] [NoneStorage] - performing GET at /s3testqwer1/myobjects46
2018-11-23 18:22:22,618 [INFO] [NoneStorage] - performing GET at /s3testqwer2/myobjects92
2018-11-23 18:22:22,627 [INFO] [NoneStorage] - performing GET at /s3testqwer1/myobjects65
2018-11-23 18:22:22,769 [INFO] [NoneStorage] - performing GET at /s3testqwer1/myobjects90
2018-11-23 18:22:22,777 [INFO] [NoneStorage] - performing GET at /s3testqwer2/myobjects21
2018-11-23 18:22:22,787 [INFO] [NoneStorage] - performing GET at /s3testqwer1/myobjects46
2018-11-23 18:22:22,931 [INFO] [NoneStorage] - performing GET at /s3testqwer1/myobjects50
2018-11-23 18:22:22,940 [INFO] [NoneStorage] - performing GET at /s3testqwer1/myobjects79
2018-11-23 18:22:22,949 [INFO] [NoneStorage] - performing GET at /s3testqwer2/myobjects78
2018-11-23 18:22:23,102 [INFO] [NoneStorage] - performing GET at /s3testqwer2/myobjects10
2018-11-23 18:22:23,112 [INFO] [NoneStorage] - performing GET at /s3testqwer2/myobjects1
2018-11-23 18:22:23,118 [INFO] [NoneStorage] - performing GET at /s3testqwer2/myobjects45
2018-11-23 18:22:23,173 [INFO] [NoneStorage] - performing GET at /s3testqwer1/myobjects64
2018-11-23 18:22:23,299 [INFO] [NoneStorage] - performing GET at /s3testqwer1/myobjects12
2018-11-23 18:22:23,309 [INFO] [NoneStorage] - performing GET at /s3testqwer1/myobjects30
2018-11-23 18:22:23,329 [INFO] [NoneStorage] - performing GET at /s3testqwer2/myobjects52
2018-11-23 18:22:23,396 [INFO] [NoneStorage] - performing GET at /s3testqwer2/myobjects34
2018-11-23 18:22:23,516 [INFO] [NoneStorage] - performing GET at /s3testqwer1/myobjects15
2018-11-23 18:22:23,526 [INFO] [NoneStorage] - performing GET at /s3testqwer2/myobjects52
2018-11-23 18:22:23,546 [INFO] [NoneStorage] - performing GET at /s3testqwer1/myobjects99
2018-11-23 18:22:23,555 [INFO] [NoneStorage] - performing GET at /s3testqwer1/myobjects52
2018-11-23 18:22:23,730 [INFO] [NoneStorage] - performing PUT at /s3testqwer1/myobjects152
2018-11-23 18:22:23,751 [INFO] [NoneStorage] - performing PUT at /s3testqwer2/myobjects116
2018-11-23 18:22:23,760 [INFO] [NoneStorage] - performing GET at /s3testqwer1/myobjects97
2018-11-23 18:22:23,780 [INFO] [NoneStorage] - performing GET at /s3testqwer1/myobjects16
2018-11-23 18:22:23,964 [INFO] [NoneStorage] - performing GET at /s3testqwer2/myobjects12
2018-11-23 18:22:23,995 [INFO] [NoneStorage] - performing GET at /s3testqwer2/myobjects61
2018-11-23 18:22:24,145 [INFO] [NoneStorage] - performing GET at /s3testqwer1/myobjects100
2018-11-23 18:22:24,156 [INFO] [NoneStorage] - performing PUT at /s3testqwer2/myobjects142
2018-11-23 18:22:24,166 [INFO] [NoneStorage] - performing GET at /s3testqwer1/myobjects51
2018-11-23 18:22:24,209 [INFO] [NoneStorage] - performing GET at /s3testqwer2/myobjects44
2018-11-23 18:22:24,336 [INFO] [NoneStorage] - performing GET at /s3testqwer2/myobjects37
2018-11-23 18:22:24,413 [INFO] [NoneStorage] - performing GET at /s3testqwer2/myobjects83
2018-11-23 18:22:24,424 [INFO] [NoneStorage] - performing PUT at /s3testqwer1/myobjects169
2018-11-23 18:22:24,572 [INFO] [NoneStorage] - performing GET at /s3testqwer1/myobjects67
2018-11-23 18:22:24,584 [INFO] [NoneStorage] - performing PUT at /s3testqwer2/myobjects125
2018-11-23 18:22:24,646 [INFO] [NoneStorage] - performing GET at /s3testqwer2/myobjects13
2018-11-23 18:22:24,681 [INFO] [NoneStorage] - performing GET at /s3testqwer1/myobjects77
2018-11-23 18:22:24,755 [INFO] [NoneStorage] - performing PUT at /s3testqwer2/myobjects156
2018-11-23 18:22:24,848 [INFO] [NoneStorage] - performing PUT at /s3testqwer2/myobjects161
2018-11-23 18:22:24,888 [INFO] [NoneStorage] - performing GET at /s3testqwer2/myobjects65
2018-11-23 18:22:24,997 [INFO] [NoneStorage] - performing GET at /s3testqwer2/myobjects71
2018-11-23 18:22:25,071 [INFO] [NoneStorage] - performing GET at /s3testqwer1/myobjects76
2018-11-23 18:22:25,088 [INFO] [NoneStorage] - performing GET at /s3testqwer1/myobjects6
2018-11-23 18:22:25,098 [INFO] [NoneStorage] - performing GET at /s3testqwer1/myobjects1
2018-11-23 18:22:25,188 [INFO] [NoneStorage] - performing GET at /s3testqwer2/myobjects18
2018-11-23 18:22:25,253 [INFO] [NoneStorage] - performing PUT at /s3testqwer2/myobjects158
2018-11-23 18:22:25,312 [INFO] [NoneStorage] - performing PUT at /s3testqwer2/myobjects155
2018-11-23 18:22:25,323 [INFO] [NoneStorage] - performing GET at /s3testqwer2/myobjects37
2018-11-23 18:22:25,389 [INFO] [NoneStorage] - performing GET at /s3testqwer1/myobjects42
2018-11-23 18:22:25,542 [INFO] [NoneStorage] - performing PUT at /s3testqwer1/myobjects102
2018-11-23 18:22:25,583 [INFO] [NoneStorage] - performing PUT at /s3testqwer1/myobjects159
2018-11-23 18:22:25,593 [INFO] [NoneStorage] - performing GET at /s3testqwer1/myobjects79
2018-11-23 18:22:25,610 [INFO] [NoneStorage] - performing GET at /s3testqwer2/myobjects35
2018-11-23 18:22:25,794 [INFO] [NoneStorage] - performing GET at /s3testqwer2/myobjects29
2018-11-23 18:22:25,802 [INFO] [NoneStorage] - performing GET at /s3testqwer1/myobjects98
2018-11-23 18:22:25,916 [INFO] [NoneStorage] - performing GET at /s3testqwer2/myobjects14
2018-11-23 18:22:25,925 [INFO] [NoneStorage] - performing GET at /s3testqwer1/myobjects76
2018-11-23 18:22:26,023 [INFO] [NoneStorage] - performing GET at /s3testqwer1/myobjects76
2018-11-23 18:22:26,033 [INFO] [NoneStorage] - performing GET at /s3testqwer2/myobjects32
2018-11-23 18:22:26,131 [INFO] [NoneStorage] - performing GET at /s3testqwer2/myobjects23
2018-11-23 18:22:26,141 [INFO] [NoneStorage] - performing GET at /s3testqwer2/myobjects90
2018-11-23 18:22:26,248 [INFO] [NoneStorage] - performing GET at /s3testqwer2/myobjects73
2018-11-23 18:22:26,248 [INFO] [NoneStorage] - performing GET at /s3testqwer1/myobjects90
2018-11-23 18:22:26,347 [INFO] [NoneStorage] - performing PUT at /s3testqwer2/myobjects180
2018-11-23 18:22:26,357 [INFO] [NoneStorage] - performing GET at /s3testqwer1/myobjects61
2018-11-23 18:22:26,464 [INFO] [NoneStorage] - performing PUT at /s3testqwer2/myobjects199
2018-11-23 18:22:27,052 [INFO] [NoneStorage] - performing GET at /s3testqwer2/myobjects78
2018-11-23 18:22:27,054 [INFO] [NoneStorage] - performing PUT at /s3testqwer2/myobjects163
2018-11-23 18:22:27,054 [INFO] [NoneStorage] - performing GET at /s3testqwer1/myobjects94
2018-11-23 18:22:27,055 [INFO] [NoneStorage] - performing GET at /s3testqwer2/myobjects72
2018-11-23 18:22:27,331 [INFO] [NoneStorage] - performing PUT at /s3testqwer1/myobjects146
2018-11-23 18:22:27,333 [INFO] [NoneStorage] - performing PUT at /s3testqwer2/myobjects121
2018-11-23 18:22:27,363 [INFO] [NoneStorage] - performing PUT at /s3testqwer2/myobjects133
2018-11-23 18:22:27,436 [INFO] [NoneStorage] - performing GET at /s3testqwer1/myobjects38
2018-11-23 18:22:27,630 [INFO] [NoneStorage] - performing GET at /s3testqwer2/myobjects87
2018-11-23 18:22:27,656 [INFO] [NoneStorage] - performing GET at /s3testqwer2/myobjects33
2018-11-23 18:22:27,660 [INFO] [NoneStorage] - performing GET at /s3testqwer1/myobjects8
2018-11-23 18:22:27,683 [INFO] [NoneStorage] - performing GET at /s3testqwer2/myobjects93
2018-11-23 18:22:27,836 [INFO] [NoneStorage] - performing GET at /s3testqwer1/myobjects56
2018-11-23 18:22:27,874 [INFO] [NoneStorage] - performing GET at /s3testqwer2/myobjects97
2018-11-23 18:22:27,856 [INFO] [NoneStorage] - performing GET at /s3testqwer2/myobjects56
2018-11-23 18:22:27,865 [INFO] [NoneStorage] - performing GET at /s3testqwer1/myobjects84
2018-11-23 18:22:28,065 [INFO] [NoneStorage] - performing GET at /s3testqwer2/myobjects23
2018-11-23 18:22:28,073 [INFO] [NoneStorage] - performing GET at /s3testqwer2/myobjects21
2018-11-23 18:22:28,092 [INFO] [NoneStorage] - performing GET at /s3testqwer1/myobjects91
2018-11-23 18:22:28,100 [INFO] [NoneStorage] - performing GET at /s3testqwer2/myobjects2
2018-11-23 18:22:28,279 [INFO] [NoneStorage] - performing GET at /s3testqwer1/myobjects94
2018-11-23 18:22:28,305 [INFO] [NoneStorage] - performing PUT at /s3testqwer1/myobjects167
2018-11-23 18:22:28,314 [INFO] [NoneStorage] - performing GET at /s3testqwer2/myobjects27
2018-11-23 18:22:28,341 [INFO] [NoneStorage] - performing GET at /s3testqwer2/myobjects37
2018-11-23 18:22:28,496 [INFO] [NoneStorage] - performing GET at /s3testqwer1/myobjects73
2018-11-23 18:22:28,538 [INFO] [NoneStorage] - performing PUT at /s3testqwer1/myobjects195
2018-11-23 18:22:28,558 [INFO] [NoneStorage] - performing GET at /s3testqwer1/myobjects52
2018-11-23 18:22:28,622 [INFO] [NoneStorage] - performing GET at /s3testqwer2/myobjects28
2018-11-23 18:22:28,706 [INFO] [NoneStorage] - performing GET at /s3testqwer1/myobjects19
2018-11-23 18:22:28,749 [INFO] [NoneStorage] - performing GET at /s3testqwer2/myobjects43
2018-11-23 18:22:28,802 [INFO] [NoneStorage] - performing GET at /s3testqwer1/myobjects78
2018-11-23 18:22:28,841 [INFO] [NoneStorage] - performing GET at /s3testqwer1/myobjects34
2018-11-23 18:22:28,906 [INFO] [NoneStorage] - performing GET at /s3testqwer2/myobjects15
2018-11-23 18:22:28,959 [INFO] [NoneStorage] - performing PUT at /s3testqwer1/myobjects146
2018-11-23 18:22:29,018 [INFO] [NoneStorage] - performing GET at /s3testqwer2/myobjects19
2018-11-23 18:22:29,051 [INFO] [NoneStorage] - performing GET at /s3testqwer2/myobjects64
2018-11-23 18:22:29,139 [INFO] [NoneStorage] - performing PUT at /s3testqwer2/myobjects111
2018-11-23 18:22:29,236 [INFO] [NoneStorage] - performing GET at /s3testqwer2/myobjects79
2018-11-23 18:22:29,255 [INFO] [NoneStorage] - performing GET at /s3testqwer2/myobjects50
2018-11-23 18:22:29,410 [INFO] [NoneStorage] - performing GET at /s3testqwer2/myobjects50
2018-11-23 18:22:29,420 [INFO] [NoneStorage] - performing GET at /s3testqwer2/myobjects43
2018-11-23 18:22:29,429 [INFO] [NoneStorage] - performing PUT at /s3testqwer1/myobjects139
2018-11-23 18:22:29,497 [INFO] [NoneStorage] - performing GET at /s3testqwer1/myobjects94
2018-11-23 18:22:29,624 [INFO] [NoneStorage] - performing GET at /s3testqwer2/myobjects70
2018-11-23 18:22:29,647 [INFO] [NoneStorage] - performing GET at /s3testqwer2/myobjects98
2018-11-23 18:22:29,676 [INFO] [NoneStorage] - performing GET at /s3testqwer1/myobjects25
2018-11-23 18:22:29,745 [INFO] [NoneStorage] - performing GET at /s3testqwer1/myobjects6
2018-11-23 18:22:29,832 [INFO] [NoneStorage] - performing PUT at /s3testqwer2/myobjects197
2018-11-23 18:22:29,863 [INFO] [NoneStorage] - performing GET at /s3testqwer2/myobjects44
2018-11-23 18:22:29,895 [INFO] [NoneStorage] - performing GET at /s3testqwer1/myobjects6
2018-11-23 18:22:29,930 [INFO] [NoneStorage] - performing GET at /s3testqwer1/myobjects64
2018-11-23 18:22:30,089 [INFO] [NoneStorage] - performing GET at /s3testqwer1/myobjects94
2018-11-23 18:22:30,127 [INFO] [NoneStorage] - performing GET at /s3testqwer1/myobjects80
2018-11-23 18:22:30,136 [INFO] [NoneStorage] - performing PUT at /s3testqwer2/myobjects178
2018-11-23 18:22:30,221 [INFO] [NoneStorage] - performing PUT at /s3testqwer2/myobjects123
2018-11-23 18:22:30,246 [INFO] [NoneStorage] - performing GET at /s3testqwer1/myobjects79
2018-11-23 18:22:30,302 [INFO] [NoneStorage] - performing GET at /s3testqwer1/myobjects5
2018-11-23 18:22:30,361 [INFO] [NoneStorage] - performing GET at /s3testqwer2/myobjects95
2018-11-23 18:22:30,419 [INFO] [NoneStorage] - performing GET at /s3testqwer2/myobjects92
2018-11-23 18:22:30,474 [INFO] [NoneStorage] - performing PUT at /s3testqwer2/myobjects138
2018-11-23 18:22:31,180 [INFO] [NoneStorage] - performing GET at /s3testqwer1/myobjects96
2018-11-23 18:22:31,181 [INFO] [NoneStorage] - performing GET at /s3testqwer2/myobjects1
2018-11-23 18:22:31,182 [INFO] [NoneStorage] - performing GET at /s3testqwer2/myobjects3
2018-11-23 18:22:31,183 [INFO] [NoneStorage] - performing GET at /s3testqwer1/myobjects89
2018-11-23 18:22:31,452 [INFO] [NoneStorage] - performing GET at /s3testqwer2/myobjects69
2018-11-23 18:22:31,455 [INFO] [NoneStorage] - performing GET at /s3testqwer2/myobjects29
2018-11-23 18:22:31,457 [INFO] [NoneStorage] - performing GET at /s3testqwer2/myobjects81
2018-11-23 18:22:31,459 [INFO] [NoneStorage] - performing GET at /s3testqwer1/myobjects81
2018-11-23 18:22:31,644 [INFO] [NoneStorage] - performing GET at /s3testqwer1/myobjects26
2018-11-23 18:22:31,653 [INFO] [NoneStorage] - performing PUT at /s3testqwer1/myobjects150
2018-11-23 18:22:31,662 [INFO] [NoneStorage] - performing PUT at /s3testqwer2/myobjects110
2018-11-23 18:22:31,670 [INFO] [NoneStorage] - performing GET at /s3testqwer1/myobjects38
2018-11-23 18:22:31,867 [INFO] [NoneStorage] - performing GET at /s3testqwer1/myobjects7
2018-11-23 18:22:31,876 [INFO] [NoneStorage] - performing PUT at /s3testqwer1/myobjects109
2018-11-23 18:22:31,961 [INFO] [NoneStorage] - performing GET at /s3testqwer2/myobjects90
2018-11-23 18:22:32,062 [INFO] [NoneStorage] - performing GET at /s3testqwer1/myobjects10
2018-11-23 18:22:32,083 [INFO] [NoneStorage] - performing PUT at /s3testqwer1/myobjects127
2018-11-23 18:22:32,141 [INFO] [NoneStorage] - performing GET at /s3testqwer1/myobjects42
2018-11-23 18:22:32,229 [INFO] [NoneStorage] - performing GET at /s3testqwer2/myobjects38
2018-11-23 18:22:32,262 [INFO] [NoneStorage] - performing GET at /s3testqwer2/myobjects77
2018-11-23 18:22:32,283 [INFO] [NoneStorage] - performing GET at /s3testqwer1/myobjects96
2018-11-23 18:22:32,415 [INFO] [NoneStorage] - performing GET at /s3testqwer1/myobjects12
2018-11-23 18:22:32,447 [INFO] [NoneStorage] - performing GET at /s3testqwer1/myobjects85
2018-11-23 18:22:32,499 [INFO] [NoneStorage] - performing GET at /s3testqwer1/myobjects2
2018-11-23 18:22:32,616 [INFO] [NoneStorage] - performing GET at /s3testqwer2/myobjects34
2018-11-23 18:22:32,658 [INFO] [NoneStorage] - performing GET at /s3testqwer1/myobjects15
2018-11-23 18:22:32,680 [INFO] [NoneStorage] - performing GET at /s3testqwer2/myobjects3
2018-11-23 18:22:32,746 [INFO] [NoneStorage] - performing GET at /s3testqwer2/myobjects9
2018-11-23 18:22:32,799 [INFO] [NoneStorage] - performing GET at /s3testqwer2/myobjects91
2018-11-23 18:22:32,864 [INFO] [NoneStorage] - performing GET at /s3testqwer2/myobjects97
2018-11-23 18:22:32,873 [INFO] [NoneStorage] - performing GET at /s3testqwer2/myobjects21
2018-11-23 18:22:32,937 [INFO] [NoneStorage] - performing GET at /s3testqwer2/myobjects29
2018-11-23 18:22:33,013 [INFO] [NoneStorage] - performing GET at /s3testqwer2/myobjects47
2018-11-23 18:22:33,077 [INFO] [NoneStorage] - performing GET at /s3testqwer2/myobjects53
2018-11-23 18:22:33,087 [INFO] [NoneStorage] - performing GET at /s3testqwer1/myobjects77
2018-11-23 18:22:33,176 [INFO] [NoneStorage] - performing GET at /s3testqwer2/myobjects31
2018-11-23 18:22:33,229 [INFO] [NoneStorage] - performing GET at /s3testqwer1/myobjects80
2018-11-23 18:22:33,293 [INFO] [NoneStorage] - performing PUT at /s3testqwer2/myobjects177
2018-11-23 18:22:33,300 [INFO] [NoneStorage] - performing GET at /s3testqwer2/myobjects48
2018-11-23 18:22:33,384 [INFO] [NoneStorage] - performing GET at /s3testqwer2/myobjects97
2018-11-23 18:22:33,436 [INFO] [NoneStorage] - performing GET at /s3testqwer2/myobjects15
2018-11-23 18:22:33,509 [INFO] [NoneStorage] - performing GET at /s3testqwer2/myobjects21
2018-11-23 18:22:33,573 [INFO] [NoneStorage] - performing GET at /s3testqwer2/myobjects90
2018-11-23 18:22:33,637 [INFO] [NoneStorage] - performing GET at /s3testqwer1/myobjects74
2018-11-23 18:22:33,637 [INFO] [NoneStorage] - performing GET at /s3testqwer2/myobjects37
2018-11-23 18:22:33,715 [INFO] [NoneStorage] - performing GET at /s3testqwer1/myobjects64
2018-11-23 18:22:33,783 [INFO] [NoneStorage] - performing GET at /s3testqwer2/myobjects4
2018-11-23 18:22:33,827 [INFO] [NoneStorage] - performing GET at /s3testqwer1/myobjects2
2018-11-23 18:22:33,857 [INFO] [NoneStorage] - performing GET at /s3testqwer1/myobjects27
2018-11-23 18:22:33,928 [INFO] [NoneStorage] - performing GET at /s3testqwer2/myobjects39
2018-11-23 18:22:33,994 [INFO] [NoneStorage] - performing GET at /s3testqwer1/myobjects4
2018-11-23 18:22:34,058 [INFO] [NoneStorage] - performing GET at /s3testqwer2/myobjects81
2018-11-23 18:22:34,069 [INFO] [NoneStorage] - performing GET at /s3testqwer2/myobjects6
2018-11-23 18:22:34,167 [INFO] [NoneStorage] - performing GET at /s3testqwer1/myobjects1
2018-11-23 18:22:34,211 [INFO] [NoneStorage] - performing GET at /s3testqwer1/myobjects57
2018-11-23 18:22:34,265 [INFO] [NoneStorage] - performing GET at /s3testqwer1/myobjects99
2018-11-23 18:22:34,285 [INFO] [NoneStorage] - performing GET at /s3testqwer2/myobjects60
2018-11-23 18:22:34,455 [ERROR] [ErrorStatistics] - error code: N/A occurred 352 times, fail to operate: s3testqwer2/myobjects94, s3testqwer2/myobjects94, s3testqwer1/myobjects52, s3testqwer2/myobjects89, s3testqwer1/myobjects9, s3testqwer1/myobjects77, s3testqwer1/myobjects38, s3testqwer1/myobjects81, s3testqwer2/myobjects92, s3testqwer1/myobjects11, s3testqwer2/myobjects41, s3testqwer2/myobjects53, s3testqwer1/myobjects70, s3testqwer2/myobjects52, s3testqwer2/myobjects9, s3testqwer2/myobjects83, s3testqwer2/myobjects56, s3testqwer2/myobjects39, s3testqwer2/myobjects62, s3testqwer1/myobjects1, s3testqwer1/myobjects91, s3testqwer1/myobjects25, s3testqwer1/myobjects54, s3testqwer1/myobjects77, s3testqwer2/myobjects18, s3testqwer2/myobjects85, s3testqwer2/myobjects6, s3testqwer2/myobjects11, s3testqwer2/myobjects6, s3testqwer2/myobjects56, s3testqwer2/myobjects22, s3testqwer1/myobjects79, s3testqwer2/myobjects68, s3testqwer1/myobjects36, s3testqwer2/myobjects51, s3testqwer1/myobjects68, s3testqwer1/myobjects41, s3testqwer2/myobjects23, s3testqwer1/myobjects55, s3testqwer1/myobjects38, s3testqwer2/myobjects22, s3testqwer2/myobjects78, s3testqwer1/myobjects55, s3testqwer2/myobjects90, s3testqwer2/myobjects26, s3testqwer2/myobjects68, s3testqwer1/myobjects90, s3testqwer1/myobjects41, s3testqwer2/myobjects9, s3testqwer2/myobjects47, s3testqwer1/myobjects43, s3testqwer2/myobjects44, s3testqwer1/myobjects59, s3testqwer1/myobjects93, s3testqwer2/myobjects10, s3testqwer1/myobjects58, s3testqwer2/myobjects2, s3testqwer1/myobjects100, s3testqwer2/myobjects44, s3testqwer2/myobjects70, s3testqwer2/myobjects58, s3testqwer2/myobjects61, s3testqwer1/myobjects94, s3testqwer2/myobjects11, s3testqwer1/myobjects96, s3testqwer2/myobjects40, s3testqwer2/myobjects86, s3testqwer1/myobjects95, s3testqwer2/myobjects71, s3testqwer1/myobjects56, s3testqwer1/myobjects98, s3testqwer2/myobjects5, s3testqwer2/myobjects79, s3testqwer1/myobjects30, s3testqwer1/myobjects56, s3testqwer1/myobjects84, s3testqwer2/myobjects63, s3testqwer2/myobjects9, s3testqwer1/myobjects37, s3testqwer2/myobjects91, s3testqwer2/myobjects34, s3testqwer2/myobjects8, s3testqwer2/myobjects65, s3testqwer1/myobjects73, s3testqwer2/myobjects60, s3testqwer2/myobjects37, s3testqwer1/myobjects74, s3testqwer2/myobjects75, s3testqwer1/myobjects21, s3testqwer1/myobjects40, s3testqwer2/myobjects13, s3testqwer1/myobjects93, s3testqwer2/myobjects51, s3testqwer1/myobjects95, s3testqwer2/myobjects65, s3testqwer2/myobjects34, s3testqwer2/myobjects69, s3testqwer2/myobjects72, s3testqwer1/myobjects7, s3testqwer2/myobjects85, s3testqwer2/myobjects22, s3testqwer2/myobjects13, s3testqwer2/myobjects61, s3testqwer1/myobjects26, s3testqwer1/myobjects35, s3testqwer2/myobjects47, s3testqwer1/myobjects2, s3testqwer1/myobjects29, s3testqwer1/myobjects25, s3testqwer1/myobjects65, s3testqwer1/myobjects73, s3testqwer1/myobjects14, s3testqwer2/myobjects70, s3testqwer1/myobjects84, s3testqwer2/myobjects100, s3testqwer1/myobjects1, s3testqwer2/myobjects95, s3testqwer2/myobjects93, s3testqwer2/myobjects34, s3testqwer1/myobjects89, s3testqwer2/myobjects72, s3testqwer1/myobjects21, s3testqwer1/myobjects76, s3testqwer1/myobjects95, s3testqwer1/myobjects18, s3testqwer2/myobjects98, s3testqwer1/myobjects62, s3testqwer1/myobjects27, s3testqwer2/myobjects45, s3testqwer1/myobjects98, s3testqwer1/myobjects79, s3testqwer1/myobjects37, s3testqwer1/myobjects8, s3testqwer1/myobjects39, s3testqwer2/myobjects74, s3testqwer2/myobjects77, s3testqwer2/myobjects50, s3testqwer1/myobjects36, s3testqwer1/myobjects69, s3testqwer1/myobjects30, s3testqwer1/myobjects94, s3testqwer1/myobjects84, s3testqwer1/myobjects37, s3testqwer1/myobjects31, s3testqwer2/myobjects21, s3testqwer1/myobjects1, s3testqwer1/myobjects91, s3testqwer2/myobjects18, s3testqwer1/myobjects84, s3testqwer2/myobjects85, s3testqwer1/myobjects98, s3testqwer2/myobjects42, s3testqwer1/myobjects16, s3testqwer1/myobjects37, s3testqwer1/myobjects68, s3testqwer2/myobjects2, s3testqwer2/myobjects56, s3testqwer1/myobjects17, s3testqwer2/myobjects16, s3testqwer2/myobjects27, s3testqwer2/myobjects69, s3testqwer2/myobjects49, s3testqwer2/myobjects46, s3testqwer1/myobjects56, s3testqwer2/myobjects94, s3testqwer1/myobjects98, s3testqwer2/myobjects59, s3testqwer2/myobjects91, s3testqwer2/myobjects73, s3testqwer2/myobjects92, s3testqwer2/myobjects11, s3testqwer2/myobjects27, s3testqwer2/myobjects91, s3testqwer2/myobjects66, s3testqwer2/myobjects35, s3testqwer2/myobjects53, s3testqwer1/myobjects52, s3testqwer2/myobjects74, s3testqwer2/myobjects82, s3testqwer2/myobjects84, s3testqwer1/myobjects32, s3testqwer2/myobjects79, s3testqwer1/myobjects7, s3testqwer1/myobjects68, s3testqwer1/myobjects30, s3testqwer2/myobjects100, s3testqwer2/myobjects42, s3testqwer1/myobjects56, s3testqwer1/myobjects61, s3testqwer1/myobjects48, s3testqwer1/myobjects27, s3testqwer2/myobjects68, s3testqwer2/myobjects1, s3testqwer1/myobjects69, s3testqwer2/myobjects70, s3testqwer1/myobjects28, s3testqwer2/myobjects49, s3testqwer2/myobjects63, s3testqwer2/myobjects61, s3testqwer1/myobjects62, s3testqwer2/myobjects36, s3testqwer1/myobjects57, s3testqwer2/myobjects97, s3testqwer2/myobjects20, s3testqwer2/myobjects82, s3testqwer1/myobjects67, s3testqwer1/myobjects46, s3testqwer2/myobjects92, s3testqwer1/myobjects65, s3testqwer1/myobjects90, s3testqwer2/myobjects21, s3testqwer1/myobjects46, s3testqwer1/myobjects79, s3testqwer2/myobjects78, s3testqwer1/myobjects50, s3testqwer2/myobjects10, s3testqwer2/myobjects45, s3testqwer2/myobjects1, s3testqwer1/myobjects64, s3testqwer1/myobjects12, s3testqwer1/myobjects30, s3testqwer2/myobjects52, s3testqwer2/myobjects34, s3testqwer1/myobjects15, s3testqwer1/myobjects99, s3testqwer2/myobjects52, s3testqwer1/myobjects52, s3testqwer1/myobjects97, s3testqwer1/myobjects16, s3testqwer2/myobjects12, s3testqwer2/myobjects61, s3testqwer1/myobjects100, s3testqwer1/myobjects51, s3testqwer2/myobjects44, s3testqwer2/myobjects37, s3testqwer2/myobjects83, s3testqwer2/myobjects13, s3testqwer1/myobjects77, s3testqwer2/myobjects65, s3testqwer2/myobjects71, s3testqwer1/myobjects76, s3testqwer1/myobjects6, s3testqwer1/myobjects1, s3testqwer2/myobjects18, s3testqwer2/myobjects37, s3testqwer1/myobjects42, s3testqwer2/myobjects35, s3testqwer1/myobjects79, s3testqwer1/myobjects98, s3testqwer2/myobjects29, s3testqwer2/myobjects14, s3testqwer1/myobjects76, s3testqwer1/myobjects76, s3testqwer2/myobjects32, s3testqwer2/myobjects90, s3testqwer2/myobjects23, s3testqwer1/myobjects90, s3testqwer2/myobjects73, s3testqwer1/myobjects94, s3testqwer2/myobjects72, s3testqwer2/myobjects78, s3testqwer2/myobjects87, s3testqwer2/myobjects33, s3testqwer1/myobjects8, s3testqwer2/myobjects93, s3testqwer2/myobjects56, s3testqwer1/myobjects84, s3testqwer2/myobjects97, s3testqwer1/myobjects56, s3testqwer2/myobjects21, s3testqwer2/myobjects23, s3testqwer2/myobjects2, s3testqwer1/myobjects91, s3testqwer1/myobjects94, s3testqwer2/myobjects27, s3testqwer2/myobjects37, s3testqwer1/myobjects73, s3testqwer1/myobjects52, s3testqwer2/myobjects28, s3testqwer1/myobjects19, s3testqwer2/myobjects43, s3testqwer1/myobjects78, s3testqwer1/myobjects34, s3testqwer2/myobjects15, s3testqwer2/myobjects19, s3testqwer2/myobjects64, s3testqwer2/myobjects79, s3testqwer2/myobjects50, s3testqwer2/myobjects50, s3testqwer2/myobjects43, s3testqwer1/myobjects94, s3testqwer2/myobjects70, s3testqwer2/myobjects98, s3testqwer1/myobjects25, s3testqwer1/myobjects6, s3testqwer2/myobjects44, s3testqwer1/myobjects6, s3testqwer1/myobjects64, s3testqwer1/myobjects94, s3testqwer1/myobjects80, s3testqwer2/myobjects1, s3testqwer1/myobjects89, s3testqwer1/myobjects96, s3testqwer2/myobjects3, s3testqwer2/myobjects69, s3testqwer2/myobjects29, s3testqwer2/myobjects81, s3testqwer1/myobjects81, s3testqwer1/myobjects38, s3testqwer1/myobjects26, s3testqwer1/myobjects7, s3testqwer2/myobjects90, s3testqwer1/myobjects10, s3testqwer1/myobjects42, s3testqwer2/myobjects38, s3testqwer2/myobjects77, s3testqwer1/myobjects96, s3testqwer1/myobjects85, s3testqwer1/myobjects12, s3testqwer1/myobjects2, s3testqwer2/myobjects34, s3testqwer1/myobjects15, s3testqwer2/myobjects3, s3testqwer2/myobjects9, s3testqwer2/myobjects91, s3testqwer2/myobjects21, s3testqwer2/myobjects97, s3testqwer2/myobjects29, s3testqwer2/myobjects47, s3testqwer1/myobjects77, s3testqwer2/myobjects53, s3testqwer2/myobjects31, s3testqwer1/myobjects80, s3testqwer2/myobjects48, s3testqwer2/myobjects97, s3testqwer2/myobjects15, s3testqwer2/myobjects21, s3testqwer2/myobjects90, s3testqwer2/myobjects37, s3testqwer1/myobjects74, s3testqwer1/myobjects64, s3testqwer2/myobjects4, s3testqwer1/myobjects2, s3testqwer1/myobjects27, s3testqwer2/myobjects39, s3testqwer1/myobjects4, s3testqwer2/myobjects6, s3testqwer2/myobjects81, s3testqwer1/myobjects1, s3testqwer1/myobjects57, s3testqwer1/myobjects99, s3testqwer2/myobjects60
com.amazonaws.AmazonClientException: Unable to verify integrity of data download.  Client calculated content hash didn't match hash calculated by Amazon S3.  The data may be corrupt.
	at com.amazonaws.services.s3.internal.DigestValidationInputStream.validateMD5Digest(DigestValidationInputStream.java:79)
	at com.amazonaws.services.s3.internal.DigestValidationInputStream.read(DigestValidationInputStream.java:61)
	at com.amazonaws.internal.SdkFilterInputStream.read(SdkFilterInputStream.java:72)
	at com.amazonaws.services.s3.model.S3ObjectInputStream.read(S3ObjectInputStream.java:155)
	at com.amazonaws.services.s3.model.S3ObjectInputStream.read(S3ObjectInputStream.java:147)
	at com.intel.cosbench.driver.operator.Reader.copyLarge(Reader.java:120)
	at com.intel.cosbench.driver.operator.Reader.doRead(Reader.java:92)
	at com.intel.cosbench.driver.operator.Reader.operate(Reader.java:69)
	at com.intel.cosbench.driver.operator.AbstractOperator.operate(AbstractOperator.java:76)
	at com.intel.cosbench.driver.agent.WorkAgent.performOperation(WorkAgent.java:197)
	at com.intel.cosbench.driver.agent.WorkAgent.doWork(WorkAgent.java:177)
	at com.intel.cosbench.driver.agent.WorkAgent.execute(WorkAgent.java:134)
	at com.intel.cosbench.driver.agent.AbstractAgent.call(AbstractAgent.java:44)
	at com.intel.cosbench.driver.agent.AbstractAgent.call(AbstractAgent.java:1)
	at java.util.concurrent.FutureTask.run(FutureTask.java:266)
	at java.util.concurrent.ThreadPoolExecutor.runWorker(ThreadPoolExecutor.java:1149)
	at java.util.concurrent.ThreadPoolExecutor$Worker.run(ThreadPoolExecutor.java:624)
	at java.lang.Thread.run(Thread.java:748)
