2018-11-22 15:12:52,030 [INFO] [Log4jLogManager] - will append log to file /root/git/0.4.2.c4/log/mission/MD3B5650DC7.log
2018-11-22 15:12:52,334 [INFO] [NoneStorage] - performing GET at /s3testqwer2/myobjects78
2018-11-22 15:12:52,334 [INFO] [NoneStorage] - performing GET at /s3testqwer1/myobjects64
2018-11-22 15:12:52,339 [INFO] [NoneStorage] - performing GET at /s3testqwer1/myobjects93
2018-11-22 15:12:52,340 [INFO] [NoneStorage] - performing GET at /s3testqwer1/myobjects87
2018-11-22 15:12:52,650 [ERROR] [AbstractOperator] - worker 2 fail to perform operation s3testqwer1/myobjects64
com.amazonaws.AmazonClientException: Unable to verify integrity of data download.  Client calculated content hash didn't match hash calculated by Amazon S3.  The data may be corrupt.
	at com.amazonaws.services.s3.internal.DigestValidationInputStream.validateMD5Digest(DigestValidationInputStream.java:79)
	at com.amazonaws.services.s3.internal.DigestValidationInputStream.read(DigestValidationInputStream.java:61)
	at com.amazonaws.internal.SdkFilterInputStream.read(SdkFilterInputStream.java:72)
	at com.amazonaws.services.s3.model.S3ObjectInputStream.read(S3ObjectInputStream.java:155)
	at com.amazonaws.services.s3.model.S3ObjectInputStream.read(S3ObjectInputStream.java:147)
	at com.intel.cosbench.driver.operator.Reader.copyLarge(Reader.java:120)
	at com.intel.cosbench.driver.operator.Reader.doRead(Reader.java:92)
	at com.intel.cosbench.driver.operator.Reader.operate(Reader.java:69)
	at com.intel.cosbench.driver.operator.AbstractOperator.operate(AbstractOperator.java:76)
	at com.intel.cosbench.driver.agent.WorkAgent.performOperation(WorkAgent.java:197)
	at com.intel.cosbench.driver.agent.WorkAgent.doWork(WorkAgent.java:177)
	at com.intel.cosbench.driver.agent.WorkAgent.execute(WorkAgent.java:134)
	at com.intel.cosbench.driver.agent.AbstractAgent.call(AbstractAgent.java:44)
	at com.intel.cosbench.driver.agent.AbstractAgent.call(AbstractAgent.java:1)
	at java.util.concurrent.FutureTask.run(FutureTask.java:266)
	at java.util.concurrent.ThreadPoolExecutor.runWorker(ThreadPoolExecutor.java:1149)
	at java.util.concurrent.ThreadPoolExecutor$Worker.run(ThreadPoolExecutor.java:624)
	at java.lang.Thread.run(Thread.java:748)
2018-11-22 15:12:52,668 [INFO] [NoneStorage] - performing GET at /s3testqwer1/myobjects22
2018-11-22 15:12:52,668 [INFO] [NoneStorage] - performing GET at /s3testqwer1/myobjects22
2018-11-22 15:12:52,668 [INFO] [NoneStorage] - performing GET at /s3testqwer1/myobjects67
2018-11-22 15:12:52,669 [INFO] [NoneStorage] - performing GET at /s3testqwer1/myobjects89
2018-11-22 15:12:52,856 [INFO] [NoneStorage] - performing GET at /s3testqwer1/myobjects90
2018-11-22 15:12:52,888 [INFO] [NoneStorage] - performing GET at /s3testqwer2/myobjects4
2018-11-22 15:12:52,890 [INFO] [NoneStorage] - performing GET at /s3testqwer1/myobjects47
2018-11-22 15:12:52,890 [INFO] [NoneStorage] - performing GET at /s3testqwer2/myobjects96
2018-11-22 15:12:53,097 [INFO] [NoneStorage] - performing GET at /s3testqwer2/myobjects62
2018-11-22 15:12:53,108 [INFO] [NoneStorage] - performing GET at /s3testqwer1/myobjects24
2018-11-22 15:12:53,109 [INFO] [NoneStorage] - performing GET at /s3testqwer1/myobjects29
2018-11-22 15:12:53,121 [INFO] [NoneStorage] - performing GET at /s3testqwer1/myobjects34
2018-11-22 15:12:53,329 [INFO] [NoneStorage] - performing PUT at /s3testqwer2/myobjects159
2018-11-22 15:12:53,343 [INFO] [NoneStorage] - performing PUT at /s3testqwer2/myobjects197
2018-11-22 15:12:53,343 [INFO] [NoneStorage] - performing GET at /s3testqwer2/myobjects79
2018-11-22 15:12:53,344 [INFO] [NoneStorage] - performing GET at /s3testqwer1/myobjects82
2018-11-22 15:12:53,526 [INFO] [NoneStorage] - performing GET at /s3testqwer2/myobjects74
2018-11-22 15:12:53,559 [INFO] [NoneStorage] - performing GET at /s3testqwer1/myobjects60
2018-11-22 15:12:53,756 [INFO] [NoneStorage] - performing GET at /s3testqwer1/myobjects93
2018-11-22 15:12:53,780 [INFO] [NoneStorage] - performing GET at /s3testqwer1/myobjects40
2018-11-22 15:12:53,781 [INFO] [NoneStorage] - performing GET at /s3testqwer1/myobjects5
2018-11-22 15:12:53,794 [INFO] [NoneStorage] - performing GET at /s3testqwer1/myobjects49
2018-11-22 15:12:53,947 [INFO] [NoneStorage] - performing GET at /s3testqwer2/myobjects4
2018-11-22 15:12:53,969 [INFO] [NoneStorage] - performing PUT at /s3testqwer1/myobjects158
2018-11-22 15:12:53,978 [INFO] [NoneStorage] - performing GET at /s3testqwer1/myobjects13
2018-11-22 15:12:54,034 [INFO] [NoneStorage] - performing GET at /s3testqwer2/myobjects76
2018-11-22 15:12:54,165 [INFO] [NoneStorage] - performing GET at /s3testqwer2/myobjects30
2018-11-22 15:12:54,186 [INFO] [NoneStorage] - performing GET at /s3testqwer1/myobjects47
2018-11-22 15:12:54,207 [INFO] [NoneStorage] - performing GET at /s3testqwer1/myobjects49
2018-11-22 15:12:54,365 [INFO] [NoneStorage] - performing GET at /s3testqwer1/myobjects43
2018-11-22 15:12:54,397 [INFO] [NoneStorage] - performing PUT at /s3testqwer2/myobjects159
2018-11-22 15:12:54,399 [INFO] [NoneStorage] - performing GET at /s3testqwer1/myobjects26
2018-11-22 15:12:54,545 [INFO] [NoneStorage] - performing PUT at /s3testqwer1/myobjects134
2018-11-22 15:12:54,556 [INFO] [NoneStorage] - performing GET at /s3testqwer2/myobjects23
2018-11-22 15:12:54,680 [INFO] [NoneStorage] - performing GET at /s3testqwer2/myobjects87
2018-11-22 15:12:54,782 [INFO] [NoneStorage] - performing GET at /s3testqwer1/myobjects83
2018-11-22 15:12:54,796 [INFO] [NoneStorage] - performing GET at /s3testqwer2/myobjects74
2018-11-22 15:12:54,797 [INFO] [NoneStorage] - performing GET at /s3testqwer1/myobjects100
2018-11-22 15:12:54,797 [INFO] [NoneStorage] - performing GET at /s3testqwer1/myobjects53
2018-11-22 15:12:54,923 [INFO] [NoneStorage] - performing GET at /s3testqwer1/myobjects73
2018-11-22 15:12:54,998 [INFO] [NoneStorage] - performing PUT at /s3testqwer2/myobjects140
2018-11-22 15:12:55,015 [INFO] [NoneStorage] - performing GET at /s3testqwer1/myobjects8
2018-11-22 15:12:55,019 [INFO] [NoneStorage] - performing PUT at /s3testqwer1/myobjects168
2018-11-22 15:12:55,149 [INFO] [NoneStorage] - performing PUT at /s3testqwer1/myobjects186
2018-11-22 15:12:55,225 [INFO] [NoneStorage] - performing GET at /s3testqwer1/myobjects100
2018-11-22 15:12:55,348 [INFO] [NoneStorage] - performing GET at /s3testqwer1/myobjects61
2018-11-22 15:12:55,359 [INFO] [NoneStorage] - performing PUT at /s3testqwer1/myobjects193
2018-11-22 15:12:55,414 [INFO] [NoneStorage] - performing PUT at /s3testqwer1/myobjects161
2018-11-22 15:12:55,481 [INFO] [NoneStorage] - performing GET at /s3testqwer2/myobjects2
2018-11-22 15:12:55,516 [INFO] [NoneStorage] - performing PUT at /s3testqwer1/myobjects131
2018-11-22 15:12:55,686 [INFO] [NoneStorage] - performing GET at /s3testqwer1/myobjects71
2018-11-22 15:12:55,709 [INFO] [NoneStorage] - performing GET at /s3testqwer1/myobjects6
2018-11-22 15:12:55,802 [INFO] [NoneStorage] - performing GET at /s3testqwer2/myobjects59
2018-11-22 15:12:55,844 [INFO] [NoneStorage] - performing GET at /s3testqwer2/myobjects83
2018-11-22 15:12:55,866 [INFO] [NoneStorage] - performing GET at /s3testqwer1/myobjects61
2018-11-22 15:12:55,910 [INFO] [NoneStorage] - performing GET at /s3testqwer2/myobjects88
2018-11-22 15:12:55,985 [INFO] [NoneStorage] - performing GET at /s3testqwer2/myobjects58
2018-11-22 15:12:56,038 [INFO] [NoneStorage] - performing GET at /s3testqwer2/myobjects10
2018-11-22 15:12:56,101 [INFO] [NoneStorage] - performing GET at /s3testqwer1/myobjects2
2018-11-22 15:12:56,110 [INFO] [NoneStorage] - performing GET at /s3testqwer1/myobjects30
2018-11-22 15:12:56,196 [INFO] [NoneStorage] - performing GET at /s3testqwer1/myobjects75
2018-11-22 15:12:56,249 [INFO] [NoneStorage] - performing PUT at /s3testqwer1/myobjects121
2018-11-22 15:12:56,301 [INFO] [NoneStorage] - performing GET at /s3testqwer2/myobjects26
2018-11-22 15:12:56,310 [INFO] [NoneStorage] - performing GET at /s3testqwer2/myobjects25
2018-11-22 15:12:56,442 [INFO] [NoneStorage] - performing GET at /s3testqwer1/myobjects19
2018-11-22 15:12:56,499 [INFO] [NoneStorage] - performing GET at /s3testqwer2/myobjects84
2018-11-22 15:12:56,520 [INFO] [NoneStorage] - performing GET at /s3testqwer2/myobjects67
2018-11-22 15:12:56,607 [INFO] [NoneStorage] - performing GET at /s3testqwer1/myobjects38
2018-11-22 15:12:56,661 [INFO] [NoneStorage] - performing GET at /s3testqwer2/myobjects69
2018-11-22 15:12:56,682 [INFO] [NoneStorage] - performing GET at /s3testqwer1/myobjects40
2018-11-22 15:12:56,781 [INFO] [NoneStorage] - performing GET at /s3testqwer2/myobjects10
2018-11-22 15:12:56,835 [INFO] [NoneStorage] - performing GET at /s3testqwer1/myobjects100
2018-11-22 15:12:56,854 [INFO] [NoneStorage] - performing GET at /s3testqwer1/myobjects55
2018-11-22 15:12:56,844 [INFO] [NoneStorage] - performing GET at /s3testqwer1/myobjects16
2018-11-22 15:12:56,935 [INFO] [NoneStorage] - performing PUT at /s3testqwer2/myobjects118
2018-11-22 15:12:57,054 [INFO] [NoneStorage] - performing GET at /s3testqwer2/myobjects1
2018-11-22 15:12:57,063 [INFO] [NoneStorage] - performing GET at /s3testqwer2/myobjects31
2018-11-22 15:12:57,081 [INFO] [NoneStorage] - performing GET at /s3testqwer2/myobjects53
2018-11-22 15:12:57,264 [INFO] [NoneStorage] - performing GET at /s3testqwer1/myobjects46
2018-11-22 15:12:57,284 [INFO] [NoneStorage] - performing GET at /s3testqwer1/myobjects85
2018-11-22 15:12:57,294 [INFO] [NoneStorage] - performing GET at /s3testqwer2/myobjects58
2018-11-22 15:12:57,320 [INFO] [NoneStorage] - performing GET at /s3testqwer2/myobjects74
2018-11-22 15:12:57,486 [INFO] [NoneStorage] - performing GET at /s3testqwer2/myobjects87
2018-11-22 15:12:57,495 [INFO] [NoneStorage] - performing PUT at /s3testqwer1/myobjects194
2018-11-22 15:12:57,505 [INFO] [NoneStorage] - performing GET at /s3testqwer1/myobjects26
2018-11-22 15:12:57,513 [INFO] [NoneStorage] - performing GET at /s3testqwer2/myobjects52
2018-11-22 15:12:57,757 [INFO] [NoneStorage] - performing PUT at /s3testqwer2/myobjects108
2018-11-22 15:12:57,767 [INFO] [NoneStorage] - performing GET at /s3testqwer2/myobjects17
2018-11-22 15:12:57,776 [INFO] [NoneStorage] - performing GET at /s3testqwer1/myobjects81
2018-11-22 15:12:57,904 [INFO] [NoneStorage] - performing GET at /s3testqwer2/myobjects95
2018-11-22 15:12:58,015 [INFO] [NoneStorage] - performing PUT at /s3testqwer1/myobjects106
2018-11-22 15:12:58,024 [INFO] [NoneStorage] - performing GET at /s3testqwer2/myobjects11
2018-11-22 15:12:58,127 [INFO] [NoneStorage] - performing GET at /s3testqwer2/myobjects14
2018-11-22 15:12:58,154 [INFO] [NoneStorage] - performing GET at /s3testqwer2/myobjects8
2018-11-22 15:12:58,252 [INFO] [NoneStorage] - performing GET at /s3testqwer2/myobjects6
2018-11-22 15:12:58,357 [INFO] [NoneStorage] - performing GET at /s3testqwer2/myobjects82
2018-11-22 15:12:58,366 [INFO] [NoneStorage] - performing PUT at /s3testqwer1/myobjects127
2018-11-22 15:12:58,367 [INFO] [NoneStorage] - performing GET at /s3testqwer2/myobjects14
2018-11-22 15:12:58,437 [INFO] [NoneStorage] - performing GET at /s3testqwer2/myobjects68
2018-11-22 15:12:58,571 [INFO] [NoneStorage] - performing GET at /s3testqwer2/myobjects39
2018-11-22 15:12:58,582 [INFO] [NoneStorage] - performing GET at /s3testqwer1/myobjects39
2018-11-22 15:12:58,670 [INFO] [NoneStorage] - performing GET at /s3testqwer1/myobjects87
2018-11-22 15:12:58,712 [INFO] [NoneStorage] - performing GET at /s3testqwer1/myobjects85
2018-11-22 15:12:58,764 [INFO] [NoneStorage] - performing PUT at /s3testqwer2/myobjects109
2018-11-22 15:12:58,774 [INFO] [NoneStorage] - performing GET at /s3testqwer1/myobjects41
2018-11-22 15:12:58,888 [INFO] [NoneStorage] - performing GET at /s3testqwer2/myobjects38
2018-11-22 15:12:58,919 [INFO] [NoneStorage] - performing GET at /s3testqwer2/myobjects41
2018-11-22 15:12:58,985 [INFO] [NoneStorage] - performing PUT at /s3testqwer1/myobjects165
2018-11-22 15:12:59,114 [INFO] [NoneStorage] - performing GET at /s3testqwer2/myobjects8
2018-11-22 15:12:59,114 [INFO] [NoneStorage] - performing GET at /s3testqwer1/myobjects3
2018-11-22 15:12:59,124 [INFO] [NoneStorage] - performing GET at /s3testqwer2/myobjects14
2018-11-22 15:12:59,313 [INFO] [NoneStorage] - performing PUT at /s3testqwer2/myobjects123
2018-11-22 15:12:59,322 [INFO] [NoneStorage] - performing PUT at /s3testqwer1/myobjects104
2018-11-22 15:12:59,335 [INFO] [NoneStorage] - performing GET at /s3testqwer2/myobjects3
2018-11-22 15:12:59,336 [INFO] [NoneStorage] - performing GET at /s3testqwer2/myobjects13
2018-11-22 15:12:59,543 [INFO] [NoneStorage] - performing GET at /s3testqwer2/myobjects39
2018-11-22 15:12:59,567 [INFO] [NoneStorage] - performing GET at /s3testqwer2/myobjects97
2018-11-22 15:12:59,716 [INFO] [NoneStorage] - performing GET at /s3testqwer2/myobjects99
2018-11-22 15:12:59,725 [INFO] [NoneStorage] - performing GET at /s3testqwer2/myobjects24
2018-11-22 15:12:59,822 [INFO] [NoneStorage] - performing GET at /s3testqwer2/myobjects56
2018-11-22 15:12:59,831 [INFO] [NoneStorage] - performing GET at /s3testqwer1/myobjects63
2018-11-22 15:12:59,929 [INFO] [NoneStorage] - performing GET at /s3testqwer1/myobjects76
2018-11-22 15:12:59,938 [INFO] [NoneStorage] - performing GET at /s3testqwer2/myobjects78
2018-11-22 15:13:00,039 [INFO] [NoneStorage] - performing PUT at /s3testqwer1/myobjects159
2018-11-22 15:13:00,046 [INFO] [NoneStorage] - performing GET at /s3testqwer2/myobjects33
2018-11-22 15:13:00,111 [INFO] [NoneStorage] - performing GET at /s3testqwer2/myobjects21
2018-11-22 15:13:00,112 [INFO] [NoneStorage] - performing GET at /s3testqwer2/myobjects34
2018-11-22 15:13:00,197 [INFO] [NoneStorage] - performing GET at /s3testqwer1/myobjects97
2018-11-22 15:13:00,304 [INFO] [NoneStorage] - performing GET at /s3testqwer1/myobjects66
2018-11-22 15:13:00,312 [INFO] [NoneStorage] - performing GET at /s3testqwer2/myobjects76
2018-11-22 15:13:00,380 [INFO] [NoneStorage] - performing GET at /s3testqwer1/myobjects96
2018-11-22 15:13:00,401 [INFO] [NoneStorage] - performing GET at /s3testqwer2/myobjects4
2018-11-22 15:13:00,519 [INFO] [NoneStorage] - performing GET at /s3testqwer1/myobjects30
2018-11-22 15:13:00,528 [INFO] [NoneStorage] - performing GET at /s3testqwer1/myobjects3
2018-11-22 15:13:00,581 [INFO] [NoneStorage] - performing GET at /s3testqwer1/myobjects65
2018-11-22 15:13:00,603 [INFO] [NoneStorage] - performing GET at /s3testqwer1/myobjects36
2018-11-22 15:13:00,722 [INFO] [NoneStorage] - performing GET at /s3testqwer1/myobjects27
2018-11-22 15:13:00,731 [INFO] [NoneStorage] - performing GET at /s3testqwer2/myobjects46
2018-11-22 15:13:00,762 [INFO] [NoneStorage] - performing GET at /s3testqwer2/myobjects70
2018-11-22 15:13:00,827 [INFO] [NoneStorage] - performing GET at /s3testqwer2/myobjects73
2018-11-22 15:13:00,937 [INFO] [NoneStorage] - performing GET at /s3testqwer1/myobjects50
2018-11-22 15:13:00,955 [INFO] [NoneStorage] - performing GET at /s3testqwer2/myobjects40
2018-11-22 15:13:00,977 [INFO] [NoneStorage] - performing PUT at /s3testqwer1/myobjects132
2018-11-22 15:13:01,053 [INFO] [NoneStorage] - performing GET at /s3testqwer1/myobjects78
2018-11-22 15:13:01,150 [INFO] [NoneStorage] - performing GET at /s3testqwer1/myobjects39
2018-11-22 15:13:01,159 [INFO] [NoneStorage] - performing GET at /s3testqwer2/myobjects75
2018-11-22 15:13:01,267 [INFO] [NoneStorage] - performing GET at /s3testqwer2/myobjects5
2018-11-22 15:13:01,365 [INFO] [NoneStorage] - performing GET at /s3testqwer2/myobjects24
2018-11-22 15:13:01,374 [INFO] [NoneStorage] - performing GET at /s3testqwer1/myobjects72
2018-11-22 15:13:01,430 [INFO] [NoneStorage] - performing GET at /s3testqwer1/myobjects60
2018-11-22 15:13:01,485 [INFO] [NoneStorage] - performing GET at /s3testqwer1/myobjects88
2018-11-22 15:13:01,561 [INFO] [NoneStorage] - performing GET at /s3testqwer2/myobjects56
2018-11-22 15:13:01,582 [INFO] [NoneStorage] - performing GET at /s3testqwer2/myobjects27
2018-11-22 15:13:01,623 [INFO] [NoneStorage] - performing GET at /s3testqwer1/myobjects47
2018-11-22 15:13:01,734 [INFO] [NoneStorage] - performing GET at /s3testqwer1/myobjects40
2018-11-22 15:13:01,776 [INFO] [NoneStorage] - performing GET at /s3testqwer1/myobjects14
2018-11-22 15:13:01,808 [INFO] [NoneStorage] - performing GET at /s3testqwer2/myobjects96
2018-11-22 15:13:01,819 [INFO] [NoneStorage] - performing GET at /s3testqwer2/myobjects46
2018-11-22 15:13:01,927 [INFO] [NoneStorage] - performing GET at /s3testqwer2/myobjects8
2018-11-22 15:13:01,992 [INFO] [NoneStorage] - performing GET at /s3testqwer1/myobjects67
2018-11-22 15:13:02,035 [INFO] [NoneStorage] - performing GET at /s3testqwer1/myobjects42
2018-11-22 15:13:02,057 [INFO] [NoneStorage] - performing PUT at /s3testqwer2/myobjects167
2018-11-22 15:13:02,144 [INFO] [NoneStorage] - performing GET at /s3testqwer1/myobjects65
2018-11-22 15:13:02,209 [INFO] [NoneStorage] - performing GET at /s3testqwer2/myobjects26
2018-11-22 15:13:02,250 [INFO] [NoneStorage] - performing GET at /s3testqwer1/myobjects87
2018-11-22 15:13:02,370 [INFO] [NoneStorage] - performing GET at /s3testqwer2/myobjects16
2018-11-22 15:13:02,424 [INFO] [NoneStorage] - performing PUT at /s3testqwer2/myobjects129
2018-11-22 15:13:02,459 [INFO] [NoneStorage] - performing GET at /s3testqwer1/myobjects66
2018-11-22 15:13:02,469 [INFO] [NoneStorage] - performing GET at /s3testqwer2/myobjects47
2018-11-22 15:13:02,590 [INFO] [NoneStorage] - performing GET at /s3testqwer2/myobjects80
2018-11-22 15:13:02,669 [INFO] [NoneStorage] - performing GET at /s3testqwer2/myobjects78
2018-11-22 15:13:02,680 [INFO] [NoneStorage] - performing GET at /s3testqwer2/myobjects90
2018-11-22 15:13:02,779 [INFO] [NoneStorage] - performing GET at /s3testqwer1/myobjects50
2018-11-22 15:13:02,780 [INFO] [NoneStorage] - performing GET at /s3testqwer1/myobjects37
2018-11-22 15:13:02,889 [INFO] [NoneStorage] - performing GET at /s3testqwer2/myobjects67
2018-11-22 15:13:02,922 [INFO] [NoneStorage] - performing GET at /s3testqwer2/myobjects54
2018-11-22 15:13:02,954 [INFO] [NoneStorage] - performing GET at /s3testqwer2/myobjects14
2018-11-22 15:13:02,997 [INFO] [NoneStorage] - performing GET at /s3testqwer1/myobjects40
2018-11-22 15:13:03,105 [INFO] [NoneStorage] - performing GET at /s3testqwer1/myobjects6
2018-11-22 15:13:03,116 [INFO] [NoneStorage] - performing GET at /s3testqwer2/myobjects22
2018-11-22 15:13:03,169 [INFO] [NoneStorage] - performing GET at /s3testqwer2/myobjects70
2018-11-22 15:13:03,201 [INFO] [NoneStorage] - performing PUT at /s3testqwer2/myobjects106
2018-11-22 15:13:03,303 [INFO] [NoneStorage] - performing GET at /s3testqwer1/myobjects55
2018-11-22 15:13:03,313 [INFO] [NoneStorage] - performing GET at /s3testqwer1/myobjects65
2018-11-22 15:13:03,381 [INFO] [NoneStorage] - performing GET at /s3testqwer2/myobjects65
2018-11-22 15:13:03,482 [INFO] [NoneStorage] - performing GET at /s3testqwer1/myobjects90
2018-11-22 15:13:03,494 [INFO] [NoneStorage] - performing PUT at /s3testqwer1/myobjects183
2018-11-22 15:13:03,505 [INFO] [NoneStorage] - performing PUT at /s3testqwer1/myobjects132
2018-11-22 15:13:03,694 [INFO] [NoneStorage] - performing PUT at /s3testqwer1/myobjects101
2018-11-22 15:13:03,797 [INFO] [NoneStorage] - performing GET at /s3testqwer2/myobjects36
2018-11-22 15:13:03,834 [INFO] [NoneStorage] - performing GET at /s3testqwer2/myobjects35
2018-11-22 15:13:03,872 [INFO] [NoneStorage] - performing PUT at /s3testqwer2/myobjects111
2018-11-22 15:13:03,982 [INFO] [NoneStorage] - performing GET at /s3testqwer2/myobjects55
2018-11-22 15:13:04,046 [INFO] [NoneStorage] - performing GET at /s3testqwer1/myobjects33
2018-11-22 15:13:04,093 [INFO] [NoneStorage] - performing PUT at /s3testqwer1/myobjects194
2018-11-22 15:13:04,213 [INFO] [NoneStorage] - performing GET at /s3testqwer2/myobjects18
2018-11-22 15:13:04,239 [INFO] [NoneStorage] - performing GET at /s3testqwer1/myobjects53
2018-11-22 15:13:04,239 [INFO] [NoneStorage] - performing GET at /s3testqwer2/myobjects74
2018-11-22 15:13:04,425 [INFO] [NoneStorage] - performing GET at /s3testqwer1/myobjects50
2018-11-22 15:13:04,444 [INFO] [NoneStorage] - performing GET at /s3testqwer2/myobjects96
2018-11-22 15:13:04,454 [INFO] [NoneStorage] - performing PUT at /s3testqwer2/myobjects105
2018-11-22 15:13:04,470 [INFO] [NoneStorage] - performing GET at /s3testqwer2/myobjects63
2018-11-22 15:13:04,641 [INFO] [NoneStorage] - performing GET at /s3testqwer1/myobjects22
2018-11-22 15:13:04,658 [INFO] [NoneStorage] - performing GET at /s3testqwer1/myobjects93
2018-11-22 15:13:04,668 [INFO] [NoneStorage] - performing GET at /s3testqwer1/myobjects60
2018-11-22 15:13:04,766 [INFO] [NoneStorage] - performing GET at /s3testqwer1/myobjects49
2018-11-22 15:13:04,853 [INFO] [NoneStorage] - performing PUT at /s3testqwer2/myobjects130
2018-11-22 15:13:04,873 [INFO] [NoneStorage] - performing GET at /s3testqwer1/myobjects42
2018-11-22 15:13:04,882 [INFO] [NoneStorage] - performing GET at /s3testqwer2/myobjects54
2018-11-22 15:13:04,944 [INFO] [NoneStorage] - performing GET at /s3testqwer2/myobjects71
2018-11-22 15:13:05,069 [INFO] [NoneStorage] - performing GET at /s3testqwer1/myobjects59
2018-11-22 15:13:05,096 [INFO] [NoneStorage] - performing GET at /s3testqwer1/myobjects41
2018-11-22 15:13:05,161 [INFO] [NoneStorage] - performing GET at /s3testqwer2/myobjects59
2018-11-22 15:13:05,247 [INFO] [NoneStorage] - performing PUT at /s3testqwer1/myobjects143
2018-11-22 15:13:05,257 [INFO] [NoneStorage] - performing GET at /s3testqwer2/myobjects83
2018-11-22 15:13:05,303 [INFO] [NoneStorage] - performing GET at /s3testqwer1/myobjects27
2018-11-22 15:13:05,379 [INFO] [NoneStorage] - performing GET at /s3testqwer2/myobjects13
2018-11-22 15:13:05,399 [INFO] [NoneStorage] - performing GET at /s3testqwer2/myobjects53
2018-11-22 15:13:05,432 [INFO] [NoneStorage] - performing PUT at /s3testqwer2/myobjects124
2018-11-22 15:13:05,558 [INFO] [NoneStorage] - performing PUT at /s3testqwer2/myobjects115
2018-11-22 15:13:05,623 [INFO] [NoneStorage] - performing GET at /s3testqwer1/myobjects49
2018-11-22 15:13:05,694 [INFO] [NoneStorage] - performing PUT at /s3testqwer2/myobjects129
2018-11-22 15:13:05,748 [INFO] [NoneStorage] - performing PUT at /s3testqwer2/myobjects175
2018-11-22 15:13:05,869 [INFO] [NoneStorage] - performing PUT at /s3testqwer1/myobjects130
2018-11-22 15:13:05,969 [INFO] [NoneStorage] - performing GET at /s3testqwer2/myobjects18
2018-11-22 15:13:06,039 [INFO] [NoneStorage] - performing GET at /s3testqwer1/myobjects61
2018-11-22 15:13:06,111 [INFO] [NoneStorage] - performing PUT at /s3testqwer2/myobjects169
2018-11-22 15:13:06,154 [INFO] [NoneStorage] - performing PUT at /s3testqwer1/myobjects136
2018-11-22 15:13:06,211 [INFO] [NoneStorage] - performing PUT at /s3testqwer1/myobjects192
2018-11-22 15:13:06,220 [INFO] [NoneStorage] - performing GET at /s3testqwer2/myobjects45
2018-11-22 15:13:06,439 [INFO] [NoneStorage] - performing GET at /s3testqwer1/myobjects100
2018-11-22 15:13:06,461 [INFO] [NoneStorage] - performing PUT at /s3testqwer1/myobjects146
2018-11-22 15:13:06,508 [INFO] [NoneStorage] - performing GET at /s3testqwer1/myobjects79
2018-11-22 15:13:06,587 [INFO] [NoneStorage] - performing GET at /s3testqwer2/myobjects10
2018-11-22 15:13:06,661 [INFO] [NoneStorage] - performing GET at /s3testqwer1/myobjects48
2018-11-22 15:13:06,717 [INFO] [NoneStorage] - performing GET at /s3testqwer1/myobjects85
2018-11-22 15:13:06,766 [INFO] [NoneStorage] - performing GET at /s3testqwer2/myobjects33
2018-11-22 15:13:06,766 [INFO] [NoneStorage] - performing GET at /s3testqwer2/myobjects73
2018-11-22 15:13:06,876 [INFO] [NoneStorage] - performing GET at /s3testqwer1/myobjects13
2018-11-22 15:13:06,907 [INFO] [NoneStorage] - performing GET at /s3testqwer2/myobjects93
2018-11-22 15:13:06,996 [INFO] [NoneStorage] - performing GET at /s3testqwer1/myobjects32
2018-11-22 15:13:06,997 [INFO] [NoneStorage] - performing GET at /s3testqwer1/myobjects61
2018-11-22 15:13:07,094 [INFO] [NoneStorage] - performing GET at /s3testqwer2/myobjects75
2018-11-22 15:13:07,160 [INFO] [NoneStorage] - performing GET at /s3testqwer1/myobjects14
2018-11-22 15:13:07,170 [INFO] [NoneStorage] - performing GET at /s3testqwer2/myobjects1
2018-11-22 15:13:07,236 [INFO] [NoneStorage] - performing GET at /s3testqwer1/myobjects8
2018-11-22 15:13:07,322 [INFO] [NoneStorage] - performing GET at /s3testqwer1/myobjects28
2018-11-22 15:13:07,332 [INFO] [NoneStorage] - performing PUT at /s3testqwer1/myobjects162
2018-11-22 15:13:07,389 [INFO] [NoneStorage] - performing GET at /s3testqwer1/myobjects67
2018-11-22 15:13:07,421 [INFO] [NoneStorage] - performing GET at /s3testqwer2/myobjects96
2018-11-22 15:13:07,529 [INFO] [NoneStorage] - performing GET at /s3testqwer2/myobjects43
2018-11-22 15:13:07,602 [INFO] [NoneStorage] - performing GET at /s3testqwer1/myobjects71
2018-11-22 15:13:07,614 [INFO] [NoneStorage] - performing GET at /s3testqwer1/myobjects59
2018-11-22 15:13:07,665 [INFO] [NoneStorage] - performing GET at /s3testqwer1/myobjects31
2018-11-22 15:13:07,754 [INFO] [NoneStorage] - performing GET at /s3testqwer1/myobjects43
2018-11-22 15:13:07,798 [INFO] [NoneStorage] - performing GET at /s3testqwer2/myobjects73
2018-11-22 15:13:07,808 [INFO] [NoneStorage] - performing GET at /s3testqwer1/myobjects29
2018-11-22 15:13:07,873 [INFO] [NoneStorage] - performing PUT at /s3testqwer2/myobjects128
2018-11-22 15:13:07,949 [INFO] [NoneStorage] - performing GET at /s3testqwer2/myobjects86
2018-11-22 15:13:08,017 [INFO] [NoneStorage] - performing GET at /s3testqwer2/myobjects61
2018-11-22 15:13:08,027 [INFO] [NoneStorage] - performing PUT at /s3testqwer2/myobjects133
2018-11-22 15:13:08,161 [INFO] [NoneStorage] - performing GET at /s3testqwer2/myobjects15
2018-11-22 15:13:08,244 [INFO] [NoneStorage] - performing GET at /s3testqwer2/myobjects28
2018-11-22 15:13:08,256 [INFO] [NoneStorage] - performing GET at /s3testqwer2/myobjects83
2018-11-22 15:13:08,365 [INFO] [NoneStorage] - performing GET at /s3testqwer1/myobjects72
2018-11-22 15:13:08,376 [INFO] [NoneStorage] - performing PUT at /s3testqwer2/myobjects109
2018-11-22 15:13:08,472 [INFO] [NoneStorage] - performing PUT at /s3testqwer2/myobjects186
2018-11-22 15:13:08,473 [INFO] [NoneStorage] - performing GET at /s3testqwer2/myobjects85
2018-11-22 15:13:08,582 [INFO] [NoneStorage] - performing GET at /s3testqwer1/myobjects75
2018-11-22 15:13:08,669 [INFO] [NoneStorage] - performing GET at /s3testqwer2/myobjects100
2018-11-22 15:13:08,678 [INFO] [NoneStorage] - performing PUT at /s3testqwer1/myobjects102
2018-11-22 15:13:08,792 [INFO] [NoneStorage] - performing PUT at /s3testqwer1/myobjects124
2018-11-22 15:13:08,856 [INFO] [NoneStorage] - performing PUT at /s3testqwer1/myobjects152
2018-11-22 15:13:08,865 [INFO] [NoneStorage] - performing GET at /s3testqwer1/myobjects55
2018-11-22 15:13:09,026 [INFO] [NoneStorage] - performing PUT at /s3testqwer2/myobjects145
2018-11-22 15:13:09,070 [INFO] [NoneStorage] - performing GET at /s3testqwer2/myobjects28
2018-11-22 15:13:09,131 [INFO] [NoneStorage] - performing GET at /s3testqwer2/myobjects26
2018-11-22 15:13:09,178 [INFO] [NoneStorage] - performing GET at /s3testqwer2/myobjects75
2018-11-22 15:13:09,297 [INFO] [NoneStorage] - performing GET at /s3testqwer1/myobjects34
2018-11-22 15:13:09,317 [INFO] [NoneStorage] - performing PUT at /s3testqwer1/myobjects125
2018-11-22 15:13:09,366 [INFO] [NoneStorage] - performing GET at /s3testqwer2/myobjects30
2018-11-22 15:13:09,473 [INFO] [NoneStorage] - performing GET at /s3testqwer2/myobjects84
2018-11-22 15:13:09,525 [INFO] [NoneStorage] - performing GET at /s3testqwer1/myobjects92
2018-11-22 15:13:09,618 [INFO] [NoneStorage] - performing GET at /s3testqwer2/myobjects58
2018-11-22 15:13:09,638 [INFO] [NoneStorage] - performing GET at /s3testqwer2/myobjects39
2018-11-22 15:13:09,734 [INFO] [NoneStorage] - performing GET at /s3testqwer2/myobjects36
2018-11-22 15:13:09,743 [INFO] [NoneStorage] - performing GET at /s3testqwer2/myobjects53
2018-11-22 15:13:09,841 [INFO] [NoneStorage] - performing PUT at /s3testqwer2/myobjects119
2018-11-22 15:13:09,850 [INFO] [NoneStorage] - performing GET at /s3testqwer1/myobjects11
2018-11-22 15:13:09,855 [INFO] [NoneStorage] - performing GET at /s3testqwer2/myobjects98
2018-11-22 15:13:09,855 [INFO] [NoneStorage] - performing GET at /s3testqwer1/myobjects58
2018-11-22 15:13:10,044 [INFO] [NoneStorage] - performing GET at /s3testqwer1/myobjects44
2018-11-22 15:13:10,052 [INFO] [NoneStorage] - performing GET at /s3testqwer2/myobjects86
2018-11-22 15:13:10,069 [INFO] [NoneStorage] - performing GET at /s3testqwer1/myobjects48
2018-11-22 15:13:10,094 [INFO] [NoneStorage] - performing GET at /s3testqwer2/myobjects49
2018-11-22 15:13:10,247 [INFO] [NoneStorage] - performing GET at /s3testqwer2/myobjects61
2018-11-22 15:13:10,267 [INFO] [NoneStorage] - performing GET at /s3testqwer2/myobjects27
2018-11-22 15:13:10,275 [INFO] [NoneStorage] - performing GET at /s3testqwer2/myobjects32
2018-11-22 15:13:10,283 [INFO] [NoneStorage] - performing GET at /s3testqwer1/myobjects17
2018-11-22 15:13:10,459 [INFO] [NoneStorage] - performing PUT at /s3testqwer1/myobjects181
2018-11-22 15:13:10,477 [INFO] [NoneStorage] - performing GET at /s3testqwer2/myobjects88
2018-11-22 15:13:10,485 [INFO] [NoneStorage] - performing GET at /s3testqwer1/myobjects91
2018-11-22 15:13:10,503 [INFO] [NoneStorage] - performing PUT at /s3testqwer2/myobjects103
2018-11-22 15:13:10,682 [INFO] [NoneStorage] - performing PUT at /s3testqwer2/myobjects185
2018-11-22 15:13:10,690 [INFO] [NoneStorage] - performing GET at /s3testqwer2/myobjects30
2018-11-22 15:13:10,822 [INFO] [NoneStorage] - performing GET at /s3testqwer2/myobjects22
2018-11-22 15:13:10,847 [INFO] [NoneStorage] - performing GET at /s3testqwer2/myobjects38
2018-11-22 15:13:10,889 [INFO] [NoneStorage] - performing PUT at /s3testqwer1/myobjects160
2018-11-22 15:13:11,165 [INFO] [NoneStorage] - performing GET at /s3testqwer2/myobjects54
2018-11-22 15:13:11,178 [INFO] [NoneStorage] - performing GET at /s3testqwer1/myobjects34
2018-11-22 15:13:11,319 [INFO] [NoneStorage] - performing GET at /s3testqwer2/myobjects99
2018-11-22 15:13:11,328 [INFO] [NoneStorage] - performing PUT at /s3testqwer2/myobjects122
2018-11-22 15:13:11,420 [INFO] [NoneStorage] - performing PUT at /s3testqwer1/myobjects154
2018-11-22 15:13:11,474 [INFO] [NoneStorage] - performing GET at /s3testqwer1/myobjects3
2018-11-22 15:13:11,573 [INFO] [NoneStorage] - performing PUT at /s3testqwer1/myobjects155
2018-11-22 15:13:11,608 [INFO] [NoneStorage] - performing GET at /s3testqwer1/myobjects48
2018-11-22 15:13:11,683 [INFO] [NoneStorage] - performing GET at /s3testqwer1/myobjects39
2018-11-22 15:13:11,769 [INFO] [NoneStorage] - performing PUT at /s3testqwer1/myobjects176
2018-11-22 15:13:11,838 [INFO] [NoneStorage] - performing GET at /s3testqwer2/myobjects80
2018-11-22 15:13:11,929 [INFO] [NoneStorage] - performing GET at /s3testqwer2/myobjects83
2018-11-22 15:13:11,983 [INFO] [NoneStorage] - performing GET at /s3testqwer1/myobjects60
2018-11-22 15:13:12,037 [INFO] [NoneStorage] - performing GET at /s3testqwer2/myobjects94
2018-11-22 15:13:12,092 [INFO] [NoneStorage] - performing GET at /s3testqwer1/myobjects78
2018-11-22 15:13:12,109 [INFO] [NoneStorage] - performing PUT at /s3testqwer1/myobjects193
2018-11-22 15:13:12,110 [INFO] [NoneStorage] - performing PUT at /s3testqwer1/myobjects143
2018-11-22 15:13:12,110 [INFO] [NoneStorage] - performing GET at /s3testqwer2/myobjects51
2018-11-22 15:13:12,270 [INFO] [NoneStorage] - performing GET at /s3testqwer2/myobjects80
2018-11-22 15:13:12,323 [INFO] [NoneStorage] - performing GET at /s3testqwer1/myobjects11
2018-11-22 15:13:12,395 [INFO] [NoneStorage] - performing GET at /s3testqwer2/myobjects88
2018-11-22 15:13:12,396 [INFO] [NoneStorage] - performing GET at /s3testqwer1/myobjects63
2018-11-22 15:13:12,642 [INFO] [NoneStorage] - performing PUT at /s3testqwer1/myobjects189
2018-11-22 15:13:12,696 [INFO] [NoneStorage] - performing GET at /s3testqwer1/myobjects41
2018-11-22 15:13:12,713 [INFO] [NoneStorage] - performing GET at /s3testqwer2/myobjects20
2018-11-22 15:13:12,855 [INFO] [NoneStorage] - performing GET at /s3testqwer1/myobjects38
2018-11-22 15:13:12,864 [INFO] [NoneStorage] - performing GET at /s3testqwer2/myobjects31
2018-11-22 15:13:12,899 [INFO] [NoneStorage] - performing GET at /s3testqwer1/myobjects85
2018-11-22 15:13:13,008 [INFO] [NoneStorage] - performing GET at /s3testqwer1/myobjects78
2018-11-22 15:13:13,029 [INFO] [NoneStorage] - performing GET at /s3testqwer2/myobjects90
2018-11-22 15:13:13,039 [INFO] [NoneStorage] - performing GET at /s3testqwer1/myobjects13
2018-11-22 15:13:13,049 [INFO] [NoneStorage] - performing GET at /s3testqwer2/myobjects38
2018-11-22 15:13:13,224 [INFO] [NoneStorage] - performing PUT at /s3testqwer1/myobjects183
2018-11-22 15:13:13,244 [INFO] [NoneStorage] - performing GET at /s3testqwer2/myobjects54
2018-11-22 15:13:13,253 [INFO] [NoneStorage] - performing GET at /s3testqwer2/myobjects60
2018-11-22 15:13:13,273 [INFO] [NoneStorage] - performing GET at /s3testqwer2/myobjects18
2018-11-22 15:13:13,466 [INFO] [NoneStorage] - performing GET at /s3testqwer1/myobjects72
2018-11-22 15:13:13,490 [INFO] [NoneStorage] - performing GET at /s3testqwer1/myobjects89
2018-11-22 15:13:13,616 [INFO] [NoneStorage] - performing GET at /s3testqwer1/myobjects20
2018-11-22 15:13:13,669 [INFO] [NoneStorage] - performing GET at /s3testqwer1/myobjects86
2018-11-22 15:13:13,680 [INFO] [NoneStorage] - performing GET at /s3testqwer2/myobjects33
2018-11-22 15:13:13,683 [INFO] [NoneStorage] - performing GET at /s3testqwer2/myobjects19
2018-11-22 15:13:13,826 [INFO] [NoneStorage] - performing GET at /s3testqwer1/myobjects16
2018-11-22 15:13:13,868 [INFO] [NoneStorage] - performing GET at /s3testqwer1/myobjects16
2018-11-22 15:13:13,888 [INFO] [NoneStorage] - performing GET at /s3testqwer2/myobjects25
2018-11-22 15:13:13,898 [INFO] [NoneStorage] - performing GET at /s3testqwer2/myobjects38
2018-11-22 15:13:14,053 [INFO] [NoneStorage] - performing GET at /s3testqwer1/myobjects30
2018-11-22 15:13:14,117 [INFO] [NoneStorage] - performing GET at /s3testqwer2/myobjects14
2018-11-22 15:13:14,160 [INFO] [NoneStorage] - performing PUT at /s3testqwer2/myobjects156
2018-11-22 15:13:14,180 [INFO] [NoneStorage] - performing GET at /s3testqwer1/myobjects36
2018-11-22 15:13:14,305 [INFO] [NoneStorage] - performing GET at /s3testqwer2/myobjects69
2018-11-22 15:13:14,382 [INFO] [NoneStorage] - performing GET at /s3testqwer2/myobjects87
2018-11-22 15:13:14,403 [INFO] [NoneStorage] - performing PUT at /s3testqwer2/myobjects172
2018-11-22 15:13:14,510 [INFO] [NoneStorage] - performing GET at /s3testqwer1/myobjects31
2018-11-22 15:13:14,510 [INFO] [NoneStorage] - performing GET at /s3testqwer2/myobjects4
2018-11-22 15:13:14,610 [INFO] [NoneStorage] - performing PUT at /s3testqwer2/myobjects126
2018-11-22 15:13:14,696 [INFO] [NoneStorage] - performing GET at /s3testqwer1/myobjects61
2018-11-22 15:13:14,726 [INFO] [NoneStorage] - performing PUT at /s3testqwer1/myobjects152
2018-11-22 15:13:14,838 [INFO] [NoneStorage] - performing GET at /s3testqwer1/myobjects25
2018-11-22 15:13:14,904 [INFO] [NoneStorage] - performing GET at /s3testqwer1/myobjects37
2018-11-22 15:13:14,978 [INFO] [NoneStorage] - performing GET at /s3testqwer1/myobjects92
2018-11-22 15:13:15,005 [INFO] [NoneStorage] - performing GET at /s3testqwer1/myobjects79
2018-11-22 15:13:15,016 [INFO] [NoneStorage] - performing GET at /s3testqwer1/myobjects45
2018-11-22 15:13:15,125 [INFO] [NoneStorage] - performing GET at /s3testqwer2/myobjects69
2018-11-22 15:13:15,168 [INFO] [NoneStorage] - performing GET at /s3testqwer2/myobjects38
2018-11-22 15:13:15,189 [INFO] [NoneStorage] - performing PUT at /s3testqwer2/myobjects188
2018-11-22 15:13:15,242 [INFO] [NoneStorage] - performing PUT at /s3testqwer1/myobjects134
2018-11-22 15:13:15,340 [INFO] [NoneStorage] - performing GET at /s3testqwer1/myobjects31
2018-11-22 15:13:15,382 [INFO] [NoneStorage] - performing GET at /s3testqwer2/myobjects80
2018-11-22 15:13:15,773 [INFO] [NoneStorage] - performing GET at /s3testqwer2/myobjects6
2018-11-22 15:13:15,881 [INFO] [NoneStorage] - performing GET at /s3testqwer1/myobjects43
2018-11-22 15:13:15,884 [INFO] [NoneStorage] - performing GET at /s3testqwer2/myobjects62
2018-11-22 15:13:15,981 [INFO] [NoneStorage] - performing GET at /s3testqwer2/myobjects24
2018-11-22 15:13:15,991 [INFO] [NoneStorage] - performing GET at /s3testqwer2/myobjects2
2018-11-22 15:13:16,088 [INFO] [NoneStorage] - performing GET at /s3testqwer2/myobjects1
2018-11-22 15:13:16,097 [INFO] [NoneStorage] - performing GET at /s3testqwer1/myobjects57
2018-11-22 15:13:16,195 [INFO] [NoneStorage] - performing GET at /s3testqwer1/myobjects94
2018-11-22 15:13:16,203 [INFO] [NoneStorage] - performing GET at /s3testqwer2/myobjects78
2018-11-22 15:13:16,215 [INFO] [NoneStorage] - performing GET at /s3testqwer1/myobjects18
2018-11-22 15:13:16,216 [INFO] [NoneStorage] - performing GET at /s3testqwer1/myobjects64
2018-11-22 15:13:16,387 [INFO] [NoneStorage] - performing GET at /s3testqwer1/myobjects27
2018-11-22 15:13:16,396 [INFO] [NoneStorage] - performing PUT at /s3testqwer2/myobjects189
2018-11-22 15:13:16,420 [INFO] [NoneStorage] - performing GET at /s3testqwer1/myobjects73
2018-11-22 15:13:16,424 [INFO] [NoneStorage] - performing GET at /s3testqwer2/myobjects10
2018-11-22 15:13:16,610 [INFO] [NoneStorage] - performing GET at /s3testqwer1/myobjects8
2018-11-22 15:13:16,638 [INFO] [NoneStorage] - performing GET at /s3testqwer1/myobjects23
2018-11-22 15:13:16,630 [INFO] [NoneStorage] - performing GET at /s3testqwer2/myobjects6
2018-11-22 15:13:16,734 [INFO] [NoneStorage] - performing PUT at /s3testqwer1/myobjects162
2018-11-22 15:13:16,853 [INFO] [NoneStorage] - performing GET at /s3testqwer2/myobjects12
2018-11-22 15:13:16,862 [INFO] [NoneStorage] - performing GET at /s3testqwer1/myobjects57
2018-11-22 15:13:16,863 [INFO] [NoneStorage] - performing PUT at /s3testqwer2/myobjects123
2018-11-22 15:13:17,069 [INFO] [NoneStorage] - performing PUT at /s3testqwer2/myobjects147
2018-11-22 15:13:17,079 [INFO] [NoneStorage] - performing GET at /s3testqwer1/myobjects34
2018-11-22 15:13:17,110 [INFO] [NoneStorage] - performing GET at /s3testqwer1/myobjects79
2018-11-22 15:13:17,193 [INFO] [NoneStorage] - performing GET at /s3testqwer1/myobjects59
2018-11-22 15:13:17,455 [INFO] [NoneStorage] - performing GET at /s3testqwer2/myobjects34
2018-11-22 15:13:17,497 [INFO] [NoneStorage] - performing PUT at /s3testqwer2/myobjects109
2018-11-22 15:13:17,540 [INFO] [NoneStorage] - performing GET at /s3testqwer1/myobjects28
2018-11-22 15:13:17,563 [INFO] [NoneStorage] - performing PUT at /s3testqwer1/myobjects112
2018-11-22 15:13:17,712 [INFO] [NoneStorage] - performing GET at /s3testqwer1/myobjects10
2018-11-22 15:13:17,783 [INFO] [NoneStorage] - performing GET at /s3testqwer1/myobjects75
2018-11-22 15:13:17,813 [INFO] [NoneStorage] - performing GET at /s3testqwer1/myobjects68
2018-11-22 15:13:17,907 [INFO] [NoneStorage] - performing GET at /s3testqwer1/myobjects100
2018-11-22 15:13:17,931 [INFO] [NoneStorage] - performing GET at /s3testqwer2/myobjects85
2018-11-22 15:13:18,002 [INFO] [NoneStorage] - performing GET at /s3testqwer1/myobjects6
2018-11-22 15:13:18,022 [INFO] [NoneStorage] - performing GET at /s3testqwer1/myobjects90
2018-11-22 15:13:18,098 [INFO] [NoneStorage] - performing GET at /s3testqwer2/myobjects3
2018-11-22 15:13:18,129 [INFO] [NoneStorage] - performing GET at /s3testqwer2/myobjects64
2018-11-22 15:13:18,227 [INFO] [NoneStorage] - performing GET at /s3testqwer1/myobjects68
2018-11-22 15:13:18,247 [INFO] [NoneStorage] - performing GET at /s3testqwer2/myobjects50
2018-11-22 15:13:18,312 [INFO] [NoneStorage] - performing GET at /s3testqwer1/myobjects92
2018-11-22 15:13:18,487 [INFO] [NoneStorage] - performing GET at /s3testqwer2/myobjects74
2018-11-22 15:13:18,498 [INFO] [NoneStorage] - performing GET at /s3testqwer1/myobjects36
2018-11-22 15:13:18,553 [INFO] [NoneStorage] - performing GET at /s3testqwer1/myobjects10
2018-11-22 15:13:18,609 [INFO] [NoneStorage] - performing GET at /s3testqwer2/myobjects94
2018-11-22 15:13:18,689 [INFO] [NoneStorage] - performing GET at /s3testqwer2/myobjects60
2018-11-22 15:13:18,701 [INFO] [NoneStorage] - performing GET at /s3testqwer2/myobjects48
2018-11-22 15:13:18,766 [INFO] [NoneStorage] - performing GET at /s3testqwer2/myobjects30
2018-11-22 15:13:18,788 [INFO] [NoneStorage] - performing GET at /s3testqwer1/myobjects81
2018-11-22 15:13:18,875 [INFO] [NoneStorage] - performing PUT at /s3testqwer2/myobjects199
2018-11-22 15:13:18,895 [INFO] [NoneStorage] - performing GET at /s3testqwer2/myobjects65
2018-11-22 15:13:18,992 [INFO] [NoneStorage] - performing GET at /s3testqwer2/myobjects89
2018-11-22 15:13:19,048 [INFO] [NoneStorage] - performing PUT at /s3testqwer1/myobjects153
2018-11-22 15:13:19,108 [INFO] [NoneStorage] - performing GET at /s3testqwer1/myobjects83
2018-11-22 15:13:19,252 [INFO] [NoneStorage] - performing GET at /s3testqwer2/myobjects62
2018-11-22 15:13:19,274 [INFO] [NoneStorage] - performing PUT at /s3testqwer2/myobjects154
2018-11-22 15:13:19,362 [INFO] [NoneStorage] - performing GET at /s3testqwer1/myobjects83
2018-11-22 15:13:19,445 [INFO] [NoneStorage] - performing GET at /s3testqwer2/myobjects11
2018-11-22 15:13:19,517 [INFO] [NoneStorage] - performing GET at /s3testqwer2/myobjects51
2018-11-22 15:13:19,618 [INFO] [NoneStorage] - performing GET at /s3testqwer1/myobjects1
2018-11-22 15:13:19,664 [INFO] [NoneStorage] - performing PUT at /s3testqwer1/myobjects112
2018-11-22 15:13:19,707 [INFO] [NoneStorage] - performing GET at /s3testqwer1/myobjects61
2018-11-22 15:13:19,719 [INFO] [NoneStorage] - performing GET at /s3testqwer2/myobjects28
2018-11-22 15:13:19,832 [INFO] [NoneStorage] - performing GET at /s3testqwer1/myobjects98
2018-11-22 15:13:19,919 [INFO] [NoneStorage] - performing GET at /s3testqwer1/myobjects94
2018-11-22 15:13:19,947 [INFO] [NoneStorage] - performing GET at /s3testqwer2/myobjects43
2018-11-22 15:13:20,020 [INFO] [NoneStorage] - performing GET at /s3testqwer2/myobjects73
2018-11-22 15:13:20,020 [INFO] [NoneStorage] - performing GET at /s3testqwer2/myobjects53
2018-11-22 15:13:20,130 [INFO] [NoneStorage] - performing GET at /s3testqwer1/myobjects90
2018-11-22 15:13:20,135 [INFO] [NoneStorage] - performing GET at /s3testqwer2/myobjects90
2018-11-22 15:13:20,242 [INFO] [NoneStorage] - performing GET at /s3testqwer2/myobjects13
2018-11-22 15:13:20,264 [INFO] [NoneStorage] - performing GET at /s3testqwer2/myobjects85
2018-11-22 15:13:20,340 [INFO] [NoneStorage] - performing GET at /s3testqwer1/myobjects84
2018-11-22 15:13:20,351 [INFO] [NoneStorage] - performing GET at /s3testqwer1/myobjects43
2018-11-22 15:13:20,448 [INFO] [NoneStorage] - performing GET at /s3testqwer2/myobjects67
2018-11-22 15:13:20,458 [INFO] [NoneStorage] - performing GET at /s3testqwer1/myobjects74
2018-11-22 15:13:20,565 [INFO] [NoneStorage] - performing GET at /s3testqwer2/myobjects21
2018-11-22 15:13:20,589 [INFO] [NoneStorage] - performing PUT at /s3testqwer1/myobjects118
2018-11-22 15:13:20,675 [INFO] [NoneStorage] - performing GET at /s3testqwer1/myobjects24
2018-11-22 15:13:20,699 [INFO] [NoneStorage] - performing GET at /s3testqwer2/myobjects85
2018-11-22 15:13:20,776 [INFO] [NoneStorage] - performing PUT at /s3testqwer1/myobjects121
2018-11-22 15:13:20,900 [INFO] [NoneStorage] - performing GET at /s3testqwer2/myobjects100
2018-11-22 15:13:20,922 [INFO] [NoneStorage] - performing PUT at /s3testqwer1/myobjects155
2018-11-22 15:13:20,922 [INFO] [NoneStorage] - performing PUT at /s3testqwer1/myobjects198
2018-11-22 15:13:21,102 [INFO] [NoneStorage] - performing GET at /s3testqwer2/myobjects15
2018-11-22 15:13:21,124 [INFO] [NoneStorage] - performing GET at /s3testqwer2/myobjects88
2018-11-22 15:13:21,300 [INFO] [NoneStorage] - performing GET at /s3testqwer1/myobjects70
2018-11-22 15:13:21,300 [INFO] [NoneStorage] - performing GET at /s3testqwer2/myobjects94
2018-11-22 15:13:21,318 [INFO] [NoneStorage] - performing GET at /s3testqwer2/myobjects22
2018-11-22 15:13:21,330 [INFO] [NoneStorage] - performing GET at /s3testqwer2/myobjects7
2018-11-22 15:13:21,505 [INFO] [NoneStorage] - performing GET at /s3testqwer1/myobjects16
2018-11-22 15:13:21,513 [INFO] [NoneStorage] - performing GET at /s3testqwer1/myobjects36
2018-11-22 15:13:21,522 [INFO] [NoneStorage] - performing GET at /s3testqwer2/myobjects75
2018-11-22 15:13:21,534 [INFO] [NoneStorage] - performing PUT at /s3testqwer1/myobjects173
2018-11-22 15:13:21,736 [INFO] [NoneStorage] - performing PUT at /s3testqwer1/myobjects161
2018-11-22 15:13:21,745 [INFO] [NoneStorage] - performing PUT at /s3testqwer1/myobjects133
2018-11-22 15:13:21,763 [INFO] [NoneStorage] - performing GET at /s3testqwer1/myobjects49
2018-11-22 15:13:21,925 [INFO] [NoneStorage] - performing GET at /s3testqwer2/myobjects90
2018-11-22 15:13:22,013 [INFO] [NoneStorage] - performing GET at /s3testqwer2/myobjects26
2018-11-22 15:13:22,051 [INFO] [NoneStorage] - performing GET at /s3testqwer2/myobjects30
2018-11-22 15:13:22,062 [INFO] [NoneStorage] - performing GET at /s3testqwer1/myobjects78
2018-11-22 15:13:22,063 [INFO] [NoneStorage] - performing PUT at /s3testqwer1/myobjects144
2018-11-22 15:13:22,070 [INFO] [NoneStorage] - performing GET at /s3testqwer2/myobjects57
2018-11-22 15:13:22,257 [INFO] [NoneStorage] - performing PUT at /s3testqwer2/myobjects108
2018-11-22 15:13:22,275 [INFO] [NoneStorage] - performing PUT at /s3testqwer1/myobjects164
2018-11-22 15:13:22,294 [INFO] [NoneStorage] - performing PUT at /s3testqwer1/myobjects200
2018-11-22 15:13:22,385 [INFO] [NoneStorage] - performing GET at /s3testqwer2/myobjects87
2018-11-22 15:13:22,556 [INFO] [NoneStorage] - performing GET at /s3testqwer2/myobjects24
2018-11-22 15:13:22,557 [INFO] [NoneStorage] - performing GET at /s3testqwer2/myobjects40
2018-11-22 15:13:22,565 [INFO] [NoneStorage] - performing GET at /s3testqwer2/myobjects67
2018-11-22 15:13:22,594 [INFO] [NoneStorage] - performing GET at /s3testqwer1/myobjects18
2018-11-22 15:13:22,769 [INFO] [NoneStorage] - performing GET at /s3testqwer2/myobjects65
2018-11-22 15:13:22,774 [INFO] [NoneStorage] - performing GET at /s3testqwer1/myobjects77
2018-11-22 15:13:22,784 [INFO] [NoneStorage] - performing GET at /s3testqwer1/myobjects72
2018-11-22 15:13:22,786 [INFO] [NoneStorage] - performing GET at /s3testqwer2/myobjects33
2018-11-22 15:13:22,983 [INFO] [NoneStorage] - performing GET at /s3testqwer2/myobjects37
2018-11-22 15:13:22,991 [INFO] [NoneStorage] - performing GET at /s3testqwer1/myobjects38
2018-11-22 15:13:23,000 [INFO] [NoneStorage] - performing GET at /s3testqwer2/myobjects96
2018-11-22 15:13:23,006 [INFO] [NoneStorage] - performing GET at /s3testqwer2/myobjects24
2018-11-22 15:13:23,202 [INFO] [NoneStorage] - performing GET at /s3testqwer1/myobjects64
2018-11-22 15:13:23,222 [INFO] [NoneStorage] - performing GET at /s3testqwer1/myobjects49
2018-11-22 15:13:23,223 [INFO] [NoneStorage] - performing GET at /s3testqwer1/myobjects67
2018-11-22 15:13:23,223 [INFO] [NoneStorage] - performing GET at /s3testqwer2/myobjects26
2018-11-22 15:13:23,551 [INFO] [NoneStorage] - performing GET at /s3testqwer1/myobjects59
2018-11-22 15:13:23,557 [INFO] [NoneStorage] - performing GET at /s3testqwer2/myobjects60
2018-11-22 15:13:23,566 [INFO] [NoneStorage] - performing GET at /s3testqwer1/myobjects23
2018-11-22 15:13:23,741 [INFO] [NoneStorage] - performing GET at /s3testqwer2/myobjects86
2018-11-22 15:13:23,751 [INFO] [NoneStorage] - performing GET at /s3testqwer1/myobjects50
2018-11-22 15:13:23,760 [INFO] [NoneStorage] - performing GET at /s3testqwer2/myobjects57
2018-11-22 15:13:23,768 [INFO] [NoneStorage] - performing GET at /s3testqwer2/myobjects15
2018-11-22 15:13:23,953 [INFO] [NoneStorage] - performing GET at /s3testqwer1/myobjects73
2018-11-22 15:13:23,972 [INFO] [NoneStorage] - performing GET at /s3testqwer1/myobjects85
2018-11-22 15:13:23,980 [INFO] [NoneStorage] - performing GET at /s3testqwer2/myobjects84
2018-11-22 15:13:23,981 [INFO] [NoneStorage] - performing GET at /s3testqwer1/myobjects82
2018-11-22 15:13:24,171 [INFO] [NoneStorage] - performing GET at /s3testqwer1/myobjects62
2018-11-22 15:13:24,180 [INFO] [NoneStorage] - performing GET at /s3testqwer2/myobjects76
2018-11-22 15:13:24,188 [INFO] [NoneStorage] - performing GET at /s3testqwer1/myobjects78
2018-11-22 15:13:24,192 [INFO] [NoneStorage] - performing GET at /s3testqwer1/myobjects74
2018-11-22 15:13:24,378 [INFO] [NoneStorage] - performing GET at /s3testqwer2/myobjects2
2018-11-22 15:13:24,387 [INFO] [NoneStorage] - performing GET at /s3testqwer2/myobjects26
2018-11-22 15:13:24,405 [INFO] [NoneStorage] - performing GET at /s3testqwer2/myobjects67
2018-11-22 15:13:24,407 [INFO] [NoneStorage] - performing GET at /s3testqwer2/myobjects90
2018-11-22 15:13:24,603 [INFO] [NoneStorage] - performing GET at /s3testqwer1/myobjects23
2018-11-22 15:13:24,610 [INFO] [NoneStorage] - performing GET at /s3testqwer1/myobjects85
2018-11-22 15:13:24,620 [INFO] [NoneStorage] - performing GET at /s3testqwer1/myobjects43
2018-11-22 15:13:24,621 [INFO] [NoneStorage] - performing GET at /s3testqwer1/myobjects10
2018-11-22 15:13:24,806 [INFO] [NoneStorage] - performing PUT at /s3testqwer1/myobjects132
2018-11-22 15:13:24,815 [INFO] [NoneStorage] - performing GET at /s3testqwer2/myobjects32
2018-11-22 15:13:24,822 [INFO] [NoneStorage] - performing GET at /s3testqwer1/myobjects66
2018-11-22 15:13:24,833 [INFO] [NoneStorage] - performing GET at /s3testqwer1/myobjects73
2018-11-22 15:13:25,019 [INFO] [NoneStorage] - performing GET at /s3testqwer2/myobjects43
2018-11-22 15:13:25,037 [INFO] [NoneStorage] - performing GET at /s3testqwer1/myobjects72
2018-11-22 15:13:25,047 [INFO] [NoneStorage] - performing GET at /s3testqwer1/myobjects16
2018-11-22 15:13:25,220 [INFO] [NoneStorage] - performing PUT at /s3testqwer1/myobjects191
2018-11-22 15:13:25,230 [INFO] [NoneStorage] - performing GET at /s3testqwer2/myobjects97
2018-11-22 15:13:25,249 [INFO] [NoneStorage] - performing GET at /s3testqwer2/myobjects82
2018-11-22 15:13:25,269 [INFO] [NoneStorage] - performing GET at /s3testqwer2/myobjects61
2018-11-22 15:13:25,625 [INFO] [NoneStorage] - performing GET at /s3testqwer1/myobjects13
2018-11-22 15:13:25,633 [INFO] [NoneStorage] - performing PUT at /s3testqwer1/myobjects182
2018-11-22 15:13:25,643 [INFO] [NoneStorage] - performing GET at /s3testqwer2/myobjects25
2018-11-22 15:13:25,838 [INFO] [NoneStorage] - performing PUT at /s3testqwer1/myobjects141
2018-11-22 15:13:25,847 [INFO] [NoneStorage] - performing PUT at /s3testqwer1/myobjects156
2018-11-22 15:13:25,858 [INFO] [NoneStorage] - performing GET at /s3testqwer2/myobjects93
2018-11-22 15:13:25,947 [INFO] [NoneStorage] - performing GET at /s3testqwer2/myobjects11
2018-11-22 15:13:26,053 [INFO] [NoneStorage] - performing GET at /s3testqwer1/myobjects71
2018-11-22 15:13:26,110 [INFO] [NoneStorage] - performing GET at /s3testqwer1/myobjects41
2018-11-22 15:13:26,154 [INFO] [NoneStorage] - performing GET at /s3testqwer2/myobjects73
2018-11-22 15:13:26,155 [INFO] [NoneStorage] - performing PUT at /s3testqwer1/myobjects106
2018-11-22 15:13:26,192 [INFO] [NoneStorage] - performing GET at /s3testqwer2/myobjects34
2018-11-22 15:13:26,306 [INFO] [NoneStorage] - performing GET at /s3testqwer2/myobjects71
2018-11-22 15:13:26,338 [INFO] [NoneStorage] - performing PUT at /s3testqwer1/myobjects124
2018-11-22 15:13:26,415 [INFO] [NoneStorage] - performing GET at /s3testqwer1/myobjects89
2018-11-22 15:13:26,482 [INFO] [NoneStorage] - performing GET at /s3testqwer2/myobjects96
2018-11-22 15:13:26,502 [INFO] [NoneStorage] - performing GET at /s3testqwer1/myobjects27
2018-11-22 15:13:26,609 [INFO] [NoneStorage] - performing GET at /s3testqwer2/myobjects13
2018-11-22 15:13:26,664 [INFO] [NoneStorage] - performing GET at /s3testqwer1/myobjects71
2018-11-22 15:13:26,671 [INFO] [NoneStorage] - performing GET at /s3testqwer1/myobjects47
2018-11-22 15:13:26,703 [INFO] [NoneStorage] - performing GET at /s3testqwer1/myobjects65
2018-11-22 15:13:26,822 [INFO] [NoneStorage] - performing GET at /s3testqwer2/myobjects58
2018-11-22 15:13:26,853 [INFO] [NoneStorage] - performing GET at /s3testqwer2/myobjects45
2018-11-22 15:13:26,884 [INFO] [NoneStorage] - performing GET at /s3testqwer1/myobjects44
2018-11-22 15:13:26,917 [INFO] [NoneStorage] - performing PUT at /s3testqwer2/myobjects159
2018-11-22 15:13:27,040 [INFO] [NoneStorage] - performing GET at /s3testqwer1/myobjects9
2018-11-22 15:13:27,060 [INFO] [NoneStorage] - performing GET at /s3testqwer2/myobjects51
2018-11-22 15:13:27,080 [INFO] [NoneStorage] - performing GET at /s3testqwer2/myobjects25
2018-11-22 15:13:27,251 [INFO] [NoneStorage] - performing PUT at /s3testqwer2/myobjects142
2018-11-22 15:13:27,273 [INFO] [NoneStorage] - performing GET at /s3testqwer1/myobjects14
2018-11-22 15:13:27,282 [INFO] [NoneStorage] - performing GET at /s3testqwer2/myobjects47
2018-11-22 15:13:27,432 [INFO] [NoneStorage] - performing GET at /s3testqwer2/myobjects7
2018-11-22 15:13:27,442 [INFO] [NoneStorage] - performing GET at /s3testqwer1/myobjects6
2018-11-22 15:13:27,576 [INFO] [NoneStorage] - performing GET at /s3testqwer2/myobjects20
2018-11-22 15:13:27,584 [INFO] [NoneStorage] - performing GET at /s3testqwer2/myobjects73
2018-11-22 15:13:27,683 [INFO] [NoneStorage] - performing GET at /s3testqwer2/myobjects13
2018-11-22 15:13:27,693 [INFO] [NoneStorage] - performing GET at /s3testqwer1/myobjects91
2018-11-22 15:13:27,801 [INFO] [NoneStorage] - performing GET at /s3testqwer1/myobjects74
2018-11-22 15:13:27,802 [INFO] [NoneStorage] - performing GET at /s3testqwer1/myobjects82
2018-11-22 15:13:28,028 [INFO] [NoneStorage] - performing PUT at /s3testqwer1/myobjects200
2018-11-22 15:13:28,029 [INFO] [NoneStorage] - performing GET at /s3testqwer1/myobjects96
2018-11-22 15:13:28,280 [INFO] [NoneStorage] - performing GET at /s3testqwer2/myobjects23
2018-11-22 15:13:28,305 [INFO] [NoneStorage] - performing PUT at /s3testqwer1/myobjects175
2018-11-22 15:13:28,291 [INFO] [NoneStorage] - performing GET at /s3testqwer1/myobjects23
2018-11-22 15:13:28,405 [INFO] [NoneStorage] - performing GET at /s3testqwer2/myobjects22
2018-11-22 15:13:28,494 [INFO] [NoneStorage] - performing GET at /s3testqwer2/myobjects69
2018-11-22 15:13:28,504 [INFO] [NoneStorage] - performing PUT at /s3testqwer1/myobjects121
2018-11-22 15:13:28,629 [INFO] [NoneStorage] - performing GET at /s3testqwer1/myobjects98
2018-11-22 15:13:28,651 [INFO] [NoneStorage] - performing PUT at /s3testqwer1/myobjects190
2018-11-22 15:13:28,682 [INFO] [NoneStorage] - performing GET at /s3testqwer1/myobjects6
2018-11-22 15:13:28,834 [INFO] [NoneStorage] - performing GET at /s3testqwer1/myobjects31
2018-11-22 15:13:28,861 [INFO] [NoneStorage] - performing GET at /s3testqwer1/myobjects48
2018-11-22 15:13:28,882 [INFO] [NoneStorage] - performing GET at /s3testqwer1/myobjects23
2018-11-22 15:13:29,006 [INFO] [NoneStorage] - performing GET at /s3testqwer2/myobjects17
2018-11-22 15:13:29,027 [INFO] [NoneStorage] - performing GET at /s3testqwer2/myobjects47
2018-11-22 15:13:29,046 [INFO] [NoneStorage] - performing GET at /s3testqwer1/myobjects15
2018-11-22 15:13:29,110 [INFO] [NoneStorage] - performing GET at /s3testqwer1/myobjects62
2018-11-22 15:13:29,231 [INFO] [NoneStorage] - performing GET at /s3testqwer1/myobjects64
2018-11-22 15:13:29,241 [INFO] [NoneStorage] - performing PUT at /s3testqwer1/myobjects181
2018-11-22 15:13:29,250 [INFO] [NoneStorage] - performing GET at /s3testqwer2/myobjects41
2018-11-22 15:13:29,300 [INFO] [NoneStorage] - performing GET at /s3testqwer2/myobjects11
2018-11-22 15:13:29,450 [INFO] [NoneStorage] - performing GET at /s3testqwer1/myobjects87
2018-11-22 15:13:29,458 [INFO] [NoneStorage] - performing GET at /s3testqwer2/myobjects61
2018-11-22 15:13:29,529 [INFO] [NoneStorage] - performing GET at /s3testqwer1/myobjects11
2018-11-22 15:13:29,614 [INFO] [NoneStorage] - performing GET at /s3testqwer1/myobjects29
2018-11-22 15:13:29,658 [INFO] [NoneStorage] - performing GET at /s3testqwer2/myobjects37
2018-11-22 15:13:29,669 [INFO] [NoneStorage] - performing GET at /s3testqwer1/myobjects60
2018-11-22 15:13:29,726 [INFO] [NoneStorage] - performing GET at /s3testqwer1/myobjects4
2018-11-22 15:13:29,838 [INFO] [NoneStorage] - performing GET at /s3testqwer1/myobjects93
2018-11-22 15:13:29,849 [INFO] [NoneStorage] - performing PUT at /s3testqwer1/myobjects193
2018-11-22 15:13:29,857 [INFO] [NoneStorage] - performing GET at /s3testqwer1/myobjects93
2018-11-22 15:13:29,921 [INFO] [NoneStorage] - performing PUT at /s3testqwer2/myobjects185
2018-11-22 15:13:30,028 [INFO] [NoneStorage] - performing GET at /s3testqwer1/myobjects68
2018-11-22 15:13:30,049 [INFO] [NoneStorage] - performing GET at /s3testqwer1/myobjects24
2018-11-22 15:13:30,224 [INFO] [NoneStorage] - performing GET at /s3testqwer1/myobjects52
2018-11-22 15:13:30,264 [INFO] [NoneStorage] - performing GET at /s3testqwer1/myobjects95
2018-11-22 15:13:30,340 [INFO] [NoneStorage] - performing GET at /s3testqwer1/myobjects92
2018-11-22 15:13:30,361 [INFO] [NoneStorage] - performing GET at /s3testqwer2/myobjects11
2018-11-22 15:13:30,447 [INFO] [NoneStorage] - performing PUT at /s3testqwer1/myobjects181
2018-11-22 15:13:30,478 [INFO] [NoneStorage] - performing GET at /s3testqwer2/myobjects95
2018-11-22 15:13:30,586 [INFO] [NoneStorage] - performing GET at /s3testqwer1/myobjects10
2018-11-22 15:13:30,677 [INFO] [NoneStorage] - performing PUT at /s3testqwer1/myobjects172
2018-11-22 15:13:30,895 [INFO] [NoneStorage] - performing GET at /s3testqwer1/myobjects72
2018-11-22 15:13:30,896 [INFO] [NoneStorage] - performing GET at /s3testqwer2/myobjects38
2018-11-22 15:13:30,896 [INFO] [NoneStorage] - performing GET at /s3testqwer2/myobjects13
2018-11-22 15:13:30,897 [INFO] [NoneStorage] - performing GET at /s3testqwer1/myobjects18
2018-11-22 15:13:31,094 [INFO] [NoneStorage] - performing GET at /s3testqwer1/myobjects86
2018-11-22 15:13:31,118 [INFO] [NoneStorage] - performing GET at /s3testqwer1/myobjects12
2018-11-22 15:13:31,110 [INFO] [NoneStorage] - performing PUT at /s3testqwer2/myobjects128
2018-11-22 15:13:31,101 [INFO] [NoneStorage] - performing GET at /s3testqwer2/myobjects11
2018-11-22 15:13:31,310 [INFO] [NoneStorage] - performing GET at /s3testqwer1/myobjects17
2018-11-22 15:13:31,319 [INFO] [NoneStorage] - performing GET at /s3testqwer2/myobjects42
2018-11-22 15:13:31,329 [INFO] [NoneStorage] - performing GET at /s3testqwer1/myobjects68
2018-11-22 15:13:31,414 [INFO] [NoneStorage] - performing GET at /s3testqwer2/myobjects71
2018-11-22 15:13:31,525 [INFO] [NoneStorage] - performing PUT at /s3testqwer2/myobjects177
2018-11-22 15:13:31,535 [INFO] [NoneStorage] - performing GET at /s3testqwer1/myobjects22
2018-11-22 15:13:31,543 [INFO] [NoneStorage] - performing GET at /s3testqwer2/myobjects74
2018-11-22 15:13:31,586 [INFO] [NoneStorage] - performing GET at /s3testqwer2/myobjects85
2018-11-22 15:13:31,736 [INFO] [NoneStorage] - performing GET at /s3testqwer2/myobjects54
2018-11-22 15:13:31,756 [INFO] [NoneStorage] - performing GET at /s3testqwer2/myobjects98
2018-11-22 15:13:31,820 [INFO] [NoneStorage] - performing GET at /s3testqwer1/myobjects78
2018-11-22 15:13:31,939 [INFO] [NoneStorage] - performing GET at /s3testqwer1/myobjects32
2018-11-22 15:13:31,958 [INFO] [NoneStorage] - performing GET at /s3testqwer2/myobjects4
2018-11-22 15:13:31,959 [INFO] [NoneStorage] - performing GET at /s3testqwer1/myobjects14
2018-11-22 15:13:32,016 [INFO] [NoneStorage] - performing GET at /s3testqwer2/myobjects80
2018-11-22 15:13:32,153 [INFO] [NoneStorage] - performing GET at /s3testqwer2/myobjects35
2018-11-22 15:13:32,162 [INFO] [NoneStorage] - performing GET at /s3testqwer2/myobjects54
2018-11-22 15:13:32,171 [INFO] [NoneStorage] - performing GET at /s3testqwer2/myobjects26
2018-11-22 15:13:32,234 [INFO] [NoneStorage] - performing PUT at /s3testqwer2/myobjects108
2018-11-22 15:13:32,355 [INFO] [NoneStorage] - performing PUT at /s3testqwer1/myobjects134
2018-11-22 15:13:32,377 [INFO] [NoneStorage] - performing PUT at /s3testqwer2/myobjects104
2018-11-22 15:13:32,385 [INFO] [NoneStorage] - performing GET at /s3testqwer2/myobjects57
2018-11-22 15:13:32,560 [INFO] [NoneStorage] - performing GET at /s3testqwer1/myobjects7
2018-11-22 15:13:32,580 [INFO] [NoneStorage] - performing GET at /s3testqwer1/myobjects100
2018-11-22 15:13:32,674 [INFO] [NoneStorage] - performing PUT at /s3testqwer1/myobjects153
2018-11-22 15:13:32,715 [INFO] [NoneStorage] - performing PUT at /s3testqwer2/myobjects136
2018-11-22 15:13:32,748 [INFO] [NoneStorage] - performing PUT at /s3testqwer1/myobjects110
2018-11-22 15:13:32,791 [INFO] [NoneStorage] - performing GET at /s3testqwer2/myobjects56
2018-11-22 15:13:33,076 [INFO] [NoneStorage] - performing PUT at /s3testqwer1/myobjects167
2018-11-22 15:13:33,087 [INFO] [NoneStorage] - performing GET at /s3testqwer2/myobjects16
2018-11-22 15:13:33,122 [INFO] [NoneStorage] - performing PUT at /s3testqwer2/myobjects136
2018-11-22 15:13:33,239 [INFO] [NoneStorage] - performing PUT at /s3testqwer1/myobjects110
2018-11-22 15:13:33,672 [INFO] [NoneStorage] - performing GET at /s3testqwer1/myobjects2
2018-11-22 15:13:33,673 [INFO] [NoneStorage] - performing GET at /s3testqwer2/myobjects80
2018-11-22 15:13:33,674 [INFO] [NoneStorage] - performing GET at /s3testqwer1/myobjects74
2018-11-22 15:13:33,961 [INFO] [NoneStorage] - performing GET at /s3testqwer2/myobjects62
2018-11-22 15:13:33,971 [INFO] [NoneStorage] - performing GET at /s3testqwer2/myobjects74
2018-11-22 15:13:33,980 [INFO] [NoneStorage] - performing GET at /s3testqwer2/myobjects36
2018-11-22 15:13:33,986 [INFO] [NoneStorage] - performing GET at /s3testqwer1/myobjects98
2018-11-22 15:13:34,169 [INFO] [NoneStorage] - performing GET at /s3testqwer2/myobjects3
2018-11-22 15:13:34,178 [INFO] [NoneStorage] - performing GET at /s3testqwer2/myobjects16
2018-11-22 15:13:34,186 [INFO] [NoneStorage] - performing GET at /s3testqwer2/myobjects38
2018-11-22 15:13:34,196 [INFO] [NoneStorage] - performing GET at /s3testqwer1/myobjects59
2018-11-22 15:13:34,370 [INFO] [NoneStorage] - performing PUT at /s3testqwer2/myobjects184
2018-11-22 15:13:34,390 [INFO] [NoneStorage] - performing GET at /s3testqwer1/myobjects77
2018-11-22 15:13:34,408 [INFO] [NoneStorage] - performing GET at /s3testqwer1/myobjects66
2018-11-22 15:13:34,417 [INFO] [NoneStorage] - performing GET at /s3testqwer2/myobjects74
2018-11-22 15:13:34,602 [INFO] [NoneStorage] - performing PUT at /s3testqwer2/myobjects125
2018-11-22 15:13:34,622 [INFO] [NoneStorage] - performing GET at /s3testqwer1/myobjects12
2018-11-22 15:13:34,631 [INFO] [NoneStorage] - performing GET at /s3testqwer2/myobjects48
2018-11-22 15:13:34,722 [INFO] [NoneStorage] - performing PUT at /s3testqwer2/myobjects154
2018-11-22 15:13:34,851 [INFO] [NoneStorage] - performing GET at /s3testqwer2/myobjects85
2018-11-22 15:13:34,863 [INFO] [NoneStorage] - performing GET at /s3testqwer1/myobjects63
2018-11-22 15:13:34,923 [INFO] [NoneStorage] - performing GET at /s3testqwer1/myobjects2
2018-11-22 15:13:35,053 [INFO] [NoneStorage] - performing GET at /s3testqwer2/myobjects57
2018-11-22 15:13:35,063 [INFO] [NoneStorage] - performing GET at /s3testqwer2/myobjects6
2018-11-22 15:13:35,090 [INFO] [NoneStorage] - performing GET at /s3testqwer1/myobjects20
2018-11-22 15:13:35,090 [INFO] [NoneStorage] - performing PUT at /s3testqwer2/myobjects191
2018-11-22 15:13:35,254 [INFO] [NoneStorage] - performing GET at /s3testqwer1/myobjects38
2018-11-22 15:13:35,262 [INFO] [NoneStorage] - performing GET at /s3testqwer1/myobjects92
2018-11-22 15:13:35,325 [INFO] [NoneStorage] - performing GET at /s3testqwer2/myobjects35
2018-11-22 15:13:35,465 [INFO] [NoneStorage] - performing GET at /s3testqwer2/myobjects98
2018-11-22 15:13:35,474 [INFO] [NoneStorage] - performing GET at /s3testqwer2/myobjects64
2018-11-22 15:13:35,493 [INFO] [NoneStorage] - performing PUT at /s3testqwer2/myobjects117
2018-11-22 15:13:35,573 [INFO] [NoneStorage] - performing GET at /s3testqwer1/myobjects89
2018-11-22 15:13:35,692 [INFO] [NoneStorage] - performing GET at /s3testqwer2/myobjects88
2018-11-22 15:13:35,700 [INFO] [NoneStorage] - performing GET at /s3testqwer1/myobjects6
2018-11-22 15:13:35,759 [INFO] [NoneStorage] - performing GET at /s3testqwer2/myobjects13
2018-11-22 15:13:35,760 [INFO] [NoneStorage] - performing PUT at /s3testqwer2/myobjects103
2018-11-22 15:13:35,922 [INFO] [NoneStorage] - performing GET at /s3testqwer1/myobjects9
2018-11-22 15:13:35,944 [INFO] [NoneStorage] - performing GET at /s3testqwer2/myobjects74
2018-11-22 15:13:35,953 [INFO] [NoneStorage] - performing GET at /s3testqwer2/myobjects51
2018-11-22 15:13:36,033 [INFO] [NoneStorage] - performing PUT at /s3testqwer2/myobjects169
2018-11-22 15:13:36,131 [INFO] [NoneStorage] - performing GET at /s3testqwer1/myobjects64
2018-11-22 15:13:36,151 [INFO] [NoneStorage] - performing GET at /s3testqwer2/myobjects60
2018-11-22 15:13:36,171 [INFO] [NoneStorage] - performing PUT at /s3testqwer2/myobjects178
2018-11-22 15:13:36,329 [INFO] [NoneStorage] - performing GET at /s3testqwer1/myobjects13
2018-11-22 15:13:36,348 [INFO] [NoneStorage] - performing PUT at /s3testqwer1/myobjects151
2018-11-22 15:13:36,437 [INFO] [NoneStorage] - performing GET at /s3testqwer1/myobjects99
2018-11-22 15:13:36,510 [INFO] [NoneStorage] - performing GET at /s3testqwer1/myobjects87
2018-11-22 15:13:36,617 [INFO] [NoneStorage] - performing GET at /s3testqwer1/myobjects24
2018-11-22 15:13:36,672 [INFO] [NoneStorage] - performing GET at /s3testqwer1/myobjects72
2018-11-22 15:13:36,727 [INFO] [NoneStorage] - performing PUT at /s3testqwer1/myobjects124
2018-11-22 15:13:38,847 [INFO] [NoneStorage] - performing PUT at /s3testqwer2/myobjects139
2018-11-22 15:13:38,848 [INFO] [NoneStorage] - performing GET at /s3testqwer1/myobjects82
2018-11-22 15:13:38,848 [INFO] [NoneStorage] - performing GET at /s3testqwer2/myobjects16
2018-11-22 15:13:38,849 [INFO] [NoneStorage] - performing PUT at /s3testqwer1/myobjects146
2018-11-22 15:13:39,146 [INFO] [NoneStorage] - performing PUT at /s3testqwer2/myobjects123
2018-11-22 15:13:39,161 [INFO] [NoneStorage] - performing GET at /s3testqwer1/myobjects30
2018-11-22 15:13:39,358 [INFO] [NoneStorage] - performing GET at /s3testqwer2/myobjects33
2018-11-22 15:13:39,448 [INFO] [NoneStorage] - performing GET at /s3testqwer2/myobjects63
2018-11-22 15:13:39,515 [INFO] [NoneStorage] - performing GET at /s3testqwer1/myobjects45
2018-11-22 15:13:39,578 [INFO] [NoneStorage] - performing GET at /s3testqwer1/myobjects93
2018-11-22 15:13:39,589 [INFO] [NoneStorage] - performing GET at /s3testqwer2/myobjects76
2018-11-22 15:13:39,667 [INFO] [NoneStorage] - performing GET at /s3testqwer2/myobjects56
2018-11-22 15:13:39,678 [INFO] [NoneStorage] - performing GET at /s3testqwer1/myobjects88
2018-11-22 15:13:39,796 [INFO] [NoneStorage] - performing GET at /s3testqwer1/myobjects9
2018-11-22 15:13:39,810 [INFO] [NoneStorage] - performing GET at /s3testqwer2/myobjects17
2018-11-22 15:13:39,830 [INFO] [NoneStorage] - performing PUT at /s3testqwer2/myobjects145
2018-11-22 15:13:39,905 [INFO] [NoneStorage] - performing GET at /s3testqwer1/myobjects53
2018-11-22 15:13:39,997 [INFO] [NoneStorage] - performing GET at /s3testqwer2/myobjects33
2018-11-22 15:13:40,005 [INFO] [NoneStorage] - performing GET at /s3testqwer2/myobjects82
2018-11-22 15:13:40,134 [INFO] [NoneStorage] - performing PUT at /s3testqwer2/myobjects172
2018-11-22 15:13:40,145 [INFO] [NoneStorage] - performing GET at /s3testqwer1/myobjects26
2018-11-22 15:13:40,212 [INFO] [NoneStorage] - performing PUT at /s3testqwer2/myobjects131
2018-11-22 15:13:40,233 [INFO] [NoneStorage] - performing PUT at /s3testqwer1/myobjects167
2018-11-22 15:13:40,353 [INFO] [NoneStorage] - performing PUT at /s3testqwer1/myobjects116
2018-11-22 15:13:40,431 [WARN] [S3Storage] - below exception encountered when creating object myobjects172 at s3testqwer2: 
2018-11-22 15:13:40,440 [WARN] [S3Storage] - below exception encountered when creating object myobjects131 at s3testqwer2: 
2018-11-22 15:13:40,443 [INFO] [NoneStorage] - performing GET at /s3testqwer2/myobjects23
2018-11-22 15:13:40,448 [INFO] [NoneStorage] - performing GET at /s3testqwer2/myobjects78
2018-11-22 15:13:40,449 [WARN] [S3Storage] - below exception encountered when creating object myobjects116 at s3testqwer1: 
2018-11-22 15:13:40,452 [INFO] [NoneStorage] - performing GET at /s3testqwer1/myobjects44
2018-11-22 15:13:40,454 [WARN] [S3Storage] - below exception encountered when creating object myobjects167 at s3testqwer1: 
2018-11-22 15:13:40,457 [INFO] [NoneStorage] - performing GET at /s3testqwer2/myobjects29
2018-11-22 15:13:40,678 [INFO] [NoneStorage] - performing GET at /s3testqwer2/myobjects6
2018-11-22 15:13:40,686 [INFO] [NoneStorage] - performing GET at /s3testqwer1/myobjects21
2018-11-22 15:13:40,692 [INFO] [NoneStorage] - performing GET at /s3testqwer2/myobjects22
2018-11-22 15:13:40,697 [INFO] [NoneStorage] - performing GET at /s3testqwer2/myobjects29
2018-11-22 15:13:40,862 [INFO] [NoneStorage] - performing GET at /s3testqwer2/myobjects12
2018-11-22 15:13:40,885 [INFO] [NoneStorage] - performing GET at /s3testqwer2/myobjects91
2018-11-22 15:13:40,895 [INFO] [NoneStorage] - performing GET at /s3testqwer1/myobjects38
2018-11-22 15:13:41,022 [INFO] [NoneStorage] - performing GET at /s3testqwer1/myobjects12
2018-11-22 15:13:41,025 [INFO] [NoneStorage] - performing GET at /s3testqwer2/myobjects73
2018-11-22 15:13:41,155 [INFO] [NoneStorage] - performing GET at /s3testqwer1/myobjects66
2018-11-22 15:13:41,158 [INFO] [NoneStorage] - performing GET at /s3testqwer2/myobjects94
2018-11-22 15:13:41,202 [INFO] [NoneStorage] - performing GET at /s3testqwer1/myobjects40
2018-11-22 15:13:41,313 [INFO] [NoneStorage] - performing GET at /s3testqwer2/myobjects82
2018-11-22 15:13:41,368 [INFO] [NoneStorage] - performing GET at /s3testqwer2/myobjects3
2018-11-22 15:13:41,389 [INFO] [NoneStorage] - performing GET at /s3testqwer1/myobjects22
2018-11-22 15:13:41,401 [INFO] [NoneStorage] - performing GET at /s3testqwer2/myobjects58
2018-11-22 15:13:41,509 [INFO] [NoneStorage] - performing GET at /s3testqwer1/myobjects82
2018-11-22 15:13:41,552 [INFO] [NoneStorage] - performing GET at /s3testqwer2/myobjects15
2018-11-22 15:13:41,585 [INFO] [NoneStorage] - performing GET at /s3testqwer2/myobjects50
2018-11-22 15:13:41,616 [INFO] [NoneStorage] - performing PUT at /s3testqwer1/myobjects114
2018-11-22 15:13:41,726 [INFO] [NoneStorage] - performing GET at /s3testqwer1/myobjects71
2018-11-22 15:13:41,769 [INFO] [NoneStorage] - performing GET at /s3testqwer2/myobjects84
2018-11-22 15:13:41,822 [INFO] [NoneStorage] - performing GET at /s3testqwer1/myobjects18
2018-11-22 15:13:42,008 [INFO] [NoneStorage] - performing GET at /s3testqwer1/myobjects68
2018-11-22 15:13:42,050 [INFO] [NoneStorage] - performing GET at /s3testqwer2/myobjects50
2018-11-22 15:13:42,106 [INFO] [NoneStorage] - performing GET at /s3testqwer2/myobjects45
2018-11-22 15:13:42,236 [INFO] [NoneStorage] - performing GET at /s3testqwer1/myobjects57
2018-11-22 15:13:42,245 [INFO] [NoneStorage] - performing GET at /s3testqwer2/myobjects43
2018-11-22 15:13:42,275 [INFO] [NoneStorage] - performing GET at /s3testqwer2/myobjects25
2018-11-22 15:13:42,352 [INFO] [NoneStorage] - performing GET at /s3testqwer1/myobjects63
2018-11-22 15:13:42,438 [INFO] [NoneStorage] - performing GET at /s3testqwer2/myobjects52
2018-11-22 15:13:42,459 [INFO] [NoneStorage] - performing GET at /s3testqwer2/myobjects70
2018-11-22 15:13:42,469 [INFO] [NoneStorage] - performing PUT at /s3testqwer1/myobjects143
2018-11-22 15:13:42,535 [INFO] [NoneStorage] - performing GET at /s3testqwer2/myobjects16
2018-11-22 15:13:42,649 [INFO] [NoneStorage] - performing GET at /s3testqwer2/myobjects52
2018-11-22 15:13:42,694 [INFO] [NoneStorage] - performing GET at /s3testqwer1/myobjects37
2018-11-22 15:13:42,749 [INFO] [NoneStorage] - performing GET at /s3testqwer2/myobjects30
2018-11-22 15:13:42,889 [INFO] [NoneStorage] - performing GET at /s3testqwer1/myobjects36
2018-11-22 15:13:42,899 [INFO] [NoneStorage] - performing GET at /s3testqwer1/myobjects29
2018-11-22 15:13:42,899 [INFO] [NoneStorage] - performing GET at /s3testqwer2/myobjects9
2018-11-22 15:13:42,969 [INFO] [NoneStorage] - performing GET at /s3testqwer2/myobjects53
2018-11-22 15:13:43,067 [INFO] [NoneStorage] - performing GET at /s3testqwer2/myobjects24
2018-11-22 15:13:43,104 [INFO] [NoneStorage] - performing GET at /s3testqwer2/myobjects86
2018-11-22 15:13:43,185 [INFO] [NoneStorage] - performing GET at /s3testqwer1/myobjects37
2018-11-22 15:13:43,219 [INFO] [NoneStorage] - performing GET at /s3testqwer1/myobjects43
2018-11-22 15:13:43,307 [INFO] [NoneStorage] - performing GET at /s3testqwer2/myobjects75
2018-11-22 15:13:43,332 [INFO] [NoneStorage] - performing GET at /s3testqwer2/myobjects52
2018-11-22 15:13:43,375 [INFO] [NoneStorage] - performing GET at /s3testqwer2/myobjects57
2018-11-22 15:13:43,442 [INFO] [NoneStorage] - performing GET at /s3testqwer1/myobjects21
2018-11-22 15:13:43,540 [INFO] [NoneStorage] - performing GET at /s3testqwer1/myobjects100
2018-11-22 15:13:43,565 [INFO] [NoneStorage] - performing GET at /s3testqwer1/myobjects9
2018-11-22 15:13:43,635 [INFO] [NoneStorage] - performing PUT at /s3testqwer1/myobjects109
2018-11-22 15:13:43,645 [INFO] [NoneStorage] - performing PUT at /s3testqwer1/myobjects120
2018-11-22 15:13:43,745 [INFO] [NoneStorage] - performing GET at /s3testqwer1/myobjects23
2018-11-22 15:13:43,774 [INFO] [NoneStorage] - performing PUT at /s3testqwer1/myobjects113
2018-11-22 15:13:43,960 [INFO] [NoneStorage] - performing GET at /s3testqwer2/myobjects66
2018-11-22 15:13:44,042 [INFO] [NoneStorage] - performing GET at /s3testqwer2/myobjects52
2018-11-22 15:13:44,141 [INFO] [NoneStorage] - performing GET at /s3testqwer1/myobjects9
2018-11-22 15:13:44,204 [INFO] [NoneStorage] - performing GET at /s3testqwer2/myobjects99
2018-11-22 15:13:44,281 [INFO] [NoneStorage] - performing GET at /s3testqwer1/myobjects15
2018-11-22 15:13:44,297 [INFO] [NoneStorage] - performing GET at /s3testqwer2/myobjects14
2018-11-22 15:13:44,297 [INFO] [NoneStorage] - performing GET at /s3testqwer1/myobjects52
2018-11-22 15:13:44,370 [INFO] [NoneStorage] - performing GET at /s3testqwer1/myobjects72
2018-11-22 15:13:44,490 [INFO] [NoneStorage] - performing GET at /s3testqwer2/myobjects50
2018-11-22 15:13:44,500 [INFO] [NoneStorage] - performing GET at /s3testqwer1/myobjects36
2018-11-22 15:13:44,501 [INFO] [NoneStorage] - performing GET at /s3testqwer1/myobjects68
2018-11-22 15:13:44,522 [INFO] [NoneStorage] - performing GET at /s3testqwer2/myobjects68
2018-11-22 15:13:44,695 [INFO] [NoneStorage] - performing GET at /s3testqwer2/myobjects8
2018-11-22 15:13:44,705 [INFO] [NoneStorage] - performing GET at /s3testqwer1/myobjects93
2018-11-22 15:13:44,715 [INFO] [NoneStorage] - performing PUT at /s3testqwer2/myobjects149
2018-11-22 15:13:44,767 [INFO] [NoneStorage] - performing GET at /s3testqwer2/myobjects4
2018-11-22 15:13:44,908 [INFO] [NoneStorage] - performing GET at /s3testqwer1/myobjects46
2018-11-22 15:13:44,926 [INFO] [NoneStorage] - performing GET at /s3testqwer1/myobjects48
2018-11-22 15:13:44,978 [INFO] [NoneStorage] - performing GET at /s3testqwer2/myobjects84
2018-11-22 15:13:45,088 [INFO] [NoneStorage] - performing PUT at /s3testqwer1/myobjects170
2018-11-22 15:13:45,112 [INFO] [NoneStorage] - performing PUT at /s3testqwer1/myobjects105
2018-11-22 15:13:45,130 [INFO] [NoneStorage] - performing GET at /s3testqwer1/myobjects32
2018-11-22 15:13:45,191 [INFO] [NoneStorage] - performing GET at /s3testqwer2/myobjects90
2018-11-22 15:13:45,332 [INFO] [NoneStorage] - performing PUT at /s3testqwer1/myobjects157
2018-11-22 15:13:45,393 [INFO] [NoneStorage] - performing GET at /s3testqwer1/myobjects24
2018-11-22 15:13:45,404 [INFO] [NoneStorage] - performing GET at /s3testqwer1/myobjects92
2018-11-22 15:13:45,449 [WARN] [S3Storage] - below exception encountered when creating object myobjects157 at s3testqwer1: 
2018-11-22 15:13:45,453 [INFO] [NoneStorage] - performing PUT at /s3testqwer2/myobjects123
2018-11-22 15:13:45,461 [WARN] [S3Storage] - below exception encountered when creating object myobjects105 at s3testqwer1: 
2018-11-22 15:13:45,465 [INFO] [NoneStorage] - performing GET at /s3testqwer1/myobjects71
2018-11-22 15:13:45,607 [INFO] [NoneStorage] - performing GET at /s3testqwer1/myobjects70
2018-11-22 15:13:45,626 [INFO] [NoneStorage] - performing PUT at /s3testqwer2/myobjects114
2018-11-22 15:13:45,743 [INFO] [NoneStorage] - performing GET at /s3testqwer1/myobjects53
2018-11-22 15:13:45,782 [INFO] [NoneStorage] - performing PUT at /s3testqwer2/myobjects132
2018-11-22 15:13:45,816 [INFO] [NoneStorage] - performing PUT at /s3testqwer1/myobjects197
2018-11-22 15:13:46,042 [INFO] [NoneStorage] - performing PUT at /s3testqwer1/myobjects144
2018-11-22 15:13:46,069 [INFO] [NoneStorage] - performing GET at /s3testqwer2/myobjects74
2018-11-22 15:13:46,189 [INFO] [NoneStorage] - performing GET at /s3testqwer2/myobjects58
2018-11-22 15:13:46,227 [INFO] [NoneStorage] - performing GET at /s3testqwer1/myobjects5
2018-11-22 15:13:46,272 [INFO] [NoneStorage] - performing GET at /s3testqwer1/myobjects21
2018-11-22 15:13:46,345 [INFO] [NoneStorage] - performing GET at /s3testqwer1/myobjects63
2018-11-22 15:13:46,364 [INFO] [NoneStorage] - performing GET at /s3testqwer2/myobjects75
2018-11-22 15:13:46,462 [INFO] [NoneStorage] - performing GET at /s3testqwer2/myobjects98
2018-11-22 15:13:46,470 [INFO] [NoneStorage] - performing GET at /s3testqwer2/myobjects8
2018-11-22 15:13:46,568 [INFO] [NoneStorage] - performing PUT at /s3testqwer1/myobjects168
2018-11-22 15:13:46,576 [INFO] [NoneStorage] - performing GET at /s3testqwer2/myobjects41
2018-11-22 15:13:46,678 [INFO] [NoneStorage] - performing PUT at /s3testqwer1/myobjects188
2018-11-22 15:13:46,724 [INFO] [NoneStorage] - performing GET at /s3testqwer2/myobjects75
2018-11-22 15:13:46,824 [INFO] [NoneStorage] - performing GET at /s3testqwer1/myobjects64
2018-11-22 15:13:46,879 [INFO] [NoneStorage] - performing GET at /s3testqwer2/myobjects45
2018-11-22 15:13:46,899 [INFO] [NoneStorage] - performing PUT at /s3testqwer1/myobjects184
2018-11-22 15:13:46,979 [INFO] [NoneStorage] - performing PUT at /s3testqwer2/myobjects188
2018-11-22 15:13:47,085 [INFO] [NoneStorage] - performing GET at /s3testqwer2/myobjects6
2018-11-22 15:13:47,141 [INFO] [NoneStorage] - performing GET at /s3testqwer1/myobjects76
2018-11-22 15:13:47,162 [INFO] [NoneStorage] - performing GET at /s3testqwer1/myobjects100
2018-11-22 15:13:47,259 [INFO] [NoneStorage] - performing GET at /s3testqwer1/myobjects42
2018-11-22 15:13:47,267 [INFO] [NoneStorage] - performing PUT at /s3testqwer2/myobjects123
2018-11-22 15:13:47,364 [INFO] [NoneStorage] - performing PUT at /s3testqwer1/myobjects195
2018-11-22 15:13:47,489 [INFO] [NoneStorage] - performing GET at /s3testqwer2/myobjects19
2018-11-22 15:13:47,548 [INFO] [NoneStorage] - performing GET at /s3testqwer2/myobjects66
2018-11-22 15:13:47,593 [INFO] [NoneStorage] - performing PUT at /s3testqwer1/myobjects156
2018-11-22 15:13:47,646 [INFO] [NoneStorage] - performing GET at /s3testqwer2/myobjects94
2018-11-22 15:13:47,760 [INFO] [NoneStorage] - performing GET at /s3testqwer1/myobjects86
2018-11-22 15:13:47,781 [INFO] [NoneStorage] - performing PUT at /s3testqwer1/myobjects115
2018-11-22 15:13:47,877 [INFO] [NoneStorage] - performing GET at /s3testqwer2/myobjects24
2018-11-22 15:13:47,935 [INFO] [NoneStorage] - performing PUT at /s3testqwer1/myobjects103
2018-11-22 15:13:47,978 [INFO] [NoneStorage] - performing GET at /s3testqwer1/myobjects90
2018-11-22 15:13:48,074 [INFO] [NoneStorage] - performing GET at /s3testqwer2/myobjects53
2018-11-22 15:13:48,080 [INFO] [NoneStorage] - performing GET at /s3testqwer2/myobjects44
2018-11-22 15:13:48,179 [INFO] [NoneStorage] - performing PUT at /s3testqwer2/myobjects144
2018-11-22 15:13:48,188 [INFO] [NoneStorage] - performing GET at /s3testqwer2/myobjects7
2018-11-22 15:13:48,364 [INFO] [NoneStorage] - performing GET at /s3testqwer2/myobjects90
