2018-11-26 14:21:09,014 [INFO] [Log4jLogManager] - will append log to file /root/git/0.4.2.c4/log/mission/MD4FC069F55.log
2018-11-26 14:21:09,232 [INFO] [NoneStorage] - performing PUT at /s3testqwer1/myobjects1
2018-11-26 14:21:09,748 [WARN] [S3Storage] - below exception encountered when creating object myobjects1 at s3testqwer1: Failed to reset the request input stream;  If the request involves an input stream, the maximum stream buffer size can be configured via request.getRequestClientOptions().setReadLimit(int)
2018-11-26 14:21:09,763 [INFO] [NoneStorage] - performing PUT at /s3testqwer1/myobjects2
2018-11-26 14:21:10,278 [WARN] [S3Storage] - below exception encountered when creating object myobjects2 at s3testqwer1: Failed to reset the request input stream;  If the request involves an input stream, the maximum stream buffer size can be configured via request.getRequestClientOptions().setReadLimit(int)
2018-11-26 14:21:10,284 [INFO] [NoneStorage] - performing PUT at /s3testqwer1/myobjects3
2018-11-26 14:21:10,796 [WARN] [S3Storage] - below exception encountered when creating object myobjects3 at s3testqwer1: Failed to reset the request input stream;  If the request involves an input stream, the maximum stream buffer size can be configured via request.getRequestClientOptions().setReadLimit(int)
2018-11-26 14:21:10,801 [INFO] [NoneStorage] - performing PUT at /s3testqwer1/myobjects4
2018-11-26 14:21:11,312 [WARN] [S3Storage] - below exception encountered when creating object myobjects4 at s3testqwer1: Failed to reset the request input stream;  If the request involves an input stream, the maximum stream buffer size can be configured via request.getRequestClientOptions().setReadLimit(int)
2018-11-26 14:21:11,319 [INFO] [NoneStorage] - performing PUT at /s3testqwer1/myobjects5
2018-11-26 14:21:11,829 [WARN] [S3Storage] - below exception encountered when creating object myobjects5 at s3testqwer1: Failed to reset the request input stream;  If the request involves an input stream, the maximum stream buffer size can be configured via request.getRequestClientOptions().setReadLimit(int)
2018-11-26 14:21:11,834 [INFO] [NoneStorage] - performing PUT at /s3testqwer1/myobjects6
2018-11-26 14:21:12,347 [WARN] [S3Storage] - below exception encountered when creating object myobjects6 at s3testqwer1: Failed to reset the request input stream;  If the request involves an input stream, the maximum stream buffer size can be configured via request.getRequestClientOptions().setReadLimit(int)
2018-11-26 14:21:12,352 [INFO] [NoneStorage] - performing PUT at /s3testqwer1/myobjects7
2018-11-26 14:21:12,862 [WARN] [S3Storage] - below exception encountered when creating object myobjects7 at s3testqwer1: Failed to reset the request input stream;  If the request involves an input stream, the maximum stream buffer size can be configured via request.getRequestClientOptions().setReadLimit(int)
2018-11-26 14:21:12,877 [INFO] [NoneStorage] - performing PUT at /s3testqwer1/myobjects8
2018-11-26 14:21:13,387 [WARN] [S3Storage] - below exception encountered when creating object myobjects8 at s3testqwer1: Failed to reset the request input stream;  If the request involves an input stream, the maximum stream buffer size can be configured via request.getRequestClientOptions().setReadLimit(int)
2018-11-26 14:21:13,393 [INFO] [NoneStorage] - performing PUT at /s3testqwer1/myobjects9
2018-11-26 14:21:13,903 [WARN] [S3Storage] - below exception encountered when creating object myobjects9 at s3testqwer1: Failed to reset the request input stream;  If the request involves an input stream, the maximum stream buffer size can be configured via request.getRequestClientOptions().setReadLimit(int)
2018-11-26 14:21:13,909 [INFO] [NoneStorage] - performing PUT at /s3testqwer1/myobjects10
2018-11-26 14:21:14,420 [WARN] [S3Storage] - below exception encountered when creating object myobjects10 at s3testqwer1: Failed to reset the request input stream;  If the request involves an input stream, the maximum stream buffer size can be configured via request.getRequestClientOptions().setReadLimit(int)
2018-11-26 14:21:14,425 [INFO] [NoneStorage] - performing PUT at /s3testqwer1/myobjects11
2018-11-26 14:21:14,938 [WARN] [S3Storage] - below exception encountered when creating object myobjects11 at s3testqwer1: Failed to reset the request input stream;  If the request involves an input stream, the maximum stream buffer size can be configured via request.getRequestClientOptions().setReadLimit(int)
2018-11-26 14:21:14,943 [INFO] [NoneStorage] - performing PUT at /s3testqwer1/myobjects12
2018-11-26 14:21:15,457 [WARN] [S3Storage] - below exception encountered when creating object myobjects12 at s3testqwer1: Failed to reset the request input stream;  If the request involves an input stream, the maximum stream buffer size can be configured via request.getRequestClientOptions().setReadLimit(int)
2018-11-26 14:21:15,462 [INFO] [NoneStorage] - performing PUT at /s3testqwer1/myobjects13
2018-11-26 14:21:15,974 [WARN] [S3Storage] - below exception encountered when creating object myobjects13 at s3testqwer1: Failed to reset the request input stream;  If the request involves an input stream, the maximum stream buffer size can be configured via request.getRequestClientOptions().setReadLimit(int)
2018-11-26 14:21:15,984 [INFO] [NoneStorage] - performing PUT at /s3testqwer1/myobjects14
2018-11-26 14:21:16,494 [WARN] [S3Storage] - below exception encountered when creating object myobjects14 at s3testqwer1: Failed to reset the request input stream;  If the request involves an input stream, the maximum stream buffer size can be configured via request.getRequestClientOptions().setReadLimit(int)
2018-11-26 14:21:16,499 [INFO] [NoneStorage] - performing PUT at /s3testqwer1/myobjects15
2018-11-26 14:21:17,011 [WARN] [S3Storage] - below exception encountered when creating object myobjects15 at s3testqwer1: Failed to reset the request input stream;  If the request involves an input stream, the maximum stream buffer size can be configured via request.getRequestClientOptions().setReadLimit(int)
2018-11-26 14:21:17,017 [INFO] [NoneStorage] - performing PUT at /s3testqwer1/myobjects16
2018-11-26 14:21:17,529 [WARN] [S3Storage] - below exception encountered when creating object myobjects16 at s3testqwer1: Failed to reset the request input stream;  If the request involves an input stream, the maximum stream buffer size can be configured via request.getRequestClientOptions().setReadLimit(int)
2018-11-26 14:21:17,534 [INFO] [NoneStorage] - performing PUT at /s3testqwer1/myobjects17
2018-11-26 14:21:18,046 [WARN] [S3Storage] - below exception encountered when creating object myobjects17 at s3testqwer1: Failed to reset the request input stream;  If the request involves an input stream, the maximum stream buffer size can be configured via request.getRequestClientOptions().setReadLimit(int)
2018-11-26 14:21:18,052 [INFO] [NoneStorage] - performing PUT at /s3testqwer1/myobjects18
2018-11-26 14:21:18,563 [WARN] [S3Storage] - below exception encountered when creating object myobjects18 at s3testqwer1: Failed to reset the request input stream;  If the request involves an input stream, the maximum stream buffer size can be configured via request.getRequestClientOptions().setReadLimit(int)
2018-11-26 14:21:18,569 [INFO] [NoneStorage] - performing PUT at /s3testqwer1/myobjects19
2018-11-26 14:21:19,081 [WARN] [S3Storage] - below exception encountered when creating object myobjects19 at s3testqwer1: Failed to reset the request input stream;  If the request involves an input stream, the maximum stream buffer size can be configured via request.getRequestClientOptions().setReadLimit(int)
2018-11-26 14:21:19,090 [INFO] [NoneStorage] - performing PUT at /s3testqwer1/myobjects20
2018-11-26 14:21:19,602 [WARN] [S3Storage] - below exception encountered when creating object myobjects20 at s3testqwer1: Failed to reset the request input stream;  If the request involves an input stream, the maximum stream buffer size can be configured via request.getRequestClientOptions().setReadLimit(int)
2018-11-26 14:21:19,608 [INFO] [NoneStorage] - performing PUT at /s3testqwer1/myobjects21
2018-11-26 14:21:20,119 [WARN] [S3Storage] - below exception encountered when creating object myobjects21 at s3testqwer1: Failed to reset the request input stream;  If the request involves an input stream, the maximum stream buffer size can be configured via request.getRequestClientOptions().setReadLimit(int)
2018-11-26 14:21:20,125 [INFO] [NoneStorage] - performing PUT at /s3testqwer1/myobjects22
2018-11-26 14:21:20,636 [WARN] [S3Storage] - below exception encountered when creating object myobjects22 at s3testqwer1: Failed to reset the request input stream;  If the request involves an input stream, the maximum stream buffer size can be configured via request.getRequestClientOptions().setReadLimit(int)
2018-11-26 14:21:20,642 [INFO] [NoneStorage] - performing PUT at /s3testqwer1/myobjects23
2018-11-26 14:21:21,155 [WARN] [S3Storage] - below exception encountered when creating object myobjects23 at s3testqwer1: Failed to reset the request input stream;  If the request involves an input stream, the maximum stream buffer size can be configured via request.getRequestClientOptions().setReadLimit(int)
2018-11-26 14:21:21,160 [INFO] [NoneStorage] - performing PUT at /s3testqwer1/myobjects24
2018-11-26 14:21:21,671 [WARN] [S3Storage] - below exception encountered when creating object myobjects24 at s3testqwer1: Failed to reset the request input stream;  If the request involves an input stream, the maximum stream buffer size can be configured via request.getRequestClientOptions().setReadLimit(int)
2018-11-26 14:21:21,676 [INFO] [NoneStorage] - performing PUT at /s3testqwer1/myobjects25
2018-11-26 14:21:22,187 [WARN] [S3Storage] - below exception encountered when creating object myobjects25 at s3testqwer1: Failed to reset the request input stream;  If the request involves an input stream, the maximum stream buffer size can be configured via request.getRequestClientOptions().setReadLimit(int)
2018-11-26 14:21:22,198 [INFO] [NoneStorage] - performing PUT at /s3testqwer1/myobjects26
2018-11-26 14:21:22,709 [WARN] [S3Storage] - below exception encountered when creating object myobjects26 at s3testqwer1: Failed to reset the request input stream;  If the request involves an input stream, the maximum stream buffer size can be configured via request.getRequestClientOptions().setReadLimit(int)
2018-11-26 14:21:22,714 [INFO] [NoneStorage] - performing PUT at /s3testqwer1/myobjects27
2018-11-26 14:21:23,228 [WARN] [S3Storage] - below exception encountered when creating object myobjects27 at s3testqwer1: Failed to reset the request input stream;  If the request involves an input stream, the maximum stream buffer size can be configured via request.getRequestClientOptions().setReadLimit(int)
2018-11-26 14:21:23,233 [INFO] [NoneStorage] - performing PUT at /s3testqwer1/myobjects28
2018-11-26 14:21:23,744 [WARN] [S3Storage] - below exception encountered when creating object myobjects28 at s3testqwer1: Failed to reset the request input stream;  If the request involves an input stream, the maximum stream buffer size can be configured via request.getRequestClientOptions().setReadLimit(int)
2018-11-26 14:21:23,750 [INFO] [NoneStorage] - performing PUT at /s3testqwer1/myobjects29
2018-11-26 14:21:24,259 [WARN] [S3Storage] - below exception encountered when creating object myobjects29 at s3testqwer1: Failed to reset the request input stream;  If the request involves an input stream, the maximum stream buffer size can be configured via request.getRequestClientOptions().setReadLimit(int)
2018-11-26 14:21:24,265 [INFO] [NoneStorage] - performing PUT at /s3testqwer1/myobjects30
2018-11-26 14:21:24,775 [WARN] [S3Storage] - below exception encountered when creating object myobjects30 at s3testqwer1: Failed to reset the request input stream;  If the request involves an input stream, the maximum stream buffer size can be configured via request.getRequestClientOptions().setReadLimit(int)
2018-11-26 14:21:24,781 [INFO] [NoneStorage] - performing PUT at /s3testqwer1/myobjects31
2018-11-26 14:21:25,291 [WARN] [S3Storage] - below exception encountered when creating object myobjects31 at s3testqwer1: Failed to reset the request input stream;  If the request involves an input stream, the maximum stream buffer size can be configured via request.getRequestClientOptions().setReadLimit(int)
2018-11-26 14:21:25,301 [INFO] [NoneStorage] - performing PUT at /s3testqwer1/myobjects32
2018-11-26 14:21:25,811 [WARN] [S3Storage] - below exception encountered when creating object myobjects32 at s3testqwer1: Failed to reset the request input stream;  If the request involves an input stream, the maximum stream buffer size can be configured via request.getRequestClientOptions().setReadLimit(int)
2018-11-26 14:21:25,814 [INFO] [NoneStorage] - performing PUT at /s3testqwer1/myobjects33
2018-11-26 14:21:26,330 [WARN] [S3Storage] - below exception encountered when creating object myobjects33 at s3testqwer1: Failed to reset the request input stream;  If the request involves an input stream, the maximum stream buffer size can be configured via request.getRequestClientOptions().setReadLimit(int)
2018-11-26 14:21:26,336 [INFO] [NoneStorage] - performing PUT at /s3testqwer1/myobjects34
2018-11-26 14:21:26,846 [WARN] [S3Storage] - below exception encountered when creating object myobjects34 at s3testqwer1: Failed to reset the request input stream;  If the request involves an input stream, the maximum stream buffer size can be configured via request.getRequestClientOptions().setReadLimit(int)
2018-11-26 14:21:26,852 [INFO] [NoneStorage] - performing PUT at /s3testqwer1/myobjects35
2018-11-26 14:21:27,363 [WARN] [S3Storage] - below exception encountered when creating object myobjects35 at s3testqwer1: Failed to reset the request input stream;  If the request involves an input stream, the maximum stream buffer size can be configured via request.getRequestClientOptions().setReadLimit(int)
2018-11-26 14:21:27,369 [INFO] [NoneStorage] - performing PUT at /s3testqwer1/myobjects36
2018-11-26 14:21:27,889 [WARN] [S3Storage] - below exception encountered when creating object myobjects36 at s3testqwer1: Failed to reset the request input stream;  If the request involves an input stream, the maximum stream buffer size can be configured via request.getRequestClientOptions().setReadLimit(int)
2018-11-26 14:21:27,892 [INFO] [NoneStorage] - performing PUT at /s3testqwer1/myobjects37
2018-11-26 14:21:28,401 [WARN] [S3Storage] - below exception encountered when creating object myobjects37 at s3testqwer1: Failed to reset the request input stream;  If the request involves an input stream, the maximum stream buffer size can be configured via request.getRequestClientOptions().setReadLimit(int)
2018-11-26 14:21:28,407 [INFO] [NoneStorage] - performing PUT at /s3testqwer1/myobjects38
2018-11-26 14:21:28,915 [WARN] [S3Storage] - below exception encountered when creating object myobjects38 at s3testqwer1: Failed to reset the request input stream;  If the request involves an input stream, the maximum stream buffer size can be configured via request.getRequestClientOptions().setReadLimit(int)
2018-11-26 14:21:28,921 [INFO] [NoneStorage] - performing PUT at /s3testqwer1/myobjects39
2018-11-26 14:21:29,435 [WARN] [S3Storage] - below exception encountered when creating object myobjects39 at s3testqwer1: Failed to reset the request input stream;  If the request involves an input stream, the maximum stream buffer size can be configured via request.getRequestClientOptions().setReadLimit(int)
2018-11-26 14:21:29,440 [INFO] [NoneStorage] - performing PUT at /s3testqwer1/myobjects40
2018-11-26 14:21:29,952 [WARN] [S3Storage] - below exception encountered when creating object myobjects40 at s3testqwer1: Failed to reset the request input stream;  If the request involves an input stream, the maximum stream buffer size can be configured via request.getRequestClientOptions().setReadLimit(int)
2018-11-26 14:21:29,955 [INFO] [NoneStorage] - performing PUT at /s3testqwer1/myobjects41
2018-11-26 14:21:30,467 [WARN] [S3Storage] - below exception encountered when creating object myobjects41 at s3testqwer1: Failed to reset the request input stream;  If the request involves an input stream, the maximum stream buffer size can be configured via request.getRequestClientOptions().setReadLimit(int)
2018-11-26 14:21:30,470 [INFO] [NoneStorage] - performing PUT at /s3testqwer1/myobjects42
2018-11-26 14:21:30,979 [WARN] [S3Storage] - below exception encountered when creating object myobjects42 at s3testqwer1: Failed to reset the request input stream;  If the request involves an input stream, the maximum stream buffer size can be configured via request.getRequestClientOptions().setReadLimit(int)
2018-11-26 14:21:30,982 [INFO] [NoneStorage] - performing PUT at /s3testqwer1/myobjects43
2018-11-26 14:21:31,490 [WARN] [S3Storage] - below exception encountered when creating object myobjects43 at s3testqwer1: Failed to reset the request input stream;  If the request involves an input stream, the maximum stream buffer size can be configured via request.getRequestClientOptions().setReadLimit(int)
2018-11-26 14:21:31,504 [INFO] [NoneStorage] - performing PUT at /s3testqwer1/myobjects44
2018-11-26 14:21:32,018 [WARN] [S3Storage] - below exception encountered when creating object myobjects44 at s3testqwer1: Failed to reset the request input stream;  If the request involves an input stream, the maximum stream buffer size can be configured via request.getRequestClientOptions().setReadLimit(int)
2018-11-26 14:21:32,025 [INFO] [NoneStorage] - performing PUT at /s3testqwer1/myobjects45
2018-11-26 14:21:32,538 [WARN] [S3Storage] - below exception encountered when creating object myobjects45 at s3testqwer1: Failed to reset the request input stream;  If the request involves an input stream, the maximum stream buffer size can be configured via request.getRequestClientOptions().setReadLimit(int)
2018-11-26 14:21:32,544 [INFO] [NoneStorage] - performing PUT at /s3testqwer1/myobjects46
2018-11-26 14:21:33,058 [WARN] [S3Storage] - below exception encountered when creating object myobjects46 at s3testqwer1: Failed to reset the request input stream;  If the request involves an input stream, the maximum stream buffer size can be configured via request.getRequestClientOptions().setReadLimit(int)
2018-11-26 14:21:33,063 [INFO] [NoneStorage] - performing PUT at /s3testqwer1/myobjects47
2018-11-26 14:21:33,579 [WARN] [S3Storage] - below exception encountered when creating object myobjects47 at s3testqwer1: Failed to reset the request input stream;  If the request involves an input stream, the maximum stream buffer size can be configured via request.getRequestClientOptions().setReadLimit(int)
2018-11-26 14:21:33,584 [INFO] [NoneStorage] - performing PUT at /s3testqwer1/myobjects48
2018-11-26 14:21:34,099 [WARN] [S3Storage] - below exception encountered when creating object myobjects48 at s3testqwer1: Failed to reset the request input stream;  If the request involves an input stream, the maximum stream buffer size can be configured via request.getRequestClientOptions().setReadLimit(int)
2018-11-26 14:21:34,105 [INFO] [NoneStorage] - performing PUT at /s3testqwer1/myobjects49
2018-11-26 14:21:34,627 [WARN] [S3Storage] - below exception encountered when creating object myobjects49 at s3testqwer1: Failed to reset the request input stream;  If the request involves an input stream, the maximum stream buffer size can be configured via request.getRequestClientOptions().setReadLimit(int)
2018-11-26 14:21:34,637 [INFO] [NoneStorage] - performing PUT at /s3testqwer1/myobjects50
2018-11-26 14:21:35,158 [WARN] [S3Storage] - below exception encountered when creating object myobjects50 at s3testqwer1: Failed to reset the request input stream;  If the request involves an input stream, the maximum stream buffer size can be configured via request.getRequestClientOptions().setReadLimit(int)
2018-11-26 14:21:35,164 [INFO] [NoneStorage] - performing PUT at /s3testqwer1/myobjects51
2018-11-26 14:21:35,680 [WARN] [S3Storage] - below exception encountered when creating object myobjects51 at s3testqwer1: Failed to reset the request input stream;  If the request involves an input stream, the maximum stream buffer size can be configured via request.getRequestClientOptions().setReadLimit(int)
2018-11-26 14:21:35,685 [INFO] [NoneStorage] - performing PUT at /s3testqwer1/myobjects52
2018-11-26 14:21:36,196 [WARN] [S3Storage] - below exception encountered when creating object myobjects52 at s3testqwer1: Failed to reset the request input stream;  If the request involves an input stream, the maximum stream buffer size can be configured via request.getRequestClientOptions().setReadLimit(int)
2018-11-26 14:21:36,201 [INFO] [NoneStorage] - performing PUT at /s3testqwer1/myobjects53
2018-11-26 14:21:36,712 [WARN] [S3Storage] - below exception encountered when creating object myobjects53 at s3testqwer1: Failed to reset the request input stream;  If the request involves an input stream, the maximum stream buffer size can be configured via request.getRequestClientOptions().setReadLimit(int)
2018-11-26 14:21:36,717 [INFO] [NoneStorage] - performing PUT at /s3testqwer1/myobjects54
2018-11-26 14:21:37,227 [WARN] [S3Storage] - below exception encountered when creating object myobjects54 at s3testqwer1: Failed to reset the request input stream;  If the request involves an input stream, the maximum stream buffer size can be configured via request.getRequestClientOptions().setReadLimit(int)
2018-11-26 14:21:37,233 [INFO] [NoneStorage] - performing PUT at /s3testqwer1/myobjects55
2018-11-26 14:21:37,745 [WARN] [S3Storage] - below exception encountered when creating object myobjects55 at s3testqwer1: Failed to reset the request input stream;  If the request involves an input stream, the maximum stream buffer size can be configured via request.getRequestClientOptions().setReadLimit(int)
2018-11-26 14:21:37,755 [INFO] [NoneStorage] - performing PUT at /s3testqwer1/myobjects56
2018-11-26 14:21:38,272 [WARN] [S3Storage] - below exception encountered when creating object myobjects56 at s3testqwer1: Failed to reset the request input stream;  If the request involves an input stream, the maximum stream buffer size can be configured via request.getRequestClientOptions().setReadLimit(int)
2018-11-26 14:21:38,278 [INFO] [NoneStorage] - performing PUT at /s3testqwer1/myobjects57
2018-11-26 14:21:38,793 [WARN] [S3Storage] - below exception encountered when creating object myobjects57 at s3testqwer1: Failed to reset the request input stream;  If the request involves an input stream, the maximum stream buffer size can be configured via request.getRequestClientOptions().setReadLimit(int)
2018-11-26 14:21:38,798 [INFO] [NoneStorage] - performing PUT at /s3testqwer1/myobjects58
2018-11-26 14:21:39,321 [WARN] [S3Storage] - below exception encountered when creating object myobjects58 at s3testqwer1: Failed to reset the request input stream;  If the request involves an input stream, the maximum stream buffer size can be configured via request.getRequestClientOptions().setReadLimit(int)
2018-11-26 14:21:39,327 [INFO] [NoneStorage] - performing PUT at /s3testqwer1/myobjects59
2018-11-26 14:21:39,839 [WARN] [S3Storage] - below exception encountered when creating object myobjects59 at s3testqwer1: Failed to reset the request input stream;  If the request involves an input stream, the maximum stream buffer size can be configured via request.getRequestClientOptions().setReadLimit(int)
2018-11-26 14:21:39,844 [INFO] [NoneStorage] - performing PUT at /s3testqwer1/myobjects60
2018-11-26 14:21:40,353 [WARN] [S3Storage] - below exception encountered when creating object myobjects60 at s3testqwer1: Failed to reset the request input stream;  If the request involves an input stream, the maximum stream buffer size can be configured via request.getRequestClientOptions().setReadLimit(int)
2018-11-26 14:21:40,359 [INFO] [NoneStorage] - performing PUT at /s3testqwer1/myobjects61
2018-11-26 14:21:40,869 [WARN] [S3Storage] - below exception encountered when creating object myobjects61 at s3testqwer1: Failed to reset the request input stream;  If the request involves an input stream, the maximum stream buffer size can be configured via request.getRequestClientOptions().setReadLimit(int)
2018-11-26 14:21:40,880 [INFO] [NoneStorage] - performing PUT at /s3testqwer1/myobjects62
2018-11-26 14:21:41,389 [WARN] [S3Storage] - below exception encountered when creating object myobjects62 at s3testqwer1: 
2018-11-26 14:21:41,392 [INFO] [NoneStorage] - performing PUT at /s3testqwer1/myobjects63
2018-11-26 14:21:41,915 [WARN] [S3Storage] - below exception encountered when creating object myobjects63 at s3testqwer1: Failed to reset the request input stream;  If the request involves an input stream, the maximum stream buffer size can be configured via request.getRequestClientOptions().setReadLimit(int)
2018-11-26 14:21:41,920 [INFO] [NoneStorage] - performing PUT at /s3testqwer1/myobjects64
2018-11-26 14:21:42,433 [WARN] [S3Storage] - below exception encountered when creating object myobjects64 at s3testqwer1: Failed to reset the request input stream;  If the request involves an input stream, the maximum stream buffer size can be configured via request.getRequestClientOptions().setReadLimit(int)
2018-11-26 14:21:42,438 [INFO] [NoneStorage] - performing PUT at /s3testqwer1/myobjects65
2018-11-26 14:21:42,959 [WARN] [S3Storage] - below exception encountered when creating object myobjects65 at s3testqwer1: Failed to reset the request input stream;  If the request involves an input stream, the maximum stream buffer size can be configured via request.getRequestClientOptions().setReadLimit(int)
2018-11-26 14:21:42,965 [INFO] [NoneStorage] - performing PUT at /s3testqwer1/myobjects66
2018-11-26 14:21:43,480 [WARN] [S3Storage] - below exception encountered when creating object myobjects66 at s3testqwer1: Failed to reset the request input stream;  If the request involves an input stream, the maximum stream buffer size can be configured via request.getRequestClientOptions().setReadLimit(int)
2018-11-26 14:21:43,485 [INFO] [NoneStorage] - performing PUT at /s3testqwer1/myobjects67
2018-11-26 14:21:43,996 [WARN] [S3Storage] - below exception encountered when creating object myobjects67 at s3testqwer1: Failed to reset the request input stream;  If the request involves an input stream, the maximum stream buffer size can be configured via request.getRequestClientOptions().setReadLimit(int)
2018-11-26 14:21:44,006 [INFO] [NoneStorage] - performing PUT at /s3testqwer1/myobjects68
2018-11-26 14:21:44,518 [WARN] [S3Storage] - below exception encountered when creating object myobjects68 at s3testqwer1: Failed to reset the request input stream;  If the request involves an input stream, the maximum stream buffer size can be configured via request.getRequestClientOptions().setReadLimit(int)
2018-11-26 14:21:44,523 [INFO] [NoneStorage] - performing PUT at /s3testqwer1/myobjects69
2018-11-26 14:21:45,042 [WARN] [S3Storage] - below exception encountered when creating object myobjects69 at s3testqwer1: Failed to reset the request input stream;  If the request involves an input stream, the maximum stream buffer size can be configured via request.getRequestClientOptions().setReadLimit(int)
2018-11-26 14:21:45,048 [INFO] [NoneStorage] - performing PUT at /s3testqwer1/myobjects70
2018-11-26 14:21:45,568 [WARN] [S3Storage] - below exception encountered when creating object myobjects70 at s3testqwer1: Failed to reset the request input stream;  If the request involves an input stream, the maximum stream buffer size can be configured via request.getRequestClientOptions().setReadLimit(int)
2018-11-26 14:21:45,575 [INFO] [NoneStorage] - performing PUT at /s3testqwer1/myobjects71
2018-11-26 14:21:46,085 [WARN] [S3Storage] - below exception encountered when creating object myobjects71 at s3testqwer1: Failed to reset the request input stream;  If the request involves an input stream, the maximum stream buffer size can be configured via request.getRequestClientOptions().setReadLimit(int)
2018-11-26 14:21:46,090 [INFO] [NoneStorage] - performing PUT at /s3testqwer1/myobjects72
2018-11-26 14:21:46,312 [WARN] [S3Storage] - below exception encountered when creating object myobjects72 at s3testqwer1: 
2018-11-26 14:21:46,317 [INFO] [NoneStorage] - performing PUT at /s3testqwer1/myobjects73
2018-11-26 14:21:46,838 [WARN] [S3Storage] - below exception encountered when creating object myobjects73 at s3testqwer1: Failed to reset the request input stream;  If the request involves an input stream, the maximum stream buffer size can be configured via request.getRequestClientOptions().setReadLimit(int)
2018-11-26 14:21:46,850 [INFO] [NoneStorage] - performing PUT at /s3testqwer1/myobjects74
2018-11-26 14:21:47,361 [WARN] [S3Storage] - below exception encountered when creating object myobjects74 at s3testqwer1: Failed to reset the request input stream;  If the request involves an input stream, the maximum stream buffer size can be configured via request.getRequestClientOptions().setReadLimit(int)
2018-11-26 14:21:47,367 [INFO] [NoneStorage] - performing PUT at /s3testqwer1/myobjects75
2018-11-26 14:21:47,878 [WARN] [S3Storage] - below exception encountered when creating object myobjects75 at s3testqwer1: Failed to reset the request input stream;  If the request involves an input stream, the maximum stream buffer size can be configured via request.getRequestClientOptions().setReadLimit(int)
2018-11-26 14:21:47,884 [INFO] [NoneStorage] - performing PUT at /s3testqwer1/myobjects76
2018-11-26 14:21:48,395 [WARN] [S3Storage] - below exception encountered when creating object myobjects76 at s3testqwer1: Failed to reset the request input stream;  If the request involves an input stream, the maximum stream buffer size can be configured via request.getRequestClientOptions().setReadLimit(int)
2018-11-26 14:21:48,400 [INFO] [NoneStorage] - performing PUT at /s3testqwer1/myobjects77
2018-11-26 14:21:48,914 [WARN] [S3Storage] - below exception encountered when creating object myobjects77 at s3testqwer1: Failed to reset the request input stream;  If the request involves an input stream, the maximum stream buffer size can be configured via request.getRequestClientOptions().setReadLimit(int)
2018-11-26 14:21:48,919 [INFO] [NoneStorage] - performing PUT at /s3testqwer1/myobjects78
2018-11-26 14:21:49,431 [WARN] [S3Storage] - below exception encountered when creating object myobjects78 at s3testqwer1: Failed to reset the request input stream;  If the request involves an input stream, the maximum stream buffer size can be configured via request.getRequestClientOptions().setReadLimit(int)
2018-11-26 14:21:49,436 [INFO] [NoneStorage] - performing PUT at /s3testqwer1/myobjects79
2018-11-26 14:21:49,946 [WARN] [S3Storage] - below exception encountered when creating object myobjects79 at s3testqwer1: Failed to reset the request input stream;  If the request involves an input stream, the maximum stream buffer size can be configured via request.getRequestClientOptions().setReadLimit(int)
2018-11-26 14:21:49,956 [INFO] [NoneStorage] - performing PUT at /s3testqwer1/myobjects80
2018-11-26 14:21:50,466 [WARN] [S3Storage] - below exception encountered when creating object myobjects80 at s3testqwer1: Failed to reset the request input stream;  If the request involves an input stream, the maximum stream buffer size can be configured via request.getRequestClientOptions().setReadLimit(int)
2018-11-26 14:21:50,471 [INFO] [NoneStorage] - performing PUT at /s3testqwer1/myobjects81
2018-11-26 14:21:50,983 [WARN] [S3Storage] - below exception encountered when creating object myobjects81 at s3testqwer1: Failed to reset the request input stream;  If the request involves an input stream, the maximum stream buffer size can be configured via request.getRequestClientOptions().setReadLimit(int)
2018-11-26 14:21:50,989 [INFO] [NoneStorage] - performing PUT at /s3testqwer1/myobjects82
2018-11-26 14:21:51,499 [WARN] [S3Storage] - below exception encountered when creating object myobjects82 at s3testqwer1: Failed to reset the request input stream;  If the request involves an input stream, the maximum stream buffer size can be configured via request.getRequestClientOptions().setReadLimit(int)
2018-11-26 14:21:51,505 [INFO] [NoneStorage] - performing PUT at /s3testqwer1/myobjects83
2018-11-26 14:21:52,028 [WARN] [S3Storage] - below exception encountered when creating object myobjects83 at s3testqwer1: Failed to reset the request input stream;  If the request involves an input stream, the maximum stream buffer size can be configured via request.getRequestClientOptions().setReadLimit(int)
2018-11-26 14:21:52,033 [INFO] [NoneStorage] - performing PUT at /s3testqwer1/myobjects84
2018-11-26 14:21:52,560 [WARN] [S3Storage] - below exception encountered when creating object myobjects84 at s3testqwer1: Failed to reset the request input stream;  If the request involves an input stream, the maximum stream buffer size can be configured via request.getRequestClientOptions().setReadLimit(int)
2018-11-26 14:21:52,565 [INFO] [NoneStorage] - performing PUT at /s3testqwer1/myobjects85
2018-11-26 14:21:53,075 [WARN] [S3Storage] - below exception encountered when creating object myobjects85 at s3testqwer1: Failed to reset the request input stream;  If the request involves an input stream, the maximum stream buffer size can be configured via request.getRequestClientOptions().setReadLimit(int)
2018-11-26 14:21:53,085 [INFO] [NoneStorage] - performing PUT at /s3testqwer1/myobjects86
2018-11-26 14:21:53,595 [WARN] [S3Storage] - below exception encountered when creating object myobjects86 at s3testqwer1: Failed to reset the request input stream;  If the request involves an input stream, the maximum stream buffer size can be configured via request.getRequestClientOptions().setReadLimit(int)
2018-11-26 14:21:53,601 [INFO] [NoneStorage] - performing PUT at /s3testqwer1/myobjects87
2018-11-26 14:21:54,112 [WARN] [S3Storage] - below exception encountered when creating object myobjects87 at s3testqwer1: Failed to reset the request input stream;  If the request involves an input stream, the maximum stream buffer size can be configured via request.getRequestClientOptions().setReadLimit(int)
2018-11-26 14:21:54,118 [INFO] [NoneStorage] - performing PUT at /s3testqwer1/myobjects88
2018-11-26 14:21:54,629 [WARN] [S3Storage] - below exception encountered when creating object myobjects88 at s3testqwer1: Failed to reset the request input stream;  If the request involves an input stream, the maximum stream buffer size can be configured via request.getRequestClientOptions().setReadLimit(int)
2018-11-26 14:21:54,634 [INFO] [NoneStorage] - performing PUT at /s3testqwer1/myobjects89
2018-11-26 14:21:55,146 [WARN] [S3Storage] - below exception encountered when creating object myobjects89 at s3testqwer1: Failed to reset the request input stream;  If the request involves an input stream, the maximum stream buffer size can be configured via request.getRequestClientOptions().setReadLimit(int)
2018-11-26 14:21:55,151 [INFO] [NoneStorage] - performing PUT at /s3testqwer1/myobjects90
2018-11-26 14:21:55,663 [WARN] [S3Storage] - below exception encountered when creating object myobjects90 at s3testqwer1: Failed to reset the request input stream;  If the request involves an input stream, the maximum stream buffer size can be configured via request.getRequestClientOptions().setReadLimit(int)
2018-11-26 14:21:55,668 [INFO] [NoneStorage] - performing PUT at /s3testqwer1/myobjects91
2018-11-26 14:21:56,181 [WARN] [S3Storage] - below exception encountered when creating object myobjects91 at s3testqwer1: Failed to reset the request input stream;  If the request involves an input stream, the maximum stream buffer size can be configured via request.getRequestClientOptions().setReadLimit(int)
2018-11-26 14:21:56,191 [INFO] [NoneStorage] - performing PUT at /s3testqwer1/myobjects92
2018-11-26 14:21:56,701 [WARN] [S3Storage] - below exception encountered when creating object myobjects92 at s3testqwer1: Failed to reset the request input stream;  If the request involves an input stream, the maximum stream buffer size can be configured via request.getRequestClientOptions().setReadLimit(int)
2018-11-26 14:21:56,706 [INFO] [NoneStorage] - performing PUT at /s3testqwer1/myobjects93
2018-11-26 14:21:57,217 [WARN] [S3Storage] - below exception encountered when creating object myobjects93 at s3testqwer1: Failed to reset the request input stream;  If the request involves an input stream, the maximum stream buffer size can be configured via request.getRequestClientOptions().setReadLimit(int)
2018-11-26 14:21:57,222 [INFO] [NoneStorage] - performing PUT at /s3testqwer1/myobjects94
2018-11-26 14:21:57,732 [WARN] [S3Storage] - below exception encountered when creating object myobjects94 at s3testqwer1: Failed to reset the request input stream;  If the request involves an input stream, the maximum stream buffer size can be configured via request.getRequestClientOptions().setReadLimit(int)
2018-11-26 14:21:57,738 [INFO] [NoneStorage] - performing PUT at /s3testqwer1/myobjects95
2018-11-26 14:21:58,251 [WARN] [S3Storage] - below exception encountered when creating object myobjects95 at s3testqwer1: Failed to reset the request input stream;  If the request involves an input stream, the maximum stream buffer size can be configured via request.getRequestClientOptions().setReadLimit(int)
2018-11-26 14:21:58,256 [INFO] [NoneStorage] - performing PUT at /s3testqwer1/myobjects96
2018-11-26 14:21:58,767 [WARN] [S3Storage] - below exception encountered when creating object myobjects96 at s3testqwer1: Failed to reset the request input stream;  If the request involves an input stream, the maximum stream buffer size can be configured via request.getRequestClientOptions().setReadLimit(int)
2018-11-26 14:21:58,773 [INFO] [NoneStorage] - performing PUT at /s3testqwer1/myobjects97
2018-11-26 14:21:59,284 [WARN] [S3Storage] - below exception encountered when creating object myobjects97 at s3testqwer1: Failed to reset the request input stream;  If the request involves an input stream, the maximum stream buffer size can be configured via request.getRequestClientOptions().setReadLimit(int)
2018-11-26 14:21:59,294 [INFO] [NoneStorage] - performing PUT at /s3testqwer1/myobjects98
2018-11-26 14:21:59,804 [WARN] [S3Storage] - below exception encountered when creating object myobjects98 at s3testqwer1: Failed to reset the request input stream;  If the request involves an input stream, the maximum stream buffer size can be configured via request.getRequestClientOptions().setReadLimit(int)
2018-11-26 14:21:59,810 [INFO] [NoneStorage] - performing PUT at /s3testqwer1/myobjects99
2018-11-26 14:22:00,321 [WARN] [S3Storage] - below exception encountered when creating object myobjects99 at s3testqwer1: Failed to reset the request input stream;  If the request involves an input stream, the maximum stream buffer size can be configured via request.getRequestClientOptions().setReadLimit(int)
2018-11-26 14:22:00,327 [INFO] [NoneStorage] - performing PUT at /s3testqwer1/myobjects100
2018-11-26 14:22:00,857 [WARN] [S3Storage] - below exception encountered when creating object myobjects100 at s3testqwer1: Failed to reset the request input stream;  If the request involves an input stream, the maximum stream buffer size can be configured via request.getRequestClientOptions().setReadLimit(int)
2018-11-26 14:22:00,864 [INFO] [NoneStorage] - performing PUT at /s3testqwer1/myobjects101
2018-11-26 14:22:01,383 [WARN] [S3Storage] - below exception encountered when creating object myobjects101 at s3testqwer1: Failed to reset the request input stream;  If the request involves an input stream, the maximum stream buffer size can be configured via request.getRequestClientOptions().setReadLimit(int)
2018-11-26 14:22:01,388 [INFO] [NoneStorage] - performing PUT at /s3testqwer1/myobjects102
2018-11-26 14:22:01,900 [WARN] [S3Storage] - below exception encountered when creating object myobjects102 at s3testqwer1: Failed to reset the request input stream;  If the request involves an input stream, the maximum stream buffer size can be configured via request.getRequestClientOptions().setReadLimit(int)
2018-11-26 14:22:01,905 [INFO] [NoneStorage] - performing PUT at /s3testqwer1/myobjects103
2018-11-26 14:22:02,419 [WARN] [S3Storage] - below exception encountered when creating object myobjects103 at s3testqwer1: Failed to reset the request input stream;  If the request involves an input stream, the maximum stream buffer size can be configured via request.getRequestClientOptions().setReadLimit(int)
2018-11-26 14:22:02,429 [INFO] [NoneStorage] - performing PUT at /s3testqwer1/myobjects104
2018-11-26 14:22:02,940 [WARN] [S3Storage] - below exception encountered when creating object myobjects104 at s3testqwer1: Failed to reset the request input stream;  If the request involves an input stream, the maximum stream buffer size can be configured via request.getRequestClientOptions().setReadLimit(int)
2018-11-26 14:22:02,945 [INFO] [NoneStorage] - performing PUT at /s3testqwer1/myobjects105
2018-11-26 14:22:03,455 [WARN] [S3Storage] - below exception encountered when creating object myobjects105 at s3testqwer1: Failed to reset the request input stream;  If the request involves an input stream, the maximum stream buffer size can be configured via request.getRequestClientOptions().setReadLimit(int)
2018-11-26 14:22:03,460 [INFO] [NoneStorage] - performing PUT at /s3testqwer1/myobjects106
2018-11-26 14:22:03,975 [WARN] [S3Storage] - below exception encountered when creating object myobjects106 at s3testqwer1: Failed to reset the request input stream;  If the request involves an input stream, the maximum stream buffer size can be configured via request.getRequestClientOptions().setReadLimit(int)
2018-11-26 14:22:03,982 [INFO] [NoneStorage] - performing PUT at /s3testqwer1/myobjects107
2018-11-26 14:22:04,495 [WARN] [S3Storage] - below exception encountered when creating object myobjects107 at s3testqwer1: Failed to reset the request input stream;  If the request involves an input stream, the maximum stream buffer size can be configured via request.getRequestClientOptions().setReadLimit(int)
2018-11-26 14:22:04,501 [INFO] [NoneStorage] - performing PUT at /s3testqwer1/myobjects108
2018-11-26 14:22:05,029 [WARN] [S3Storage] - below exception encountered when creating object myobjects108 at s3testqwer1: Failed to reset the request input stream;  If the request involves an input stream, the maximum stream buffer size can be configured via request.getRequestClientOptions().setReadLimit(int)
2018-11-26 14:22:05,035 [INFO] [NoneStorage] - performing PUT at /s3testqwer1/myobjects109
2018-11-26 14:22:05,545 [WARN] [S3Storage] - below exception encountered when creating object myobjects109 at s3testqwer1: Failed to reset the request input stream;  If the request involves an input stream, the maximum stream buffer size can be configured via request.getRequestClientOptions().setReadLimit(int)
2018-11-26 14:22:05,555 [INFO] [NoneStorage] - performing PUT at /s3testqwer1/myobjects110
2018-11-26 14:22:06,066 [WARN] [S3Storage] - below exception encountered when creating object myobjects110 at s3testqwer1: Failed to reset the request input stream;  If the request involves an input stream, the maximum stream buffer size can be configured via request.getRequestClientOptions().setReadLimit(int)
2018-11-26 14:22:06,072 [INFO] [NoneStorage] - performing PUT at /s3testqwer1/myobjects111
2018-11-26 14:22:06,583 [WARN] [S3Storage] - below exception encountered when creating object myobjects111 at s3testqwer1: Failed to reset the request input stream;  If the request involves an input stream, the maximum stream buffer size can be configured via request.getRequestClientOptions().setReadLimit(int)
2018-11-26 14:22:06,588 [INFO] [NoneStorage] - performing PUT at /s3testqwer1/myobjects112
2018-11-26 14:22:07,110 [WARN] [S3Storage] - below exception encountered when creating object myobjects112 at s3testqwer1: Failed to reset the request input stream;  If the request involves an input stream, the maximum stream buffer size can be configured via request.getRequestClientOptions().setReadLimit(int)
2018-11-26 14:22:07,115 [INFO] [NoneStorage] - performing PUT at /s3testqwer1/myobjects113
2018-11-26 14:22:07,628 [WARN] [S3Storage] - below exception encountered when creating object myobjects113 at s3testqwer1: Failed to reset the request input stream;  If the request involves an input stream, the maximum stream buffer size can be configured via request.getRequestClientOptions().setReadLimit(int)
2018-11-26 14:22:07,633 [INFO] [NoneStorage] - performing PUT at /s3testqwer1/myobjects114
2018-11-26 14:22:08,151 [WARN] [S3Storage] - below exception encountered when creating object myobjects114 at s3testqwer1: Failed to reset the request input stream;  If the request involves an input stream, the maximum stream buffer size can be configured via request.getRequestClientOptions().setReadLimit(int)
2018-11-26 14:22:08,157 [INFO] [NoneStorage] - performing PUT at /s3testqwer1/myobjects115
2018-11-26 14:22:08,669 [WARN] [S3Storage] - below exception encountered when creating object myobjects115 at s3testqwer1: Failed to reset the request input stream;  If the request involves an input stream, the maximum stream buffer size can be configured via request.getRequestClientOptions().setReadLimit(int)
2018-11-26 14:22:08,678 [INFO] [NoneStorage] - performing PUT at /s3testqwer1/myobjects116
2018-11-26 14:22:09,189 [WARN] [S3Storage] - below exception encountered when creating object myobjects116 at s3testqwer1: Failed to reset the request input stream;  If the request involves an input stream, the maximum stream buffer size can be configured via request.getRequestClientOptions().setReadLimit(int)
2018-11-26 14:22:09,194 [INFO] [NoneStorage] - performing PUT at /s3testqwer1/myobjects117
2018-11-26 14:22:09,706 [WARN] [S3Storage] - below exception encountered when creating object myobjects117 at s3testqwer1: Failed to reset the request input stream;  If the request involves an input stream, the maximum stream buffer size can be configured via request.getRequestClientOptions().setReadLimit(int)
2018-11-26 14:22:09,711 [INFO] [NoneStorage] - performing PUT at /s3testqwer1/myobjects118
2018-11-26 14:22:10,222 [WARN] [S3Storage] - below exception encountered when creating object myobjects118 at s3testqwer1: Failed to reset the request input stream;  If the request involves an input stream, the maximum stream buffer size can be configured via request.getRequestClientOptions().setReadLimit(int)
2018-11-26 14:22:10,227 [INFO] [NoneStorage] - performing PUT at /s3testqwer1/myobjects119
2018-11-26 14:22:10,737 [WARN] [S3Storage] - below exception encountered when creating object myobjects119 at s3testqwer1: Failed to reset the request input stream;  If the request involves an input stream, the maximum stream buffer size can be configured via request.getRequestClientOptions().setReadLimit(int)
2018-11-26 14:22:10,742 [INFO] [NoneStorage] - performing PUT at /s3testqwer1/myobjects120
2018-11-26 14:22:11,252 [WARN] [S3Storage] - below exception encountered when creating object myobjects120 at s3testqwer1: Failed to reset the request input stream;  If the request involves an input stream, the maximum stream buffer size can be configured via request.getRequestClientOptions().setReadLimit(int)
2018-11-26 14:22:11,258 [INFO] [NoneStorage] - performing PUT at /s3testqwer1/myobjects121
2018-11-26 14:22:11,768 [WARN] [S3Storage] - below exception encountered when creating object myobjects121 at s3testqwer1: Failed to reset the request input stream;  If the request involves an input stream, the maximum stream buffer size can be configured via request.getRequestClientOptions().setReadLimit(int)
2018-11-26 14:22:11,778 [INFO] [NoneStorage] - performing PUT at /s3testqwer1/myobjects122
2018-11-26 14:22:12,289 [WARN] [S3Storage] - below exception encountered when creating object myobjects122 at s3testqwer1: Failed to reset the request input stream;  If the request involves an input stream, the maximum stream buffer size can be configured via request.getRequestClientOptions().setReadLimit(int)
2018-11-26 14:22:12,295 [INFO] [NoneStorage] - performing PUT at /s3testqwer1/myobjects123
2018-11-26 14:22:12,805 [WARN] [S3Storage] - below exception encountered when creating object myobjects123 at s3testqwer1: Failed to reset the request input stream;  If the request involves an input stream, the maximum stream buffer size can be configured via request.getRequestClientOptions().setReadLimit(int)
2018-11-26 14:22:12,811 [INFO] [NoneStorage] - performing PUT at /s3testqwer1/myobjects124
2018-11-26 14:22:13,321 [WARN] [S3Storage] - below exception encountered when creating object myobjects124 at s3testqwer1: Failed to reset the request input stream;  If the request involves an input stream, the maximum stream buffer size can be configured via request.getRequestClientOptions().setReadLimit(int)
2018-11-26 14:22:13,326 [INFO] [NoneStorage] - performing PUT at /s3testqwer1/myobjects125
2018-11-26 14:22:13,836 [WARN] [S3Storage] - below exception encountered when creating object myobjects125 at s3testqwer1: Failed to reset the request input stream;  If the request involves an input stream, the maximum stream buffer size can be configured via request.getRequestClientOptions().setReadLimit(int)
2018-11-26 14:22:13,841 [INFO] [NoneStorage] - performing PUT at /s3testqwer1/myobjects126
2018-11-26 14:22:14,352 [WARN] [S3Storage] - below exception encountered when creating object myobjects126 at s3testqwer1: Failed to reset the request input stream;  If the request involves an input stream, the maximum stream buffer size can be configured via request.getRequestClientOptions().setReadLimit(int)
2018-11-26 14:22:14,357 [INFO] [NoneStorage] - performing PUT at /s3testqwer1/myobjects127
2018-11-26 14:22:14,870 [WARN] [S3Storage] - below exception encountered when creating object myobjects127 at s3testqwer1: Failed to reset the request input stream;  If the request involves an input stream, the maximum stream buffer size can be configured via request.getRequestClientOptions().setReadLimit(int)
2018-11-26 14:22:14,880 [INFO] [NoneStorage] - performing PUT at /s3testqwer1/myobjects128
2018-11-26 14:22:15,392 [WARN] [S3Storage] - below exception encountered when creating object myobjects128 at s3testqwer1: Failed to reset the request input stream;  If the request involves an input stream, the maximum stream buffer size can be configured via request.getRequestClientOptions().setReadLimit(int)
2018-11-26 14:22:15,397 [INFO] [NoneStorage] - performing PUT at /s3testqwer1/myobjects129
2018-11-26 14:22:15,911 [WARN] [S3Storage] - below exception encountered when creating object myobjects129 at s3testqwer1: Failed to reset the request input stream;  If the request involves an input stream, the maximum stream buffer size can be configured via request.getRequestClientOptions().setReadLimit(int)
2018-11-26 14:22:15,917 [INFO] [NoneStorage] - performing PUT at /s3testqwer1/myobjects130
2018-11-26 14:22:16,440 [WARN] [S3Storage] - below exception encountered when creating object myobjects130 at s3testqwer1: Failed to reset the request input stream;  If the request involves an input stream, the maximum stream buffer size can be configured via request.getRequestClientOptions().setReadLimit(int)
2018-11-26 14:22:16,445 [INFO] [NoneStorage] - performing PUT at /s3testqwer1/myobjects131
2018-11-26 14:22:16,955 [WARN] [S3Storage] - below exception encountered when creating object myobjects131 at s3testqwer1: Failed to reset the request input stream;  If the request involves an input stream, the maximum stream buffer size can be configured via request.getRequestClientOptions().setReadLimit(int)
2018-11-26 14:22:16,961 [INFO] [NoneStorage] - performing PUT at /s3testqwer1/myobjects132
2018-11-26 14:22:17,472 [WARN] [S3Storage] - below exception encountered when creating object myobjects132 at s3testqwer1: Failed to reset the request input stream;  If the request involves an input stream, the maximum stream buffer size can be configured via request.getRequestClientOptions().setReadLimit(int)
2018-11-26 14:22:17,477 [INFO] [NoneStorage] - performing PUT at /s3testqwer1/myobjects133
2018-11-26 14:22:17,987 [WARN] [S3Storage] - below exception encountered when creating object myobjects133 at s3testqwer1: Failed to reset the request input stream;  If the request involves an input stream, the maximum stream buffer size can be configured via request.getRequestClientOptions().setReadLimit(int)
2018-11-26 14:22:17,998 [INFO] [NoneStorage] - performing PUT at /s3testqwer1/myobjects134
2018-11-26 14:22:18,512 [WARN] [S3Storage] - below exception encountered when creating object myobjects134 at s3testqwer1: Failed to reset the request input stream;  If the request involves an input stream, the maximum stream buffer size can be configured via request.getRequestClientOptions().setReadLimit(int)
2018-11-26 14:22:18,518 [INFO] [NoneStorage] - performing PUT at /s3testqwer1/myobjects135
2018-11-26 14:22:19,030 [WARN] [S3Storage] - below exception encountered when creating object myobjects135 at s3testqwer1: Failed to reset the request input stream;  If the request involves an input stream, the maximum stream buffer size can be configured via request.getRequestClientOptions().setReadLimit(int)
2018-11-26 14:22:19,036 [INFO] [NoneStorage] - performing PUT at /s3testqwer1/myobjects136
2018-11-26 14:22:19,545 [WARN] [S3Storage] - below exception encountered when creating object myobjects136 at s3testqwer1: Failed to reset the request input stream;  If the request involves an input stream, the maximum stream buffer size can be configured via request.getRequestClientOptions().setReadLimit(int)
2018-11-26 14:22:19,551 [INFO] [NoneStorage] - performing PUT at /s3testqwer1/myobjects137
2018-11-26 14:22:20,062 [WARN] [S3Storage] - below exception encountered when creating object myobjects137 at s3testqwer1: Failed to reset the request input stream;  If the request involves an input stream, the maximum stream buffer size can be configured via request.getRequestClientOptions().setReadLimit(int)
2018-11-26 14:22:20,068 [INFO] [NoneStorage] - performing PUT at /s3testqwer1/myobjects138
2018-11-26 14:22:20,588 [WARN] [S3Storage] - below exception encountered when creating object myobjects138 at s3testqwer1: Failed to reset the request input stream;  If the request involves an input stream, the maximum stream buffer size can be configured via request.getRequestClientOptions().setReadLimit(int)
2018-11-26 14:22:20,593 [INFO] [NoneStorage] - performing PUT at /s3testqwer1/myobjects139
2018-11-26 14:22:21,103 [WARN] [S3Storage] - below exception encountered when creating object myobjects139 at s3testqwer1: Failed to reset the request input stream;  If the request involves an input stream, the maximum stream buffer size can be configured via request.getRequestClientOptions().setReadLimit(int)
2018-11-26 14:22:21,113 [INFO] [NoneStorage] - performing PUT at /s3testqwer1/myobjects140
2018-11-26 14:22:21,625 [WARN] [S3Storage] - below exception encountered when creating object myobjects140 at s3testqwer1: Failed to reset the request input stream;  If the request involves an input stream, the maximum stream buffer size can be configured via request.getRequestClientOptions().setReadLimit(int)
2018-11-26 14:22:21,630 [INFO] [NoneStorage] - performing PUT at /s3testqwer1/myobjects141
2018-11-26 14:22:22,140 [WARN] [S3Storage] - below exception encountered when creating object myobjects141 at s3testqwer1: Failed to reset the request input stream;  If the request involves an input stream, the maximum stream buffer size can be configured via request.getRequestClientOptions().setReadLimit(int)
2018-11-26 14:22:22,145 [INFO] [NoneStorage] - performing PUT at /s3testqwer1/myobjects142
2018-11-26 14:22:22,666 [WARN] [S3Storage] - below exception encountered when creating object myobjects142 at s3testqwer1: Failed to reset the request input stream;  If the request involves an input stream, the maximum stream buffer size can be configured via request.getRequestClientOptions().setReadLimit(int)
2018-11-26 14:22:22,672 [INFO] [NoneStorage] - performing PUT at /s3testqwer1/myobjects143
2018-11-26 14:22:23,182 [WARN] [S3Storage] - below exception encountered when creating object myobjects143 at s3testqwer1: Failed to reset the request input stream;  If the request involves an input stream, the maximum stream buffer size can be configured via request.getRequestClientOptions().setReadLimit(int)
2018-11-26 14:22:23,188 [INFO] [NoneStorage] - performing PUT at /s3testqwer1/myobjects144
2018-11-26 14:22:23,700 [WARN] [S3Storage] - below exception encountered when creating object myobjects144 at s3testqwer1: Failed to reset the request input stream;  If the request involves an input stream, the maximum stream buffer size can be configured via request.getRequestClientOptions().setReadLimit(int)
2018-11-26 14:22:23,705 [INFO] [NoneStorage] - performing PUT at /s3testqwer1/myobjects145
2018-11-26 14:22:24,215 [WARN] [S3Storage] - below exception encountered when creating object myobjects145 at s3testqwer1: Failed to reset the request input stream;  If the request involves an input stream, the maximum stream buffer size can be configured via request.getRequestClientOptions().setReadLimit(int)
2018-11-26 14:22:24,224 [INFO] [NoneStorage] - performing PUT at /s3testqwer1/myobjects146
2018-11-26 14:22:24,738 [WARN] [S3Storage] - below exception encountered when creating object myobjects146 at s3testqwer1: Failed to reset the request input stream;  If the request involves an input stream, the maximum stream buffer size can be configured via request.getRequestClientOptions().setReadLimit(int)
2018-11-26 14:22:24,743 [INFO] [NoneStorage] - performing PUT at /s3testqwer1/myobjects147
2018-11-26 14:22:25,252 [WARN] [S3Storage] - below exception encountered when creating object myobjects147 at s3testqwer1: Failed to reset the request input stream;  If the request involves an input stream, the maximum stream buffer size can be configured via request.getRequestClientOptions().setReadLimit(int)
2018-11-26 14:22:25,258 [INFO] [NoneStorage] - performing PUT at /s3testqwer1/myobjects148
2018-11-26 14:22:25,766 [WARN] [S3Storage] - below exception encountered when creating object myobjects148 at s3testqwer1: Failed to reset the request input stream;  If the request involves an input stream, the maximum stream buffer size can be configured via request.getRequestClientOptions().setReadLimit(int)
2018-11-26 14:22:25,770 [INFO] [NoneStorage] - performing PUT at /s3testqwer1/myobjects149
2018-11-26 14:22:26,279 [WARN] [S3Storage] - below exception encountered when creating object myobjects149 at s3testqwer1: Failed to reset the request input stream;  If the request involves an input stream, the maximum stream buffer size can be configured via request.getRequestClientOptions().setReadLimit(int)
2018-11-26 14:22:26,284 [INFO] [NoneStorage] - performing PUT at /s3testqwer1/myobjects150
2018-11-26 14:22:26,797 [WARN] [S3Storage] - below exception encountered when creating object myobjects150 at s3testqwer1: Failed to reset the request input stream;  If the request involves an input stream, the maximum stream buffer size can be configured via request.getRequestClientOptions().setReadLimit(int)
2018-11-26 14:22:26,802 [INFO] [NoneStorage] - performing PUT at /s3testqwer1/myobjects151
2018-11-26 14:22:27,312 [WARN] [S3Storage] - below exception encountered when creating object myobjects151 at s3testqwer1: Failed to reset the request input stream;  If the request involves an input stream, the maximum stream buffer size can be configured via request.getRequestClientOptions().setReadLimit(int)
2018-11-26 14:22:27,321 [INFO] [NoneStorage] - performing PUT at /s3testqwer1/myobjects152
2018-11-26 14:22:27,832 [WARN] [S3Storage] - below exception encountered when creating object myobjects152 at s3testqwer1: Failed to reset the request input stream;  If the request involves an input stream, the maximum stream buffer size can be configured via request.getRequestClientOptions().setReadLimit(int)
2018-11-26 14:22:27,837 [INFO] [NoneStorage] - performing PUT at /s3testqwer1/myobjects153
2018-11-26 14:22:28,347 [WARN] [S3Storage] - below exception encountered when creating object myobjects153 at s3testqwer1: Failed to reset the request input stream;  If the request involves an input stream, the maximum stream buffer size can be configured via request.getRequestClientOptions().setReadLimit(int)
2018-11-26 14:22:28,352 [INFO] [NoneStorage] - performing PUT at /s3testqwer1/myobjects154
2018-11-26 14:22:28,868 [WARN] [S3Storage] - below exception encountered when creating object myobjects154 at s3testqwer1: Failed to reset the request input stream;  If the request involves an input stream, the maximum stream buffer size can be configured via request.getRequestClientOptions().setReadLimit(int)
2018-11-26 14:22:28,873 [INFO] [NoneStorage] - performing PUT at /s3testqwer1/myobjects155
2018-11-26 14:22:29,384 [WARN] [S3Storage] - below exception encountered when creating object myobjects155 at s3testqwer1: Failed to reset the request input stream;  If the request involves an input stream, the maximum stream buffer size can be configured via request.getRequestClientOptions().setReadLimit(int)
2018-11-26 14:22:29,389 [INFO] [NoneStorage] - performing PUT at /s3testqwer1/myobjects156
2018-11-26 14:22:29,903 [WARN] [S3Storage] - below exception encountered when creating object myobjects156 at s3testqwer1: Failed to reset the request input stream;  If the request involves an input stream, the maximum stream buffer size can be configured via request.getRequestClientOptions().setReadLimit(int)
2018-11-26 14:22:29,908 [INFO] [NoneStorage] - performing PUT at /s3testqwer1/myobjects157
2018-11-26 14:22:30,419 [WARN] [S3Storage] - below exception encountered when creating object myobjects157 at s3testqwer1: Failed to reset the request input stream;  If the request involves an input stream, the maximum stream buffer size can be configured via request.getRequestClientOptions().setReadLimit(int)
2018-11-26 14:22:30,428 [INFO] [NoneStorage] - performing PUT at /s3testqwer1/myobjects158
2018-11-26 14:22:30,938 [WARN] [S3Storage] - below exception encountered when creating object myobjects158 at s3testqwer1: Failed to reset the request input stream;  If the request involves an input stream, the maximum stream buffer size can be configured via request.getRequestClientOptions().setReadLimit(int)
2018-11-26 14:22:30,943 [INFO] [NoneStorage] - performing PUT at /s3testqwer1/myobjects159
